
Time 0: Enter command: 
Time 0: Enter command: 
Time 0: Enter command: Display size: 25, scale: 2.00, origin: (-10.00, -10.00)
Treasure_Island outside the map
  38 . . . . . . . . . . . . . . . . . . . . . . . . . 
     . . . . . . . . . . . . . . . . . . . . . . . . . 
     . . . . . . . . . . . . . . . . . . . . . . . . . 
  32 . . . . . . . . . . . . . . . . . . . . . . . . . 
     . . . . . Sh. . . . . . . . . . . . . . Va. . . . 
     . . . . . . . . . . . . . . . . . . . . . . . . . 
  26 . . . . . . . . . . . . . . . . . . . . . . . . . 
     . . . . . . . . . . . . . . . . . Xe. . . . . . . 
     . . . . . . . . . . . . . . . . . . . . . . . . . 
  20 . . . . . . . . . . . . . . . Be. . . . . . . . . 
     . . . . . . . . . . . . . . . . . . . . . . . . . 
     . . . . . . . . . . . . . . . . . . . . . . . . . 
  14 . . . . . . . . . . . . Aj. . . . . . . . . . . . 
     . . . . . . . . . . . . . . . . . . . . . . . . . 
     . . . . . . . . . . Ex. . . . . . . . . . . . . . 
   8 . . . . . . . . . . . . . . . . . . . . . . . . . 
     . . . . . . . . . . . . . . . . . . . . . . . . . 
     . . . . . . . . . . . . . . . . . . . . . . . . . 
   2 . . . . . . . . . . . . . . . . . . . . . . . . . 
     . . . . . . . . . . . . . . . . . . . . . . . . . 
     . . . . . . . . . . . . . . . . . . . . . . . . . 
  -4 . . . . . . . . . . . . . . . . . . . . . . . . . 
     . . . . . . . . . . . . . . . . . . . . . . . . . 
     . . . . . . . . . . . . . . . . . . . . . . . . . 
 -10 . . . . . . . . . . . . . . . . . . . . . . . . . 
   -10    -4     2     8    14    20    26    32    38
----- Sailing Data -----
      Ship      Fuel    Course     Speed
      Ajax   1000.00      0.00      0.00
    Valdez    100.00      0.00      0.00
    Xerxes   1000.00      0.00      0.00

Time 0: Enter command: 
Time 0: Enter command: 
Time 0: Enter command: Ajax will sail on course 105.95 deg, speed 10.00 nm/hr to Treasure_Island

Time 0: Enter command: Valdez will sail on course 225.00 deg, speed 10.00 nm/hr to Bermuda

Time 0: Enter command: re will sail on course 225.00 deg, speed 5.00 nm/hr to Exxon

Time 0: Enter command: Xerxes will sail on course 128.66 deg, speed 10.00 nm/hr to Treasure_Island

Time 0: Enter command: Ajax now at (24.62, 12.25)
Island Exxon now has 1200.00 tons
Island Shell now has 1200.00 tons
Island Treasure_Island now has 105.00 tons
Valdez now at (22.93, 22.93)
Xerxes now at (32.81, 18.75)
r2 stopped at (13.00, 13.00)
re now at (10.00, 10.00)
re docked at Exxon

Time 1: Enter command: Display size: 25, scale: 2.00, origin: (-10.00, -10.00)
Treasure_Island outside the map
  38 . . . . . . . . . . . . . . . . . . . . . . . . . 
     . . . . . . . . . . . . . . . . . . . . . . . . . 
     . . . . . . . . . . . . . . . . . . . . . . . . . 
  32 . . . . . . . . . . . . . . . . . . . . . . . . . 
     . . . . . Sh. . . . . . . . . . . . . . . . . . . 
     . . . . . . . . . . . . . . . . . . . . . . . . . 
  26 . . . . . . . . . . . . . . . . . . . . . . . . . 
     . . . . . . . . . . . . . . . . . . . . . . . . . 
     . . . . . . . . . . . . . . . . Va. . . . . . . . 
  20 . . . . . . . . . . . . . . . Be. . . . . . . . . 
     . . . . . . . . . . . . . . . . . . . . . Xe. . . 
     . . . . . . . . . . . . . . . . . . . . . . . . . 
  14 . . . . . . . . . . . . . . . . . . . . . . . . . 
     . . . . . . . . . . . r2. . . . . Aj. . . . . . . 
     . . . . . . . . . . * . . . . . . . . . . . . . . 
   8 . . . . . . . . . . . . . . . . . . . . . . . . . 
     . . . . . . . . . . . . . . . . . . . . . . . . . 
     . . . . . . . . . . . . . . . . . . . . . . . . . 
   2 . . . . . . . . . . . . . . . . . . . . . . . . . 
     . . . . . . . . . . . . . . . . . . . . . . . . . 
     . . . . . . . . . . . . . . . . . . . . . . . . . 
  -4 . . . . . . . . . . . . . . . . . . . . . . . . . 
     . . . . . . . . . . . . . . . . . . . . . . . . . 
     . . . . . . . . . . . . . . . . . . . . . . . . . 
 -10 . . . . . . . . . . . . . . . . . . . . . . . . . 
   -10    -4     2     8    14    20    26    32    38
----- Sailing Data -----
      Ship      Fuel    Course     Speed
      Ajax    900.00    105.95     10.00
    Valdez     80.00    225.00     10.00
    Xerxes    900.00    128.66     10.00
        r2    100.00      0.00      0.00
        re     97.17    225.00      0.00

Time 1: Enter command: Ajax now at (34.23, 9.51)
Island Exxon now has 1400.00 tons
Island Shell now has 1400.00 tons
Island Treasure_Island now has 110.00 tons
Valdez now at (20.00, 20.00)
Xerxes now at (40.62, 12.51)
r2 stopped at (13.00, 13.00)
re docked at Exxon
Island Exxon supplied 2.83 tons of fuel
re now has 100.00 tons of fuel
Island Exxon supplied 500.00 tons of fuel
re now has 500.00 of cargo

Time 2: Enter command: Display size: 25, scale: 2.00, origin: (-10.00, -10.00)
Treasure_Island, Xerxes outside the map
  38 . . . . . . . . . . . . . . . . . . . . . . . . . 
     . . . . . . . . . . . . . . . . . . . . . . . . . 
     . . . . . . . . . . . . . . . . . . . . . . . . . 
  32 . . . . . . . . . . . . . . . . . . . . . . . . . 
     . . . . . Sh. . . . . . . . . . . . . . . . . . . 
     . . . . . . . . . . . . . . . . . . . . . . . . . 
  26 . . . . . . . . . . . . . . . . . . . . . . . . . 
     . . . . . . . . . . . . . . . . . . . . . . . . . 
     . . . . . . . . . . . . . . . . . . . . . . . . . 
  20 . . . . . . . . . . . . . . . * . . . . . . . . . 
     . . . . . . . . . . . . . . . . . . . . . . . . . 
     . . . . . . . . . . . . . . . . . . . . . . . . . 
  14 . . . . . . . . . . . . . . . . . . . . . . . . . 
     . . . . . . . . . . . r2. . . . . . . . . . . . . 
     . . . . . . . . . . * . . . . . . . . . . . . . . 
   8 . . . . . . . . . . . . . . . . . . . . . . Aj. . 
     . . . . . . . . . . . . . . . . . . . . . . . . . 
     . . . . . . . . . . . . . . . . . . . . . . . . . 
   2 . . . . . . . . . . . . . . . . . . . . . . . . . 
     . . . . . . . . . . . . . . . . . . . . . . . . . 
     . . . . . . . . . . . . . . . . . . . . . . . . . 
  -4 . . . . . . . . . . . . . . . . . . . . . . . . . 
     . . . . . . . . . . . . . . . . . . . . . . . . . 
     . . . . . . . . . . . . . . . . . . . . . . . . . 
 -10 . . . . . . . . . . . . . . . . . . . . . . . . . 
   -10    -4     2     8    14    20    26    32    38
----- Sailing Data -----
      Ship      Fuel    Course     Speed
      Ajax    800.00    105.95     10.00
    Valdez     71.72    225.00      0.00
    Xerxes    800.00    128.66     10.00
        r2    100.00      0.00      0.00
        re    100.00    225.00      0.00

Time 2: Enter command: Ajax now at (43.85, 6.76)
Island Exxon now has 1097.17 tons
Island Shell now has 1600.00 tons
Island Treasure_Island now has 115.00 tons
Valdez stopped at (20.00, 20.00)
Xerxes now at (48.43, 6.26)
r2 stopped at (13.00, 13.00)
re docked at Exxon

Time 3: Enter command: Display size: 25, scale: 2.00, origin: (-10.00, -10.00)
Ajax, Treasure_Island, Xerxes outside the map
  38 . . . . . . . . . . . . . . . . . . . . . . . . . 
     . . . . . . . . . . . . . . . . . . . . . . . . . 
     . . . . . . . . . . . . . . . . . . . . . . . . . 
  32 . . . . . . . . . . . . . . . . . . . . . . . . . 
     . . . . . Sh. . . . . . . . . . . . . . . . . . . 
     . . . . . . . . . . . . . . . . . . . . . . . . . 
  26 . . . . . . . . . . . . . . . . . . . . . . . . . 
     . . . . . . . . . . . . . . . . . . . . . . . . . 
     . . . . . . . . . . . . . . . . . . . . . . . . . 
  20 . . . . . . . . . . . . . . . * . . . . . . . . . 
     . . . . . . . . . . . . . . . . . . . . . . . . . 
     . . . . . . . . . . . . . . . . . . . . . . . . . 
  14 . . . . . . . . . . . . . . . . . . . . . . . . . 
     . . . . . . . . . . . r2. . . . . . . . . . . . . 
     . . . . . . . . . . * . . . . . . . . . . . . . . 
   8 . . . . . . . . . . . . . . . . . . . . . . . . . 
     . . . . . . . . . . . . . . . . . . . . . . . . . 
     . . . . . . . . . . . . . . . . . . . . . . . . . 
   2 . . . . . . . . . . . . . . . . . . . . . . . . . 
     . . . . . . . . . . . . . . . . . . . . . . . . . 
     . . . . . . . . . . . . . . . . . . . . . . . . . 
  -4 . . . . . . . . . . . . . . . . . . . . . . . . . 
     . . . . . . . . . . . . . . . . . . . . . . . . . 
     . . . . . . . . . . . . . . . . . . . . . . . . . 
 -10 . . . . . . . . . . . . . . . . . . . . . . . . . 
   -10    -4     2     8    14    20    26    32    38
----- Sailing Data -----
      Ship      Fuel    Course     Speed
      Ajax    700.00    105.95     10.00
    Valdez     71.72    225.00      0.00
    Xerxes    700.00    128.66     10.00
        r2    100.00      0.00      0.00
        re    100.00    225.00      0.00

Time 3: Enter command: Ajax now at (50.00, 5.00)
Island Exxon now has 1297.17 tons
Island Shell now has 1800.00 tons
Island Treasure_Island now has 120.00 tons
Valdez stopped at (20.00, 20.00)
Xerxes now at (50.00, 5.00)
r2 stopped at (13.00, 13.00)
re docked at Exxon

Time 4: Enter command: Display size: 25, scale: 2.00, origin: (-10.00, -10.00)
Ajax, Treasure_Island, Xerxes outside the map
  38 . . . . . . . . . . . . . . . . . . . . . . . . . 
     . . . . . . . . . . . . . . . . . . . . . . . . . 
     . . . . . . . . . . . . . . . . . . . . . . . . . 
  32 . . . . . . . . . . . . . . . . . . . . . . . . . 
     . . . . . Sh. . . . . . . . . . . . . . . . . . . 
     . . . . . . . . . . . . . . . . . . . . . . . . . 
  26 . . . . . . . . . . . . . . . . . . . . . . . . . 
     . . . . . . . . . . . . . . . . . . . . . . . . . 
     . . . . . . . . . . . . . . . . . . . . . . . . . 
  20 . . . . . . . . . . . . . . . * . . . . . . . . . 
     . . . . . . . . . . . . . . . . . . . . . . . . . 
     . . . . . . . . . . . . . . . . . . . . . . . . . 
  14 . . . . . . . . . . . . . . . . . . . . . . . . . 
     . . . . . . . . . . . r2. . . . . . . . . . . . . 
     . . . . . . . . . . * . . . . . . . . . . . . . . 
   8 . . . . . . . . . . . . . . . . . . . . . . . . . 
     . . . . . . . . . . . . . . . . . . . . . . . . . 
     . . . . . . . . . . . . . . . . . . . . . . . . . 
   2 . . . . . . . . . . . . . . . . . . . . . . . . . 
     . . . . . . . . . . . . . . . . . . . . . . . . . 
     . . . . . . . . . . . . . . . . . . . . . . . . . 
  -4 . . . . . . . . . . . . . . . . . . . . . . . . . 
     . . . . . . . . . . . . . . . . . . . . . . . . . 
     . . . . . . . . . . . . . . . . . . . . . . . . . 
 -10 . . . . . . . . . . . . . . . . . . . . . . . . . 
   -10    -4     2     8    14    20    26    32    38
----- Sailing Data -----
      Ship      Fuel    Course     Speed
      Ajax    635.99    105.95      0.00
    Valdez     71.72    225.00      0.00
    Xerxes    679.84    128.66      0.00
        r2    100.00      0.00      0.00
        re    100.00    225.00      0.00

Time 4: Enter command: Ajax will sail on course 296.57 deg, speed 10.00 nm/hr to Shell

Time 4: Enter command: Valdez will sail on course 225.00 deg, speed 10.00 nm/hr to Exxon

Time 4: Enter command: Xerxes will sail on course 296.57 deg, speed 10.00 nm/hr to Shell

Time 4: Enter command: 
Cruiser Ajax at (50.00, 5.00), fuel: 635.99 tons, resistance: 6
Moving to Shell on course 296.57 deg, speed 10.00 nm/hr

Island Bermuda at position (20.00, 20.00)
Fuel available: 0.00 tons

Island Exxon at position (10.00, 10.00)
Fuel available: 1297.17 tons

Island Shell at position (0.00, 30.00)
Fuel available: 1800.00 tons

Island Treasure_Island at position (50.00, 5.00)
Fuel available: 120.00 tons

Tanker Valdez at (20.00, 20.00), fuel: 71.72 tons, resistance: 0
Moving to Exxon on course 225.00 deg, speed 10.00 nm/hr
Cargo: 0.00 tons, no cargo destinations

Cruiser Xerxes at (50.00, 5.00), fuel: 679.84 tons, resistance: 6
Moving to Shell on course 296.57 deg, speed 10.00 nm/hr

Refuel_ship r2 at (13.00, 13.00), fuel: 100.00 tons, resistance: 0
Stopped

Refuel_ship re at (10.00, 10.00), fuel: 100.00 tons, resistance: 0
Docked at Exxon
waiting at Exxon

Time 4: Enter command: Ajax now at (41.06, 9.47)
Island Exxon now has 1497.17 tons
Island Shell now has 2000.00 tons
Island Treasure_Island now has 125.00 tons
Valdez now at (12.93, 12.93)
Xerxes now at (41.06, 9.47)
r2 stopped at (13.00, 13.00)
re docked at Exxon

Time 5: Enter command: Display size: 25, scale: 2.00, origin: (-10.00, -10.00)
Ajax, Treasure_Island, Xerxes outside the map
  38 . . . . . . . . . . . . . . . . . . . . . . . . . 
     . . . . . . . . . . . . . . . . . . . . . . . . . 
     . . . . . . . . . . . . . . . . . . . . . . . . . 
  32 . . . . . . . . . . . . . . . . . . . . . . . . . 
     . . . . . Sh. . . . . . . . . . . . . . . . . . . 
     . . . . . . . . . . . . . . . . . . . . . . . . . 
  26 . . . . . . . . . . . . . . . . . . . . . . . . . 
     . . . . . . . . . . . . . . . . . . . . . . . . . 
     . . . . . . . . . . . . . . . . . . . . . . . . . 
  20 . . . . . . . . . . . . . . . Be. . . . . . . . . 
     . . . . . . . . . . . . . . . . . . . . . . . . . 
     . . . . . . . . . . . . . . . . . . . . . . . . . 
  14 . . . . . . . . . . . . . . . . . . . . . . . . . 
     . . . . . . . . . . . * . . . . . . . . . . . . . 
     . . . . . . . . . . * . . . . . . . . . . . . . . 
   8 . . . . . . . . . . . . . . . . . . . . . . . . . 
     . . . . . . . . . . . . . . . . . . . . . . . . . 
     . . . . . . . . . . . . . . . . . . . . . . . . . 
   2 . . . . . . . . . . . . . . . . . . . . . . . . . 
     . . . . . . . . . . . . . . . . . . . . . . . . . 
     . . . . . . . . . . . . . . . . . . . . . . . . . 
  -4 . . . . . . . . . . . . . . . . . . . . . . . . . 
     . . . . . . . . . . . . . . . . . . . . . . . . . 
     . . . . . . . . . . . . . . . . . . . . . . . . . 
 -10 . . . . . . . . . . . . . . . . . . . . . . . . . 
   -10    -4     2     8    14    20    26    32    38
----- Sailing Data -----
      Ship      Fuel    Course     Speed
      Ajax    535.99    296.57     10.00
    Valdez     51.72    225.00     10.00
    Xerxes    579.84    296.57     10.00
        r2    100.00      0.00      0.00
        re    100.00    225.00      0.00

Time 5: Enter command: Ajax now at (32.11, 13.94)
Island Exxon now has 1697.17 tons
Island Shell now has 2200.00 tons
Island Treasure_Island now has 130.00 tons
Valdez now at (10.00, 10.00)
Xerxes now at (32.11, 13.94)
r2 stopped at (13.00, 13.00)
re docked at Exxon

Time 6: Enter command: Display size: 25, scale: 2.00, origin: (-10.00, -10.00)
Treasure_Island outside the map
  38 . . . . . . . . . . . . . . . . . . . . . . . . . 
     . . . . . . . . . . . . . . . . . . . . . . . . . 
     . . . . . . . . . . . . . . . . . . . . . . . . . 
  32 . . . . . . . . . . . . . . . . . . . . . . . . . 
     . . . . . Sh. . . . . . . . . . . . . . . . . . . 
     . . . . . . . . . . . . . . . . . . . . . . . . . 
  26 . . . . . . . . . . . . . . . . . . . . . . . . . 
     . . . . . . . . . . . . . . . . . . . . . . . . . 
     . . . . . . . . . . . . . . . . . . . . . . . . . 
  20 . . . . . . . . . . . . . . . Be. . . . . . . . . 
     . . . . . . . . . . . . . . . . . . . . . . . . . 
     . . . . . . . . . . . . . . . . . . . . . . . . . 
  14 . . . . . . . . . . . . . . . . . . . . . . . . . 
     . . . . . . . . . . . r2. . . . . . . . . * . . . 
     . . . . . . . . . . * . . . . . . . . . . . . . . 
   8 . . . . . . . . . . . . . . . . . . . . . . . . . 
     . . . . . . . . . . . . . . . . . . . . . . . . . 
     . . . . . . . . . . . . . . . . . . . . . . . . . 
   2 . . . . . . . . . . . . . . . . . . . . . . . . . 
     . . . . . . . . . . . . . . . . . . . . . . . . . 
     . . . . . . . . . . . . . . . . . . . . . . . . . 
  -4 . . . . . . . . . . . . . . . . . . . . . . . . . 
     . . . . . . . . . . . . . . . . . . . . . . . . . 
     . . . . . . . . . . . . . . . . . . . . . . . . . 
 -10 . . . . . . . . . . . . . . . . . . . . . . . . . 
   -10    -4     2     8    14    20    26    32    38
----- Sailing Data -----
      Ship      Fuel    Course     Speed
      Ajax    435.99    296.57     10.00
    Valdez     43.43    225.00      0.00
    Xerxes    479.84    296.57     10.00
        r2    100.00      0.00      0.00
        re    100.00    225.00      0.00

Time 6: Enter command: Ajax now at (23.17, 18.42)
Island Exxon now has 1897.17 tons
Island Shell now has 2400.00 tons
Island Treasure_Island now has 135.00 tons
Valdez stopped at (10.00, 10.00)
Xerxes now at (23.17, 18.42)
r2 stopped at (13.00, 13.00)
re docked at Exxon

Time 7: Enter command: Display size: 25, scale: 2.00, origin: (-10.00, -10.00)
Treasure_Island outside the map
  38 . . . . . . . . . . . . . . . . . . . . . . . . . 
     . . . . . . . . . . . . . . . . . . . . . . . . . 
     . . . . . . . . . . . . . . . . . . . . . . . . . 
  32 . . . . . . . . . . . . . . . . . . . . . . . . . 
     . . . . . Sh. . . . . . . . . . . . . . . . . . . 
     . . . . . . . . . . . . . . . . . . . . . . . . . 
  26 . . . . . . . . . . . . . . . . . . . . . . . . . 
     . . . . . . . . . . . . . . . . . . . . . . . . . 
     . . . . . . . . . . . . . . . . . . . . . . . . . 
  20 . . . . . . . . . . . . . . . Be. . . . . . . . . 
     . . . . . . . . . . . . . . . . * . . . . . . . . 
     . . . . . . . . . . . . . . . . . . . . . . . . . 
  14 . . . . . . . . . . . . . . . . . . . . . . . . . 
     . . . . . . . . . . . r2. . . . . . . . . . . . . 
     . . . . . . . . . . * . . . . . . . . . . . . . . 
   8 . . . . . . . . . . . . . . . . . . . . . . . . . 
     . . . . . . . . . . . . . . . . . . . . . . . . . 
     . . . . . . . . . . . . . . . . . . . . . . . . . 
   2 . . . . . . . . . . . . . . . . . . . . . . . . . 
     . . . . . . . . . . . . . . . . . . . . . . . . . 
     . . . . . . . . . . . . . . . . . . . . . . . . . 
  -4 . . . . . . . . . . . . . . . . . . . . . . . . . 
     . . . . . . . . . . . . . . . . . . . . . . . . . 
     . . . . . . . . . . . . . . . . . . . . . . . . . 
 -10 . . . . . . . . . . . . . . . . . . . . . . . . . 
   -10    -4     2     8    14    20    26    32    38
----- Sailing Data -----
      Ship      Fuel    Course     Speed
      Ajax    335.99    296.57     10.00
    Valdez     43.43    225.00      0.00
    Xerxes    379.84    296.57     10.00
        r2    100.00      0.00      0.00
        re    100.00    225.00      0.00

Time 7: Enter command: Valdez will sail on course 45.00 deg, speed 10.00 nm/hr to Bermuda

Time 7: Enter command: Ajax now at (14.22, 22.89)
Island Exxon now has 2097.17 tons
Island Shell now has 2600.00 tons
Island Treasure_Island now has 140.00 tons
Valdez now at (17.07, 17.07)
Xerxes now at (14.22, 22.89)
r2 stopped at (13.00, 13.00)
re docked at Exxon

Time 8: Enter command: Display size: 25, scale: 2.00, origin: (-10.00, -10.00)
Treasure_Island outside the map
  38 . . . . . . . . . . . . . . . . . . . . . . . . . 
     . . . . . . . . . . . . . . . . . . . . . . . . . 
     . . . . . . . . . . . . . . . . . . . . . . . . . 
  32 . . . . . . . . . . . . . . . . . . . . . . . . . 
     . . . . . Sh. . . . . . . . . . . . . . . . . . . 
     . . . . . . . . . . . . . . . . . . . . . . . . . 
  26 . . . . . . . . . . . . . . . . . . . . . . . . . 
     . . . . . . . . . . . . . . . . . . . . . . . . . 
     . . . . . . . . . . . . * . . . . . . . . . . . . 
  20 . . . . . . . . . . . . . . . Be. . . . . . . . . 
     . . . . . . . . . . . . . . . . . . . . . . . . . 
     . . . . . . . . . . . . . Va. . . . . . . . . . . 
  14 . . . . . . . . . . . . . . . . . . . . . . . . . 
     . . . . . . . . . . . r2. . . . . . . . . . . . . 
     . . . . . . . . . . * . . . . . . . . . . . . . . 
   8 . . . . . . . . . . . . . . . . . . . . . . . . . 
     . . . . . . . . . . . . . . . . . . . . . . . . . 
     . . . . . . . . . . . . . . . . . . . . . . . . . 
   2 . . . . . . . . . . . . . . . . . . . . . . . . . 
     . . . . . . . . . . . . . . . . . . . . . . . . . 
     . . . . . . . . . . . . . . . . . . . . . . . . . 
  -4 . . . . . . . . . . . . . . . . . . . . . . . . . 
     . . . . . . . . . . . . . . . . . . . . . . . . . 
     . . . . . . . . . . . . . . . . . . . . . . . . . 
 -10 . . . . . . . . . . . . . . . . . . . . . . . . . 
   -10    -4     2     8    14    20    26    32    38
----- Sailing Data -----
      Ship      Fuel    Course     Speed
      Ajax    235.99    296.57     10.00
    Valdez     23.43     45.00     10.00
    Xerxes    279.84    296.57     10.00
        r2    100.00      0.00      0.00
        re    100.00    225.00      0.00

Time 8: Enter command: Ajax now at (5.28, 27.36)
Island Exxon now has 2297.17 tons
Island Shell now has 2800.00 tons
Island Treasure_Island now has 145.00 tons
Valdez now at (20.00, 20.00)
Xerxes now at (5.28, 27.36)
r2 stopped at (13.00, 13.00)
re docked at Exxon

Time 9: Enter command: Display size: 25, scale: 2.00, origin: (-10.00, -10.00)
Treasure_Island outside the map
  38 . . . . . . . . . . . . . . . . . . . . . . . . . 
     . . . . . . . . . . . . . . . . . . . . . . . . . 
     . . . . . . . . . . . . . . . . . . . . . . . . . 
  32 . . . . . . . . . . . . . . . . . . . . . . . . . 
     . . . . . Sh. . . . . . . . . . . . . . . . . . . 
     . . . . . . . . . . . . . . . . . . . . . . . . . 
  26 . . . . . . . * . . . . . . . . . . . . . . . . . 
     . . . . . . . . . . . . . . . . . . . . . . . . . 
     . . . . . . . . . . . . . . . . . . . . . . . . . 
  20 . . . . . . . . . . . . . . . * . . . . . . . . . 
     . . . . . . . . . . . . . . . . . . . . . . . . . 
     . . . . . . . . . . . . . . . . . . . . . . . . . 
  14 . . . . . . . . . . . . . . . . . . . . . . . . . 
     . . . . . . . . . . . r2. . . . . . . . . . . . . 
     . . . . . . . . . . * . . . . . . . . . . . . . . 
   8 . . . . . . . . . . . . . . . . . . . . . . . . . 
     . . . . . . . . . . . . . . . . . . . . . . . . . 
     . . . . . . . . . . . . . . . . . . . . . . . . . 
   2 . . . . . . . . . . . . . . . . . . . . . . . . . 
     . . . . . . . . . . . . . . . . . . . . . . . . . 
     . . . . . . . . . . . . . . . . . . . . . . . . . 
  -4 . . . . . . . . . . . . . . . . . . . . . . . . . 
     . . . . . . . . . . . . . . . . . . . . . . . . . 
     . . . . . . . . . . . . . . . . . . . . . . . . . 
 -10 . . . . . . . . . . . . . . . . . . . . . . . . . 
   -10    -4     2     8    14    20    26    32    38
----- Sailing Data -----
      Ship      Fuel    Course     Speed
      Ajax    135.99    296.57     10.00
    Valdez     15.15     45.00      0.00
    Xerxes    179.84    296.57     10.00
        r2    100.00      0.00      0.00
        re    100.00    225.00      0.00

Time 9: Enter command: Valdez will sail on course 225.00 deg, speed 10.00 nm/hr to Exxon

Time 9: Enter command: Ajax now at (0.00, 30.00)
Island Exxon now has 2497.17 tons
Island Shell now has 3000.00 tons
Island Treasure_Island now has 150.00 tons
Valdez now at (14.64, 14.64)
Valdez now has no cargo destinations
Xerxes now at (0.00, 30.00)
r2 stopped at (13.00, 13.00)
re docked at Exxon
re will sail on course 45.00 deg, speed 5.00 nm/hr to (14.64, 14.64)

Time 10: Enter command: Display size: 25, scale: 2.00, origin: (-10.00, -10.00)
Treasure_Island outside the map
  38 . . . . . . . . . . . . . . . . . . . . . . . . . 
     . . . . . . . . . . . . . . . . . . . . . . . . . 
     . . . . . . . . . . . . . . . . . . . . . . . . . 
  32 . . . . . . . . . . . . . . . . . . . . . . . . . 
     . . . . . * . . . . . . . . . . . . . . . . . . . 
     . . . . . . . . . . . . . . . . . . . . . . . . . 
  26 . . . . . . . . . . . . . . . . . . . . . . . . . 
     . . . . . . . . . . . . . . . . . . . . . . . . . 
     . . . . . . . . . . . . . . . . . . . . . . . . . 
  20 . . . . . . . . . . . . . . . Be. . . . . . . . . 
     . . . . . . . . . . . . . . . . . . . . . . . . . 
     . . . . . . . . . . . . . . . . . . . . . . . . . 
  14 . . . . . . . . . . . . Va. . . . . . . . . . . . 
     . . . . . . . . . . . r2. . . . . . . . . . . . . 
     . . . . . . . . . . * . . . . . . . . . . . . . . 
   8 . . . . . . . . . . . . . . . . . . . . . . . . . 
     . . . . . . . . . . . . . . . . . . . . . . . . . 
     . . . . . . . . . . . . . . . . . . . . . . . . . 
   2 . . . . . . . . . . . . . . . . . . . . . . . . . 
     . . . . . . . . . . . . . . . . . . . . . . . . . 
     . . . . . . . . . . . . . . . . . . . . . . . . . 
  -4 . . . . . . . . . . . . . . . . . . . . . . . . . 
     . . . . . . . . . . . . . . . . . . . . . . . . . 
     . . . . . . . . . . . . . . . . . . . . . . . . . 
 -10 . . . . . . . . . . . . . . . . . . . . . . . . . 
   -10    -4     2     8    14    20    26    32    38
----- Sailing Data -----
      Ship      Fuel    Course     Speed
      Ajax     76.98    296.57      0.00
    Valdez      0.00    225.00      0.00
    Xerxes    120.83    296.57      0.00
        r2    100.00      0.00      0.00
        re    100.00     45.00      5.00

Time 10: Enter command: 
Cruiser Ajax at (0.00, 30.00), fuel: 76.98 tons, resistance: 6
Stopped

Island Bermuda at position (20.00, 20.00)
Fuel available: 0.00 tons

Island Exxon at position (10.00, 10.00)
Fuel available: 2497.17 tons

Island Shell at position (0.00, 30.00)
Fuel available: 3000.00 tons

Island Treasure_Island at position (50.00, 5.00)
Fuel available: 150.00 tons

Tanker Valdez at (14.64, 14.64), fuel: 0.00 tons, resistance: 0
Dead in the water
Cargo: 0.00 tons, no cargo destinations

Cruiser Xerxes at (0.00, 30.00), fuel: 120.83 tons, resistance: 6
Stopped

Refuel_ship r2 at (13.00, 13.00), fuel: 100.00 tons, resistance: 0
Stopped

Refuel_ship re at (10.00, 10.00), fuel: 100.00 tons, resistance: 0
Moving to (14.64, 14.64) on course 45.00 deg, speed 5.00 nm/hr
Moving to ship Valdez

Time 10: Enter command: Ajax will sail on course 153.43 deg, speed 10.00 nm/hr to Exxon

Time 10: Enter command: Ajax now at (3.44, 23.11)
Island Exxon now has 2697.17 tons
Island Shell now has 3200.00 tons
Island Treasure_Island now has 155.00 tons
Valdez dead in the water at (14.64, 14.64)
Valdez now has no cargo destinations
Xerxes stopped at (0.00, 30.00)
r2 stopped at (13.00, 13.00)
re now at (13.54, 13.54)

Time 11: Enter command: Display size: 25, scale: 2.00, origin: (-10.00, -10.00)
Treasure_Island outside the map
  38 . . . . . . . . . . . . . . . . . . . . . . . . . 
     . . . . . . . . . . . . . . . . . . . . . . . . . 
     . . . . . . . . . . . . . . . . . . . . . . . . . 
  32 . . . . . . . . . . . . . . . . . . . . . . . . . 
     . . . . . * . . . . . . . . . . . . . . . . . . . 
     . . . . . . . . . . . . . . . . . . . . . . . . . 
  26 . . . . . . . . . . . . . . . . . . . . . . . . . 
     . . . . . . . . . . . . . . . . . . . . . . . . . 
     . . . . . . Aj. . . . . . . . . . . . . . . . . . 
  20 . . . . . . . . . . . . . . . Be. . . . . . . . . 
     . . . . . . . . . . . . . . . . . . . . . . . . . 
     . . . . . . . . . . . . . . . . . . . . . . . . . 
  14 . . . . . . . . . . . . Va. . . . . . . . . . . . 
     . . . . . . . . . . . * . . . . . . . . . . . . . 
     . . . . . . . . . . Ex. . . . . . . . . . . . . . 
   8 . . . . . . . . . . . . . . . . . . . . . . . . . 
     . . . . . . . . . . . . . . . . . . . . . . . . . 
     . . . . . . . . . . . . . . . . . . . . . . . . . 
   2 . . . . . . . . . . . . . . . . . . . . . . . . . 
     . . . . . . . . . . . . . . . . . . . . . . . . . 
     . . . . . . . . . . . . . . . . . . . . . . . . . 
  -4 . . . . . . . . . . . . . . . . . . . . . . . . . 
     . . . . . . . . . . . . . . . . . . . . . . . . . 
     . . . . . . . . . . . . . . . . . . . . . . . . . 
 -10 . . . . . . . . . . . . . . . . . . . . . . . . . 
   -10    -4     2     8    14    20    26    32    38
----- Sailing Data -----
      Ship      Fuel    Course     Speed
      Ajax      0.00    153.43      0.00
    Valdez      0.00    225.00      0.00
    Xerxes    120.83    296.57      0.00
        r2    100.00      0.00      0.00
        re     95.00     45.00      5.00

Time 11: Enter command: 
Cruiser Ajax at (3.44, 23.11), fuel: 0.00 tons, resistance: 6
Dead in the water

Island Bermuda at position (20.00, 20.00)
Fuel available: 0.00 tons

Island Exxon at position (10.00, 10.00)
Fuel available: 2697.17 tons

Island Shell at position (0.00, 30.00)
Fuel available: 3200.00 tons

Island Treasure_Island at position (50.00, 5.00)
Fuel available: 155.00 tons

Tanker Valdez at (14.64, 14.64), fuel: 0.00 tons, resistance: 0
Dead in the water
Cargo: 0.00 tons, no cargo destinations

Cruiser Xerxes at (0.00, 30.00), fuel: 120.83 tons, resistance: 6
Stopped

Refuel_ship r2 at (13.00, 13.00), fuel: 100.00 tons, resistance: 0
Stopped

Refuel_ship re at (13.54, 13.54), fuel: 95.00 tons, resistance: 0
Moving to (14.64, 14.64) on course 45.00 deg, speed 5.00 nm/hr
Moving to ship Valdez

Time 11: Enter command: Xerxes will sail on course 116.57 deg, speed 10.00 nm/hr to Bermuda

Time 11: Enter command: Ajax dead in the water at (3.44, 23.11)
Island Exxon now has 2897.17 tons
Island Shell now has 3400.00 tons
Island Treasure_Island now has 160.00 tons
Valdez dead in the water at (14.64, 14.64)
Valdez now has no cargo destinations
Xerxes now at (8.94, 25.53)
r2 stopped at (13.00, 13.00)
re now at (14.64, 14.64)

Time 12: Enter command: Display size: 25, scale: 2.00, origin: (-10.00, -10.00)
Treasure_Island outside the map
  38 . . . . . . . . . . . . . . . . . . . . . . . . . 
     . . . . . . . . . . . . . . . . . . . . . . . . . 
     . . . . . . . . . . . . . . . . . . . . . . . . . 
  32 . . . . . . . . . . . . . . . . . . . . . . . . . 
     . . . . . Sh. . . . . . . . . . . . . . . . . . . 
     . . . . . . . . . . . . . . . . . . . . . . . . . 
  26 . . . . . . . . . . . . . . . . . . . . . . . . . 
     . . . . . . . . . Xe. . . . . . . . . . . . . . . 
     . . . . . . Aj. . . . . . . . . . . . . . . . . . 
  20 . . . . . . . . . . . . . . . Be. . . . . . . . . 
     . . . . . . . . . . . . . . . . . . . . . . . . . 
     . . . . . . . . . . . . . . . . . . . . . . . . . 
  14 . . . . . . . . . . . . * . . . . . . . . . . . . 
     . . . . . . . . . . . r2. . . . . . . . . . . . . 
     . . . . . . . . . . Ex. . . . . . . . . . . . . . 
   8 . . . . . . . . . . . . . . . . . . . . . . . . . 
     . . . . . . . . . . . . . . . . . . . . . . . . . 
     . . . . . . . . . . . . . . . . . . . . . . . . . 
   2 . . . . . . . . . . . . . . . . . . . . . . . . . 
     . . . . . . . . . . . . . . . . . . . . . . . . . 
     . . . . . . . . . . . . . . . . . . . . . . . . . 
  -4 . . . . . . . . . . . . . . . . . . . . . . . . . 
     . . . . . . . . . . . . . . . . . . . . . . . . . 
     . . . . . . . . . . . . . . . . . . . . . . . . . 
 -10 . . . . . . . . . . . . . . . . . . . . . . . . . 
   -10    -4     2     8    14    20    26    32    38
----- Sailing Data -----
      Ship      Fuel    Course     Speed
      Ajax      0.00    153.43      0.00
    Valdez      0.00    225.00      0.00
    Xerxes     20.83    116.57     10.00
        r2    100.00      0.00      0.00
        re     93.43     45.00      0.00

Time 12: Enter command: 
Cruiser Ajax at (3.44, 23.11), fuel: 0.00 tons, resistance: 6
Dead in the water

Island Bermuda at position (20.00, 20.00)
Fuel available: 0.00 tons

Island Exxon at position (10.00, 10.00)
Fuel available: 2897.17 tons

Island Shell at position (0.00, 30.00)
Fuel available: 3400.00 tons

Island Treasure_Island at position (50.00, 5.00)
Fuel available: 160.00 tons

Tanker Valdez at (14.64, 14.64), fuel: 0.00 tons, resistance: 0
Dead in the water
Cargo: 0.00 tons, no cargo destinations

Cruiser Xerxes at (8.94, 25.53), fuel: 20.83 tons, resistance: 6
Moving to Bermuda on course 116.57 deg, speed 10.00 nm/hr

Refuel_ship r2 at (13.00, 13.00), fuel: 100.00 tons, resistance: 0
Stopped

Refuel_ship re at (14.64, 14.64), fuel: 93.43 tons, resistance: 0
Stopped
Refueling ship Valdez

Time 12: Enter command: Ajax dead in the water at (3.44, 23.11)
Island Exxon now has 3097.17 tons
Island Shell now has 3600.00 tons
Island Treasure_Island now has 165.00 tons
Valdez dead in the water at (14.64, 14.64)
Valdez now has no cargo destinations
Xerxes now at (10.81, 24.60)
r2 stopped at (13.00, 13.00)
re stopped at (14.64, 14.64)
Valdez has received 100.00 of fuel

Time 13: Enter command: Display size: 25, scale: 2.00, origin: (-10.00, -10.00)
Treasure_Island outside the map
  38 . . . . . . . . . . . . . . . . . . . . . . . . . 
     . . . . . . . . . . . . . . . . . . . . . . . . . 
     . . . . . . . . . . . . . . . . . . . . . . . . . 
  32 . . . . . . . . . . . . . . . . . . . . . . . . . 
     . . . . . Sh. . . . . . . . . . . . . . . . . . . 
     . . . . . . . . . . . . . . . . . . . . . . . . . 
  26 . . . . . . . . . . . . . . . . . . . . . . . . . 
     . . . . . . . . . . Xe. . . . . . . . . . . . . . 
     . . . . . . Aj. . . . . . . . . . . . . . . . . . 
  20 . . . . . . . . . . . . . . . Be. . . . . . . . . 
     . . . . . . . . . . . . . . . . . . . . . . . . . 
     . . . . . . . . . . . . . . . . . . . . . . . . . 
  14 . . . . . . . . . . . . * . . . . . . . . . . . . 
     . . . . . . . . . . . r2. . . . . . . . . . . . . 
     . . . . . . . . . . Ex. . . . . . . . . . . . . . 
   8 . . . . . . . . . . . . . . . . . . . . . . . . . 
     . . . . . . . . . . . . . . . . . . . . . . . . . 
     . . . . . . . . . . . . . . . . . . . . . . . . . 
   2 . . . . . . . . . . . . . . . . . . . . . . . . . 
     . . . . . . . . . . . . . . . . . . . . . . . . . 
     . . . . . . . . . . . . . . . . . . . . . . . . . 
  -4 . . . . . . . . . . . . . . . . . . . . . . . . . 
     . . . . . . . . . . . . . . . . . . . . . . . . . 
     . . . . . . . . . . . . . . . . . . . . . . . . . 
 -10 . . . . . . . . . . . . . . . . . . . . . . . . . 
   -10    -4     2     8    14    20    26    32    38
----- Sailing Data -----
      Ship      Fuel    Course     Speed
      Ajax      0.00    153.43      0.00
    Valdez    100.00    225.00      0.00
    Xerxes      0.00    116.57      0.00
        r2    100.00      0.00      0.00
        re     93.43     45.00      0.00

Time 13: Enter command: Ajax dead in the water at (3.44, 23.11)
Island Exxon now has 3297.17 tons
Island Shell now has 3800.00 tons
Island Treasure_Island now has 170.00 tons
Valdez stopped at (14.64, 14.64)
Xerxes dead in the water at (10.81, 24.60)
r2 stopped at (13.00, 13.00)
re stopped at (14.64, 14.64)
re will sail on course 225.00 deg, speed 5.00 nm/hr to Exxon

Time 14: Enter command: Display size: 25, scale: 2.00, origin: (-10.00, -10.00)
Treasure_Island outside the map
  38 . . . . . . . . . . . . . . . . . . . . . . . . . 
     . . . . . . . . . . . . . . . . . . . . . . . . . 
     . . . . . . . . . . . . . . . . . . . . . . . . . 
  32 . . . . . . . . . . . . . . . . . . . . . . . . . 
     . . . . . Sh. . . . . . . . . . . . . . . . . . . 
     . . . . . . . . . . . . . . . . . . . . . . . . . 
  26 . . . . . . . . . . . . . . . . . . . . . . . . . 
     . . . . . . . . . . Xe. . . . . . . . . . . . . . 
     . . . . . . Aj. . . . . . . . . . . . . . . . . . 
  20 . . . . . . . . . . . . . . . Be. . . . . . . . . 
     . . . . . . . . . . . . . . . . . . . . . . . . . 
     . . . . . . . . . . . . . . . . . . . . . . . . . 
  14 . . . . . . . . . . . . * . . . . . . . . . . . . 
     . . . . . . . . . . . r2. . . . . . . . . . . . . 
     . . . . . . . . . . Ex. . . . . . . . . . . . . . 
   8 . . . . . . . . . . . . . . . . . . . . . . . . . 
     . . . . . . . . . . . . . . . . . . . . . . . . . 
     . . . . . . . . . . . . . . . . . . . . . . . . . 
   2 . . . . . . . . . . . . . . . . . . . . . . . . . 
     . . . . . . . . . . . . . . . . . . . . . . . . . 
     . . . . . . . . . . . . . . . . . . . . . . . . . 
  -4 . . . . . . . . . . . . . . . . . . . . . . . . . 
     . . . . . . . . . . . . . . . . . . . . . . . . . 
     . . . . . . . . . . . . . . . . . . . . . . . . . 
 -10 . . . . . . . . . . . . . . . . . . . . . . . . . 
   -10    -4     2     8    14    20    26    32    38
----- Sailing Data -----
      Ship      Fuel    Course     Speed
      Ajax      0.00    153.43      0.00
    Valdez    100.00    225.00      0.00
    Xerxes      0.00    116.57      0.00
        r2    100.00      0.00      0.00
        re     93.43    225.00      5.00

Time 14: Enter command: Ajax dead in the water at (3.44, 23.11)
Island Exxon now has 3497.17 tons
Island Shell now has 4000.00 tons
Island Treasure_Island now has 175.00 tons
Valdez stopped at (14.64, 14.64)
Xerxes dead in the water at (10.81, 24.60)
r2 stopped at (13.00, 13.00)
re now at (11.11, 11.11)

Time 15: Enter command: Display size: 25, scale: 2.00, origin: (-10.00, -10.00)
Treasure_Island outside the map
  38 . . . . . . . . . . . . . . . . . . . . . . . . . 
     . . . . . . . . . . . . . . . . . . . . . . . . . 
     . . . . . . . . . . . . . . . . . . . . . . . . . 
  32 . . . . . . . . . . . . . . . . . . . . . . . . . 
     . . . . . Sh. . . . . . . . . . . . . . . . . . . 
     . . . . . . . . . . . . . . . . . . . . . . . . . 
  26 . . . . . . . . . . . . . . . . . . . . . . . . . 
     . . . . . . . . . . Xe. . . . . . . . . . . . . . 
     . . . . . . Aj. . . . . . . . . . . . . . . . . . 
  20 . . . . . . . . . . . . . . . Be. . . . . . . . . 
     . . . . . . . . . . . . . . . . . . . . . . . . . 
     . . . . . . . . . . . . . . . . . . . . . . . . . 
  14 . . . . . . . . . . . . Va. . . . . . . . . . . . 
     . . . . . . . . . . . r2. . . . . . . . . . . . . 
     . . . . . . . . . . * . . . . . . . . . . . . . . 
   8 . . . . . . . . . . . . . . . . . . . . . . . . . 
     . . . . . . . . . . . . . . . . . . . . . . . . . 
     . . . . . . . . . . . . . . . . . . . . . . . . . 
   2 . . . . . . . . . . . . . . . . . . . . . . . . . 
     . . . . . . . . . . . . . . . . . . . . . . . . . 
     . . . . . . . . . . . . . . . . . . . . . . . . . 
  -4 . . . . . . . . . . . . . . . . . . . . . . . . . 
     . . . . . . . . . . . . . . . . . . . . . . . . . 
     . . . . . . . . . . . . . . . . . . . . . . . . . 
 -10 . . . . . . . . . . . . . . . . . . . . . . . . . 
   -10    -4     2     8    14    20    26    32    38
----- Sailing Data -----
      Ship      Fuel    Course     Speed
      Ajax      0.00    153.43      0.00
    Valdez    100.00    225.00      0.00
    Xerxes      0.00    116.57      0.00
        r2    100.00      0.00      0.00
        re     88.43    225.00      5.00

Time 15: Enter command: Ajax dead in the water at (3.44, 23.11)
Island Exxon now has 3697.17 tons
Island Shell now has 4200.00 tons
Island Treasure_Island now has 180.00 tons
Valdez stopped at (14.64, 14.64)
Xerxes dead in the water at (10.81, 24.60)
r2 stopped at (13.00, 13.00)
re now at (10.00, 10.00)
re docked at Exxon

Time 16: Enter command: Display size: 25, scale: 2.00, origin: (-10.00, -10.00)
Treasure_Island outside the map
  38 . . . . . . . . . . . . . . . . . . . . . . . . . 
     . . . . . . . . . . . . . . . . . . . . . . . . . 
     . . . . . . . . . . . . . . . . . . . . . . . . . 
  32 . . . . . . . . . . . . . . . . . . . . . . . . . 
     . . . . . Sh. . . . . . . . . . . . . . . . . . . 
     . . . . . . . . . . . . . . . . . . . . . . . . . 
  26 . . . . . . . . . . . . . . . . . . . . . . . . . 
     . . . . . . . . . . Xe. . . . . . . . . . . . . . 
     . . . . . . Aj. . . . . . . . . . . . . . . . . . 
  20 . . . . . . . . . . . . . . . Be. . . . . . . . . 
     . . . . . . . . . . . . . . . . . . . . . . . . . 
     . . . . . . . . . . . . . . . . . . . . . . . . . 
  14 . . . . . . . . . . . . Va. . . . . . . . . . . . 
     . . . . . . . . . . . r2. . . . . . . . . . . . . 
     . . . . . . . . . . * . . . . . . . . . . . . . . 
   8 . . . . . . . . . . . . . . . . . . . . . . . . . 
     . . . . . . . . . . . . . . . . . . . . . . . . . 
     . . . . . . . . . . . . . . . . . . . . . . . . . 
   2 . . . . . . . . . . . . . . . . . . . . . . . . . 
     . . . . . . . . . . . . . . . . . . . . . . . . . 
     . . . . . . . . . . . . . . . . . . . . . . . . . 
  -4 . . . . . . . . . . . . . . . . . . . . . . . . . 
     . . . . . . . . . . . . . . . . . . . . . . . . . 
     . . . . . . . . . . . . . . . . . . . . . . . . . 
 -10 . . . . . . . . . . . . . . . . . . . . . . . . . 
   -10    -4     2     8    14    20    26    32    38
----- Sailing Data -----
      Ship      Fuel    Course     Speed
      Ajax      0.00    153.43      0.00
    Valdez    100.00    225.00      0.00
    Xerxes      0.00    116.57      0.00
        r2    100.00      0.00      0.00
        re     86.86    225.00      0.00

Time 16: Enter command: Ajax dead in the water at (3.44, 23.11)
Island Exxon now has 3897.17 tons
Island Shell now has 4400.00 tons
Island Treasure_Island now has 185.00 tons
Valdez stopped at (14.64, 14.64)
Xerxes dead in the water at (10.81, 24.60)
r2 stopped at (13.00, 13.00)
re docked at Exxon
Island Exxon supplied 13.14 tons of fuel
re now has 100.00 tons of fuel
Island Exxon supplied 100.00 tons of fuel
re now has 500.00 of cargo

Time 17: Enter command: Display size: 25, scale: 2.00, origin: (-10.00, -10.00)
Treasure_Island outside the map
  38 . . . . . . . . . . . . . . . . . . . . . . . . . 
     . . . . . . . . . . . . . . . . . . . . . . . . . 
     . . . . . . . . . . . . . . . . . . . . . . . . . 
  32 . . . . . . . . . . . . . . . . . . . . . . . . . 
     . . . . . Sh. . . . . . . . . . . . . . . . . . . 
     . . . . . . . . . . . . . . . . . . . . . . . . . 
  26 . . . . . . . . . . . . . . . . . . . . . . . . . 
     . . . . . . . . . . Xe. . . . . . . . . . . . . . 
     . . . . . . Aj. . . . . . . . . . . . . . . . . . 
  20 . . . . . . . . . . . . . . . Be. . . . . . . . . 
     . . . . . . . . . . . . . . . . . . . . . . . . . 
     . . . . . . . . . . . . . . . . . . . . . . . . . 
  14 . . . . . . . . . . . . Va. . . . . . . . . . . . 
     . . . . . . . . . . . r2. . . . . . . . . . . . . 
     . . . . . . . . . . * . . . . . . . . . . . . . . 
   8 . . . . . . . . . . . . . . . . . . . . . . . . . 
     . . . . . . . . . . . . . . . . . . . . . . . . . 
     . . . . . . . . . . . . . . . . . . . . . . . . . 
   2 . . . . . . . . . . . . . . . . . . . . . . . . . 
     . . . . . . . . . . . . . . . . . . . . . . . . . 
     . . . . . . . . . . . . . . . . . . . . . . . . . 
  -4 . . . . . . . . . . . . . . . . . . . . . . . . . 
     . . . . . . . . . . . . . . . . . . . . . . . . . 
     . . . . . . . . . . . . . . . . . . . . . . . . . 
 -10 . . . . . . . . . . . . . . . . . . . . . . . . . 
   -10    -4     2     8    14    20    26    32    38
----- Sailing Data -----
      Ship      Fuel    Course     Speed
      Ajax      0.00    153.43      0.00
    Valdez    100.00    225.00      0.00
    Xerxes      0.00    116.57      0.00
        r2    100.00      0.00      0.00
        re    100.00    225.00      0.00

Time 17: Enter command: r2 will sail on course 225.00 deg, speed 5.00 nm/hr to Exxon

Time 17: Enter command: Ajax dead in the water at (3.44, 23.11)
Island Exxon now has 3984.03 tons
Island Shell now has 4600.00 tons
Island Treasure_Island now has 190.00 tons
Valdez stopped at (14.64, 14.64)
Xerxes dead in the water at (10.81, 24.60)
r2 now at (10.00, 10.00)
r2 docked at Exxon
re docked at Exxon

Time 18: Enter command: Display size: 25, scale: 2.00, origin: (-10.00, -10.00)
Treasure_Island outside the map
  38 . . . . . . . . . . . . . . . . . . . . . . . . . 
     . . . . . . . . . . . . . . . . . . . . . . . . . 
     . . . . . . . . . . . . . . . . . . . . . . . . . 
  32 . . . . . . . . . . . . . . . . . . . . . . . . . 
     . . . . . Sh. . . . . . . . . . . . . . . . . . . 
     . . . . . . . . . . . . . . . . . . . . . . . . . 
  26 . . . . . . . . . . . . . . . . . . . . . . . . . 
     . . . . . . . . . . Xe. . . . . . . . . . . . . . 
     . . . . . . Aj. . . . . . . . . . . . . . . . . . 
  20 . . . . . . . . . . . . . . . Be. . . . . . . . . 
     . . . . . . . . . . . . . . . . . . . . . . . . . 
     . . . . . . . . . . . . . . . . . . . . . . . . . 
  14 . . . . . . . . . . . . Va. . . . . . . . . . . . 
     . . . . . . . . . . . . . . . . . . . . . . . . . 
     . . . . . . . . . . * . . . . . . . . . . . . . . 
   8 . . . . . . . . . . . . . . . . . . . . . . . . . 
     . . . . . . . . . . . . . . . . . . . . . . . . . 
     . . . . . . . . . . . . . . . . . . . . . . . . . 
   2 . . . . . . . . . . . . . . . . . . . . . . . . . 
     . . . . . . . . . . . . . . . . . . . . . . . . . 
     . . . . . . . . . . . . . . . . . . . . . . . . . 
  -4 . . . . . . . . . . . . . . . . . . . . . . . . . 
     . . . . . . . . . . . . . . . . . . . . . . . . . 
     . . . . . . . . . . . . . . . . . . . . . . . . . 
 -10 . . . . . . . . . . . . . . . . . . . . . . . . . 
   -10    -4     2     8    14    20    26    32    38
----- Sailing Data -----
      Ship      Fuel    Course     Speed
      Ajax      0.00    153.43      0.00
    Valdez    100.00    225.00      0.00
    Xerxes      0.00    116.57      0.00
        r2     95.76    225.00      0.00
        re    100.00    225.00      0.00

Time 18: Enter command: Ajax dead in the water at (3.44, 23.11)
Island Exxon now has 4184.03 tons
Island Shell now has 4800.00 tons
Island Treasure_Island now has 195.00 tons
Valdez stopped at (14.64, 14.64)
Xerxes dead in the water at (10.81, 24.60)
r2 docked at Exxon
Island Exxon supplied 4.24 tons of fuel
r2 now has 100.00 tons of fuel
Island Exxon supplied 500.00 tons of fuel
r2 now has 500.00 of cargo
re docked at Exxon
re will sail on course 3.16 deg, speed 5.00 nm/hr to (10.81, 24.60)

Time 19: Enter command: Display size: 25, scale: 2.00, origin: (-10.00, -10.00)
Treasure_Island outside the map
  38 . . . . . . . . . . . . . . . . . . . . . . . . . 
     . . . . . . . . . . . . . . . . . . . . . . . . . 
     . . . . . . . . . . . . . . . . . . . . . . . . . 
  32 . . . . . . . . . . . . . . . . . . . . . . . . . 
     . . . . . Sh. . . . . . . . . . . . . . . . . . . 
     . . . . . . . . . . . . . . . . . . . . . . . . . 
  26 . . . . . . . . . . . . . . . . . . . . . . . . . 
     . . . . . . . . . . Xe. . . . . . . . . . . . . . 
     . . . . . . Aj. . . . . . . . . . . . . . . . . . 
  20 . . . . . . . . . . . . . . . Be. . . . . . . . . 
     . . . . . . . . . . . . . . . . . . . . . . . . . 
     . . . . . . . . . . . . . . . . . . . . . . . . . 
  14 . . . . . . . . . . . . Va. . . . . . . . . . . . 
     . . . . . . . . . . . . . . . . . . . . . . . . . 
     . . . . . . . . . . * . . . . . . . . . . . . . . 
   8 . . . . . . . . . . . . . . . . . . . . . . . . . 
     . . . . . . . . . . . . . . . . . . . . . . . . . 
     . . . . . . . . . . . . . . . . . . . . . . . . . 
   2 . . . . . . . . . . . . . . . . . . . . . . . . . 
     . . . . . . . . . . . . . . . . . . . . . . . . . 
     . . . . . . . . . . . . . . . . . . . . . . . . . 
  -4 . . . . . . . . . . . . . . . . . . . . . . . . . 
     . . . . . . . . . . . . . . . . . . . . . . . . . 
     . . . . . . . . . . . . . . . . . . . . . . . . . 
 -10 . . . . . . . . . . . . . . . . . . . . . . . . . 
   -10    -4     2     8    14    20    26    32    38
----- Sailing Data -----
      Ship      Fuel    Course     Speed
      Ajax      0.00    153.43      0.00
    Valdez    100.00    225.00      0.00
    Xerxes      0.00    116.57      0.00
        r2    100.00    225.00      0.00
        re    100.00      3.16      5.00

Time 19: Enter command: Ajax dead in the water at (3.44, 23.11)
Island Exxon now has 3879.79 tons
Island Shell now has 5000.00 tons
Island Treasure_Island now has 200.00 tons
Valdez stopped at (14.64, 14.64)
Xerxes dead in the water at (10.81, 24.60)
r2 docked at Exxon
re now at (10.28, 14.99)

Time 20: Enter command: Display size: 25, scale: 2.00, origin: (-10.00, -10.00)
Treasure_Island outside the map
  38 . . . . . . . . . . . . . . . . . . . . . . . . . 
     . . . . . . . . . . . . . . . . . . . . . . . . . 
     . . . . . . . . . . . . . . . . . . . . . . . . . 
  32 . . . . . . . . . . . . . . . . . . . . . . . . . 
     . . . . . Sh. . . . . . . . . . . . . . . . . . . 
     . . . . . . . . . . . . . . . . . . . . . . . . . 
  26 . . . . . . . . . . . . . . . . . . . . . . . . . 
     . . . . . . . . . . Xe. . . . . . . . . . . . . . 
     . . . . . . Aj. . . . . . . . . . . . . . . . . . 
  20 . . . . . . . . . . . . . . . Be. . . . . . . . . 
     . . . . . . . . . . . . . . . . . . . . . . . . . 
     . . . . . . . . . . . . . . . . . . . . . . . . . 
  14 . . . . . . . . . . re. Va. . . . . . . . . . . . 
     . . . . . . . . . . . . . . . . . . . . . . . . . 
     . . . . . . . . . . * . . . . . . . . . . . . . . 
   8 . . . . . . . . . . . . . . . . . . . . . . . . . 
     . . . . . . . . . . . . . . . . . . . . . . . . . 
     . . . . . . . . . . . . . . . . . . . . . . . . . 
   2 . . . . . . . . . . . . . . . . . . . . . . . . . 
     . . . . . . . . . . . . . . . . . . . . . . . . . 
     . . . . . . . . . . . . . . . . . . . . . . . . . 
  -4 . . . . . . . . . . . . . . . . . . . . . . . . . 
     . . . . . . . . . . . . . . . . . . . . . . . . . 
     . . . . . . . . . . . . . . . . . . . . . . . . . 
 -10 . . . . . . . . . . . . . . . . . . . . . . . . . 
   -10    -4     2     8    14    20    26    32    38
----- Sailing Data -----
      Ship      Fuel    Course     Speed
      Ajax      0.00    153.43      0.00
    Valdez    100.00    225.00      0.00
    Xerxes      0.00    116.57      0.00
        r2    100.00    225.00      0.00
        re     95.00      3.16      5.00

Time 20: Enter command: Ajax dead in the water at (3.44, 23.11)
Island Exxon now has 4079.79 tons
Island Shell now has 5200.00 tons
Island Treasure_Island now has 205.00 tons
Valdez stopped at (14.64, 14.64)
Xerxes dead in the water at (10.81, 24.60)
r2 docked at Exxon
r2 will sail on course 3.16 deg, speed 5.00 nm/hr to (10.81, 24.60)
re now at (10.55, 19.98)

Time 21: Enter command: Display size: 25, scale: 2.00, origin: (-10.00, -10.00)
Treasure_Island outside the map
  38 . . . . . . . . . . . . . . . . . . . . . . . . . 
     . . . . . . . . . . . . . . . . . . . . . . . . . 
     . . . . . . . . . . . . . . . . . . . . . . . . . 
  32 . . . . . . . . . . . . . . . . . . . . . . . . . 
     . . . . . Sh. . . . . . . . . . . . . . . . . . . 
     . . . . . . . . . . . . . . . . . . . . . . . . . 
  26 . . . . . . . . . . . . . . . . . . . . . . . . . 
     . . . . . . . . . . Xe. . . . . . . . . . . . . . 
     . . . . . . Aj. . . . . . . . . . . . . . . . . . 
  20 . . . . . . . . . . . . . . . Be. . . . . . . . . 
     . . . . . . . . . . re. . . . . . . . . . . . . . 
     . . . . . . . . . . . . . . . . . . . . . . . . . 
  14 . . . . . . . . . . . . Va. . . . . . . . . . . . 
     . . . . . . . . . . . . . . . . . . . . . . . . . 
     . . . . . . . . . . * . . . . . . . . . . . . . . 
   8 . . . . . . . . . . . . . . . . . . . . . . . . . 
     . . . . . . . . . . . . . . . . . . . . . . . . . 
     . . . . . . . . . . . . . . . . . . . . . . . . . 
   2 . . . . . . . . . . . . . . . . . . . . . . . . . 
     . . . . . . . . . . . . . . . . . . . . . . . . . 
     . . . . . . . . . . . . . . . . . . . . . . . . . 
  -4 . . . . . . . . . . . . . . . . . . . . . . . . . 
     . . . . . . . . . . . . . . . . . . . . . . . . . 
     . . . . . . . . . . . . . . . . . . . . . . . . . 
 -10 . . . . . . . . . . . . . . . . . . . . . . . . . 
   -10    -4     2     8    14    20    26    32    38
----- Sailing Data -----
      Ship      Fuel    Course     Speed
      Ajax      0.00    153.43      0.00
    Valdez    100.00    225.00      0.00
    Xerxes      0.00    116.57      0.00
        r2    100.00      3.16      5.00
        re     90.00      3.16      5.00

Time 21: Enter command: Ajax dead in the water at (3.44, 23.11)
Island Exxon now has 4279.79 tons
Island Shell now has 5400.00 tons
Island Treasure_Island now has 210.00 tons
Valdez stopped at (14.64, 14.64)
Xerxes dead in the water at (10.81, 24.60)
r2 now at (10.28, 14.99)
re now at (10.81, 24.60)

Time 22: Enter command: Display size: 25, scale: 2.00, origin: (-10.00, -10.00)
Treasure_Island outside the map
  38 . . . . . . . . . . . . . . . . . . . . . . . . . 
     . . . . . . . . . . . . . . . . . . . . . . . . . 
     . . . . . . . . . . . . . . . . . . . . . . . . . 
  32 . . . . . . . . . . . . . . . . . . . . . . . . . 
     . . . . . Sh. . . . . . . . . . . . . . . . . . . 
     . . . . . . . . . . . . . . . . . . . . . . . . . 
  26 . . . . . . . . . . . . . . . . . . . . . . . . . 
     . . . . . . . . . . * . . . . . . . . . . . . . . 
     . . . . . . Aj. . . . . . . . . . . . . . . . . . 
  20 . . . . . . . . . . . . . . . Be. . . . . . . . . 
     . . . . . . . . . . . . . . . . . . . . . . . . . 
     . . . . . . . . . . . . . . . . . . . . . . . . . 
  14 . . . . . . . . . . r2. Va. . . . . . . . . . . . 
     . . . . . . . . . . . . . . . . . . . . . . . . . 
     . . . . . . . . . . Ex. . . . . . . . . . . . . . 
   8 . . . . . . . . . . . . . . . . . . . . . . . . . 
     . . . . . . . . . . . . . . . . . . . . . . . . . 
     . . . . . . . . . . . . . . . . . . . . . . . . . 
   2 . . . . . . . . . . . . . . . . . . . . . . . . . 
     . . . . . . . . . . . . . . . . . . . . . . . . . 
     . . . . . . . . . . . . . . . . . . . . . . . . . 
  -4 . . . . . . . . . . . . . . . . . . . . . . . . . 
     . . . . . . . . . . . . . . . . . . . . . . . . . 
     . . . . . . . . . . . . . . . . . . . . . . . . . 
 -10 . . . . . . . . . . . . . . . . . . . . . . . . . 
   -10    -4     2     8    14    20    26    32    38
----- Sailing Data -----
      Ship      Fuel    Course     Speed
      Ajax      0.00    153.43      0.00
    Valdez    100.00    225.00      0.00
    Xerxes      0.00    116.57      0.00
        r2     95.00      3.16      5.00
        re     85.38      3.16      0.00

Time 22: Enter command: Ajax dead in the water at (3.44, 23.11)
Island Exxon now has 4479.79 tons
Island Shell now has 5600.00 tons
Island Treasure_Island now has 215.00 tons
Valdez stopped at (14.64, 14.64)
Xerxes dead in the water at (10.81, 24.60)
r2 now at (10.55, 19.98)
re stopped at (10.81, 24.60)
Xerxes has received 500.00 of fuel

Time 23: Enter command: Display size: 25, scale: 2.00, origin: (-10.00, -10.00)
Treasure_Island outside the map
  38 . . . . . . . . . . . . . . . . . . . . . . . . . 
     . . . . . . . . . . . . . . . . . . . . . . . . . 
     . . . . . . . . . . . . . . . . . . . . . . . . . 
  32 . . . . . . . . . . . . . . . . . . . . . . . . . 
     . . . . . Sh. . . . . . . . . . . . . . . . . . . 
     . . . . . . . . . . . . . . . . . . . . . . . . . 
  26 . . . . . . . . . . . . . . . . . . . . . . . . . 
     . . . . . . . . . . * . . . . . . . . . . . . . . 
     . . . . . . Aj. . . . . . . . . . . . . . . . . . 
  20 . . . . . . . . . . . . . . . Be. . . . . . . . . 
     . . . . . . . . . . r2. . . . . . . . . . . . . . 
     . . . . . . . . . . . . . . . . . . . . . . . . . 
  14 . . . . . . . . . . . . Va. . . . . . . . . . . . 
     . . . . . . . . . . . . . . . . . . . . . . . . . 
     . . . . . . . . . . Ex. . . . . . . . . . . . . . 
   8 . . . . . . . . . . . . . . . . . . . . . . . . . 
     . . . . . . . . . . . . . . . . . . . . . . . . . 
     . . . . . . . . . . . . . . . . . . . . . . . . . 
   2 . . . . . . . . . . . . . . . . . . . . . . . . . 
     . . . . . . . . . . . . . . . . . . . . . . . . . 
     . . . . . . . . . . . . . . . . . . . . . . . . . 
  -4 . . . . . . . . . . . . . . . . . . . . . . . . . 
     . . . . . . . . . . . . . . . . . . . . . . . . . 
     . . . . . . . . . . . . . . . . . . . . . . . . . 
 -10 . . . . . . . . . . . . . . . . . . . . . . . . . 
   -10    -4     2     8    14    20    26    32    38
----- Sailing Data -----
      Ship      Fuel    Course     Speed
      Ajax      0.00    153.43      0.00
    Valdez    100.00    225.00      0.00
    Xerxes    500.00    116.57      0.00
        r2     90.00      3.16      5.00
        re     85.38      3.16      0.00

Time 23: Enter command: Ajax dead in the water at (3.44, 23.11)
Island Exxon now has 4679.79 tons
Island Shell now has 5800.00 tons
Island Treasure_Island now has 220.00 tons
Valdez stopped at (14.64, 14.64)
Xerxes stopped at (10.81, 24.60)
r2 now at (10.81, 24.60)
re stopped at (10.81, 24.60)
re will sail on course 183.16 deg, speed 5.00 nm/hr to Exxon

Time 24: Enter command: Display size: 25, scale: 2.00, origin: (-10.00, -10.00)
Treasure_Island outside the map
  38 . . . . . . . . . . . . . . . . . . . . . . . . . 
     . . . . . . . . . . . . . . . . . . . . . . . . . 
     . . . . . . . . . . . . . . . . . . . . . . . . . 
  32 . . . . . . . . . . . . . . . . . . . . . . . . . 
     . . . . . Sh. . . . . . . . . . . . . . . . . . . 
     . . . . . . . . . . . . . . . . . . . . . . . . . 
  26 . . . . . . . . . . . . . . . . . . . . . . . . . 
     . . . . . . . . . . * . . . . . . . . . . . . . . 
     . . . . . . Aj. . . . . . . . . . . . . . . . . . 
  20 . . . . . . . . . . . . . . . Be. . . . . . . . . 
     . . . . . . . . . . . . . . . . . . . . . . . . . 
     . . . . . . . . . . . . . . . . . . . . . . . . . 
  14 . . . . . . . . . . . . Va. . . . . . . . . . . . 
     . . . . . . . . . . . . . . . . . . . . . . . . . 
     . . . . . . . . . . Ex. . . . . . . . . . . . . . 
   8 . . . . . . . . . . . . . . . . . . . . . . . . . 
     . . . . . . . . . . . . . . . . . . . . . . . . . 
     . . . . . . . . . . . . . . . . . . . . . . . . . 
   2 . . . . . . . . . . . . . . . . . . . . . . . . . 
     . . . . . . . . . . . . . . . . . . . . . . . . . 
     . . . . . . . . . . . . . . . . . . . . . . . . . 
  -4 . . . . . . . . . . . . . . . . . . . . . . . . . 
     . . . . . . . . . . . . . . . . . . . . . . . . . 
     . . . . . . . . . . . . . . . . . . . . . . . . . 
 -10 . . . . . . . . . . . . . . . . . . . . . . . . . 
   -10    -4     2     8    14    20    26    32    38
----- Sailing Data -----
      Ship      Fuel    Course     Speed
      Ajax      0.00    153.43      0.00
    Valdez    100.00    225.00      0.00
    Xerxes    500.00    116.57      0.00
        r2     85.38      3.16      0.00
        re     85.38    183.16      5.00

Time 24: Enter command: Ajax dead in the water at (3.44, 23.11)
Island Exxon now has 4879.79 tons
Island Shell now has 6000.00 tons
Island Treasure_Island now has 225.00 tons
Valdez stopped at (14.64, 14.64)
Xerxes stopped at (10.81, 24.60)
r2 stopped at (10.81, 24.60)
Xerxes has received 500.00 of fuel
re now at (10.53, 19.60)

Time 25: Enter command: Display size: 25, scale: 2.00, origin: (-10.00, -10.00)
Treasure_Island outside the map
  38 . . . . . . . . . . . . . . . . . . . . . . . . . 
     . . . . . . . . . . . . . . . . . . . . . . . . . 
     . . . . . . . . . . . . . . . . . . . . . . . . . 
  32 . . . . . . . . . . . . . . . . . . . . . . . . . 
     . . . . . Sh. . . . . . . . . . . . . . . . . . . 
     . . . . . . . . . . . . . . . . . . . . . . . . . 
  26 . . . . . . . . . . . . . . . . . . . . . . . . . 
     . . . . . . . . . . * . . . . . . . . . . . . . . 
     . . . . . . Aj. . . . . . . . . . . . . . . . . . 
  20 . . . . . . . . . . . . . . . Be. . . . . . . . . 
     . . . . . . . . . . re. . . . . . . . . . . . . . 
     . . . . . . . . . . . . . . . . . . . . . . . . . 
  14 . . . . . . . . . . . . Va. . . . . . . . . . . . 
     . . . . . . . . . . . . . . . . . . . . . . . . . 
     . . . . . . . . . . Ex. . . . . . . . . . . . . . 
   8 . . . . . . . . . . . . . . . . . . . . . . . . . 
     . . . . . . . . . . . . . . . . . . . . . . . . . 
     . . . . . . . . . . . . . . . . . . . . . . . . . 
   2 . . . . . . . . . . . . . . . . . . . . . . . . . 
     . . . . . . . . . . . . . . . . . . . . . . . . . 
     . . . . . . . . . . . . . . . . . . . . . . . . . 
  -4 . . . . . . . . . . . . . . . . . . . . . . . . . 
     . . . . . . . . . . . . . . . . . . . . . . . . . 
     . . . . . . . . . . . . . . . . . . . . . . . . . 
 -10 . . . . . . . . . . . . . . . . . . . . . . . . . 
   -10    -4     2     8    14    20    26    32    38
----- Sailing Data -----
      Ship      Fuel    Course     Speed
      Ajax      0.00    153.43      0.00
    Valdez    100.00    225.00      0.00
    Xerxes   1000.00    116.57      0.00
        r2     85.38      3.16      0.00
        re     80.38    183.16      5.00

Time 25: Enter command: Ajax dead in the water at (3.44, 23.11)
Island Exxon now has 5079.79 tons
Island Shell now has 6200.00 tons
Island Treasure_Island now has 230.00 tons
Valdez stopped at (14.64, 14.64)
Xerxes stopped at (10.81, 24.60)
r2 stopped at (10.81, 24.60)
r2 will sail on course 183.16 deg, speed 5.00 nm/hr to Exxon
re now at (10.25, 14.61)

Time 26: Enter command: Display size: 25, scale: 2.00, origin: (-10.00, -10.00)
Treasure_Island outside the map
  38 . . . . . . . . . . . . . . . . . . . . . . . . . 
     . . . . . . . . . . . . . . . . . . . . . . . . . 
     . . . . . . . . . . . . . . . . . . . . . . . . . 
  32 . . . . . . . . . . . . . . . . . . . . . . . . . 
     . . . . . Sh. . . . . . . . . . . . . . . . . . . 
     . . . . . . . . . . . . . . . . . . . . . . . . . 
  26 . . . . . . . . . . . . . . . . . . . . . . . . . 
     . . . . . . . . . . * . . . . . . . . . . . . . . 
     . . . . . . Aj. . . . . . . . . . . . . . . . . . 
  20 . . . . . . . . . . . . . . . Be. . . . . . . . . 
     . . . . . . . . . . . . . . . . . . . . . . . . . 
     . . . . . . . . . . . . . . . . . . . . . . . . . 
  14 . . . . . . . . . . re. Va. . . . . . . . . . . . 
     . . . . . . . . . . . . . . . . . . . . . . . . . 
     . . . . . . . . . . Ex. . . . . . . . . . . . . . 
   8 . . . . . . . . . . . . . . . . . . . . . . . . . 
     . . . . . . . . . . . . . . . . . . . . . . . . . 
     . . . . . . . . . . . . . . . . . . . . . . . . . 
   2 . . . . . . . . . . . . . . . . . . . . . . . . . 
     . . . . . . . . . . . . . . . . . . . . . . . . . 
     . . . . . . . . . . . . . . . . . . . . . . . . . 
  -4 . . . . . . . . . . . . . . . . . . . . . . . . . 
     . . . . . . . . . . . . . . . . . . . . . . . . . 
     . . . . . . . . . . . . . . . . . . . . . . . . . 
 -10 . . . . . . . . . . . . . . . . . . . . . . . . . 
   -10    -4     2     8    14    20    26    32    38
----- Sailing Data -----
      Ship      Fuel    Course     Speed
      Ajax      0.00    153.43      0.00
    Valdez    100.00    225.00      0.00
    Xerxes   1000.00    116.57      0.00
        r2     85.38    183.16      5.00
        re     75.38    183.16      5.00

Time 26: Enter command: Ajax dead in the water at (3.44, 23.11)
Island Exxon now has 5279.79 tons
Island Shell now has 6400.00 tons
Island Treasure_Island now has 235.00 tons
Valdez stopped at (14.64, 14.64)
Xerxes stopped at (10.81, 24.60)
r2 now at (10.53, 19.60)
re now at (10.00, 10.00)
re docked at Exxon

Time 27: Enter command: Display size: 25, scale: 2.00, origin: (-10.00, -10.00)
Treasure_Island outside the map
  38 . . . . . . . . . . . . . . . . . . . . . . . . . 
     . . . . . . . . . . . . . . . . . . . . . . . . . 
     . . . . . . . . . . . . . . . . . . . . . . . . . 
  32 . . . . . . . . . . . . . . . . . . . . . . . . . 
     . . . . . Sh. . . . . . . . . . . . . . . . . . . 
     . . . . . . . . . . . . . . . . . . . . . . . . . 
  26 . . . . . . . . . . . . . . . . . . . . . . . . . 
     . . . . . . . . . . Xe. . . . . . . . . . . . . . 
     . . . . . . Aj. . . . . . . . . . . . . . . . . . 
  20 . . . . . . . . . . . . . . . Be. . . . . . . . . 
     . . . . . . . . . . r2. . . . . . . . . . . . . . 
     . . . . . . . . . . . . . . . . . . . . . . . . . 
  14 . . . . . . . . . . . . Va. . . . . . . . . . . . 
     . . . . . . . . . . . . . . . . . . . . . . . . . 
     . . . . . . . . . . * . . . . . . . . . . . . . . 
   8 . . . . . . . . . . . . . . . . . . . . . . . . . 
     . . . . . . . . . . . . . . . . . . . . . . . . . 
     . . . . . . . . . . . . . . . . . . . . . . . . . 
   2 . . . . . . . . . . . . . . . . . . . . . . . . . 
     . . . . . . . . . . . . . . . . . . . . . . . . . 
     . . . . . . . . . . . . . . . . . . . . . . . . . 
  -4 . . . . . . . . . . . . . . . . . . . . . . . . . 
     . . . . . . . . . . . . . . . . . . . . . . . . . 
     . . . . . . . . . . . . . . . . . . . . . . . . . 
 -10 . . . . . . . . . . . . . . . . . . . . . . . . . 
   -10    -4     2     8    14    20    26    32    38
----- Sailing Data -----
      Ship      Fuel    Course     Speed
      Ajax      0.00    153.43      0.00
    Valdez    100.00    225.00      0.00
    Xerxes   1000.00    116.57      0.00
        r2     80.38    183.16      5.00
        re     70.76    183.16      0.00

Time 27: Enter command: Ajax dead in the water at (3.44, 23.11)
Island Exxon now has 5479.79 tons
Island Shell now has 6600.00 tons
Island Treasure_Island now has 240.00 tons
Valdez stopped at (14.64, 14.64)
Xerxes stopped at (10.81, 24.60)
r2 now at (10.25, 14.61)
re docked at Exxon
Island Exxon supplied 29.24 tons of fuel
re now has 100.00 tons of fuel
Island Exxon supplied 500.00 tons of fuel
re now has 500.00 of cargo

Time 28: Enter command: Display size: 25, scale: 2.00, origin: (-10.00, -10.00)
Treasure_Island outside the map
  38 . . . . . . . . . . . . . . . . . . . . . . . . . 
     . . . . . . . . . . . . . . . . . . . . . . . . . 
     . . . . . . . . . . . . . . . . . . . . . . . . . 
  32 . . . . . . . . . . . . . . . . . . . . . . . . . 
     . . . . . Sh. . . . . . . . . . . . . . . . . . . 
     . . . . . . . . . . . . . . . . . . . . . . . . . 
  26 . . . . . . . . . . . . . . . . . . . . . . . . . 
     . . . . . . . . . . Xe. . . . . . . . . . . . . . 
     . . . . . . Aj. . . . . . . . . . . . . . . . . . 
  20 . . . . . . . . . . . . . . . Be. . . . . . . . . 
     . . . . . . . . . . . . . . . . . . . . . . . . . 
     . . . . . . . . . . . . . . . . . . . . . . . . . 
  14 . . . . . . . . . . r2. Va. . . . . . . . . . . . 
     . . . . . . . . . . . . . . . . . . . . . . . . . 
     . . . . . . . . . . * . . . . . . . . . . . . . . 
   8 . . . . . . . . . . . . . . . . . . . . . . . . . 
     . . . . . . . . . . . . . . . . . . . . . . . . . 
     . . . . . . . . . . . . . . . . . . . . . . . . . 
   2 . . . . . . . . . . . . . . . . . . . . . . . . . 
     . . . . . . . . . . . . . . . . . . . . . . . . . 
     . . . . . . . . . . . . . . . . . . . . . . . . . 
  -4 . . . . . . . . . . . . . . . . . . . . . . . . . 
     . . . . . . . . . . . . . . . . . . . . . . . . . 
     . . . . . . . . . . . . . . . . . . . . . . . . . 
 -10 . . . . . . . . . . . . . . . . . . . . . . . . . 
   -10    -4     2     8    14    20    26    32    38
----- Sailing Data -----
      Ship      Fuel    Course     Speed
      Ajax      0.00    153.43      0.00
    Valdez    100.00    225.00      0.00
    Xerxes   1000.00    116.57      0.00
        r2     75.38    183.16      5.00
        re    100.00    183.16      0.00

Time 28: Enter command: Ajax dead in the water at (3.44, 23.11)
Island Exxon now has 5150.55 tons
Island Shell now has 6800.00 tons
Island Treasure_Island now has 245.00 tons
Valdez stopped at (14.64, 14.64)
Xerxes stopped at (10.81, 24.60)
r2 now at (10.00, 10.00)
r2 docked at Exxon
re docked at Exxon

Time 29: Enter command: Display size: 25, scale: 2.00, origin: (-10.00, -10.00)
Treasure_Island outside the map
  38 . . . . . . . . . . . . . . . . . . . . . . . . . 
     . . . . . . . . . . . . . . . . . . . . . . . . . 
     . . . . . . . . . . . . . . . . . . . . . . . . . 
  32 . . . . . . . . . . . . . . . . . . . . . . . . . 
     . . . . . Sh. . . . . . . . . . . . . . . . . . . 
     . . . . . . . . . . . . . . . . . . . . . . . . . 
  26 . . . . . . . . . . . . . . . . . . . . . . . . . 
     . . . . . . . . . . Xe. . . . . . . . . . . . . . 
     . . . . . . Aj. . . . . . . . . . . . . . . . . . 
  20 . . . . . . . . . . . . . . . Be. . . . . . . . . 
     . . . . . . . . . . . . . . . . . . . . . . . . . 
     . . . . . . . . . . . . . . . . . . . . . . . . . 
  14 . . . . . . . . . . . . Va. . . . . . . . . . . . 
     . . . . . . . . . . . . . . . . . . . . . . . . . 
     . . . . . . . . . . * . . . . . . . . . . . . . . 
   8 . . . . . . . . . . . . . . . . . . . . . . . . . 
     . . . . . . . . . . . . . . . . . . . . . . . . . 
     . . . . . . . . . . . . . . . . . . . . . . . . . 
   2 . . . . . . . . . . . . . . . . . . . . . . . . . 
     . . . . . . . . . . . . . . . . . . . . . . . . . 
     . . . . . . . . . . . . . . . . . . . . . . . . . 
  -4 . . . . . . . . . . . . . . . . . . . . . . . . . 
     . . . . . . . . . . . . . . . . . . . . . . . . . 
     . . . . . . . . . . . . . . . . . . . . . . . . . 
 -10 . . . . . . . . . . . . . . . . . . . . . . . . . 
   -10    -4     2     8    14    20    26    32    38
----- Sailing Data -----
      Ship      Fuel    Course     Speed
      Ajax      0.00    153.43      0.00
    Valdez    100.00    225.00      0.00
    Xerxes   1000.00    116.57      0.00
        r2     70.76    183.16      0.00
        re    100.00    183.16      0.00

Time 29: Enter command: Ajax dead in the water at (3.44, 23.11)
Island Exxon now has 5350.55 tons
Island Shell now has 7000.00 tons
Island Treasure_Island now has 250.00 tons
Valdez stopped at (14.64, 14.64)
Xerxes stopped at (10.81, 24.60)
r2 docked at Exxon
Island Exxon supplied 29.24 tons of fuel
r2 now has 100.00 tons of fuel
Island Exxon supplied 500.00 tons of fuel
r2 now has 500.00 of cargo
re docked at Exxon
re will sail on course 333.43 deg, speed 5.00 nm/hr to (3.44, 23.11)

Time 30: Enter command: Display size: 25, scale: 2.00, origin: (-10.00, -10.00)
Treasure_Island outside the map
  38 . . . . . . . . . . . . . . . . . . . . . . . . . 
     . . . . . . . . . . . . . . . . . . . . . . . . . 
     . . . . . . . . . . . . . . . . . . . . . . . . . 
  32 . . . . . . . . . . . . . . . . . . . . . . . . . 
     . . . . . Sh. . . . . . . . . . . . . . . . . . . 
     . . . . . . . . . . . . . . . . . . . . . . . . . 
  26 . . . . . . . . . . . . . . . . . . . . . . . . . 
     . . . . . . . . . . Xe. . . . . . . . . . . . . . 
     . . . . . . Aj. . . . . . . . . . . . . . . . . . 
  20 . . . . . . . . . . . . . . . Be. . . . . . . . . 
     . . . . . . . . . . . . . . . . . . . . . . . . . 
     . . . . . . . . . . . . . . . . . . . . . . . . . 
  14 . . . . . . . . . . . . Va. . . . . . . . . . . . 
     . . . . . . . . . . . . . . . . . . . . . . . . . 
     . . . . . . . . . . * . . . . . . . . . . . . . . 
   8 . . . . . . . . . . . . . . . . . . . . . . . . . 
     . . . . . . . . . . . . . . . . . . . . . . . . . 
     . . . . . . . . . . . . . . . . . . . . . . . . . 
   2 . . . . . . . . . . . . . . . . . . . . . . . . . 
     . . . . . . . . . . . . . . . . . . . . . . . . . 
     . . . . . . . . . . . . . . . . . . . . . . . . . 
  -4 . . . . . . . . . . . . . . . . . . . . . . . . . 
     . . . . . . . . . . . . . . . . . . . . . . . . . 
     . . . . . . . . . . . . . . . . . . . . . . . . . 
 -10 . . . . . . . . . . . . . . . . . . . . . . . . . 
   -10    -4     2     8    14    20    26    32    38
----- Sailing Data -----
      Ship      Fuel    Course     Speed
      Ajax      0.00    153.43      0.00
    Valdez    100.00    225.00      0.00
    Xerxes   1000.00    116.57      0.00
        r2    100.00    183.16      0.00
        re    100.00    333.43      5.00

Time 30: Enter command: Ajax dead in the water at (3.44, 23.11)
Island Exxon now has 5021.32 tons
Island Shell now has 7200.00 tons
Island Treasure_Island now has 255.00 tons
Valdez stopped at (14.64, 14.64)
Xerxes stopped at (10.81, 24.60)
r2 docked at Exxon
re now at (7.76, 14.47)

Time 31: Enter command: Display size: 25, scale: 2.00, origin: (-10.00, -10.00)
Treasure_Island outside the map
  38 . . . . . . . . . . . . . . . . . . . . . . . . . 
     . . . . . . . . . . . . . . . . . . . . . . . . . 
     . . . . . . . . . . . . . . . . . . . . . . . . . 
  32 . . . . . . . . . . . . . . . . . . . . . . . . . 
     . . . . . Sh. . . . . . . . . . . . . . . . . . . 
     . . . . . . . . . . . . . . . . . . . . . . . . . 
  26 . . . . . . . . . . . . . . . . . . . . . . . . . 
     . . . . . . . . . . Xe. . . . . . . . . . . . . . 
     . . . . . . Aj. . . . . . . . . . . . . . . . . . 
  20 . . . . . . . . . . . . . . . Be. . . . . . . . . 
     . . . . . . . . . . . . . . . . . . . . . . . . . 
     . . . . . . . . . . . . . . . . . . . . . . . . . 
  14 . . . . . . . . re. . . Va. . . . . . . . . . . . 
     . . . . . . . . . . . . . . . . . . . . . . . . . 
     . . . . . . . . . . * . . . . . . . . . . . . . . 
   8 . . . . . . . . . . . . . . . . . . . . . . . . . 
     . . . . . . . . . . . . . . . . . . . . . . . . . 
     . . . . . . . . . . . . . . . . . . . . . . . . . 
   2 . . . . . . . . . . . . . . . . . . . . . . . . . 
     . . . . . . . . . . . . . . . . . . . . . . . . . 
     . . . . . . . . . . . . . . . . . . . . . . . . . 
  -4 . . . . . . . . . . . . . . . . . . . . . . . . . 
     . . . . . . . . . . . . . . . . . . . . . . . . . 
     . . . . . . . . . . . . . . . . . . . . . . . . . 
 -10 . . . . . . . . . . . . . . . . . . . . . . . . . 
   -10    -4     2     8    14    20    26    32    38
----- Sailing Data -----
      Ship      Fuel    Course     Speed
      Ajax      0.00    153.43      0.00
    Valdez    100.00    225.00      0.00
    Xerxes   1000.00    116.57      0.00
        r2    100.00    183.16      0.00
        re     95.00    333.43      5.00

Time 31: Enter command: Ajax dead in the water at (3.44, 23.11)
Island Exxon now has 5221.32 tons
Island Shell now has 7400.00 tons
Island Treasure_Island now has 260.00 tons
Valdez stopped at (14.64, 14.64)
Xerxes stopped at (10.81, 24.60)
r2 docked at Exxon
r2 will sail on course 333.43 deg, speed 5.00 nm/hr to (3.44, 23.11)
re now at (5.53, 18.94)

Time 32: Enter command: Display size: 25, scale: 2.00, origin: (-10.00, -10.00)
Treasure_Island outside the map
  38 . . . . . . . . . . . . . . . . . . . . . . . . . 
     . . . . . . . . . . . . . . . . . . . . . . . . . 
     . . . . . . . . . . . . . . . . . . . . . . . . . 
  32 . . . . . . . . . . . . . . . . . . . . . . . . . 
     . . . . . Sh. . . . . . . . . . . . . . . . . . . 
     . . . . . . . . . . . . . . . . . . . . . . . . . 
  26 . . . . . . . . . . . . . . . . . . . . . . . . . 
     . . . . . . . . . . Xe. . . . . . . . . . . . . . 
     . . . . . . Aj. . . . . . . . . . . . . . . . . . 
  20 . . . . . . . . . . . . . . . Be. . . . . . . . . 
     . . . . . . . re. . . . . . . . . . . . . . . . . 
     . . . . . . . . . . . . . . . . . . . . . . . . . 
  14 . . . . . . . . . . . . Va. . . . . . . . . . . . 
     . . . . . . . . . . . . . . . . . . . . . . . . . 
     . . . . . . . . . . * . . . . . . . . . . . . . . 
   8 . . . . . . . . . . . . . . . . . . . . . . . . . 
     . . . . . . . . . . . . . . . . . . . . . . . . . 
     . . . . . . . . . . . . . . . . . . . . . . . . . 
   2 . . . . . . . . . . . . . . . . . . . . . . . . . 
     . . . . . . . . . . . . . . . . . . . . . . . . . 
     . . . . . . . . . . . . . . . . . . . . . . . . . 
  -4 . . . . . . . . . . . . . . . . . . . . . . . . . 
     . . . . . . . . . . . . . . . . . . . . . . . . . 
     . . . . . . . . . . . . . . . . . . . . . . . . . 
 -10 . . . . . . . . . . . . . . . . . . . . . . . . . 
   -10    -4     2     8    14    20    26    32    38
----- Sailing Data -----
      Ship      Fuel    Course     Speed
      Ajax      0.00    153.43      0.00
    Valdez    100.00    225.00      0.00
    Xerxes   1000.00    116.57      0.00
        r2    100.00    333.43      5.00
        re     90.00    333.43      5.00

Time 32: Enter command: Ajax dead in the water at (3.44, 23.11)
Island Exxon now has 5421.32 tons
Island Shell now has 7600.00 tons
Island Treasure_Island now has 265.00 tons
Valdez stopped at (14.64, 14.64)
Xerxes stopped at (10.81, 24.60)
r2 now at (7.76, 14.47)
re now at (3.44, 23.11)

Time 33: Enter command: Display size: 25, scale: 2.00, origin: (-10.00, -10.00)
Treasure_Island outside the map
  38 . . . . . . . . . . . . . . . . . . . . . . . . . 
     . . . . . . . . . . . . . . . . . . . . . . . . . 
     . . . . . . . . . . . . . . . . . . . . . . . . . 
  32 . . . . . . . . . . . . . . . . . . . . . . . . . 
     . . . . . Sh. . . . . . . . . . . . . . . . . . . 
     . . . . . . . . . . . . . . . . . . . . . . . . . 
  26 . . . . . . . . . . . . . . . . . . . . . . . . . 
     . . . . . . . . . . Xe. . . . . . . . . . . . . . 
     . . . . . . * . . . . . . . . . . . . . . . . . . 
  20 . . . . . . . . . . . . . . . Be. . . . . . . . . 
     . . . . . . . . . . . . . . . . . . . . . . . . . 
     . . . . . . . . . . . . . . . . . . . . . . . . . 
  14 . . . . . . . . r2. . . Va. . . . . . . . . . . . 
     . . . . . . . . . . . . . . . . . . . . . . . . . 
     . . . . . . . . . . Ex. . . . . . . . . . . . . . 
   8 . . . . . . . . . . . . . . . . . . . . . . . . . 
     . . . . . . . . . . . . . . . . . . . . . . . . . 
     . . . . . . . . . . . . . . . . . . . . . . . . . 
   2 . . . . . . . . . . . . . . . . . . . . . . . . . 
     . . . . . . . . . . . . . . . . . . . . . . . . . 
     . . . . . . . . . . . . . . . . . . . . . . . . . 
  -4 . . . . . . . . . . . . . . . . . . . . . . . . . 
     . . . . . . . . . . . . . . . . . . . . . . . . . 
     . . . . . . . . . . . . . . . . . . . . . . . . . 
 -10 . . . . . . . . . . . . . . . . . . . . . . . . . 
   -10    -4     2     8    14    20    26    32    38
----- Sailing Data -----
      Ship      Fuel    Course     Speed
      Ajax      0.00    153.43      0.00
    Valdez    100.00    225.00      0.00
    Xerxes   1000.00    116.57      0.00
        r2     95.00    333.43      5.00
        re     85.34    333.43      0.00

Time 33: Enter command: Ajax dead in the water at (3.44, 23.11)
Island Exxon now has 5621.32 tons
Island Shell now has 7800.00 tons
Island Treasure_Island now has 270.00 tons
Valdez stopped at (14.64, 14.64)
Xerxes stopped at (10.81, 24.60)
r2 now at (5.53, 18.94)
re stopped at (3.44, 23.11)
Ajax has received 500.00 of fuel

Time 34: Enter command: Display size: 25, scale: 2.00, origin: (-10.00, -10.00)
Treasure_Island outside the map
  38 . . . . . . . . . . . . . . . . . . . . . . . . . 
     . . . . . . . . . . . . . . . . . . . . . . . . . 
     . . . . . . . . . . . . . . . . . . . . . . . . . 
  32 . . . . . . . . . . . . . . . . . . . . . . . . . 
     . . . . . Sh. . . . . . . . . . . . . . . . . . . 
     . . . . . . . . . . . . . . . . . . . . . . . . . 
  26 . . . . . . . . . . . . . . . . . . . . . . . . . 
     . . . . . . . . . . Xe. . . . . . . . . . . . . . 
     . . . . . . * . . . . . . . . . . . . . . . . . . 
  20 . . . . . . . . . . . . . . . Be. . . . . . . . . 
     . . . . . . . r2. . . . . . . . . . . . . . . . . 
     . . . . . . . . . . . . . . . . . . . . . . . . . 
  14 . . . . . . . . . . . . Va. . . . . . . . . . . . 
     . . . . . . . . . . . . . . . . . . . . . . . . . 
     . . . . . . . . . . Ex. . . . . . . . . . . . . . 
   8 . . . . . . . . . . . . . . . . . . . . . . . . . 
     . . . . . . . . . . . . . . . . . . . . . . . . . 
     . . . . . . . . . . . . . . . . . . . . . . . . . 
   2 . . . . . . . . . . . . . . . . . . . . . . . . . 
     . . . . . . . . . . . . . . . . . . . . . . . . . 
     . . . . . . . . . . . . . . . . . . . . . . . . . 
  -4 . . . . . . . . . . . . . . . . . . . . . . . . . 
     . . . . . . . . . . . . . . . . . . . . . . . . . 
     . . . . . . . . . . . . . . . . . . . . . . . . . 
 -10 . . . . . . . . . . . . . . . . . . . . . . . . . 
   -10    -4     2     8    14    20    26    32    38
----- Sailing Data -----
      Ship      Fuel    Course     Speed
      Ajax    500.00    153.43      0.00
    Valdez    100.00    225.00      0.00
    Xerxes   1000.00    116.57      0.00
        r2     90.00    333.43      5.00
        re     85.34    333.43      0.00

Time 34: Enter command: Ajax will sail on course 333.43 deg, speed 10.00 nm/hr to Shell

Time 34: Enter command: Ajax now at (0.00, 30.00)
Island Exxon now has 5821.32 tons
Island Shell now has 8000.00 tons
Island Treasure_Island now has 275.00 tons
Valdez stopped at (14.64, 14.64)
Xerxes stopped at (10.81, 24.60)
r2 now at (3.44, 23.11)
re stopped at (3.44, 23.11)
re will sail on course 153.43 deg, speed 5.00 nm/hr to Exxon

Time 35: Enter command: Display size: 25, scale: 2.00, origin: (-10.00, -10.00)
Treasure_Island outside the map
  38 . . . . . . . . . . . . . . . . . . . . . . . . . 
     . . . . . . . . . . . . . . . . . . . . . . . . . 
     . . . . . . . . . . . . . . . . . . . . . . . . . 
  32 . . . . . . . . . . . . . . . . . . . . . . . . . 
     . . . . . * . . . . . . . . . . . . . . . . . . . 
     . . . . . . . . . . . . . . . . . . . . . . . . . 
  26 . . . . . . . . . . . . . . . . . . . . . . . . . 
     . . . . . . . . . . Xe. . . . . . . . . . . . . . 
     . . . . . . * . . . . . . . . . . . . . . . . . . 
  20 . . . . . . . . . . . . . . . Be. . . . . . . . . 
     . . . . . . . . . . . . . . . . . . . . . . . . . 
     . . . . . . . . . . . . . . . . . . . . . . . . . 
  14 . . . . . . . . . . . . Va. . . . . . . . . . . . 
     . . . . . . . . . . . . . . . . . . . . . . . . . 
     . . . . . . . . . . Ex. . . . . . . . . . . . . . 
   8 . . . . . . . . . . . . . . . . . . . . . . . . . 
     . . . . . . . . . . . . . . . . . . . . . . . . . 
     . . . . . . . . . . . . . . . . . . . . . . . . . 
   2 . . . . . . . . . . . . . . . . . . . . . . . . . 
     . . . . . . . . . . . . . . . . . . . . . . . . . 
     . . . . . . . . . . . . . . . . . . . . . . . . . 
  -4 . . . . . . . . . . . . . . . . . . . . . . . . . 
     . . . . . . . . . . . . . . . . . . . . . . . . . 
     . . . . . . . . . . . . . . . . . . . . . . . . . 
 -10 . . . . . . . . . . . . . . . . . . . . . . . . . 
   -10    -4     2     8    14    20    26    32    38
----- Sailing Data -----
      Ship      Fuel    Course     Speed
      Ajax    423.02    333.43      0.00
    Valdez    100.00    225.00      0.00
    Xerxes   1000.00    116.57      0.00
        r2     85.34    333.43      0.00
        re     85.34    153.43      5.00

Time 35: Enter command: Ajax stopped at (0.00, 30.00)
Island Exxon now has 6021.32 tons
Island Shell now has 8200.00 tons
Island Treasure_Island now has 280.00 tons
Valdez stopped at (14.64, 14.64)
Xerxes stopped at (10.81, 24.60)
r2 stopped at (3.44, 23.11)
r2 will sail on course 153.43 deg, speed 5.00 nm/hr to Exxon
re now at (5.68, 18.64)

Time 36: Enter command: Display size: 25, scale: 2.00, origin: (-10.00, -10.00)
Treasure_Island outside the map
  38 . . . . . . . . . . . . . . . . . . . . . . . . . 
     . . . . . . . . . . . . . . . . . . . . . . . . . 
     . . . . . . . . . . . . . . . . . . . . . . . . . 
  32 . . . . . . . . . . . . . . . . . . . . . . . . . 
     . . . . . * . . . . . . . . . . . . . . . . . . . 
     . . . . . . . . . . . . . . . . . . . . . . . . . 
  26 . . . . . . . . . . . . . . . . . . . . . . . . . 
     . . . . . . . . . . Xe. . . . . . . . . . . . . . 
     . . . . . . r2. . . . . . . . . . . . . . . . . . 
  20 . . . . . . . . . . . . . . . Be. . . . . . . . . 
     . . . . . . . re. . . . . . . . . . . . . . . . . 
     . . . . . . . . . . . . . . . . . . . . . . . . . 
  14 . . . . . . . . . . . . Va. . . . . . . . . . . . 
     . . . . . . . . . . . . . . . . . . . . . . . . . 
     . . . . . . . . . . Ex. . . . . . . . . . . . . . 
   8 . . . . . . . . . . . . . . . . . . . . . . . . . 
     . . . . . . . . . . . . . . . . . . . . . . . . . 
     . . . . . . . . . . . . . . . . . . . . . . . . . 
   2 . . . . . . . . . . . . . . . . . . . . . . . . . 
     . . . . . . . . . . . . . . . . . . . . . . . . . 
     . . . . . . . . . . . . . . . . . . . . . . . . . 
  -4 . . . . . . . . . . . . . . . . . . . . . . . . . 
     . . . . . . . . . . . . . . . . . . . . . . . . . 
     . . . . . . . . . . . . . . . . . . . . . . . . . 
 -10 . . . . . . . . . . . . . . . . . . . . . . . . . 
   -10    -4     2     8    14    20    26    32    38
----- Sailing Data -----
      Ship      Fuel    Course     Speed
      Ajax    423.02    333.43      0.00
    Valdez    100.00    225.00      0.00
    Xerxes   1000.00    116.57      0.00
        r2     85.34    153.43      5.00
        re     80.34    153.43      5.00

Time 36: Enter command: Ajax stopped at (0.00, 30.00)
Island Exxon now has 6221.32 tons
Island Shell now has 8400.00 tons
Island Treasure_Island now has 285.00 tons
Valdez stopped at (14.64, 14.64)
Xerxes stopped at (10.81, 24.60)
r2 now at (5.68, 18.64)
re now at (7.91, 14.17)

Time 37: Enter command: Display size: 25, scale: 2.00, origin: (-10.00, -10.00)
Treasure_Island outside the map
  38 . . . . . . . . . . . . . . . . . . . . . . . . . 
     . . . . . . . . . . . . . . . . . . . . . . . . . 
     . . . . . . . . . . . . . . . . . . . . . . . . . 
  32 . . . . . . . . . . . . . . . . . . . . . . . . . 
     . . . . . * . . . . . . . . . . . . . . . . . . . 
     . . . . . . . . . . . . . . . . . . . . . . . . . 
  26 . . . . . . . . . . . . . . . . . . . . . . . . . 
     . . . . . . . . . . Xe. . . . . . . . . . . . . . 
     . . . . . . . . . . . . . . . . . . . . . . . . . 
  20 . . . . . . . . . . . . . . . Be. . . . . . . . . 
     . . . . . . . r2. . . . . . . . . . . . . . . . . 
     . . . . . . . . . . . . . . . . . . . . . . . . . 
  14 . . . . . . . . re. . . Va. . . . . . . . . . . . 
     . . . . . . . . . . . . . . . . . . . . . . . . . 
     . . . . . . . . . . Ex. . . . . . . . . . . . . . 
   8 . . . . . . . . . . . . . . . . . . . . . . . . . 
     . . . . . . . . . . . . . . . . . . . . . . . . . 
     . . . . . . . . . . . . . . . . . . . . . . . . . 
   2 . . . . . . . . . . . . . . . . . . . . . . . . . 
     . . . . . . . . . . . . . . . . . . . . . . . . . 
     . . . . . . . . . . . . . . . . . . . . . . . . . 
  -4 . . . . . . . . . . . . . . . . . . . . . . . . . 
     . . . . . . . . . . . . . . . . . . . . . . . . . 
     . . . . . . . . . . . . . . . . . . . . . . . . . 
 -10 . . . . . . . . . . . . . . . . . . . . . . . . . 
   -10    -4     2     8    14    20    26    32    38
----- Sailing Data -----
      Ship      Fuel    Course     Speed
      Ajax    423.02    333.43      0.00
    Valdez    100.00    225.00      0.00
    Xerxes   1000.00    116.57      0.00
        r2     80.34    153.43      5.00
        re     75.34    153.43      5.00

Time 37: Enter command: Ajax stopped at (0.00, 30.00)
Island Exxon now has 6421.32 tons
Island Shell now has 8600.00 tons
Island Treasure_Island now has 290.00 tons
Valdez stopped at (14.64, 14.64)
Xerxes stopped at (10.81, 24.60)
r2 now at (7.91, 14.17)
re now at (10.00, 10.00)
re docked at Exxon

Time 38: Enter command: Display size: 25, scale: 2.00, origin: (-10.00, -10.00)
Treasure_Island outside the map
  38 . . . . . . . . . . . . . . . . . . . . . . . . . 
     . . . . . . . . . . . . . . . . . . . . . . . . . 
     . . . . . . . . . . . . . . . . . . . . . . . . . 
  32 . . . . . . . . . . . . . . . . . . . . . . . . . 
     . . . . . * . . . . . . . . . . . . . . . . . . . 
     . . . . . . . . . . . . . . . . . . . . . . . . . 
  26 . . . . . . . . . . . . . . . . . . . . . . . . . 
     . . . . . . . . . . Xe. . . . . . . . . . . . . . 
     . . . . . . . . . . . . . . . . . . . . . . . . . 
  20 . . . . . . . . . . . . . . . Be. . . . . . . . . 
     . . . . . . . . . . . . . . . . . . . . . . . . . 
     . . . . . . . . . . . . . . . . . . . . . . . . . 
  14 . . . . . . . . r2. . . Va. . . . . . . . . . . . 
     . . . . . . . . . . . . . . . . . . . . . . . . . 
     . . . . . . . . . . * . . . . . . . . . . . . . . 
   8 . . . . . . . . . . . . . . . . . . . . . . . . . 
     . . . . . . . . . . . . . . . . . . . . . . . . . 
     . . . . . . . . . . . . . . . . . . . . . . . . . 
   2 . . . . . . . . . . . . . . . . . . . . . . . . . 
     . . . . . . . . . . . . . . . . . . . . . . . . . 
     . . . . . . . . . . . . . . . . . . . . . . . . . 
  -4 . . . . . . . . . . . . . . . . . . . . . . . . . 
     . . . . . . . . . . . . . . . . . . . . . . . . . 
     . . . . . . . . . . . . . . . . . . . . . . . . . 
 -10 . . . . . . . . . . . . . . . . . . . . . . . . . 
   -10    -4     2     8    14    20    26    32    38
----- Sailing Data -----
      Ship      Fuel    Course     Speed
      Ajax    423.02    333.43      0.00
    Valdez    100.00    225.00      0.00
    Xerxes   1000.00    116.57      0.00
        r2     75.34    153.43      5.00
        re     70.67    153.43      0.00

Time 38: Enter command: Ajax stopped at (0.00, 30.00)
Island Exxon now has 6621.32 tons
Island Shell now has 8800.00 tons
Island Treasure_Island now has 295.00 tons
Valdez stopped at (14.64, 14.64)
Xerxes stopped at (10.81, 24.60)
r2 now at (10.00, 10.00)
r2 docked at Exxon
re docked at Exxon
Island Exxon supplied 29.33 tons of fuel
re now has 100.00 tons of fuel
Island Exxon supplied 500.00 tons of fuel
re now has 500.00 of cargo

Time 39: Enter command: Display size: 25, scale: 2.00, origin: (-10.00, -10.00)
Treasure_Island outside the map
  38 . . . . . . . . . . . . . . . . . . . . . . . . . 
     . . . . . . . . . . . . . . . . . . . . . . . . . 
     . . . . . . . . . . . . . . . . . . . . . . . . . 
  32 . . . . . . . . . . . . . . . . . . . . . . . . . 
     . . . . . * . . . . . . . . . . . . . . . . . . . 
     . . . . . . . . . . . . . . . . . . . . . . . . . 
  26 . . . . . . . . . . . . . . . . . . . . . . . . . 
     . . . . . . . . . . Xe. . . . . . . . . . . . . . 
     . . . . . . . . . . . . . . . . . . . . . . . . . 
  20 . . . . . . . . . . . . . . . Be. . . . . . . . . 
     . . . . . . . . . . . . . . . . . . . . . . . . . 
     . . . . . . . . . . . . . . . . . . . . . . . . . 
  14 . . . . . . . . . . . . Va. . . . . . . . . . . . 
     . . . . . . . . . . . . . . . . . . . . . . . . . 
     . . . . . . . . . . * . . . . . . . . . . . . . . 
   8 . . . . . . . . . . . . . . . . . . . . . . . . . 
     . . . . . . . . . . . . . . . . . . . . . . . . . 
     . . . . . . . . . . . . . . . . . . . . . . . . . 
   2 . . . . . . . . . . . . . . . . . . . . . . . . . 
     . . . . . . . . . . . . . . . . . . . . . . . . . 
     . . . . . . . . . . . . . . . . . . . . . . . . . 
  -4 . . . . . . . . . . . . . . . . . . . . . . . . . 
     . . . . . . . . . . . . . . . . . . . . . . . . . 
     . . . . . . . . . . . . . . . . . . . . . . . . . 
 -10 . . . . . . . . . . . . . . . . . . . . . . . . . 
   -10    -4     2     8    14    20    26    32    38
----- Sailing Data -----
      Ship      Fuel    Course     Speed
      Ajax    423.02    333.43      0.00
    Valdez    100.00    225.00      0.00
    Xerxes   1000.00    116.57      0.00
        r2     70.67    153.43      0.00
        re    100.00    153.43      0.00

Time 39: Enter command: Ajax stopped at (0.00, 30.00)
Island Exxon now has 6291.99 tons
Island Shell now has 9000.00 tons
Island Treasure_Island now has 300.00 tons
Valdez stopped at (14.64, 14.64)
Xerxes stopped at (10.81, 24.60)
r2 docked at Exxon
Island Exxon supplied 29.33 tons of fuel
r2 now has 100.00 tons of fuel
re docked at Exxon

Time 40: Enter command: Display size: 25, scale: 2.00, origin: (-10.00, -10.00)
Treasure_Island outside the map
  38 . . . . . . . . . . . . . . . . . . . . . . . . . 
     . . . . . . . . . . . . . . . . . . . . . . . . . 
     . . . . . . . . . . . . . . . . . . . . . . . . . 
  32 . . . . . . . . . . . . . . . . . . . . . . . . . 
     . . . . . * . . . . . . . . . . . . . . . . . . . 
     . . . . . . . . . . . . . . . . . . . . . . . . . 
  26 . . . . . . . . . . . . . . . . . . . . . . . . . 
     . . . . . . . . . . Xe. . . . . . . . . . . . . . 
     . . . . . . . . . . . . . . . . . . . . . . . . . 
  20 . . . . . . . . . . . . . . . Be. . . . . . . . . 
     . . . . . . . . . . . . . . . . . . . . . . . . . 
     . . . . . . . . . . . . . . . . . . . . . . . . . 
  14 . . . . . . . . . . . . Va. . . . . . . . . . . . 
     . . . . . . . . . . . . . . . . . . . . . . . . . 
     . . . . . . . . . . * . . . . . . . . . . . . . . 
   8 . . . . . . . . . . . . . . . . . . . . . . . . . 
     . . . . . . . . . . . . . . . . . . . . . . . . . 
     . . . . . . . . . . . . . . . . . . . . . . . . . 
   2 . . . . . . . . . . . . . . . . . . . . . . . . . 
     . . . . . . . . . . . . . . . . . . . . . . . . . 
     . . . . . . . . . . . . . . . . . . . . . . . . . 
  -4 . . . . . . . . . . . . . . . . . . . . . . . . . 
     . . . . . . . . . . . . . . . . . . . . . . . . . 
     . . . . . . . . . . . . . . . . . . . . . . . . . 
 -10 . . . . . . . . . . . . . . . . . . . . . . . . . 
   -10    -4     2     8    14    20    26    32    38
----- Sailing Data -----
      Ship      Fuel    Course     Speed
      Ajax    423.02    333.43      0.00
    Valdez    100.00    225.00      0.00
    Xerxes   1000.00    116.57      0.00
        r2    100.00    153.43      0.00
        re    100.00    153.43      0.00

Time 40: Enter command: 
Cruiser Ajax at (0.00, 30.00), fuel: 423.02 tons, resistance: 6
Stopped

Island Bermuda at position (20.00, 20.00)
Fuel available: 0.00 tons

Island Exxon at position (10.00, 10.00)
Fuel available: 6262.67 tons

Island Shell at position (0.00, 30.00)
Fuel available: 9000.00 tons

Island Treasure_Island at position (50.00, 5.00)
Fuel available: 300.00 tons

Tanker Valdez at (14.64, 14.64), fuel: 100.00 tons, resistance: 0
Stopped
Cargo: 0.00 tons, no cargo destinations

Cruiser Xerxes at (10.81, 24.60), fuel: 1000.00 tons, resistance: 6
Stopped

Refuel_ship r2 at (10.00, 10.00), fuel: 100.00 tons, resistance: 0
Docked at Exxon
waiting at Exxon

Refuel_ship re at (10.00, 10.00), fuel: 100.00 tons, resistance: 0
Docked at Exxon
waiting at Exxon

Time 40: Enter command: Ajax stopped at (0.00, 30.00)
Island Exxon now has 6462.67 tons
Island Shell now has 9200.00 tons
Island Treasure_Island now has 305.00 tons
Valdez stopped at (14.64, 14.64)
Xerxes stopped at (10.81, 24.60)
r2 docked at Exxon
re docked at Exxon

Time 41: Enter command: Display size: 25, scale: 2.00, origin: (-10.00, -10.00)
Treasure_Island outside the map
  38 . . . . . . . . . . . . . . . . . . . . . . . . . 
     . . . . . . . . . . . . . . . . . . . . . . . . . 
     . . . . . . . . . . . . . . . . . . . . . . . . . 
  32 . . . . . . . . . . . . . . . . . . . . . . . . . 
     . . . . . * . . . . . . . . . . . . . . . . . . . 
     . . . . . . . . . . . . . . . . . . . . . . . . . 
  26 . . . . . . . . . . . . . . . . . . . . . . . . . 
     . . . . . . . . . . Xe. . . . . . . . . . . . . . 
     . . . . . . . . . . . . . . . . . . . . . . . . . 
  20 . . . . . . . . . . . . . . . Be. . . . . . . . . 
     . . . . . . . . . . . . . . . . . . . . . . . . . 
     . . . . . . . . . . . . . . . . . . . . . . . . . 
  14 . . . . . . . . . . . . Va. . . . . . . . . . . . 
     . . . . . . . . . . . . . . . . . . . . . . . . . 
     . . . . . . . . . . * . . . . . . . . . . . . . . 
   8 . . . . . . . . . . . . . . . . . . . . . . . . . 
     . . . . . . . . . . . . . . . . . . . . . . . . . 
     . . . . . . . . . . . . . . . . . . . . . . . . . 
   2 . . . . . . . . . . . . . . . . . . . . . . . . . 
     . . . . . . . . . . . . . . . . . . . . . . . . . 
     . . . . . . . . . . . . . . . . . . . . . . . . . 
  -4 . . . . . . . . . . . . . . . . . . . . . . . . . 
     . . . . . . . . . . . . . . . . . . . . . . . . . 
     . . . . . . . . . . . . . . . . . . . . . . . . . 
 -10 . . . . . . . . . . . . . . . . . . . . . . . . . 
   -10    -4     2     8    14    20    26    32    38
----- Sailing Data -----
      Ship      Fuel    Course     Speed
      Ajax    423.02    333.43      0.00
    Valdez    100.00    225.00      0.00
    Xerxes   1000.00    116.57      0.00
        r2    100.00    153.43      0.00
        re    100.00    153.43      0.00

Time 41: Enter command: Done
