
Time 0: Enter command: 
Time 0: Enter command: 
Time 0: Enter command: Display size: 25, scale: 2.00, origin: (-10.00, -10.00)
Treasure_Island outside the map
  38 . . . . . . . . . . . . . . . . . . . . . . . . . 
     . . . . . . . . . . . . . . . . . . . . . . . . . 
     . . . . . . . . . . . . . . . . . . . . . . . . . 
  32 . . . . . . . . . . . . . . . . . . . . . . . . . 
     . . . . . Sh. . . . . . . . . . . . . . Va. . . . 
     . . . . . . . . . . . . . . . . . . . . . . . . . 
  26 . . . . . . . . . . . . . . . . . . . . . . . . . 
     . . . . . . . . . . . . . . . . . Xe. . . . . . . 
     . . . . . . . . . . . . . . . . . . . . . . . . . 
  20 . . . . . . . . . . . . . . . Be. . . . . . . . . 
     . . . . . . . . . . . . . . . . . . . . . . . . . 
     . . . . . . . . . . . . . . . . . . . . . . . . . 
  14 . . . . . . . . . . . . Aj. . . . . . . . . . . . 
     . . . . . . . . . . . . . . . . . . . . . . . . . 
     . . . . . . . . . . Ex. . . . . . . . . . . . . . 
   8 . . . . . . . . . . . . . . . . . . . . . . . . . 
     . . . . . . . . . . . . . . . . . . . . . . . . . 
     . . . . . . . . . . . . . . . . . . . . . . . . . 
   2 . . . . . . . . . . . . . . . . . . . . . . . . . 
     . . . . . . . . . . . . . . . . . . . . . . . . . 
     . . . . . . . . . . . . . . . . . . . . . . . . . 
  -4 . . . . . . . . . . . . . . . . . . . . . . . . . 
     . . . . . . . . . . . . . . . . . . . . . . . . . 
     . . . . . . . . . . . . . . . . . . . . . . . . . 
 -10 . . . . . . . . . . . . . . . . . . . . . . . . . 
   -10    -4     2     8    14    20    26    32    38
----- Sailing Data -----
      Ship      Fuel    Course     Speed
      Ajax   1000.00      0.00      0.00
    Valdez    100.00      0.00      0.00
    Xerxes   1000.00      0.00      0.00

Time 0: Enter command: 
Time 0: Enter command: 
Time 0: Enter command: r2 will sail on course 33.69 deg, speed 5.00 nm/hr to Shell

Time 0: Enter command: Ajax will sail on course 105.95 deg, speed 10.00 nm/hr to Treasure_Island

Time 0: Enter command: Valdez will sail on course 225.00 deg, speed 10.00 nm/hr to Bermuda

Time 0: Enter command: re will sail on course 225.00 deg, speed 5.00 nm/hr to Exxon

Time 0: Enter command: Xerxes will sail on course 128.66 deg, speed 10.00 nm/hr to Treasure_Island

Time 0: Enter command: Ajax will sail on course 315.00 deg, speed 10.00 nm/hr to Shell

Time 0: Enter command: Valdez will sail on course 225.00 deg, speed 10.00 nm/hr to Exxon

Time 0: Enter command: Xerxes will sail on course 281.31 deg, speed 10.00 nm/hr to Shell

Time 0: Enter command: 
Cruiser Ajax at (15.00, 15.00), fuel: 1000.00 tons, resistance: 6
Moving to Shell on course 315.00 deg, speed 10.00 nm/hr

Island Bermuda at position (20.00, 20.00)
Fuel available: 0.00 tons

Island Exxon at position (10.00, 10.00)
Fuel available: 1000.00 tons

Island Shell at position (0.00, 30.00)
Fuel available: 1000.00 tons

Island Treasure_Island at position (50.00, 5.00)
Fuel available: 100.00 tons

Tanker Valdez at (30.00, 30.00), fuel: 100.00 tons, resistance: 0
Moving to Exxon on course 225.00 deg, speed 10.00 nm/hr
Cargo: 0.00 tons, no cargo destinations

Cruiser Xerxes at (25.00, 25.00), fuel: 1000.00 tons, resistance: 6
Moving to Shell on course 281.31 deg, speed 10.00 nm/hr

Refuel_ship r2 at (-60.00, -60.00), fuel: 100.00 tons, resistance: 0
Moving to Shell on course 33.69 deg, speed 5.00 nm/hr
Moving to base island Shell

Refuel_ship re at (12.00, 12.00), fuel: 100.00 tons, resistance: 0
Moving to Exxon on course 225.00 deg, speed 5.00 nm/hr
Moving to base island Exxon

Time 0: Enter command: Ajax now at (7.93, 22.07)
Island Exxon now has 1200.00 tons
Island Shell now has 1200.00 tons
Island Treasure_Island now has 105.00 tons
Valdez now at (22.93, 22.93)
Xerxes now at (15.19, 26.96)
r2 now at (-57.23, -55.84)
re now at (10.00, 10.00)
re docked at Exxon

Time 1: Enter command: Display size: 25, scale: 2.00, origin: (-10.00, -10.00)
Treasure_Island, r2 outside the map
  38 . . . . . . . . . . . . . . . . . . . . . . . . . 
     . . . . . . . . . . . . . . . . . . . . . . . . . 
     . . . . . . . . . . . . . . . . . . . . . . . . . 
  32 . . . . . . . . . . . . . . . . . . . . . . . . . 
     . . . . . Sh. . . . . . . . . . . . . . . . . . . 
     . . . . . . . . . . . . . . . . . . . . . . . . . 
  26 . . . . . . . . . . . . Xe. . . . . . . . . . . . 
     . . . . . . . . . . . . . . . . . . . . . . . . . 
     . . . . . . . . Aj. . . . . . . Va. . . . . . . . 
  20 . . . . . . . . . . . . . . . Be. . . . . . . . . 
     . . . . . . . . . . . . . . . . . . . . . . . . . 
     . . . . . . . . . . . . . . . . . . . . . . . . . 
  14 . . . . . . . . . . . . . . . . . . . . . . . . . 
     . . . . . . . . . . . . . . . . . . . . . . . . . 
     . . . . . . . . . . * . . . . . . . . . . . . . . 
   8 . . . . . . . . . . . . . . . . . . . . . . . . . 
     . . . . . . . . . . . . . . . . . . . . . . . . . 
     . . . . . . . . . . . . . . . . . . . . . . . . . 
   2 . . . . . . . . . . . . . . . . . . . . . . . . . 
     . . . . . . . . . . . . . . . . . . . . . . . . . 
     . . . . . . . . . . . . . . . . . . . . . . . . . 
  -4 . . . . . . . . . . . . . . . . . . . . . . . . . 
     . . . . . . . . . . . . . . . . . . . . . . . . . 
     . . . . . . . . . . . . . . . . . . . . . . . . . 
 -10 . . . . . . . . . . . . . . . . . . . . . . . . . 
   -10    -4     2     8    14    20    26    32    38
----- Sailing Data -----
      Ship      Fuel    Course     Speed
      Ajax    900.00    315.00     10.00
    Valdez     80.00    225.00     10.00
    Xerxes    900.00    281.31     10.00
        r2     95.00     33.69      5.00
        re     97.17    225.00      0.00

Time 1: Enter command: Ajax now at (0.86, 29.14)
Island Exxon now has 1400.00 tons
Island Shell now has 1400.00 tons
Island Treasure_Island now has 110.00 tons
Valdez now at (15.86, 15.86)
Xerxes now at (5.39, 28.92)
r2 now at (-54.45, -51.68)
re docked at Exxon
Island Exxon supplied 2.83 tons of fuel
re now has 100.00 tons of fuel
Island Exxon supplied 500.00 tons of fuel
re now has 500.00 of cargo

Time 2: Enter command: Display size: 25, scale: 2.00, origin: (-10.00, -10.00)
Treasure_Island, r2 outside the map
  38 . . . . . . . . . . . . . . . . . . . . . . . . . 
     . . . . . . . . . . . . . . . . . . . . . . . . . 
     . . . . . . . . . . . . . . . . . . . . . . . . . 
  32 . . . . . . . . . . . . . . . . . . . . . . . . . 
     . . . . . Sh. . . . . . . . . . . . . . . . . . . 
     . . . . . Aj. Xe. . . . . . . . . . . . . . . . . 
  26 . . . . . . . . . . . . . . . . . . . . . . . . . 
     . . . . . . . . . . . . . . . . . . . . . . . . . 
     . . . . . . . . . . . . . . . . . . . . . . . . . 
  20 . . . . . . . . . . . . . . . Be. . . . . . . . . 
     . . . . . . . . . . . . . . . . . . . . . . . . . 
     . . . . . . . . . . . . . . . . . . . . . . . . . 
  14 . . . . . . . . . . . . Va. . . . . . . . . . . . 
     . . . . . . . . . . . . . . . . . . . . . . . . . 
     . . . . . . . . . . * . . . . . . . . . . . . . . 
   8 . . . . . . . . . . . . . . . . . . . . . . . . . 
     . . . . . . . . . . . . . . . . . . . . . . . . . 
     . . . . . . . . . . . . . . . . . . . . . . . . . 
   2 . . . . . . . . . . . . . . . . . . . . . . . . . 
     . . . . . . . . . . . . . . . . . . . . . . . . . 
     . . . . . . . . . . . . . . . . . . . . . . . . . 
  -4 . . . . . . . . . . . . . . . . . . . . . . . . . 
     . . . . . . . . . . . . . . . . . . . . . . . . . 
     . . . . . . . . . . . . . . . . . . . . . . . . . 
 -10 . . . . . . . . . . . . . . . . . . . . . . . . . 
   -10    -4     2     8    14    20    26    32    38
----- Sailing Data -----
      Ship      Fuel    Course     Speed
      Ajax    800.00    315.00     10.00
    Valdez     60.00    225.00     10.00
    Xerxes    800.00    281.31     10.00
        r2     90.00     33.69      5.00
        re    100.00    225.00      0.00

Time 2: Enter command: Ajax now at (0.00, 30.00)
Island Exxon now has 1097.17 tons
Island Shell now has 1600.00 tons
Island Treasure_Island now has 115.00 tons
Valdez now at (10.00, 10.00)
Xerxes now at (0.00, 30.00)
r2 now at (-51.68, -47.52)
re docked at Exxon

Time 3: Enter command: Display size: 25, scale: 2.00, origin: (-10.00, -10.00)
Treasure_Island, r2 outside the map
  38 . . . . . . . . . . . . . . . . . . . . . . . . . 
     . . . . . . . . . . . . . . . . . . . . . . . . . 
     . . . . . . . . . . . . . . . . . . . . . . . . . 
  32 . . . . . . . . . . . . . . . . . . . . . . . . . 
     . . . . . * . . . . . . . . . . . . . . . . . . . 
     . . . . . . . . . . . . . . . . . . . . . . . . . 
  26 . . . . . . . . . . . . . . . . . . . . . . . . . 
     . . . . . . . . . . . . . . . . . . . . . . . . . 
     . . . . . . . . . . . . . . . . . . . . . . . . . 
  20 . . . . . . . . . . . . . . . Be. . . . . . . . . 
     . . . . . . . . . . . . . . . . . . . . . . . . . 
     . . . . . . . . . . . . . . . . . . . . . . . . . 
  14 . . . . . . . . . . . . . . . . . . . . . . . . . 
     . . . . . . . . . . . . . . . . . . . . . . . . . 
     . . . . . . . . . . * . . . . . . . . . . . . . . 
   8 . . . . . . . . . . . . . . . . . . . . . . . . . 
     . . . . . . . . . . . . . . . . . . . . . . . . . 
     . . . . . . . . . . . . . . . . . . . . . . . . . 
   2 . . . . . . . . . . . . . . . . . . . . . . . . . 
     . . . . . . . . . . . . . . . . . . . . . . . . . 
     . . . . . . . . . . . . . . . . . . . . . . . . . 
  -4 . . . . . . . . . . . . . . . . . . . . . . . . . 
     . . . . . . . . . . . . . . . . . . . . . . . . . 
     . . . . . . . . . . . . . . . . . . . . . . . . . 
 -10 . . . . . . . . . . . . . . . . . . . . . . . . . 
   -10    -4     2     8    14    20    26    32    38
----- Sailing Data -----
      Ship      Fuel    Course     Speed
      Ajax    787.87    315.00      0.00
    Valdez     43.43    225.00      0.00
    Xerxes    745.05    281.31      0.00
        r2     85.00     33.69      5.00
        re    100.00    225.00      0.00

Time 3: Enter command: Valdez will sail on course 45.00 deg, speed 10.00 nm/hr to Bermuda

Time 3: Enter command: Ajax stopped at (0.00, 30.00)
Island Exxon now has 1297.17 tons
Island Shell now has 1800.00 tons
Island Treasure_Island now has 120.00 tons
Valdez now at (17.07, 17.07)
Xerxes stopped at (0.00, 30.00)
r2 now at (-48.91, -43.36)
re docked at Exxon

Time 4: Enter command: Display size: 25, scale: 2.00, origin: (-10.00, -10.00)
Treasure_Island, r2 outside the map
  38 . . . . . . . . . . . . . . . . . . . . . . . . . 
     . . . . . . . . . . . . . . . . . . . . . . . . . 
     . . . . . . . . . . . . . . . . . . . . . . . . . 
  32 . . . . . . . . . . . . . . . . . . . . . . . . . 
     . . . . . * . . . . . . . . . . . . . . . . . . . 
     . . . . . . . . . . . . . . . . . . . . . . . . . 
  26 . . . . . . . . . . . . . . . . . . . . . . . . . 
     . . . . . . . . . . . . . . . . . . . . . . . . . 
     . . . . . . . . . . . . . . . . . . . . . . . . . 
  20 . . . . . . . . . . . . . . . Be. . . . . . . . . 
     . . . . . . . . . . . . . . . . . . . . . . . . . 
     . . . . . . . . . . . . . Va. . . . . . . . . . . 
  14 . . . . . . . . . . . . . . . . . . . . . . . . . 
     . . . . . . . . . . . . . . . . . . . . . . . . . 
     . . . . . . . . . . * . . . . . . . . . . . . . . 
   8 . . . . . . . . . . . . . . . . . . . . . . . . . 
     . . . . . . . . . . . . . . . . . . . . . . . . . 
     . . . . . . . . . . . . . . . . . . . . . . . . . 
   2 . . . . . . . . . . . . . . . . . . . . . . . . . 
     . . . . . . . . . . . . . . . . . . . . . . . . . 
     . . . . . . . . . . . . . . . . . . . . . . . . . 
  -4 . . . . . . . . . . . . . . . . . . . . . . . . . 
     . . . . . . . . . . . . . . . . . . . . . . . . . 
     . . . . . . . . . . . . . . . . . . . . . . . . . 
 -10 . . . . . . . . . . . . . . . . . . . . . . . . . 
   -10    -4     2     8    14    20    26    32    38
----- Sailing Data -----
      Ship      Fuel    Course     Speed
      Ajax    787.87    315.00      0.00
    Valdez     23.43     45.00     10.00
    Xerxes    745.05    281.31      0.00
        r2     80.00     33.69      5.00
        re    100.00    225.00      0.00

Time 4: Enter command: Ajax stopped at (0.00, 30.00)
Island Exxon now has 1497.17 tons
Island Shell now has 2000.00 tons
Island Treasure_Island now has 125.00 tons
Valdez now at (20.00, 20.00)
Xerxes stopped at (0.00, 30.00)
r2 now at (-46.13, -39.20)
re docked at Exxon

Time 5: Enter command: Display size: 25, scale: 2.00, origin: (-10.00, -10.00)
Treasure_Island, r2 outside the map
  38 . . . . . . . . . . . . . . . . . . . . . . . . . 
     . . . . . . . . . . . . . . . . . . . . . . . . . 
     . . . . . . . . . . . . . . . . . . . . . . . . . 
  32 . . . . . . . . . . . . . . . . . . . . . . . . . 
     . . . . . * . . . . . . . . . . . . . . . . . . . 
     . . . . . . . . . . . . . . . . . . . . . . . . . 
  26 . . . . . . . . . . . . . . . . . . . . . . . . . 
     . . . . . . . . . . . . . . . . . . . . . . . . . 
     . . . . . . . . . . . . . . . . . . . . . . . . . 
  20 . . . . . . . . . . . . . . . * . . . . . . . . . 
     . . . . . . . . . . . . . . . . . . . . . . . . . 
     . . . . . . . . . . . . . . . . . . . . . . . . . 
  14 . . . . . . . . . . . . . . . . . . . . . . . . . 
     . . . . . . . . . . . . . . . . . . . . . . . . . 
     . . . . . . . . . . * . . . . . . . . . . . . . . 
   8 . . . . . . . . . . . . . . . . . . . . . . . . . 
     . . . . . . . . . . . . . . . . . . . . . . . . . 
     . . . . . . . . . . . . . . . . . . . . . . . . . 
   2 . . . . . . . . . . . . . . . . . . . . . . . . . 
     . . . . . . . . . . . . . . . . . . . . . . . . . 
     . . . . . . . . . . . . . . . . . . . . . . . . . 
  -4 . . . . . . . . . . . . . . . . . . . . . . . . . 
     . . . . . . . . . . . . . . . . . . . . . . . . . 
     . . . . . . . . . . . . . . . . . . . . . . . . . 
 -10 . . . . . . . . . . . . . . . . . . . . . . . . . 
   -10    -4     2     8    14    20    26    32    38
----- Sailing Data -----
      Ship      Fuel    Course     Speed
      Ajax    787.87    315.00      0.00
    Valdez     15.15     45.00      0.00
    Xerxes    745.05    281.31      0.00
        r2     75.00     33.69      5.00
        re    100.00    225.00      0.00

Time 5: Enter command: Valdez will sail on course 225.00 deg, speed 10.00 nm/hr to Exxon

Time 5: Enter command: Ajax stopped at (0.00, 30.00)
Island Exxon now has 1697.17 tons
Island Shell now has 2200.00 tons
Island Treasure_Island now has 130.00 tons
Valdez now at (14.64, 14.64)
Valdez now has no cargo destinations
Xerxes stopped at (0.00, 30.00)
r2 now at (-43.36, -35.04)
re docked at Exxon
re will sail on course 45.00 deg, speed 5.00 nm/hr to (14.64, 14.64)

Time 6: Enter command: Display size: 25, scale: 2.00, origin: (-10.00, -10.00)
Treasure_Island, r2 outside the map
  38 . . . . . . . . . . . . . . . . . . . . . . . . . 
     . . . . . . . . . . . . . . . . . . . . . . . . . 
     . . . . . . . . . . . . . . . . . . . . . . . . . 
  32 . . . . . . . . . . . . . . . . . . . . . . . . . 
     . . . . . * . . . . . . . . . . . . . . . . . . . 
     . . . . . . . . . . . . . . . . . . . . . . . . . 
  26 . . . . . . . . . . . . . . . . . . . . . . . . . 
     . . . . . . . . . . . . . . . . . . . . . . . . . 
     . . . . . . . . . . . . . . . . . . . . . . . . . 
  20 . . . . . . . . . . . . . . . Be. . . . . . . . . 
     . . . . . . . . . . . . . . . . . . . . . . . . . 
     . . . . . . . . . . . . . . . . . . . . . . . . . 
  14 . . . . . . . . . . . . Va. . . . . . . . . . . . 
     . . . . . . . . . . . . . . . . . . . . . . . . . 
     . . . . . . . . . . * . . . . . . . . . . . . . . 
   8 . . . . . . . . . . . . . . . . . . . . . . . . . 
     . . . . . . . . . . . . . . . . . . . . . . . . . 
     . . . . . . . . . . . . . . . . . . . . . . . . . 
   2 . . . . . . . . . . . . . . . . . . . . . . . . . 
     . . . . . . . . . . . . . . . . . . . . . . . . . 
     . . . . . . . . . . . . . . . . . . . . . . . . . 
  -4 . . . . . . . . . . . . . . . . . . . . . . . . . 
     . . . . . . . . . . . . . . . . . . . . . . . . . 
     . . . . . . . . . . . . . . . . . . . . . . . . . 
 -10 . . . . . . . . . . . . . . . . . . . . . . . . . 
   -10    -4     2     8    14    20    26    32    38
----- Sailing Data -----
      Ship      Fuel    Course     Speed
      Ajax    787.87    315.00      0.00
    Valdez      0.00    225.00      0.00
    Xerxes    745.05    281.31      0.00
        r2     70.00     33.69      5.00
        re    100.00     45.00      5.00

Time 6: Enter command: 
Cruiser Ajax at (0.00, 30.00), fuel: 787.87 tons, resistance: 6
Stopped

Island Bermuda at position (20.00, 20.00)
Fuel available: 0.00 tons

Island Exxon at position (10.00, 10.00)
Fuel available: 1697.17 tons

Island Shell at position (0.00, 30.00)
Fuel available: 2200.00 tons

Island Treasure_Island at position (50.00, 5.00)
Fuel available: 130.00 tons

Tanker Valdez at (14.64, 14.64), fuel: 0.00 tons, resistance: 0
Dead in the water
Cargo: 0.00 tons, no cargo destinations

Cruiser Xerxes at (0.00, 30.00), fuel: 745.05 tons, resistance: 6
Stopped

Refuel_ship r2 at (-43.36, -35.04), fuel: 70.00 tons, resistance: 0
Moving to Shell on course 33.69 deg, speed 5.00 nm/hr
Moving to base island Shell

Refuel_ship re at (10.00, 10.00), fuel: 100.00 tons, resistance: 0
Moving to (14.64, 14.64) on course 45.00 deg, speed 5.00 nm/hr
Moving to ship Valdez

Time 6: Enter command: Ajax will sail on course 153.43 deg, speed 10.00 nm/hr to Exxon

Time 6: Enter command: Ajax now at (4.47, 21.06)
Island Exxon now has 1897.17 tons
Island Shell now has 2400.00 tons
Island Treasure_Island now has 135.00 tons
Valdez dead in the water at (14.64, 14.64)
Valdez now has no cargo destinations
Xerxes stopped at (0.00, 30.00)
r2 now at (-40.59, -30.88)
re now at (13.54, 13.54)

Time 7: Enter command: Display size: 25, scale: 2.00, origin: (-10.00, -10.00)
Treasure_Island, r2 outside the map
  38 . . . . . . . . . . . . . . . . . . . . . . . . . 
     . . . . . . . . . . . . . . . . . . . . . . . . . 
     . . . . . . . . . . . . . . . . . . . . . . . . . 
  32 . . . . . . . . . . . . . . . . . . . . . . . . . 
     . . . . . * . . . . . . . . . . . . . . . . . . . 
     . . . . . . . . . . . . . . . . . . . . . . . . . 
  26 . . . . . . . . . . . . . . . . . . . . . . . . . 
     . . . . . . . . . . . . . . . . . . . . . . . . . 
     . . . . . . . . . . . . . . . . . . . . . . . . . 
  20 . . . . . . . Aj. . . . . . . Be. . . . . . . . . 
     . . . . . . . . . . . . . . . . . . . . . . . . . 
     . . . . . . . . . . . . . . . . . . . . . . . . . 
  14 . . . . . . . . . . . . Va. . . . . . . . . . . . 
     . . . . . . . . . . . re. . . . . . . . . . . . . 
     . . . . . . . . . . Ex. . . . . . . . . . . . . . 
   8 . . . . . . . . . . . . . . . . . . . . . . . . . 
     . . . . . . . . . . . . . . . . . . . . . . . . . 
     . . . . . . . . . . . . . . . . . . . . . . . . . 
   2 . . . . . . . . . . . . . . . . . . . . . . . . . 
     . . . . . . . . . . . . . . . . . . . . . . . . . 
     . . . . . . . . . . . . . . . . . . . . . . . . . 
  -4 . . . . . . . . . . . . . . . . . . . . . . . . . 
     . . . . . . . . . . . . . . . . . . . . . . . . . 
     . . . . . . . . . . . . . . . . . . . . . . . . . 
 -10 . . . . . . . . . . . . . . . . . . . . . . . . . 
   -10    -4     2     8    14    20    26    32    38
----- Sailing Data -----
      Ship      Fuel    Course     Speed
      Ajax    687.87    153.43     10.00
    Valdez      0.00    225.00      0.00
    Xerxes    745.05    281.31      0.00
        r2     65.00     33.69      5.00
        re     95.00     45.00      5.00

Time 7: Enter command: 
Cruiser Ajax at (4.47, 21.06), fuel: 687.87 tons, resistance: 6
Moving to Exxon on course 153.43 deg, speed 10.00 nm/hr

Island Bermuda at position (20.00, 20.00)
Fuel available: 0.00 tons

Island Exxon at position (10.00, 10.00)
Fuel available: 1897.17 tons

Island Shell at position (0.00, 30.00)
Fuel available: 2400.00 tons

Island Treasure_Island at position (50.00, 5.00)
Fuel available: 135.00 tons

Tanker Valdez at (14.64, 14.64), fuel: 0.00 tons, resistance: 0
Dead in the water
Cargo: 0.00 tons, no cargo destinations

Cruiser Xerxes at (0.00, 30.00), fuel: 745.05 tons, resistance: 6
Stopped

Refuel_ship r2 at (-40.59, -30.88), fuel: 65.00 tons, resistance: 0
Moving to Shell on course 33.69 deg, speed 5.00 nm/hr
Moving to base island Shell

Refuel_ship re at (13.54, 13.54), fuel: 95.00 tons, resistance: 0
Moving to (14.64, 14.64) on course 45.00 deg, speed 5.00 nm/hr
Moving to ship Valdez

Time 7: Enter command: Xerxes will sail on course 90.00 deg, speed 10.00 nm/hr to Shell

Time 7: Enter command: Ajax now at (8.94, 12.11)
Island Exxon now has 2097.17 tons
Island Shell now has 2600.00 tons
Island Treasure_Island now has 140.00 tons
Valdez dead in the water at (14.64, 14.64)
Valdez now has no cargo destinations
Xerxes now at (0.00, 30.00)
r2 now at (-37.81, -26.72)
re now at (14.64, 14.64)

Time 8: Enter command: Display size: 25, scale: 2.00, origin: (-10.00, -10.00)
Treasure_Island, r2 outside the map
  38 . . . . . . . . . . . . . . . . . . . . . . . . . 
     . . . . . . . . . . . . . . . . . . . . . . . . . 
     . . . . . . . . . . . . . . . . . . . . . . . . . 
  32 . . . . . . . . . . . . . . . . . . . . . . . . . 
     . . . . . * . . . . . . . . . . . . . . . . . . . 
     . . . . . . . . . . . . . . . . . . . . . . . . . 
  26 . . . . . . . . . . . . . . . . . . . . . . . . . 
     . . . . . . . . . . . . . . . . . . . . . . . . . 
     . . . . . . . . . . . . . . . . . . . . . . . . . 
  20 . . . . . . . . . . . . . . . Be. . . . . . . . . 
     . . . . . . . . . . . . . . . . . . . . . . . . . 
     . . . . . . . . . . . . . . . . . . . . . . . . . 
  14 . . . . . . . . . . . . * . . . . . . . . . . . . 
     . . . . . . . . . Aj. . . . . . . . . . . . . . . 
     . . . . . . . . . . Ex. . . . . . . . . . . . . . 
   8 . . . . . . . . . . . . . . . . . . . . . . . . . 
     . . . . . . . . . . . . . . . . . . . . . . . . . 
     . . . . . . . . . . . . . . . . . . . . . . . . . 
   2 . . . . . . . . . . . . . . . . . . . . . . . . . 
     . . . . . . . . . . . . . . . . . . . . . . . . . 
     . . . . . . . . . . . . . . . . . . . . . . . . . 
  -4 . . . . . . . . . . . . . . . . . . . . . . . . . 
     . . . . . . . . . . . . . . . . . . . . . . . . . 
     . . . . . . . . . . . . . . . . . . . . . . . . . 
 -10 . . . . . . . . . . . . . . . . . . . . . . . . . 
   -10    -4     2     8    14    20    26    32    38
----- Sailing Data -----
      Ship      Fuel    Course     Speed
      Ajax    587.87    153.43     10.00
    Valdez      0.00    225.00      0.00
    Xerxes    745.05     90.00      0.00
        r2     60.00     33.69      5.00
        re     93.43     45.00      0.00

Time 8: Enter command: 
Cruiser Ajax at (8.94, 12.11), fuel: 587.87 tons, resistance: 6
Moving to Exxon on course 153.43 deg, speed 10.00 nm/hr

Island Bermuda at position (20.00, 20.00)
Fuel available: 0.00 tons

Island Exxon at position (10.00, 10.00)
Fuel available: 2097.17 tons

Island Shell at position (0.00, 30.00)
Fuel available: 2600.00 tons

Island Treasure_Island at position (50.00, 5.00)
Fuel available: 140.00 tons

Tanker Valdez at (14.64, 14.64), fuel: 0.00 tons, resistance: 0
Dead in the water
Cargo: 0.00 tons, no cargo destinations

Cruiser Xerxes at (0.00, 30.00), fuel: 745.05 tons, resistance: 6
Stopped

Refuel_ship r2 at (-37.81, -26.72), fuel: 60.00 tons, resistance: 0
Moving to Shell on course 33.69 deg, speed 5.00 nm/hr
Moving to base island Shell

Refuel_ship re at (14.64, 14.64), fuel: 93.43 tons, resistance: 0
Stopped
Refueling ship Valdez

Time 8: Enter command: Ajax now at (10.00, 10.00)
Island Exxon now has 2297.17 tons
Island Shell now has 2800.00 tons
Island Treasure_Island now has 145.00 tons
Valdez dead in the water at (14.64, 14.64)
Valdez now has no cargo destinations
Xerxes stopped at (0.00, 30.00)
r2 now at (-35.04, -22.56)
re stopped at (14.64, 14.64)
Valdez has received 100.00 of fuel

Time 9: Enter command: Display size: 25, scale: 2.00, origin: (-10.00, -10.00)
Treasure_Island, r2 outside the map
  38 . . . . . . . . . . . . . . . . . . . . . . . . . 
     . . . . . . . . . . . . . . . . . . . . . . . . . 
     . . . . . . . . . . . . . . . . . . . . . . . . . 
  32 . . . . . . . . . . . . . . . . . . . . . . . . . 
     . . . . . * . . . . . . . . . . . . . . . . . . . 
     . . . . . . . . . . . . . . . . . . . . . . . . . 
  26 . . . . . . . . . . . . . . . . . . . . . . . . . 
     . . . . . . . . . . . . . . . . . . . . . . . . . 
     . . . . . . . . . . . . . . . . . . . . . . . . . 
  20 . . . . . . . . . . . . . . . Be. . . . . . . . . 
     . . . . . . . . . . . . . . . . . . . . . . . . . 
     . . . . . . . . . . . . . . . . . . . . . . . . . 
  14 . . . . . . . . . . . . * . . . . . . . . . . . . 
     . . . . . . . . . . . . . . . . . . . . . . . . . 
     . . . . . . . . . . * . . . . . . . . . . . . . . 
   8 . . . . . . . . . . . . . . . . . . . . . . . . . 
     . . . . . . . . . . . . . . . . . . . . . . . . . 
     . . . . . . . . . . . . . . . . . . . . . . . . . 
   2 . . . . . . . . . . . . . . . . . . . . . . . . . 
     . . . . . . . . . . . . . . . . . . . . . . . . . 
     . . . . . . . . . . . . . . . . . . . . . . . . . 
  -4 . . . . . . . . . . . . . . . . . . . . . . . . . 
     . . . . . . . . . . . . . . . . . . . . . . . . . 
     . . . . . . . . . . . . . . . . . . . . . . . . . 
 -10 . . . . . . . . . . . . . . . . . . . . . . . . . 
   -10    -4     2     8    14    20    26    32    38
----- Sailing Data -----
      Ship      Fuel    Course     Speed
      Ajax    564.26    153.43      0.00
    Valdez    100.00    225.00      0.00
    Xerxes    745.05     90.00      0.00
        r2     55.00     33.69      5.00
        re     93.43     45.00      0.00

Time 9: Enter command: Ajax stopped at (10.00, 10.00)
Island Exxon now has 2497.17 tons
Island Shell now has 3000.00 tons
Island Treasure_Island now has 150.00 tons
Valdez stopped at (14.64, 14.64)
Xerxes stopped at (0.00, 30.00)
r2 now at (-32.26, -18.40)
re stopped at (14.64, 14.64)
re will sail on course 225.00 deg, speed 5.00 nm/hr to Exxon

Time 10: Enter command: Display size: 25, scale: 2.00, origin: (-10.00, -10.00)
Treasure_Island, r2 outside the map
  38 . . . . . . . . . . . . . . . . . . . . . . . . . 
     . . . . . . . . . . . . . . . . . . . . . . . . . 
     . . . . . . . . . . . . . . . . . . . . . . . . . 
  32 . . . . . . . . . . . . . . . . . . . . . . . . . 
     . . . . . * . . . . . . . . . . . . . . . . . . . 
     . . . . . . . . . . . . . . . . . . . . . . . . . 
  26 . . . . . . . . . . . . . . . . . . . . . . . . . 
     . . . . . . . . . . . . . . . . . . . . . . . . . 
     . . . . . . . . . . . . . . . . . . . . . . . . . 
  20 . . . . . . . . . . . . . . . Be. . . . . . . . . 
     . . . . . . . . . . . . . . . . . . . . . . . . . 
     . . . . . . . . . . . . . . . . . . . . . . . . . 
  14 . . . . . . . . . . . . * . . . . . . . . . . . . 
     . . . . . . . . . . . . . . . . . . . . . . . . . 
     . . . . . . . . . . * . . . . . . . . . . . . . . 
   8 . . . . . . . . . . . . . . . . . . . . . . . . . 
     . . . . . . . . . . . . . . . . . . . . . . . . . 
     . . . . . . . . . . . . . . . . . . . . . . . . . 
   2 . . . . . . . . . . . . . . . . . . . . . . . . . 
     . . . . . . . . . . . . . . . . . . . . . . . . . 
     . . . . . . . . . . . . . . . . . . . . . . . . . 
  -4 . . . . . . . . . . . . . . . . . . . . . . . . . 
     . . . . . . . . . . . . . . . . . . . . . . . . . 
     . . . . . . . . . . . . . . . . . . . . . . . . . 
 -10 . . . . . . . . . . . . . . . . . . . . . . . . . 
   -10    -4     2     8    14    20    26    32    38
----- Sailing Data -----
      Ship      Fuel    Course     Speed
      Ajax    564.26    153.43      0.00
    Valdez    100.00    225.00      0.00
    Xerxes    745.05     90.00      0.00
        r2     50.00     33.69      5.00
        re     93.43    225.00      5.00

Time 10: Enter command: Ajax will sail on course 333.43 deg, speed 10.00 nm/hr to Shell

Time 10: Enter command: Ajax now at (5.53, 18.94)
Island Exxon now has 2697.17 tons
Island Shell now has 3200.00 tons
Island Treasure_Island now has 155.00 tons
Valdez stopped at (14.64, 14.64)
Xerxes stopped at (0.00, 30.00)
r2 now at (-29.49, -14.24)
re now at (11.11, 11.11)

Time 11: Enter command: Display size: 25, scale: 2.00, origin: (-10.00, -10.00)
Treasure_Island, r2 outside the map
  38 . . . . . . . . . . . . . . . . . . . . . . . . . 
     . . . . . . . . . . . . . . . . . . . . . . . . . 
     . . . . . . . . . . . . . . . . . . . . . . . . . 
  32 . . . . . . . . . . . . . . . . . . . . . . . . . 
     . . . . . * . . . . . . . . . . . . . . . . . . . 
     . . . . . . . . . . . . . . . . . . . . . . . . . 
  26 . . . . . . . . . . . . . . . . . . . . . . . . . 
     . . . . . . . . . . . . . . . . . . . . . . . . . 
     . . . . . . . . . . . . . . . . . . . . . . . . . 
  20 . . . . . . . . . . . . . . . Be. . . . . . . . . 
     . . . . . . . Aj. . . . . . . . . . . . . . . . . 
     . . . . . . . . . . . . . . . . . . . . . . . . . 
  14 . . . . . . . . . . . . Va. . . . . . . . . . . . 
     . . . . . . . . . . . . . . . . . . . . . . . . . 
     . . . . . . . . . . * . . . . . . . . . . . . . . 
   8 . . . . . . . . . . . . . . . . . . . . . . . . . 
     . . . . . . . . . . . . . . . . . . . . . . . . . 
     . . . . . . . . . . . . . . . . . . . . . . . . . 
   2 . . . . . . . . . . . . . . . . . . . . . . . . . 
     . . . . . . . . . . . . . . . . . . . . . . . . . 
     . . . . . . . . . . . . . . . . . . . . . . . . . 
  -4 . . . . . . . . . . . . . . . . . . . . . . . . . 
     . . . . . . . . . . . . . . . . . . . . . . . . . 
     . . . . . . . . . . . . . . . . . . . . . . . . . 
 -10 . . . . . . . . . . . . . . . . . . . . . . . . . 
   -10    -4     2     8    14    20    26    32    38
----- Sailing Data -----
      Ship      Fuel    Course     Speed
      Ajax    464.26    333.43     10.00
    Valdez    100.00    225.00      0.00
    Xerxes    745.05     90.00      0.00
        r2     45.00     33.69      5.00
        re     88.43    225.00      5.00

Time 11: Enter command: Ajax now at (1.06, 27.89)
Island Exxon now has 2897.17 tons
Island Shell now has 3400.00 tons
Island Treasure_Island now has 160.00 tons
Valdez stopped at (14.64, 14.64)
Xerxes stopped at (0.00, 30.00)
r2 now at (-26.72, -10.08)
re now at (10.00, 10.00)
re docked at Exxon

Time 12: Enter command: Display size: 25, scale: 2.00, origin: (-10.00, -10.00)
Treasure_Island, r2 outside the map
  38 . . . . . . . . . . . . . . . . . . . . . . . . . 
     . . . . . . . . . . . . . . . . . . . . . . . . . 
     . . . . . . . . . . . . . . . . . . . . . . . . . 
  32 . . . . . . . . . . . . . . . . . . . . . . . . . 
     . . . . . * . . . . . . . . . . . . . . . . . . . 
     . . . . . . . . . . . . . . . . . . . . . . . . . 
  26 . . . . . Aj. . . . . . . . . . . . . . . . . . . 
     . . . . . . . . . . . . . . . . . . . . . . . . . 
     . . . . . . . . . . . . . . . . . . . . . . . . . 
  20 . . . . . . . . . . . . . . . Be. . . . . . . . . 
     . . . . . . . . . . . . . . . . . . . . . . . . . 
     . . . . . . . . . . . . . . . . . . . . . . . . . 
  14 . . . . . . . . . . . . Va. . . . . . . . . . . . 
     . . . . . . . . . . . . . . . . . . . . . . . . . 
     . . . . . . . . . . * . . . . . . . . . . . . . . 
   8 . . . . . . . . . . . . . . . . . . . . . . . . . 
     . . . . . . . . . . . . . . . . . . . . . . . . . 
     . . . . . . . . . . . . . . . . . . . . . . . . . 
   2 . . . . . . . . . . . . . . . . . . . . . . . . . 
     . . . . . . . . . . . . . . . . . . . . . . . . . 
     . . . . . . . . . . . . . . . . . . . . . . . . . 
  -4 . . . . . . . . . . . . . . . . . . . . . . . . . 
     . . . . . . . . . . . . . . . . . . . . . . . . . 
     . . . . . . . . . . . . . . . . . . . . . . . . . 
 -10 . . . . . . . . . . . . . . . . . . . . . . . . . 
   -10    -4     2     8    14    20    26    32    38
----- Sailing Data -----
      Ship      Fuel    Course     Speed
      Ajax    364.26    333.43     10.00
    Valdez    100.00    225.00      0.00
    Xerxes    745.05     90.00      0.00
        r2     40.00     33.69      5.00
        re     86.86    225.00      0.00

Time 12: Enter command: Ajax now at (0.00, 30.00)
Island Exxon now has 3097.17 tons
Island Shell now has 3600.00 tons
Island Treasure_Island now has 165.00 tons
Valdez stopped at (14.64, 14.64)
Xerxes stopped at (0.00, 30.00)
r2 now at (-23.94, -5.92)
re docked at Exxon
Island Exxon supplied 13.14 tons of fuel
re now has 100.00 tons of fuel
Island Exxon supplied 100.00 tons of fuel
re now has 500.00 of cargo

Time 13: Enter command: Display size: 25, scale: 2.00, origin: (-10.00, -10.00)
Treasure_Island, r2 outside the map
  38 . . . . . . . . . . . . . . . . . . . . . . . . . 
     . . . . . . . . . . . . . . . . . . . . . . . . . 
     . . . . . . . . . . . . . . . . . . . . . . . . . 
  32 . . . . . . . . . . . . . . . . . . . . . . . . . 
     . . . . . * . . . . . . . . . . . . . . . . . . . 
     . . . . . . . . . . . . . . . . . . . . . . . . . 
  26 . . . . . . . . . . . . . . . . . . . . . . . . . 
     . . . . . . . . . . . . . . . . . . . . . . . . . 
     . . . . . . . . . . . . . . . . . . . . . . . . . 
  20 . . . . . . . . . . . . . . . Be. . . . . . . . . 
     . . . . . . . . . . . . . . . . . . . . . . . . . 
     . . . . . . . . . . . . . . . . . . . . . . . . . 
  14 . . . . . . . . . . . . Va. . . . . . . . . . . . 
     . . . . . . . . . . . . . . . . . . . . . . . . . 
     . . . . . . . . . . * . . . . . . . . . . . . . . 
   8 . . . . . . . . . . . . . . . . . . . . . . . . . 
     . . . . . . . . . . . . . . . . . . . . . . . . . 
     . . . . . . . . . . . . . . . . . . . . . . . . . 
   2 . . . . . . . . . . . . . . . . . . . . . . . . . 
     . . . . . . . . . . . . . . . . . . . . . . . . . 
     . . . . . . . . . . . . . . . . . . . . . . . . . 
  -4 . . . . . . . . . . . . . . . . . . . . . . . . . 
     . . . . . . . . . . . . . . . . . . . . . . . . . 
     . . . . . . . . . . . . . . . . . . . . . . . . . 
 -10 . . . . . . . . . . . . . . . . . . . . . . . . . 
   -10    -4     2     8    14    20    26    32    38
----- Sailing Data -----
      Ship      Fuel    Course     Speed
      Ajax    340.65    333.43      0.00
    Valdez    100.00    225.00      0.00
    Xerxes    745.05     90.00      0.00
        r2     35.00     33.69      5.00
        re    100.00    225.00      0.00

Time 13: Enter command: Ajax stopped at (0.00, 30.00)
Island Exxon now has 3184.03 tons
Island Shell now has 3800.00 tons
Island Treasure_Island now has 170.00 tons
Valdez stopped at (14.64, 14.64)
Xerxes stopped at (0.00, 30.00)
r2 now at (-21.17, -1.76)
re docked at Exxon

Time 14: Enter command: Display size: 25, scale: 2.00, origin: (-10.00, -10.00)
Treasure_Island, r2 outside the map
  38 . . . . . . . . . . . . . . . . . . . . . . . . . 
     . . . . . . . . . . . . . . . . . . . . . . . . . 
     . . . . . . . . . . . . . . . . . . . . . . . . . 
  32 . . . . . . . . . . . . . . . . . . . . . . . . . 
     . . . . . * . . . . . . . . . . . . . . . . . . . 
     . . . . . . . . . . . . . . . . . . . . . . . . . 
  26 . . . . . . . . . . . . . . . . . . . . . . . . . 
     . . . . . . . . . . . . . . . . . . . . . . . . . 
     . . . . . . . . . . . . . . . . . . . . . . . . . 
  20 . . . . . . . . . . . . . . . Be. . . . . . . . . 
     . . . . . . . . . . . . . . . . . . . . . . . . . 
     . . . . . . . . . . . . . . . . . . . . . . . . . 
  14 . . . . . . . . . . . . Va. . . . . . . . . . . . 
     . . . . . . . . . . . . . . . . . . . . . . . . . 
     . . . . . . . . . . * . . . . . . . . . . . . . . 
   8 . . . . . . . . . . . . . . . . . . . . . . . . . 
     . . . . . . . . . . . . . . . . . . . . . . . . . 
     . . . . . . . . . . . . . . . . . . . . . . . . . 
   2 . . . . . . . . . . . . . . . . . . . . . . . . . 
     . . . . . . . . . . . . . . . . . . . . . . . . . 
     . . . . . . . . . . . . . . . . . . . . . . . . . 
  -4 . . . . . . . . . . . . . . . . . . . . . . . . . 
     . . . . . . . . . . . . . . . . . . . . . . . . . 
     . . . . . . . . . . . . . . . . . . . . . . . . . 
 -10 . . . . . . . . . . . . . . . . . . . . . . . . . 
   -10    -4     2     8    14    20    26    32    38
----- Sailing Data -----
      Ship      Fuel    Course     Speed
      Ajax    340.65    333.43      0.00
    Valdez    100.00    225.00      0.00
    Xerxes    745.05     90.00      0.00
        r2     30.00     33.69      5.00
        re    100.00    225.00      0.00

Time 14: Enter command: Ajax will sail on course 116.57 deg, speed 10.00 nm/hr to Treasure_Island

Time 14: Enter command: Ajax now at (8.94, 25.53)
Island Exxon now has 3384.03 tons
Island Shell now has 4000.00 tons
Island Treasure_Island now has 175.00 tons
Valdez stopped at (14.64, 14.64)
Xerxes stopped at (0.00, 30.00)
r2 now at (-18.40, 2.40)
re docked at Exxon

Time 15: Enter command: Display size: 25, scale: 2.00, origin: (-10.00, -10.00)
Treasure_Island, r2 outside the map
  38 . . . . . . . . . . . . . . . . . . . . . . . . . 
     . . . . . . . . . . . . . . . . . . . . . . . . . 
     . . . . . . . . . . . . . . . . . . . . . . . . . 
  32 . . . . . . . . . . . . . . . . . . . . . . . . . 
     . . . . . * . . . . . . . . . . . . . . . . . . . 
     . . . . . . . . . . . . . . . . . . . . . . . . . 
  26 . . . . . . . . . . . . . . . . . . . . . . . . . 
     . . . . . . . . . Aj. . . . . . . . . . . . . . . 
     . . . . . . . . . . . . . . . . . . . . . . . . . 
  20 . . . . . . . . . . . . . . . Be. . . . . . . . . 
     . . . . . . . . . . . . . . . . . . . . . . . . . 
     . . . . . . . . . . . . . . . . . . . . . . . . . 
  14 . . . . . . . . . . . . Va. . . . . . . . . . . . 
     . . . . . . . . . . . . . . . . . . . . . . . . . 
     . . . . . . . . . . * . . . . . . . . . . . . . . 
   8 . . . . . . . . . . . . . . . . . . . . . . . . . 
     . . . . . . . . . . . . . . . . . . . . . . . . . 
     . . . . . . . . . . . . . . . . . . . . . . . . . 
   2 . . . . . . . . . . . . . . . . . . . . . . . . . 
     . . . . . . . . . . . . . . . . . . . . . . . . . 
     . . . . . . . . . . . . . . . . . . . . . . . . . 
  -4 . . . . . . . . . . . . . . . . . . . . . . . . . 
     . . . . . . . . . . . . . . . . . . . . . . . . . 
     . . . . . . . . . . . . . . . . . . . . . . . . . 
 -10 . . . . . . . . . . . . . . . . . . . . . . . . . 
   -10    -4     2     8    14    20    26    32    38
----- Sailing Data -----
      Ship      Fuel    Course     Speed
      Ajax    240.65    116.57     10.00
    Valdez    100.00    225.00      0.00
    Xerxes    745.05     90.00      0.00
        r2     25.00     33.69      5.00
        re    100.00    225.00      0.00

Time 15: Enter command: Ajax now at (17.89, 21.06)
Island Exxon now has 3584.03 tons
Island Shell now has 4200.00 tons
Island Treasure_Island now has 180.00 tons
Valdez stopped at (14.64, 14.64)
Xerxes stopped at (0.00, 30.00)
r2 now at (-15.62, 6.56)
re docked at Exxon

Time 16: Enter command: Display size: 25, scale: 2.00, origin: (-10.00, -10.00)
Treasure_Island, r2 outside the map
  38 . . . . . . . . . . . . . . . . . . . . . . . . . 
     . . . . . . . . . . . . . . . . . . . . . . . . . 
     . . . . . . . . . . . . . . . . . . . . . . . . . 
  32 . . . . . . . . . . . . . . . . . . . . . . . . . 
     . . . . . * . . . . . . . . . . . . . . . . . . . 
     . . . . . . . . . . . . . . . . . . . . . . . . . 
  26 . . . . . . . . . . . . . . . . . . . . . . . . . 
     . . . . . . . . . . . . . . . . . . . . . . . . . 
     . . . . . . . . . . . . . . . . . . . . . . . . . 
  20 . . . . . . . . . . . . . Aj. Be. . . . . . . . . 
     . . . . . . . . . . . . . . . . . . . . . . . . . 
     . . . . . . . . . . . . . . . . . . . . . . . . . 
  14 . . . . . . . . . . . . Va. . . . . . . . . . . . 
     . . . . . . . . . . . . . . . . . . . . . . . . . 
     . . . . . . . . . . * . . . . . . . . . . . . . . 
   8 . . . . . . . . . . . . . . . . . . . . . . . . . 
     . . . . . . . . . . . . . . . . . . . . . . . . . 
     . . . . . . . . . . . . . . . . . . . . . . . . . 
   2 . . . . . . . . . . . . . . . . . . . . . . . . . 
     . . . . . . . . . . . . . . . . . . . . . . . . . 
     . . . . . . . . . . . . . . . . . . . . . . . . . 
  -4 . . . . . . . . . . . . . . . . . . . . . . . . . 
     . . . . . . . . . . . . . . . . . . . . . . . . . 
     . . . . . . . . . . . . . . . . . . . . . . . . . 
 -10 . . . . . . . . . . . . . . . . . . . . . . . . . 
   -10    -4     2     8    14    20    26    32    38
----- Sailing Data -----
      Ship      Fuel    Course     Speed
      Ajax    140.65    116.57     10.00
    Valdez    100.00    225.00      0.00
    Xerxes    745.05     90.00      0.00
        r2     20.00     33.69      5.00
        re    100.00    225.00      0.00

Time 16: Enter command: Ajax will sail on course 296.57 deg, speed 5.00 nm/hr to Shell

Time 16: Enter command: Ajax now at (13.42, 23.29)
Island Exxon now has 3784.03 tons
Island Shell now has 4400.00 tons
Island Treasure_Island now has 185.00 tons
Valdez stopped at (14.64, 14.64)
Xerxes stopped at (0.00, 30.00)
r2 now at (-12.85, 10.72)
re docked at Exxon

Time 17: Enter command: Display size: 25, scale: 2.00, origin: (-10.00, -10.00)
Treasure_Island, r2 outside the map
  38 . . . . . . . . . . . . . . . . . . . . . . . . . 
     . . . . . . . . . . . . . . . . . . . . . . . . . 
     . . . . . . . . . . . . . . . . . . . . . . . . . 
  32 . . . . . . . . . . . . . . . . . . . . . . . . . 
     . . . . . * . . . . . . . . . . . . . . . . . . . 
     . . . . . . . . . . . . . . . . . . . . . . . . . 
  26 . . . . . . . . . . . . . . . . . . . . . . . . . 
     . . . . . . . . . . . . . . . . . . . . . . . . . 
     . . . . . . . . . . . Aj. . . . . . . . . . . . . 
  20 . . . . . . . . . . . . . . . Be. . . . . . . . . 
     . . . . . . . . . . . . . . . . . . . . . . . . . 
     . . . . . . . . . . . . . . . . . . . . . . . . . 
  14 . . . . . . . . . . . . Va. . . . . . . . . . . . 
     . . . . . . . . . . . . . . . . . . . . . . . . . 
     . . . . . . . . . . * . . . . . . . . . . . . . . 
   8 . . . . . . . . . . . . . . . . . . . . . . . . . 
     . . . . . . . . . . . . . . . . . . . . . . . . . 
     . . . . . . . . . . . . . . . . . . . . . . . . . 
   2 . . . . . . . . . . . . . . . . . . . . . . . . . 
     . . . . . . . . . . . . . . . . . . . . . . . . . 
     . . . . . . . . . . . . . . . . . . . . . . . . . 
  -4 . . . . . . . . . . . . . . . . . . . . . . . . . 
     . . . . . . . . . . . . . . . . . . . . . . . . . 
     . . . . . . . . . . . . . . . . . . . . . . . . . 
 -10 . . . . . . . . . . . . . . . . . . . . . . . . . 
   -10    -4     2     8    14    20    26    32    38
----- Sailing Data -----
      Ship      Fuel    Course     Speed
      Ajax     90.65    296.57      5.00
    Valdez    100.00    225.00      0.00
    Xerxes    745.05     90.00      0.00
        r2     15.00     33.69      5.00
        re    100.00    225.00      0.00

Time 17: Enter command: Ajax now at (8.94, 25.53)
Island Exxon now has 3984.03 tons
Island Shell now has 4600.00 tons
Island Treasure_Island now has 190.00 tons
Valdez stopped at (14.64, 14.64)
Xerxes stopped at (0.00, 30.00)
r2 now at (-10.08, 14.88)
re docked at Exxon

Time 18: Enter command: Display size: 25, scale: 2.00, origin: (-10.00, -10.00)
Treasure_Island, r2 outside the map
  38 . . . . . . . . . . . . . . . . . . . . . . . . . 
     . . . . . . . . . . . . . . . . . . . . . . . . . 
     . . . . . . . . . . . . . . . . . . . . . . . . . 
  32 . . . . . . . . . . . . . . . . . . . . . . . . . 
     . . . . . * . . . . . . . . . . . . . . . . . . . 
     . . . . . . . . . . . . . . . . . . . . . . . . . 
  26 . . . . . . . . . . . . . . . . . . . . . . . . . 
     . . . . . . . . . Aj. . . . . . . . . . . . . . . 
     . . . . . . . . . . . . . . . . . . . . . . . . . 
  20 . . . . . . . . . . . . . . . Be. . . . . . . . . 
     . . . . . . . . . . . . . . . . . . . . . . . . . 
     . . . . . . . . . . . . . . . . . . . . . . . . . 
  14 . . . . . . . . . . . . Va. . . . . . . . . . . . 
     . . . . . . . . . . . . . . . . . . . . . . . . . 
     . . . . . . . . . . * . . . . . . . . . . . . . . 
   8 . . . . . . . . . . . . . . . . . . . . . . . . . 
     . . . . . . . . . . . . . . . . . . . . . . . . . 
     . . . . . . . . . . . . . . . . . . . . . . . . . 
   2 . . . . . . . . . . . . . . . . . . . . . . . . . 
     . . . . . . . . . . . . . . . . . . . . . . . . . 
     . . . . . . . . . . . . . . . . . . . . . . . . . 
  -4 . . . . . . . . . . . . . . . . . . . . . . . . . 
     . . . . . . . . . . . . . . . . . . . . . . . . . 
     . . . . . . . . . . . . . . . . . . . . . . . . . 
 -10 . . . . . . . . . . . . . . . . . . . . . . . . . 
   -10    -4     2     8    14    20    26    32    38
----- Sailing Data -----
      Ship      Fuel    Course     Speed
      Ajax     40.65    296.57      5.00
    Valdez    100.00    225.00      0.00
    Xerxes    745.05     90.00      0.00
        r2     10.00     33.69      5.00
        re    100.00    225.00      0.00

Time 18: Enter command: Ajax now at (5.31, 27.35)
Island Exxon now has 4184.03 tons
Island Shell now has 4800.00 tons
Island Treasure_Island now has 195.00 tons
Valdez stopped at (14.64, 14.64)
Xerxes stopped at (0.00, 30.00)
r2 now at (-7.30, 19.04)
re docked at Exxon
re will sail on course 344.86 deg, speed 5.00 nm/hr to (5.31, 27.35)

Time 19: Enter command: Display size: 25, scale: 2.00, origin: (-10.00, -10.00)
Treasure_Island outside the map
  38 . . . . . . . . . . . . . . . . . . . . . . . . . 
     . . . . . . . . . . . . . . . . . . . . . . . . . 
     . . . . . . . . . . . . . . . . . . . . . . . . . 
  32 . . . . . . . . . . . . . . . . . . . . . . . . . 
     . . . . . * . . . . . . . . . . . . . . . . . . . 
     . . . . . . . . . . . . . . . . . . . . . . . . . 
  26 . . . . . . . Aj. . . . . . . . . . . . . . . . . 
     . . . . . . . . . . . . . . . . . . . . . . . . . 
     . . . . . . . . . . . . . . . . . . . . . . . . . 
  20 . . . . . . . . . . . . . . . Be. . . . . . . . . 
     . r2. . . . . . . . . . . . . . . . . . . . . . . 
     . . . . . . . . . . . . . . . . . . . . . . . . . 
  14 . . . . . . . . . . . . Va. . . . . . . . . . . . 
     . . . . . . . . . . . . . . . . . . . . . . . . . 
     . . . . . . . . . . * . . . . . . . . . . . . . . 
   8 . . . . . . . . . . . . . . . . . . . . . . . . . 
     . . . . . . . . . . . . . . . . . . . . . . . . . 
     . . . . . . . . . . . . . . . . . . . . . . . . . 
   2 . . . . . . . . . . . . . . . . . . . . . . . . . 
     . . . . . . . . . . . . . . . . . . . . . . . . . 
     . . . . . . . . . . . . . . . . . . . . . . . . . 
  -4 . . . . . . . . . . . . . . . . . . . . . . . . . 
     . . . . . . . . . . . . . . . . . . . . . . . . . 
     . . . . . . . . . . . . . . . . . . . . . . . . . 
 -10 . . . . . . . . . . . . . . . . . . . . . . . . . 
   -10    -4     2     8    14    20    26    32    38
----- Sailing Data -----
      Ship      Fuel    Course     Speed
      Ajax      0.00    296.57      0.00
    Valdez    100.00    225.00      0.00
    Xerxes    745.05     90.00      0.00
        r2      5.00     33.69      5.00
        re    100.00    344.86      5.00

Time 19: Enter command: Ajax dead in the water at (5.31, 27.35)
Island Exxon now has 4384.03 tons
Island Shell now has 5000.00 tons
Island Treasure_Island now has 200.00 tons
Valdez stopped at (14.64, 14.64)
Xerxes stopped at (0.00, 30.00)
r2 now at (-4.53, 23.21)
re now at (8.69, 14.83)

Time 20: Enter command: Display size: 25, scale: 2.00, origin: (-10.00, -10.00)
Treasure_Island outside the map
  38 . . . . . . . . . . . . . . . . . . . . . . . . . 
     . . . . . . . . . . . . . . . . . . . . . . . . . 
     . . . . . . . . . . . . . . . . . . . . . . . . . 
  32 . . . . . . . . . . . . . . . . . . . . . . . . . 
     . . . . . * . . . . . . . . . . . . . . . . . . . 
     . . . . . . . . . . . . . . . . . . . . . . . . . 
  26 . . . . . . . Aj. . . . . . . . . . . . . . . . . 
     . . . . . . . . . . . . . . . . . . . . . . . . . 
     . . r2. . . . . . . . . . . . . . . . . . . . . . 
  20 . . . . . . . . . . . . . . . Be. . . . . . . . . 
     . . . . . . . . . . . . . . . . . . . . . . . . . 
     . . . . . . . . . . . . . . . . . . . . . . . . . 
  14 . . . . . . . . . re. . Va. . . . . . . . . . . . 
     . . . . . . . . . . . . . . . . . . . . . . . . . 
     . . . . . . . . . . Ex. . . . . . . . . . . . . . 
   8 . . . . . . . . . . . . . . . . . . . . . . . . . 
     . . . . . . . . . . . . . . . . . . . . . . . . . 
     . . . . . . . . . . . . . . . . . . . . . . . . . 
   2 . . . . . . . . . . . . . . . . . . . . . . . . . 
     . . . . . . . . . . . . . . . . . . . . . . . . . 
     . . . . . . . . . . . . . . . . . . . . . . . . . 
  -4 . . . . . . . . . . . . . . . . . . . . . . . . . 
     . . . . . . . . . . . . . . . . . . . . . . . . . 
     . . . . . . . . . . . . . . . . . . . . . . . . . 
 -10 . . . . . . . . . . . . . . . . . . . . . . . . . 
   -10    -4     2     8    14    20    26    32    38
----- Sailing Data -----
      Ship      Fuel    Course     Speed
      Ajax      0.00    296.57      0.00
    Valdez    100.00    225.00      0.00
    Xerxes    745.05     90.00      0.00
        r2      0.00     33.69      0.00
        re     95.00    344.86      5.00

Time 20: Enter command: Ajax dead in the water at (5.31, 27.35)
Island Exxon now has 4584.03 tons
Island Shell now has 5200.00 tons
Island Treasure_Island now has 205.00 tons
Valdez stopped at (14.64, 14.64)
Xerxes stopped at (0.00, 30.00)
r2 dead in the water at (-4.53, 23.21)
re now at (7.39, 19.65)

Time 21: Enter command: Display size: 25, scale: 2.00, origin: (-10.00, -10.00)
Treasure_Island outside the map
  38 . . . . . . . . . . . . . . . . . . . . . . . . . 
     . . . . . . . . . . . . . . . . . . . . . . . . . 
     . . . . . . . . . . . . . . . . . . . . . . . . . 
  32 . . . . . . . . . . . . . . . . . . . . . . . . . 
     . . . . . * . . . . . . . . . . . . . . . . . . . 
     . . . . . . . . . . . . . . . . . . . . . . . . . 
  26 . . . . . . . Aj. . . . . . . . . . . . . . . . . 
     . . . . . . . . . . . . . . . . . . . . . . . . . 
     . . r2. . . . . . . . . . . . . . . . . . . . . . 
  20 . . . . . . . . . . . . . . . Be. . . . . . . . . 
     . . . . . . . . re. . . . . . . . . . . . . . . . 
     . . . . . . . . . . . . . . . . . . . . . . . . . 
  14 . . . . . . . . . . . . Va. . . . . . . . . . . . 
     . . . . . . . . . . . . . . . . . . . . . . . . . 
     . . . . . . . . . . Ex. . . . . . . . . . . . . . 
   8 . . . . . . . . . . . . . . . . . . . . . . . . . 
     . . . . . . . . . . . . . . . . . . . . . . . . . 
     . . . . . . . . . . . . . . . . . . . . . . . . . 
   2 . . . . . . . . . . . . . . . . . . . . . . . . . 
     . . . . . . . . . . . . . . . . . . . . . . . . . 
     . . . . . . . . . . . . . . . . . . . . . . . . . 
  -4 . . . . . . . . . . . . . . . . . . . . . . . . . 
     . . . . . . . . . . . . . . . . . . . . . . . . . 
     . . . . . . . . . . . . . . . . . . . . . . . . . 
 -10 . . . . . . . . . . . . . . . . . . . . . . . . . 
   -10    -4     2     8    14    20    26    32    38
----- Sailing Data -----
      Ship      Fuel    Course     Speed
      Ajax      0.00    296.57      0.00
    Valdez    100.00    225.00      0.00
    Xerxes    745.05     90.00      0.00
        r2      0.00     33.69      0.00
        re     90.00    344.86      5.00

Time 21: Enter command: Ajax dead in the water at (5.31, 27.35)
Island Exxon now has 4784.03 tons
Island Shell now has 5400.00 tons
Island Treasure_Island now has 210.00 tons
Valdez stopped at (14.64, 14.64)
Xerxes stopped at (0.00, 30.00)
r2 dead in the water at (-4.53, 23.21)
re now at (6.08, 24.48)

Time 22: Enter command: Display size: 25, scale: 2.00, origin: (-10.00, -10.00)
Treasure_Island outside the map
  38 . . . . . . . . . . . . . . . . . . . . . . . . . 
     . . . . . . . . . . . . . . . . . . . . . . . . . 
     . . . . . . . . . . . . . . . . . . . . . . . . . 
  32 . . . . . . . . . . . . . . . . . . . . . . . . . 
     . . . . . * . . . . . . . . . . . . . . . . . . . 
     . . . . . . . . . . . . . . . . . . . . . . . . . 
  26 . . . . . . . Aj. . . . . . . . . . . . . . . . . 
     . . . . . . . . re. . . . . . . . . . . . . . . . 
     . . r2. . . . . . . . . . . . . . . . . . . . . . 
  20 . . . . . . . . . . . . . . . Be. . . . . . . . . 
     . . . . . . . . . . . . . . . . . . . . . . . . . 
     . . . . . . . . . . . . . . . . . . . . . . . . . 
  14 . . . . . . . . . . . . Va. . . . . . . . . . . . 
     . . . . . . . . . . . . . . . . . . . . . . . . . 
     . . . . . . . . . . Ex. . . . . . . . . . . . . . 
   8 . . . . . . . . . . . . . . . . . . . . . . . . . 
     . . . . . . . . . . . . . . . . . . . . . . . . . 
     . . . . . . . . . . . . . . . . . . . . . . . . . 
   2 . . . . . . . . . . . . . . . . . . . . . . . . . 
     . . . . . . . . . . . . . . . . . . . . . . . . . 
     . . . . . . . . . . . . . . . . . . . . . . . . . 
  -4 . . . . . . . . . . . . . . . . . . . . . . . . . 
     . . . . . . . . . . . . . . . . . . . . . . . . . 
     . . . . . . . . . . . . . . . . . . . . . . . . . 
 -10 . . . . . . . . . . . . . . . . . . . . . . . . . 
   -10    -4     2     8    14    20    26    32    38
----- Sailing Data -----
      Ship      Fuel    Course     Speed
      Ajax      0.00    296.57      0.00
    Valdez    100.00    225.00      0.00
    Xerxes    745.05     90.00      0.00
        r2      0.00     33.69      0.00
        re     85.00    344.86      5.00

Time 22: Enter command: Ajax dead in the water at (5.31, 27.35)
Island Exxon now has 4984.03 tons
Island Shell now has 5600.00 tons
Island Treasure_Island now has 215.00 tons
Valdez stopped at (14.64, 14.64)
Xerxes stopped at (0.00, 30.00)
r2 dead in the water at (-4.53, 23.21)
re now at (5.31, 27.35)

Time 23: Enter command: Display size: 25, scale: 2.00, origin: (-10.00, -10.00)
Treasure_Island outside the map
  38 . . . . . . . . . . . . . . . . . . . . . . . . . 
     . . . . . . . . . . . . . . . . . . . . . . . . . 
     . . . . . . . . . . . . . . . . . . . . . . . . . 
  32 . . . . . . . . . . . . . . . . . . . . . . . . . 
     . . . . . * . . . . . . . . . . . . . . . . . . . 
     . . . . . . . . . . . . . . . . . . . . . . . . . 
  26 . . . . . . . * . . . . . . . . . . . . . . . . . 
     . . . . . . . . . . . . . . . . . . . . . . . . . 
     . . r2. . . . . . . . . . . . . . . . . . . . . . 
  20 . . . . . . . . . . . . . . . Be. . . . . . . . . 
     . . . . . . . . . . . . . . . . . . . . . . . . . 
     . . . . . . . . . . . . . . . . . . . . . . . . . 
  14 . . . . . . . . . . . . Va. . . . . . . . . . . . 
     . . . . . . . . . . . . . . . . . . . . . . . . . 
     . . . . . . . . . . Ex. . . . . . . . . . . . . . 
   8 . . . . . . . . . . . . . . . . . . . . . . . . . 
     . . . . . . . . . . . . . . . . . . . . . . . . . 
     . . . . . . . . . . . . . . . . . . . . . . . . . 
   2 . . . . . . . . . . . . . . . . . . . . . . . . . 
     . . . . . . . . . . . . . . . . . . . . . . . . . 
     . . . . . . . . . . . . . . . . . . . . . . . . . 
  -4 . . . . . . . . . . . . . . . . . . . . . . . . . 
     . . . . . . . . . . . . . . . . . . . . . . . . . 
     . . . . . . . . . . . . . . . . . . . . . . . . . 
 -10 . . . . . . . . . . . . . . . . . . . . . . . . . 
   -10    -4     2     8    14    20    26    32    38
----- Sailing Data -----
      Ship      Fuel    Course     Speed
      Ajax      0.00    296.57      0.00
    Valdez    100.00    225.00      0.00
    Xerxes    745.05     90.00      0.00
        r2      0.00     33.69      0.00
        re     82.03    344.86      0.00

Time 23: Enter command: Ajax dead in the water at (5.31, 27.35)
Island Exxon now has 5184.03 tons
Island Shell now has 5800.00 tons
Island Treasure_Island now has 220.00 tons
Valdez stopped at (14.64, 14.64)
Xerxes stopped at (0.00, 30.00)
r2 dead in the water at (-4.53, 23.21)
re stopped at (5.31, 27.35)
Ajax has received 500.00 of fuel

Time 24: Enter command: Display size: 25, scale: 2.00, origin: (-10.00, -10.00)
Treasure_Island outside the map
  38 . . . . . . . . . . . . . . . . . . . . . . . . . 
     . . . . . . . . . . . . . . . . . . . . . . . . . 
     . . . . . . . . . . . . . . . . . . . . . . . . . 
  32 . . . . . . . . . . . . . . . . . . . . . . . . . 
     . . . . . * . . . . . . . . . . . . . . . . . . . 
     . . . . . . . . . . . . . . . . . . . . . . . . . 
  26 . . . . . . . * . . . . . . . . . . . . . . . . . 
     . . . . . . . . . . . . . . . . . . . . . . . . . 
     . . r2. . . . . . . . . . . . . . . . . . . . . . 
  20 . . . . . . . . . . . . . . . Be. . . . . . . . . 
     . . . . . . . . . . . . . . . . . . . . . . . . . 
     . . . . . . . . . . . . . . . . . . . . . . . . . 
  14 . . . . . . . . . . . . Va. . . . . . . . . . . . 
     . . . . . . . . . . . . . . . . . . . . . . . . . 
     . . . . . . . . . . Ex. . . . . . . . . . . . . . 
   8 . . . . . . . . . . . . . . . . . . . . . . . . . 
     . . . . . . . . . . . . . . . . . . . . . . . . . 
     . . . . . . . . . . . . . . . . . . . . . . . . . 
   2 . . . . . . . . . . . . . . . . . . . . . . . . . 
     . . . . . . . . . . . . . . . . . . . . . . . . . 
     . . . . . . . . . . . . . . . . . . . . . . . . . 
  -4 . . . . . . . . . . . . . . . . . . . . . . . . . 
     . . . . . . . . . . . . . . . . . . . . . . . . . 
     . . . . . . . . . . . . . . . . . . . . . . . . . 
 -10 . . . . . . . . . . . . . . . . . . . . . . . . . 
   -10    -4     2     8    14    20    26    32    38
----- Sailing Data -----
      Ship      Fuel    Course     Speed
      Ajax    500.00    296.57      0.00
    Valdez    100.00    225.00      0.00
    Xerxes    745.05     90.00      0.00
        r2      0.00     33.69      0.00
        re     82.03    344.86      0.00

Time 24: Enter command: Ajax stopped at (5.31, 27.35)
Island Exxon now has 5384.03 tons
Island Shell now has 6000.00 tons
Island Treasure_Island now has 225.00 tons
Valdez stopped at (14.64, 14.64)
Xerxes stopped at (0.00, 30.00)
r2 dead in the water at (-4.53, 23.21)
re stopped at (5.31, 27.35)
re will sail on course 164.86 deg, speed 5.00 nm/hr to Exxon

Time 25: Enter command: Display size: 25, scale: 2.00, origin: (-10.00, -10.00)
Treasure_Island outside the map
  38 . . . . . . . . . . . . . . . . . . . . . . . . . 
     . . . . . . . . . . . . . . . . . . . . . . . . . 
     . . . . . . . . . . . . . . . . . . . . . . . . . 
  32 . . . . . . . . . . . . . . . . . . . . . . . . . 
     . . . . . * . . . . . . . . . . . . . . . . . . . 
     . . . . . . . . . . . . . . . . . . . . . . . . . 
  26 . . . . . . . * . . . . . . . . . . . . . . . . . 
     . . . . . . . . . . . . . . . . . . . . . . . . . 
     . . r2. . . . . . . . . . . . . . . . . . . . . . 
  20 . . . . . . . . . . . . . . . Be. . . . . . . . . 
     . . . . . . . . . . . . . . . . . . . . . . . . . 
     . . . . . . . . . . . . . . . . . . . . . . . . . 
  14 . . . . . . . . . . . . Va. . . . . . . . . . . . 
     . . . . . . . . . . . . . . . . . . . . . . . . . 
     . . . . . . . . . . Ex. . . . . . . . . . . . . . 
   8 . . . . . . . . . . . . . . . . . . . . . . . . . 
     . . . . . . . . . . . . . . . . . . . . . . . . . 
     . . . . . . . . . . . . . . . . . . . . . . . . . 
   2 . . . . . . . . . . . . . . . . . . . . . . . . . 
     . . . . . . . . . . . . . . . . . . . . . . . . . 
     . . . . . . . . . . . . . . . . . . . . . . . . . 
  -4 . . . . . . . . . . . . . . . . . . . . . . . . . 
     . . . . . . . . . . . . . . . . . . . . . . . . . 
     . . . . . . . . . . . . . . . . . . . . . . . . . 
 -10 . . . . . . . . . . . . . . . . . . . . . . . . . 
   -10    -4     2     8    14    20    26    32    38
----- Sailing Data -----
      Ship      Fuel    Course     Speed
      Ajax    500.00    296.57      0.00
    Valdez    100.00    225.00      0.00
    Xerxes    745.05     90.00      0.00
        r2      0.00     33.69      0.00
        re     82.03    164.86      5.00

Time 25: Enter command: Ajax stopped at (5.31, 27.35)
Island Exxon now has 5584.03 tons
Island Shell now has 6200.00 tons
Island Treasure_Island now has 230.00 tons
Valdez stopped at (14.64, 14.64)
Xerxes stopped at (0.00, 30.00)
r2 dead in the water at (-4.53, 23.21)
re now at (6.61, 22.52)

Time 26: Enter command: Display size: 25, scale: 2.00, origin: (-10.00, -10.00)
Treasure_Island outside the map
  38 . . . . . . . . . . . . . . . . . . . . . . . . . 
     . . . . . . . . . . . . . . . . . . . . . . . . . 
     . . . . . . . . . . . . . . . . . . . . . . . . . 
  32 . . . . . . . . . . . . . . . . . . . . . . . . . 
     . . . . . * . . . . . . . . . . . . . . . . . . . 
     . . . . . . . . . . . . . . . . . . . . . . . . . 
  26 . . . . . . . Aj. . . . . . . . . . . . . . . . . 
     . . . . . . . . . . . . . . . . . . . . . . . . . 
     . . r2. . . . . re. . . . . . . . . . . . . . . . 
  20 . . . . . . . . . . . . . . . Be. . . . . . . . . 
     . . . . . . . . . . . . . . . . . . . . . . . . . 
     . . . . . . . . . . . . . . . . . . . . . . . . . 
  14 . . . . . . . . . . . . Va. . . . . . . . . . . . 
     . . . . . . . . . . . . . . . . . . . . . . . . . 
     . . . . . . . . . . Ex. . . . . . . . . . . . . . 
   8 . . . . . . . . . . . . . . . . . . . . . . . . . 
     . . . . . . . . . . . . . . . . . . . . . . . . . 
     . . . . . . . . . . . . . . . . . . . . . . . . . 
   2 . . . . . . . . . . . . . . . . . . . . . . . . . 
     . . . . . . . . . . . . . . . . . . . . . . . . . 
     . . . . . . . . . . . . . . . . . . . . . . . . . 
  -4 . . . . . . . . . . . . . . . . . . . . . . . . . 
     . . . . . . . . . . . . . . . . . . . . . . . . . 
     . . . . . . . . . . . . . . . . . . . . . . . . . 
 -10 . . . . . . . . . . . . . . . . . . . . . . . . . 
   -10    -4     2     8    14    20    26    32    38
----- Sailing Data -----
      Ship      Fuel    Course     Speed
      Ajax    500.00    296.57      0.00
    Valdez    100.00    225.00      0.00
    Xerxes    745.05     90.00      0.00
        r2      0.00     33.69      0.00
        re     77.03    164.86      5.00

Time 26: Enter command: Ajax stopped at (5.31, 27.35)
Island Exxon now has 5784.03 tons
Island Shell now has 6400.00 tons
Island Treasure_Island now has 235.00 tons
Valdez stopped at (14.64, 14.64)
Xerxes stopped at (0.00, 30.00)
r2 dead in the water at (-4.53, 23.21)
re now at (7.92, 17.69)

Time 27: Enter command: Display size: 25, scale: 2.00, origin: (-10.00, -10.00)
Treasure_Island outside the map
  38 . . . . . . . . . . . . . . . . . . . . . . . . . 
     . . . . . . . . . . . . . . . . . . . . . . . . . 
     . . . . . . . . . . . . . . . . . . . . . . . . . 
  32 . . . . . . . . . . . . . . . . . . . . . . . . . 
     . . . . . * . . . . . . . . . . . . . . . . . . . 
     . . . . . . . . . . . . . . . . . . . . . . . . . 
  26 . . . . . . . Aj. . . . . . . . . . . . . . . . . 
     . . . . . . . . . . . . . . . . . . . . . . . . . 
     . . r2. . . . . . . . . . . . . . . . . . . . . . 
  20 . . . . . . . . . . . . . . . Be. . . . . . . . . 
     . . . . . . . . . . . . . . . . . . . . . . . . . 
     . . . . . . . . re. . . . . . . . . . . . . . . . 
  14 . . . . . . . . . . . . Va. . . . . . . . . . . . 
     . . . . . . . . . . . . . . . . . . . . . . . . . 
     . . . . . . . . . . Ex. . . . . . . . . . . . . . 
   8 . . . . . . . . . . . . . . . . . . . . . . . . . 
     . . . . . . . . . . . . . . . . . . . . . . . . . 
     . . . . . . . . . . . . . . . . . . . . . . . . . 
   2 . . . . . . . . . . . . . . . . . . . . . . . . . 
     . . . . . . . . . . . . . . . . . . . . . . . . . 
     . . . . . . . . . . . . . . . . . . . . . . . . . 
  -4 . . . . . . . . . . . . . . . . . . . . . . . . . 
     . . . . . . . . . . . . . . . . . . . . . . . . . 
     . . . . . . . . . . . . . . . . . . . . . . . . . 
 -10 . . . . . . . . . . . . . . . . . . . . . . . . . 
   -10    -4     2     8    14    20    26    32    38
----- Sailing Data -----
      Ship      Fuel    Course     Speed
      Ajax    500.00    296.57      0.00
    Valdez    100.00    225.00      0.00
    Xerxes    745.05     90.00      0.00
        r2      0.00     33.69      0.00
        re     72.03    164.86      5.00

Time 27: Enter command: Ajax stopped at (5.31, 27.35)
Island Exxon now has 5984.03 tons
Island Shell now has 6600.00 tons
Island Treasure_Island now has 240.00 tons
Valdez stopped at (14.64, 14.64)
Xerxes stopped at (0.00, 30.00)
r2 dead in the water at (-4.53, 23.21)
re now at (9.22, 12.87)

Time 28: Enter command: Display size: 25, scale: 2.00, origin: (-10.00, -10.00)
Treasure_Island outside the map
  38 . . . . . . . . . . . . . . . . . . . . . . . . . 
     . . . . . . . . . . . . . . . . . . . . . . . . . 
     . . . . . . . . . . . . . . . . . . . . . . . . . 
  32 . . . . . . . . . . . . . . . . . . . . . . . . . 
     . . . . . * . . . . . . . . . . . . . . . . . . . 
     . . . . . . . . . . . . . . . . . . . . . . . . . 
  26 . . . . . . . Aj. . . . . . . . . . . . . . . . . 
     . . . . . . . . . . . . . . . . . . . . . . . . . 
     . . r2. . . . . . . . . . . . . . . . . . . . . . 
  20 . . . . . . . . . . . . . . . Be. . . . . . . . . 
     . . . . . . . . . . . . . . . . . . . . . . . . . 
     . . . . . . . . . . . . . . . . . . . . . . . . . 
  14 . . . . . . . . . . . . Va. . . . . . . . . . . . 
     . . . . . . . . . re. . . . . . . . . . . . . . . 
     . . . . . . . . . . Ex. . . . . . . . . . . . . . 
   8 . . . . . . . . . . . . . . . . . . . . . . . . . 
     . . . . . . . . . . . . . . . . . . . . . . . . . 
     . . . . . . . . . . . . . . . . . . . . . . . . . 
   2 . . . . . . . . . . . . . . . . . . . . . . . . . 
     . . . . . . . . . . . . . . . . . . . . . . . . . 
     . . . . . . . . . . . . . . . . . . . . . . . . . 
  -4 . . . . . . . . . . . . . . . . . . . . . . . . . 
     . . . . . . . . . . . . . . . . . . . . . . . . . 
     . . . . . . . . . . . . . . . . . . . . . . . . . 
 -10 . . . . . . . . . . . . . . . . . . . . . . . . . 
   -10    -4     2     8    14    20    26    32    38
----- Sailing Data -----
      Ship      Fuel    Course     Speed
      Ajax    500.00    296.57      0.00
    Valdez    100.00    225.00      0.00
    Xerxes    745.05     90.00      0.00
        r2      0.00     33.69      0.00
        re     67.03    164.86      5.00

Time 28: Enter command: Ajax stopped at (5.31, 27.35)
Island Exxon now has 6184.03 tons
Island Shell now has 6800.00 tons
Island Treasure_Island now has 245.00 tons
Valdez stopped at (14.64, 14.64)
Xerxes stopped at (0.00, 30.00)
r2 dead in the water at (-4.53, 23.21)
re now at (10.00, 10.00)
re docked at Exxon

Time 29: Enter command: Display size: 25, scale: 2.00, origin: (-10.00, -10.00)
Treasure_Island outside the map
  38 . . . . . . . . . . . . . . . . . . . . . . . . . 
     . . . . . . . . . . . . . . . . . . . . . . . . . 
     . . . . . . . . . . . . . . . . . . . . . . . . . 
  32 . . . . . . . . . . . . . . . . . . . . . . . . . 
     . . . . . * . . . . . . . . . . . . . . . . . . . 
     . . . . . . . . . . . . . . . . . . . . . . . . . 
  26 . . . . . . . Aj. . . . . . . . . . . . . . . . . 
     . . . . . . . . . . . . . . . . . . . . . . . . . 
     . . r2. . . . . . . . . . . . . . . . . . . . . . 
  20 . . . . . . . . . . . . . . . Be. . . . . . . . . 
     . . . . . . . . . . . . . . . . . . . . . . . . . 
     . . . . . . . . . . . . . . . . . . . . . . . . . 
  14 . . . . . . . . . . . . Va. . . . . . . . . . . . 
     . . . . . . . . . . . . . . . . . . . . . . . . . 
     . . . . . . . . . . * . . . . . . . . . . . . . . 
   8 . . . . . . . . . . . . . . . . . . . . . . . . . 
     . . . . . . . . . . . . . . . . . . . . . . . . . 
     . . . . . . . . . . . . . . . . . . . . . . . . . 
   2 . . . . . . . . . . . . . . . . . . . . . . . . . 
     . . . . . . . . . . . . . . . . . . . . . . . . . 
     . . . . . . . . . . . . . . . . . . . . . . . . . 
  -4 . . . . . . . . . . . . . . . . . . . . . . . . . 
     . . . . . . . . . . . . . . . . . . . . . . . . . 
     . . . . . . . . . . . . . . . . . . . . . . . . . 
 -10 . . . . . . . . . . . . . . . . . . . . . . . . . 
   -10    -4     2     8    14    20    26    32    38
----- Sailing Data -----
      Ship      Fuel    Course     Speed
      Ajax    500.00    296.57      0.00
    Valdez    100.00    225.00      0.00
    Xerxes    745.05     90.00      0.00
        r2      0.00     33.69      0.00
        re     64.06    164.86      0.00

Time 29: Enter command: Ajax stopped at (5.31, 27.35)
Island Exxon now has 6384.03 tons
Island Shell now has 7000.00 tons
Island Treasure_Island now has 250.00 tons
Valdez stopped at (14.64, 14.64)
Xerxes stopped at (0.00, 30.00)
r2 dead in the water at (-4.53, 23.21)
re docked at Exxon
Island Exxon supplied 35.94 tons of fuel
re now has 100.00 tons of fuel
Island Exxon supplied 500.00 tons of fuel
re now has 500.00 of cargo

Time 30: Enter command: Display size: 25, scale: 2.00, origin: (-10.00, -10.00)
Treasure_Island outside the map
  38 . . . . . . . . . . . . . . . . . . . . . . . . . 
     . . . . . . . . . . . . . . . . . . . . . . . . . 
     . . . . . . . . . . . . . . . . . . . . . . . . . 
  32 . . . . . . . . . . . . . . . . . . . . . . . . . 
     . . . . . * . . . . . . . . . . . . . . . . . . . 
     . . . . . . . . . . . . . . . . . . . . . . . . . 
  26 . . . . . . . Aj. . . . . . . . . . . . . . . . . 
     . . . . . . . . . . . . . . . . . . . . . . . . . 
     . . r2. . . . . . . . . . . . . . . . . . . . . . 
  20 . . . . . . . . . . . . . . . Be. . . . . . . . . 
     . . . . . . . . . . . . . . . . . . . . . . . . . 
     . . . . . . . . . . . . . . . . . . . . . . . . . 
  14 . . . . . . . . . . . . Va. . . . . . . . . . . . 
     . . . . . . . . . . . . . . . . . . . . . . . . . 
     . . . . . . . . . . * . . . . . . . . . . . . . . 
   8 . . . . . . . . . . . . . . . . . . . . . . . . . 
     . . . . . . . . . . . . . . . . . . . . . . . . . 
     . . . . . . . . . . . . . . . . . . . . . . . . . 
   2 . . . . . . . . . . . . . . . . . . . . . . . . . 
     . . . . . . . . . . . . . . . . . . . . . . . . . 
     . . . . . . . . . . . . . . . . . . . . . . . . . 
  -4 . . . . . . . . . . . . . . . . . . . . . . . . . 
     . . . . . . . . . . . . . . . . . . . . . . . . . 
     . . . . . . . . . . . . . . . . . . . . . . . . . 
 -10 . . . . . . . . . . . . . . . . . . . . . . . . . 
   -10    -4     2     8    14    20    26    32    38
----- Sailing Data -----
      Ship      Fuel    Course     Speed
      Ajax    500.00    296.57      0.00
    Valdez    100.00    225.00      0.00
    Xerxes    745.05     90.00      0.00
        r2      0.00     33.69      0.00
        re    100.00    164.86      0.00

Time 30: Enter command: Ajax stopped at (5.31, 27.35)
Island Exxon now has 6048.10 tons
Island Shell now has 7200.00 tons
Island Treasure_Island now has 255.00 tons
Valdez stopped at (14.64, 14.64)
Xerxes stopped at (0.00, 30.00)
r2 dead in the water at (-4.53, 23.21)
re docked at Exxon

Time 31: Enter command: Display size: 25, scale: 2.00, origin: (-10.00, -10.00)
Treasure_Island outside the map
  38 . . . . . . . . . . . . . . . . . . . . . . . . . 
     . . . . . . . . . . . . . . . . . . . . . . . . . 
     . . . . . . . . . . . . . . . . . . . . . . . . . 
  32 . . . . . . . . . . . . . . . . . . . . . . . . . 
     . . . . . * . . . . . . . . . . . . . . . . . . . 
     . . . . . . . . . . . . . . . . . . . . . . . . . 
  26 . . . . . . . Aj. . . . . . . . . . . . . . . . . 
     . . . . . . . . . . . . . . . . . . . . . . . . . 
     . . r2. . . . . . . . . . . . . . . . . . . . . . 
  20 . . . . . . . . . . . . . . . Be. . . . . . . . . 
     . . . . . . . . . . . . . . . . . . . . . . . . . 
     . . . . . . . . . . . . . . . . . . . . . . . . . 
  14 . . . . . . . . . . . . Va. . . . . . . . . . . . 
     . . . . . . . . . . . . . . . . . . . . . . . . . 
     . . . . . . . . . . * . . . . . . . . . . . . . . 
   8 . . . . . . . . . . . . . . . . . . . . . . . . . 
     . . . . . . . . . . . . . . . . . . . . . . . . . 
     . . . . . . . . . . . . . . . . . . . . . . . . . 
   2 . . . . . . . . . . . . . . . . . . . . . . . . . 
     . . . . . . . . . . . . . . . . . . . . . . . . . 
     . . . . . . . . . . . . . . . . . . . . . . . . . 
  -4 . . . . . . . . . . . . . . . . . . . . . . . . . 
     . . . . . . . . . . . . . . . . . . . . . . . . . 
     . . . . . . . . . . . . . . . . . . . . . . . . . 
 -10 . . . . . . . . . . . . . . . . . . . . . . . . . 
   -10    -4     2     8    14    20    26    32    38
----- Sailing Data -----
      Ship      Fuel    Course     Speed
      Ajax    500.00    296.57      0.00
    Valdez    100.00    225.00      0.00
    Xerxes    745.05     90.00      0.00
        r2      0.00     33.69      0.00
        re    100.00    164.86      0.00

Time 31: Enter command: Ajax stopped at (5.31, 27.35)
Island Exxon now has 6248.10 tons
Island Shell now has 7400.00 tons
Island Treasure_Island now has 260.00 tons
Valdez stopped at (14.64, 14.64)
Xerxes stopped at (0.00, 30.00)
r2 dead in the water at (-4.53, 23.21)
re docked at Exxon
re will sail on course 312.26 deg, speed 5.00 nm/hr to (-4.53, 23.21)

Time 32: Enter command: Display size: 25, scale: 2.00, origin: (-10.00, -10.00)
Treasure_Island outside the map
  38 . . . . . . . . . . . . . . . . . . . . . . . . . 
     . . . . . . . . . . . . . . . . . . . . . . . . . 
     . . . . . . . . . . . . . . . . . . . . . . . . . 
  32 . . . . . . . . . . . . . . . . . . . . . . . . . 
     . . . . . * . . . . . . . . . . . . . . . . . . . 
     . . . . . . . . . . . . . . . . . . . . . . . . . 
  26 . . . . . . . Aj. . . . . . . . . . . . . . . . . 
     . . . . . . . . . . . . . . . . . . . . . . . . . 
     . . r2. . . . . . . . . . . . . . . . . . . . . . 
  20 . . . . . . . . . . . . . . . Be. . . . . . . . . 
     . . . . . . . . . . . . . . . . . . . . . . . . . 
     . . . . . . . . . . . . . . . . . . . . . . . . . 
  14 . . . . . . . . . . . . Va. . . . . . . . . . . . 
     . . . . . . . . . . . . . . . . . . . . . . . . . 
     . . . . . . . . . . * . . . . . . . . . . . . . . 
   8 . . . . . . . . . . . . . . . . . . . . . . . . . 
     . . . . . . . . . . . . . . . . . . . . . . . . . 
     . . . . . . . . . . . . . . . . . . . . . . . . . 
   2 . . . . . . . . . . . . . . . . . . . . . . . . . 
     . . . . . . . . . . . . . . . . . . . . . . . . . 
     . . . . . . . . . . . . . . . . . . . . . . . . . 
  -4 . . . . . . . . . . . . . . . . . . . . . . . . . 
     . . . . . . . . . . . . . . . . . . . . . . . . . 
     . . . . . . . . . . . . . . . . . . . . . . . . . 
 -10 . . . . . . . . . . . . . . . . . . . . . . . . . 
   -10    -4     2     8    14    20    26    32    38
----- Sailing Data -----
      Ship      Fuel    Course     Speed
      Ajax    500.00    296.57      0.00
    Valdez    100.00    225.00      0.00
    Xerxes    745.05     90.00      0.00
        r2      0.00     33.69      0.00
        re    100.00    312.26      5.00

Time 32: Enter command: Ajax stopped at (5.31, 27.35)
Island Exxon now has 6448.10 tons
Island Shell now has 7600.00 tons
Island Treasure_Island now has 265.00 tons
Valdez stopped at (14.64, 14.64)
Xerxes stopped at (0.00, 30.00)
r2 dead in the water at (-4.53, 23.21)
re now at (6.30, 13.36)

Time 33: Enter command: Display size: 25, scale: 2.00, origin: (-10.00, -10.00)
Treasure_Island outside the map
  38 . . . . . . . . . . . . . . . . . . . . . . . . . 
     . . . . . . . . . . . . . . . . . . . . . . . . . 
     . . . . . . . . . . . . . . . . . . . . . . . . . 
  32 . . . . . . . . . . . . . . . . . . . . . . . . . 
     . . . . . * . . . . . . . . . . . . . . . . . . . 
     . . . . . . . . . . . . . . . . . . . . . . . . . 
  26 . . . . . . . Aj. . . . . . . . . . . . . . . . . 
     . . . . . . . . . . . . . . . . . . . . . . . . . 
     . . r2. . . . . . . . . . . . . . . . . . . . . . 
  20 . . . . . . . . . . . . . . . Be. . . . . . . . . 
     . . . . . . . . . . . . . . . . . . . . . . . . . 
     . . . . . . . . . . . . . . . . . . . . . . . . . 
  14 . . . . . . . . . . . . Va. . . . . . . . . . . . 
     . . . . . . . . re. . . . . . . . . . . . . . . . 
     . . . . . . . . . . Ex. . . . . . . . . . . . . . 
   8 . . . . . . . . . . . . . . . . . . . . . . . . . 
     . . . . . . . . . . . . . . . . . . . . . . . . . 
     . . . . . . . . . . . . . . . . . . . . . . . . . 
   2 . . . . . . . . . . . . . . . . . . . . . . . . . 
     . . . . . . . . . . . . . . . . . . . . . . . . . 
     . . . . . . . . . . . . . . . . . . . . . . . . . 
  -4 . . . . . . . . . . . . . . . . . . . . . . . . . 
     . . . . . . . . . . . . . . . . . . . . . . . . . 
     . . . . . . . . . . . . . . . . . . . . . . . . . 
 -10 . . . . . . . . . . . . . . . . . . . . . . . . . 
   -10    -4     2     8    14    20    26    32    38
----- Sailing Data -----
      Ship      Fuel    Course     Speed
      Ajax    500.00    296.57      0.00
    Valdez    100.00    225.00      0.00
    Xerxes    745.05     90.00      0.00
        r2      0.00     33.69      0.00
        re     95.00    312.26      5.00

Time 33: Enter command: Ajax stopped at (5.31, 27.35)
Island Exxon now has 6648.10 tons
Island Shell now has 7800.00 tons
Island Treasure_Island now has 270.00 tons
Valdez stopped at (14.64, 14.64)
Xerxes stopped at (0.00, 30.00)
r2 dead in the water at (-4.53, 23.21)
re now at (2.60, 16.73)

Time 34: Enter command: Display size: 25, scale: 2.00, origin: (-10.00, -10.00)
Treasure_Island outside the map
  38 . . . . . . . . . . . . . . . . . . . . . . . . . 
     . . . . . . . . . . . . . . . . . . . . . . . . . 
     . . . . . . . . . . . . . . . . . . . . . . . . . 
  32 . . . . . . . . . . . . . . . . . . . . . . . . . 
     . . . . . * . . . . . . . . . . . . . . . . . . . 
     . . . . . . . . . . . . . . . . . . . . . . . . . 
  26 . . . . . . . Aj. . . . . . . . . . . . . . . . . 
     . . . . . . . . . . . . . . . . . . . . . . . . . 
     . . r2. . . . . . . . . . . . . . . . . . . . . . 
  20 . . . . . . . . . . . . . . . Be. . . . . . . . . 
     . . . . . . . . . . . . . . . . . . . . . . . . . 
     . . . . . . re. . . . . . . . . . . . . . . . . . 
  14 . . . . . . . . . . . . Va. . . . . . . . . . . . 
     . . . . . . . . . . . . . . . . . . . . . . . . . 
     . . . . . . . . . . Ex. . . . . . . . . . . . . . 
   8 . . . . . . . . . . . . . . . . . . . . . . . . . 
     . . . . . . . . . . . . . . . . . . . . . . . . . 
     . . . . . . . . . . . . . . . . . . . . . . . . . 
   2 . . . . . . . . . . . . . . . . . . . . . . . . . 
     . . . . . . . . . . . . . . . . . . . . . . . . . 
     . . . . . . . . . . . . . . . . . . . . . . . . . 
  -4 . . . . . . . . . . . . . . . . . . . . . . . . . 
     . . . . . . . . . . . . . . . . . . . . . . . . . 
     . . . . . . . . . . . . . . . . . . . . . . . . . 
 -10 . . . . . . . . . . . . . . . . . . . . . . . . . 
   -10    -4     2     8    14    20    26    32    38
----- Sailing Data -----
      Ship      Fuel    Course     Speed
      Ajax    500.00    296.57      0.00
    Valdez    100.00    225.00      0.00
    Xerxes    745.05     90.00      0.00
        r2      0.00     33.69      0.00
        re     90.00    312.26      5.00

Time 34: Enter command: Ajax stopped at (5.31, 27.35)
Island Exxon now has 6848.10 tons
Island Shell now has 8000.00 tons
Island Treasure_Island now has 275.00 tons
Valdez stopped at (14.64, 14.64)
Xerxes stopped at (0.00, 30.00)
r2 dead in the water at (-4.53, 23.21)
re now at (-1.10, 20.09)

Time 35: Enter command: Display size: 25, scale: 2.00, origin: (-10.00, -10.00)
Treasure_Island outside the map
  38 . . . . . . . . . . . . . . . . . . . . . . . . . 
     . . . . . . . . . . . . . . . . . . . . . . . . . 
     . . . . . . . . . . . . . . . . . . . . . . . . . 
  32 . . . . . . . . . . . . . . . . . . . . . . . . . 
     . . . . . * . . . . . . . . . . . . . . . . . . . 
     . . . . . . . . . . . . . . . . . . . . . . . . . 
  26 . . . . . . . Aj. . . . . . . . . . . . . . . . . 
     . . . . . . . . . . . . . . . . . . . . . . . . . 
     . . r2. . . . . . . . . . . . . . . . . . . . . . 
  20 . . . . re. . . . . . . . . . Be. . . . . . . . . 
     . . . . . . . . . . . . . . . . . . . . . . . . . 
     . . . . . . . . . . . . . . . . . . . . . . . . . 
  14 . . . . . . . . . . . . Va. . . . . . . . . . . . 
     . . . . . . . . . . . . . . . . . . . . . . . . . 
     . . . . . . . . . . Ex. . . . . . . . . . . . . . 
   8 . . . . . . . . . . . . . . . . . . . . . . . . . 
     . . . . . . . . . . . . . . . . . . . . . . . . . 
     . . . . . . . . . . . . . . . . . . . . . . . . . 
   2 . . . . . . . . . . . . . . . . . . . . . . . . . 
     . . . . . . . . . . . . . . . . . . . . . . . . . 
     . . . . . . . . . . . . . . . . . . . . . . . . . 
  -4 . . . . . . . . . . . . . . . . . . . . . . . . . 
     . . . . . . . . . . . . . . . . . . . . . . . . . 
     . . . . . . . . . . . . . . . . . . . . . . . . . 
 -10 . . . . . . . . . . . . . . . . . . . . . . . . . 
   -10    -4     2     8    14    20    26    32    38
----- Sailing Data -----
      Ship      Fuel    Course     Speed
      Ajax    500.00    296.57      0.00
    Valdez    100.00    225.00      0.00
    Xerxes    745.05     90.00      0.00
        r2      0.00     33.69      0.00
        re     85.00    312.26      5.00

Time 35: Enter command: Ajax stopped at (5.31, 27.35)
Island Exxon now has 7048.10 tons
Island Shell now has 8200.00 tons
Island Treasure_Island now has 280.00 tons
Valdez stopped at (14.64, 14.64)
Xerxes stopped at (0.00, 30.00)
r2 dead in the water at (-4.53, 23.21)
re now at (-4.53, 23.21)

Time 36: Enter command: Display size: 25, scale: 2.00, origin: (-10.00, -10.00)
Treasure_Island outside the map
  38 . . . . . . . . . . . . . . . . . . . . . . . . . 
     . . . . . . . . . . . . . . . . . . . . . . . . . 
     . . . . . . . . . . . . . . . . . . . . . . . . . 
  32 . . . . . . . . . . . . . . . . . . . . . . . . . 
     . . . . . * . . . . . . . . . . . . . . . . . . . 
     . . . . . . . . . . . . . . . . . . . . . . . . . 
  26 . . . . . . . Aj. . . . . . . . . . . . . . . . . 
     . . . . . . . . . . . . . . . . . . . . . . . . . 
     . . * . . . . . . . . . . . . . . . . . . . . . . 
  20 . . . . . . . . . . . . . . . Be. . . . . . . . . 
     . . . . . . . . . . . . . . . . . . . . . . . . . 
     . . . . . . . . . . . . . . . . . . . . . . . . . 
  14 . . . . . . . . . . . . Va. . . . . . . . . . . . 
     . . . . . . . . . . . . . . . . . . . . . . . . . 
     . . . . . . . . . . Ex. . . . . . . . . . . . . . 
   8 . . . . . . . . . . . . . . . . . . . . . . . . . 
     . . . . . . . . . . . . . . . . . . . . . . . . . 
     . . . . . . . . . . . . . . . . . . . . . . . . . 
   2 . . . . . . . . . . . . . . . . . . . . . . . . . 
     . . . . . . . . . . . . . . . . . . . . . . . . . 
     . . . . . . . . . . . . . . . . . . . . . . . . . 
  -4 . . . . . . . . . . . . . . . . . . . . . . . . . 
     . . . . . . . . . . . . . . . . . . . . . . . . . 
     . . . . . . . . . . . . . . . . . . . . . . . . . 
 -10 . . . . . . . . . . . . . . . . . . . . . . . . . 
   -10    -4     2     8    14    20    26    32    38
----- Sailing Data -----
      Ship      Fuel    Course     Speed
      Ajax    500.00    296.57      0.00
    Valdez    100.00    225.00      0.00
    Xerxes    745.05     90.00      0.00
        r2      0.00     33.69      0.00
        re     80.37    312.26      0.00

Time 36: Enter command: 
Cruiser Ajax at (5.31, 27.35), fuel: 500.00 tons, resistance: 6
Stopped

Island Bermuda at position (20.00, 20.00)
Fuel available: 0.00 tons

Island Exxon at position (10.00, 10.00)
Fuel available: 7048.10 tons

Island Shell at position (0.00, 30.00)
Fuel available: 8200.00 tons

Island Treasure_Island at position (50.00, 5.00)
Fuel available: 280.00 tons

Tanker Valdez at (14.64, 14.64), fuel: 100.00 tons, resistance: 0
Stopped
Cargo: 0.00 tons, no cargo destinations

Cruiser Xerxes at (0.00, 30.00), fuel: 745.05 tons, resistance: 6
Stopped

Refuel_ship r2 at (-4.53, 23.21), fuel: 0.00 tons, resistance: 0
Dead in the water
Moving to base island Shell

Refuel_ship re at (-4.53, 23.21), fuel: 80.37 tons, resistance: 0
Stopped
Refueling ship r2

Time 36: Enter command: Ajax stopped at (5.31, 27.35)
Island Exxon now has 7248.10 tons
Island Shell now has 8400.00 tons
Island Treasure_Island now has 285.00 tons
Valdez stopped at (14.64, 14.64)
Xerxes stopped at (0.00, 30.00)
r2 dead in the water at (-4.53, 23.21)
re stopped at (-4.53, 23.21)
r2 has received 100.00 of fuel

Time 37: Enter command: Display size: 25, scale: 2.00, origin: (-10.00, -10.00)
Treasure_Island outside the map
  38 . . . . . . . . . . . . . . . . . . . . . . . . . 
     . . . . . . . . . . . . . . . . . . . . . . . . . 
     . . . . . . . . . . . . . . . . . . . . . . . . . 
  32 . . . . . . . . . . . . . . . . . . . . . . . . . 
     . . . . . * . . . . . . . . . . . . . . . . . . . 
     . . . . . . . . . . . . . . . . . . . . . . . . . 
  26 . . . . . . . Aj. . . . . . . . . . . . . . . . . 
     . . . . . . . . . . . . . . . . . . . . . . . . . 
     . . * . . . . . . . . . . . . . . . . . . . . . . 
  20 . . . . . . . . . . . . . . . Be. . . . . . . . . 
     . . . . . . . . . . . . . . . . . . . . . . . . . 
     . . . . . . . . . . . . . . . . . . . . . . . . . 
  14 . . . . . . . . . . . . Va. . . . . . . . . . . . 
     . . . . . . . . . . . . . . . . . . . . . . . . . 
     . . . . . . . . . . Ex. . . . . . . . . . . . . . 
   8 . . . . . . . . . . . . . . . . . . . . . . . . . 
     . . . . . . . . . . . . . . . . . . . . . . . . . 
     . . . . . . . . . . . . . . . . . . . . . . . . . 
   2 . . . . . . . . . . . . . . . . . . . . . . . . . 
     . . . . . . . . . . . . . . . . . . . . . . . . . 
     . . . . . . . . . . . . . . . . . . . . . . . . . 
  -4 . . . . . . . . . . . . . . . . . . . . . . . . . 
     . . . . . . . . . . . . . . . . . . . . . . . . . 
     . . . . . . . . . . . . . . . . . . . . . . . . . 
 -10 . . . . . . . . . . . . . . . . . . . . . . . . . 
   -10    -4     2     8    14    20    26    32    38
----- Sailing Data -----
      Ship      Fuel    Course     Speed
      Ajax    500.00    296.57      0.00
    Valdez    100.00    225.00      0.00
    Xerxes    745.05     90.00      0.00
        r2    100.00     33.69      0.00
        re     80.37    312.26      0.00

Time 37: Enter command: Ajax stopped at (5.31, 27.35)
Island Exxon now has 7448.10 tons
Island Shell now has 8600.00 tons
Island Treasure_Island now has 290.00 tons
Valdez stopped at (14.64, 14.64)
Xerxes stopped at (0.00, 30.00)
r2 stopped at (-4.53, 23.21)
r2 will sail on course 33.69 deg, speed 5.00 nm/hr to Shell
re stopped at (-4.53, 23.21)
re will sail on course 132.26 deg, speed 5.00 nm/hr to Exxon

Time 38: Enter command: Ajax stopped at (5.31, 27.35)
Island Exxon now has 7648.10 tons
Island Shell now has 8800.00 tons
Island Treasure_Island now has 295.00 tons
Valdez stopped at (14.64, 14.64)
Xerxes stopped at (0.00, 30.00)
r2 now at (-1.76, 27.37)
re now at (-0.83, 19.84)

Time 39: Enter command: Ajax stopped at (5.31, 27.35)
Island Exxon now has 7848.10 tons
Island Shell now has 9000.00 tons
Island Treasure_Island now has 300.00 tons
Valdez stopped at (14.64, 14.64)
Xerxes stopped at (0.00, 30.00)
r2 now at (0.00, 30.00)
r2 docked at Shell
re now at (2.87, 16.48)

Time 40: Enter command: Ajax stopped at (5.31, 27.35)
Island Exxon now has 8048.10 tons
Island Shell now has 9200.00 tons
Island Treasure_Island now has 305.00 tons
Valdez stopped at (14.64, 14.64)
Xerxes stopped at (0.00, 30.00)
r2 docked at Shell
Island Shell supplied 8.17 tons of fuel
r2 now has 100.00 tons of fuel
Island Shell supplied 500.00 tons of fuel
r2 now has 500.00 of cargo
re now at (6.57, 13.12)

Time 41: Enter command: Ajax stopped at (5.31, 27.35)
Island Exxon now has 8248.10 tons
Island Shell now has 8891.83 tons
Island Treasure_Island now has 310.00 tons
Valdez stopped at (14.64, 14.64)
Xerxes stopped at (0.00, 30.00)
r2 docked at Shell
re now at (10.00, 10.00)
re docked at Exxon

Time 42: Enter command: Done
