
Time 0: Enter command: 
Time 0: Enter command: 
Time 0: Enter command: Display size: 25, scale: 2.00, origin: (-10.00, -10.00)
Treasure_Island outside the map
  38 . . . . . . . . . . . . . . . . . . . . . . . . . 
     . . . . . . . . . . . . . . . . . . . . . . . . . 
     . . . . . . . . . . . . . . . . . . . . . . . . . 
  32 . . . . . . . . . . . . . . . . . . . . . . . . . 
     . . . . . Sh. . . . . . . . . . . . . . Va. . . . 
     . . . . . . . . . . . . . . . . . . . . . . . . . 
  26 . . . . . . . . . . . . . . . . . . . . . . . . . 
     . . . . . . . . . . . . . . . . . Xe. . . . . . . 
     . . . . . . . . . . . . . . . . . . . . . . . . . 
  20 . . . . . . . . . . . . . . . Be. . . . . . . . . 
     . . . . . . . . . . . . . . . . . . . . . . . . . 
     . . . . . . . . . . . . . . . . . . . . . . . . . 
  14 . . . . . . . . . . . . Aj. . . . . . . . . . . . 
     . . . . . . . . . . . . . . . . . . . . . . . . . 
     . . . . . . . . . . Ex. . . . . . . . . . . . . . 
   8 . . . . . . . . . . . . . . . . . . . . . . . . . 
     . . . . . . . . . . . . . . . . . . . . . . . . . 
     . . . . . . . . . . . . . . . . . . . . . . . . . 
   2 . . . . . . . . . . . . . . . . . . . . . . . . . 
     . . . . . . . . . . . . . . . . . . . . . . . . . 
     . . . . . . . . . . . . . . . . . . . . . . . . . 
  -4 . . . . . . . . . . . . . . . . . . . . . . . . . 
     . . . . . . . . . . . . . . . . . . . . . . . . . 
     . . . . . . . . . . . . . . . . . . . . . . . . . 
 -10 . . . . . . . . . . . . . . . . . . . . . . . . . 
   -10    -4     2     8    14    20    26    32    38
----- Sailing Data -----
      Ship      Fuel    Course     Speed
      Ajax   1000.00      0.00      0.00
    Valdez    100.00      0.00      0.00
    Xerxes   1000.00      0.00      0.00

Time 0: Enter command: 
Time 0: Enter command: 
Time 0: Enter command: r2 will sail on course 45.00 deg, speed 5.00 nm/hr to Exxon

Time 0: Enter command: Valdez will sail on course 225.00 deg, speed 10.00 nm/hr to Exxon

Time 0: Enter command: re will sail on course 225.00 deg, speed 5.00 nm/hr to Exxon

Time 0: Enter command: Xerxes will sail on course 128.66 deg, speed 10.00 nm/hr to Treasure_Island

Time 0: Enter command: Valdez will sail on course 225.00 deg, speed 10.00 nm/hr to Exxon

Time 0: Enter command: Xerxes will sail on course 281.31 deg, speed 10.00 nm/hr to Shell

Time 0: Enter command: 
Cruiser Ajax at (15.00, 15.00), fuel: 1000.00 tons, resistance: 6
Stopped

Island Bermuda at position (20.00, 20.00)
Fuel available: 0.00 tons

Island Exxon at position (10.00, 10.00)
Fuel available: 1000.00 tons

Island Shell at position (0.00, 30.00)
Fuel available: 1000.00 tons

Island Treasure_Island at position (50.00, 5.00)
Fuel available: 100.00 tons

Tanker Valdez at (30.00, 30.00), fuel: 100.00 tons, resistance: 0
Moving to Exxon on course 225.00 deg, speed 10.00 nm/hr
Cargo: 0.00 tons, no cargo destinations

Cruiser Xerxes at (25.00, 25.00), fuel: 1000.00 tons, resistance: 6
Moving to Shell on course 281.31 deg, speed 10.00 nm/hr

Refuel_ship r2 at (-30.00, -30.00), fuel: 100.00 tons, resistance: 0
Moving to Exxon on course 45.00 deg, speed 5.00 nm/hr
Moving to base island Exxon

Refuel_ship re at (12.00, 12.00), fuel: 100.00 tons, resistance: 0
Moving to Exxon on course 225.00 deg, speed 5.00 nm/hr
Moving to base island Exxon

Time 0: Enter command: Ajax stopped at (15.00, 15.00)
Island Exxon now has 1200.00 tons
Island Shell now has 1200.00 tons
Island Treasure_Island now has 105.00 tons
Valdez now at (22.93, 22.93)
Xerxes now at (15.19, 26.96)
r2 now at (-26.46, -26.46)
re now at (10.00, 10.00)
re docked at Exxon

Time 1: Enter command: Display size: 25, scale: 2.00, origin: (-10.00, -10.00)
Treasure_Island, r2 outside the map
  38 . . . . . . . . . . . . . . . . . . . . . . . . . 
     . . . . . . . . . . . . . . . . . . . . . . . . . 
     . . . . . . . . . . . . . . . . . . . . . . . . . 
  32 . . . . . . . . . . . . . . . . . . . . . . . . . 
     . . . . . Sh. . . . . . . . . . . . . . . . . . . 
     . . . . . . . . . . . . . . . . . . . . . . . . . 
  26 . . . . . . . . . . . . Xe. . . . . . . . . . . . 
     . . . . . . . . . . . . . . . . . . . . . . . . . 
     . . . . . . . . . . . . . . . . Va. . . . . . . . 
  20 . . . . . . . . . . . . . . . Be. . . . . . . . . 
     . . . . . . . . . . . . . . . . . . . . . . . . . 
     . . . . . . . . . . . . . . . . . . . . . . . . . 
  14 . . . . . . . . . . . . Aj. . . . . . . . . . . . 
     . . . . . . . . . . . . . . . . . . . . . . . . . 
     . . . . . . . . . . * . . . . . . . . . . . . . . 
   8 . . . . . . . . . . . . . . . . . . . . . . . . . 
     . . . . . . . . . . . . . . . . . . . . . . . . . 
     . . . . . . . . . . . . . . . . . . . . . . . . . 
   2 . . . . . . . . . . . . . . . . . . . . . . . . . 
     . . . . . . . . . . . . . . . . . . . . . . . . . 
     . . . . . . . . . . . . . . . . . . . . . . . . . 
  -4 . . . . . . . . . . . . . . . . . . . . . . . . . 
     . . . . . . . . . . . . . . . . . . . . . . . . . 
     . . . . . . . . . . . . . . . . . . . . . . . . . 
 -10 . . . . . . . . . . . . . . . . . . . . . . . . . 
   -10    -4     2     8    14    20    26    32    38
----- Sailing Data -----
      Ship      Fuel    Course     Speed
      Ajax   1000.00      0.00      0.00
    Valdez     80.00    225.00     10.00
    Xerxes    900.00    281.31     10.00
        r2     95.00     45.00      5.00
        re     97.17    225.00      0.00

Time 1: Enter command: Ajax stopped at (15.00, 15.00)
Island Exxon now has 1400.00 tons
Island Shell now has 1400.00 tons
Island Treasure_Island now has 110.00 tons
Valdez now at (15.86, 15.86)
Xerxes now at (5.39, 28.92)
r2 now at (-22.93, -22.93)
re docked at Exxon
Island Exxon supplied 2.83 tons of fuel
re now has 100.00 tons of fuel
Island Exxon supplied 500.00 tons of fuel
re now has 500.00 of cargo

Time 2: Enter command: Display size: 25, scale: 2.00, origin: (-10.00, -10.00)
Treasure_Island, r2 outside the map
  38 . . . . . . . . . . . . . . . . . . . . . . . . . 
     . . . . . . . . . . . . . . . . . . . . . . . . . 
     . . . . . . . . . . . . . . . . . . . . . . . . . 
  32 . . . . . . . . . . . . . . . . . . . . . . . . . 
     . . . . . Sh. . . . . . . . . . . . . . . . . . . 
     . . . . . . . Xe. . . . . . . . . . . . . . . . . 
  26 . . . . . . . . . . . . . . . . . . . . . . . . . 
     . . . . . . . . . . . . . . . . . . . . . . . . . 
     . . . . . . . . . . . . . . . . . . . . . . . . . 
  20 . . . . . . . . . . . . . . . Be. . . . . . . . . 
     . . . . . . . . . . . . . . . . . . . . . . . . . 
     . . . . . . . . . . . . . . . . . . . . . . . . . 
  14 . . . . . . . . . . . . * . . . . . . . . . . . . 
     . . . . . . . . . . . . . . . . . . . . . . . . . 
     . . . . . . . . . . * . . . . . . . . . . . . . . 
   8 . . . . . . . . . . . . . . . . . . . . . . . . . 
     . . . . . . . . . . . . . . . . . . . . . . . . . 
     . . . . . . . . . . . . . . . . . . . . . . . . . 
   2 . . . . . . . . . . . . . . . . . . . . . . . . . 
     . . . . . . . . . . . . . . . . . . . . . . . . . 
     . . . . . . . . . . . . . . . . . . . . . . . . . 
  -4 . . . . . . . . . . . . . . . . . . . . . . . . . 
     . . . . . . . . . . . . . . . . . . . . . . . . . 
     . . . . . . . . . . . . . . . . . . . . . . . . . 
 -10 . . . . . . . . . . . . . . . . . . . . . . . . . 
   -10    -4     2     8    14    20    26    32    38
----- Sailing Data -----
      Ship      Fuel    Course     Speed
      Ajax   1000.00      0.00      0.00
    Valdez     60.00    225.00     10.00
    Xerxes    800.00    281.31     10.00
        r2     90.00     45.00      5.00
        re    100.00    225.00      0.00

Time 2: Enter command: Ajax stopped at (15.00, 15.00)
Island Exxon now has 1097.17 tons
Island Shell now has 1600.00 tons
Island Treasure_Island now has 115.00 tons
Valdez now at (10.00, 10.00)
Xerxes now at (0.00, 30.00)
r2 now at (-19.39, -19.39)
re docked at Exxon

Time 3: Enter command: Display size: 25, scale: 2.00, origin: (-10.00, -10.00)
Treasure_Island, r2 outside the map
  38 . . . . . . . . . . . . . . . . . . . . . . . . . 
     . . . . . . . . . . . . . . . . . . . . . . . . . 
     . . . . . . . . . . . . . . . . . . . . . . . . . 
  32 . . . . . . . . . . . . . . . . . . . . . . . . . 
     . . . . . * . . . . . . . . . . . . . . . . . . . 
     . . . . . . . . . . . . . . . . . . . . . . . . . 
  26 . . . . . . . . . . . . . . . . . . . . . . . . . 
     . . . . . . . . . . . . . . . . . . . . . . . . . 
     . . . . . . . . . . . . . . . . . . . . . . . . . 
  20 . . . . . . . . . . . . . . . Be. . . . . . . . . 
     . . . . . . . . . . . . . . . . . . . . . . . . . 
     . . . . . . . . . . . . . . . . . . . . . . . . . 
  14 . . . . . . . . . . . . Aj. . . . . . . . . . . . 
     . . . . . . . . . . . . . . . . . . . . . . . . . 
     . . . . . . . . . . * . . . . . . . . . . . . . . 
   8 . . . . . . . . . . . . . . . . . . . . . . . . . 
     . . . . . . . . . . . . . . . . . . . . . . . . . 
     . . . . . . . . . . . . . . . . . . . . . . . . . 
   2 . . . . . . . . . . . . . . . . . . . . . . . . . 
     . . . . . . . . . . . . . . . . . . . . . . . . . 
     . . . . . . . . . . . . . . . . . . . . . . . . . 
  -4 . . . . . . . . . . . . . . . . . . . . . . . . . 
     . . . . . . . . . . . . . . . . . . . . . . . . . 
     . . . . . . . . . . . . . . . . . . . . . . . . . 
 -10 . . . . . . . . . . . . . . . . . . . . . . . . . 
   -10    -4     2     8    14    20    26    32    38
----- Sailing Data -----
      Ship      Fuel    Course     Speed
      Ajax   1000.00      0.00      0.00
    Valdez     43.43    225.00      0.00
    Xerxes    745.05    281.31      0.00
        r2     85.00     45.00      5.00
        re    100.00    225.00      0.00

Time 3: Enter command: Valdez will sail on course 45.00 deg, speed 10.00 nm/hr to Bermuda

Time 3: Enter command: Ajax stopped at (15.00, 15.00)
Island Exxon now has 1297.17 tons
Island Shell now has 1800.00 tons
Island Treasure_Island now has 120.00 tons
Valdez now at (17.07, 17.07)
Xerxes stopped at (0.00, 30.00)
r2 now at (-15.86, -15.86)
re docked at Exxon

Time 4: Enter command: Display size: 25, scale: 2.00, origin: (-10.00, -10.00)
Treasure_Island, r2 outside the map
  38 . . . . . . . . . . . . . . . . . . . . . . . . . 
     . . . . . . . . . . . . . . . . . . . . . . . . . 
     . . . . . . . . . . . . . . . . . . . . . . . . . 
  32 . . . . . . . . . . . . . . . . . . . . . . . . . 
     . . . . . * . . . . . . . . . . . . . . . . . . . 
     . . . . . . . . . . . . . . . . . . . . . . . . . 
  26 . . . . . . . . . . . . . . . . . . . . . . . . . 
     . . . . . . . . . . . . . . . . . . . . . . . . . 
     . . . . . . . . . . . . . . . . . . . . . . . . . 
  20 . . . . . . . . . . . . . . . Be. . . . . . . . . 
     . . . . . . . . . . . . . . . . . . . . . . . . . 
     . . . . . . . . . . . . . Va. . . . . . . . . . . 
  14 . . . . . . . . . . . . Aj. . . . . . . . . . . . 
     . . . . . . . . . . . . . . . . . . . . . . . . . 
     . . . . . . . . . . * . . . . . . . . . . . . . . 
   8 . . . . . . . . . . . . . . . . . . . . . . . . . 
     . . . . . . . . . . . . . . . . . . . . . . . . . 
     . . . . . . . . . . . . . . . . . . . . . . . . . 
   2 . . . . . . . . . . . . . . . . . . . . . . . . . 
     . . . . . . . . . . . . . . . . . . . . . . . . . 
     . . . . . . . . . . . . . . . . . . . . . . . . . 
  -4 . . . . . . . . . . . . . . . . . . . . . . . . . 
     . . . . . . . . . . . . . . . . . . . . . . . . . 
     . . . . . . . . . . . . . . . . . . . . . . . . . 
 -10 . . . . . . . . . . . . . . . . . . . . . . . . . 
   -10    -4     2     8    14    20    26    32    38
----- Sailing Data -----
      Ship      Fuel    Course     Speed
      Ajax   1000.00      0.00      0.00
    Valdez     23.43     45.00     10.00
    Xerxes    745.05    281.31      0.00
        r2     80.00     45.00      5.00
        re    100.00    225.00      0.00

Time 4: Enter command: Ajax stopped at (15.00, 15.00)
Island Exxon now has 1497.17 tons
Island Shell now has 2000.00 tons
Island Treasure_Island now has 125.00 tons
Valdez now at (20.00, 20.00)
Xerxes stopped at (0.00, 30.00)
r2 now at (-12.32, -12.32)
re docked at Exxon

Time 5: Enter command: Display size: 25, scale: 2.00, origin: (-10.00, -10.00)
Treasure_Island, r2 outside the map
  38 . . . . . . . . . . . . . . . . . . . . . . . . . 
     . . . . . . . . . . . . . . . . . . . . . . . . . 
     . . . . . . . . . . . . . . . . . . . . . . . . . 
  32 . . . . . . . . . . . . . . . . . . . . . . . . . 
     . . . . . * . . . . . . . . . . . . . . . . . . . 
     . . . . . . . . . . . . . . . . . . . . . . . . . 
  26 . . . . . . . . . . . . . . . . . . . . . . . . . 
     . . . . . . . . . . . . . . . . . . . . . . . . . 
     . . . . . . . . . . . . . . . . . . . . . . . . . 
  20 . . . . . . . . . . . . . . . * . . . . . . . . . 
     . . . . . . . . . . . . . . . . . . . . . . . . . 
     . . . . . . . . . . . . . . . . . . . . . . . . . 
  14 . . . . . . . . . . . . Aj. . . . . . . . . . . . 
     . . . . . . . . . . . . . . . . . . . . . . . . . 
     . . . . . . . . . . * . . . . . . . . . . . . . . 
   8 . . . . . . . . . . . . . . . . . . . . . . . . . 
     . . . . . . . . . . . . . . . . . . . . . . . . . 
     . . . . . . . . . . . . . . . . . . . . . . . . . 
   2 . . . . . . . . . . . . . . . . . . . . . . . . . 
     . . . . . . . . . . . . . . . . . . . . . . . . . 
     . . . . . . . . . . . . . . . . . . . . . . . . . 
  -4 . . . . . . . . . . . . . . . . . . . . . . . . . 
     . . . . . . . . . . . . . . . . . . . . . . . . . 
     . . . . . . . . . . . . . . . . . . . . . . . . . 
 -10 . . . . . . . . . . . . . . . . . . . . . . . . . 
   -10    -4     2     8    14    20    26    32    38
----- Sailing Data -----
      Ship      Fuel    Course     Speed
      Ajax   1000.00      0.00      0.00
    Valdez     15.15     45.00      0.00
    Xerxes    745.05    281.31      0.00
        r2     75.00     45.00      5.00
        re    100.00    225.00      0.00

Time 5: Enter command: Ajax will sail on course 315.00 deg, speed 10.00 nm/hr to Shell

Time 5: Enter command: Valdez will sail on course 225.00 deg, speed 10.00 nm/hr to Exxon

Time 5: Enter command: Ajax now at (7.93, 22.07)
Island Exxon now has 1697.17 tons
Island Shell now has 2200.00 tons
Island Treasure_Island now has 130.00 tons
Valdez now at (14.64, 14.64)
Valdez now has no cargo destinations
Xerxes stopped at (0.00, 30.00)
r2 now at (-8.79, -8.79)
re docked at Exxon
re will sail on course 45.00 deg, speed 5.00 nm/hr to (14.64, 14.64)

Time 6: Enter command: Display size: 25, scale: 2.00, origin: (-10.00, -10.00)
Treasure_Island outside the map
  38 . . . . . . . . . . . . . . . . . . . . . . . . . 
     . . . . . . . . . . . . . . . . . . . . . . . . . 
     . . . . . . . . . . . . . . . . . . . . . . . . . 
  32 . . . . . . . . . . . . . . . . . . . . . . . . . 
     . . . . . * . . . . . . . . . . . . . . . . . . . 
     . . . . . . . . . . . . . . . . . . . . . . . . . 
  26 . . . . . . . . . . . . . . . . . . . . . . . . . 
     . . . . . . . . . . . . . . . . . . . . . . . . . 
     . . . . . . . . Aj. . . . . . . . . . . . . . . . 
  20 . . . . . . . . . . . . . . . Be. . . . . . . . . 
     . . . . . . . . . . . . . . . . . . . . . . . . . 
     . . . . . . . . . . . . . . . . . . . . . . . . . 
  14 . . . . . . . . . . . . Va. . . . . . . . . . . . 
     . . . . . . . . . . . . . . . . . . . . . . . . . 
     . . . . . . . . . . * . . . . . . . . . . . . . . 
   8 . . . . . . . . . . . . . . . . . . . . . . . . . 
     . . . . . . . . . . . . . . . . . . . . . . . . . 
     . . . . . . . . . . . . . . . . . . . . . . . . . 
   2 . . . . . . . . . . . . . . . . . . . . . . . . . 
     . . . . . . . . . . . . . . . . . . . . . . . . . 
     . . . . . . . . . . . . . . . . . . . . . . . . . 
  -4 . . . . . . . . . . . . . . . . . . . . . . . . . 
     . . . . . . . . . . . . . . . . . . . . . . . . . 
     . . . . . . . . . . . . . . . . . . . . . . . . . 
 -10 r2. . . . . . . . . . . . . . . . . . . . . . . . 
   -10    -4     2     8    14    20    26    32    38
----- Sailing Data -----
      Ship      Fuel    Course     Speed
      Ajax    900.00    315.00     10.00
    Valdez      0.00    225.00      0.00
    Xerxes    745.05    281.31      0.00
        r2     70.00     45.00      5.00
        re    100.00     45.00      5.00

Time 6: Enter command: 
Cruiser Ajax at (7.93, 22.07), fuel: 900.00 tons, resistance: 6
Moving to Shell on course 315.00 deg, speed 10.00 nm/hr

Island Bermuda at position (20.00, 20.00)
Fuel available: 0.00 tons

Island Exxon at position (10.00, 10.00)
Fuel available: 1697.17 tons

Island Shell at position (0.00, 30.00)
Fuel available: 2200.00 tons

Island Treasure_Island at position (50.00, 5.00)
Fuel available: 130.00 tons

Tanker Valdez at (14.64, 14.64), fuel: 0.00 tons, resistance: 0
Dead in the water
Cargo: 0.00 tons, no cargo destinations

Cruiser Xerxes at (0.00, 30.00), fuel: 745.05 tons, resistance: 6
Stopped

Refuel_ship r2 at (-8.79, -8.79), fuel: 70.00 tons, resistance: 0
Moving to Exxon on course 45.00 deg, speed 5.00 nm/hr
Moving to base island Exxon

Refuel_ship re at (10.00, 10.00), fuel: 100.00 tons, resistance: 0
Moving to (14.64, 14.64) on course 45.00 deg, speed 5.00 nm/hr
Moving to ship Valdez

Time 6: Enter command: Ajax now at (0.86, 29.14)
Island Exxon now has 1897.17 tons
Island Shell now has 2400.00 tons
Island Treasure_Island now has 135.00 tons
Valdez dead in the water at (14.64, 14.64)
Valdez now has no cargo destinations
Xerxes stopped at (0.00, 30.00)
r2 now at (-5.25, -5.25)
re now at (13.54, 13.54)

Time 7: Enter command: Display size: 25, scale: 2.00, origin: (-10.00, -10.00)
Treasure_Island outside the map
  38 . . . . . . . . . . . . . . . . . . . . . . . . . 
     . . . . . . . . . . . . . . . . . . . . . . . . . 
     . . . . . . . . . . . . . . . . . . . . . . . . . 
  32 . . . . . . . . . . . . . . . . . . . . . . . . . 
     . . . . . * . . . . . . . . . . . . . . . . . . . 
     . . . . . Aj. . . . . . . . . . . . . . . . . . . 
  26 . . . . . . . . . . . . . . . . . . . . . . . . . 
     . . . . . . . . . . . . . . . . . . . . . . . . . 
     . . . . . . . . . . . . . . . . . . . . . . . . . 
  20 . . . . . . . . . . . . . . . Be. . . . . . . . . 
     . . . . . . . . . . . . . . . . . . . . . . . . . 
     . . . . . . . . . . . . . . . . . . . . . . . . . 
  14 . . . . . . . . . . . . Va. . . . . . . . . . . . 
     . . . . . . . . . . . re. . . . . . . . . . . . . 
     . . . . . . . . . . Ex. . . . . . . . . . . . . . 
   8 . . . . . . . . . . . . . . . . . . . . . . . . . 
     . . . . . . . . . . . . . . . . . . . . . . . . . 
     . . . . . . . . . . . . . . . . . . . . . . . . . 
   2 . . . . . . . . . . . . . . . . . . . . . . . . . 
     . . . . . . . . . . . . . . . . . . . . . . . . . 
     . . . . . . . . . . . . . . . . . . . . . . . . . 
  -4 . . . . . . . . . . . . . . . . . . . . . . . . . 
     . . r2. . . . . . . . . . . . . . . . . . . . . . 
     . . . . . . . . . . . . . . . . . . . . . . . . . 
 -10 . . . . . . . . . . . . . . . . . . . . . . . . . 
   -10    -4     2     8    14    20    26    32    38
----- Sailing Data -----
      Ship      Fuel    Course     Speed
      Ajax    800.00    315.00     10.00
    Valdez      0.00    225.00      0.00
    Xerxes    745.05    281.31      0.00
        r2     65.00     45.00      5.00
        re     95.00     45.00      5.00

Time 7: Enter command: 
Cruiser Ajax at (0.86, 29.14), fuel: 800.00 tons, resistance: 6
Moving to Shell on course 315.00 deg, speed 10.00 nm/hr

Island Bermuda at position (20.00, 20.00)
Fuel available: 0.00 tons

Island Exxon at position (10.00, 10.00)
Fuel available: 1897.17 tons

Island Shell at position (0.00, 30.00)
Fuel available: 2400.00 tons

Island Treasure_Island at position (50.00, 5.00)
Fuel available: 135.00 tons

Tanker Valdez at (14.64, 14.64), fuel: 0.00 tons, resistance: 0
Dead in the water
Cargo: 0.00 tons, no cargo destinations

Cruiser Xerxes at (0.00, 30.00), fuel: 745.05 tons, resistance: 6
Stopped

Refuel_ship r2 at (-5.25, -5.25), fuel: 65.00 tons, resistance: 0
Moving to Exxon on course 45.00 deg, speed 5.00 nm/hr
Moving to base island Exxon

Refuel_ship re at (13.54, 13.54), fuel: 95.00 tons, resistance: 0
Moving to (14.64, 14.64) on course 45.00 deg, speed 5.00 nm/hr
Moving to ship Valdez

Time 7: Enter command: Xerxes will sail on course 90.00 deg, speed 10.00 nm/hr to Shell

Time 7: Enter command: Ajax now at (0.00, 30.00)
Island Exxon now has 2097.17 tons
Island Shell now has 2600.00 tons
Island Treasure_Island now has 140.00 tons
Valdez dead in the water at (14.64, 14.64)
Valdez now has no cargo destinations
Xerxes now at (0.00, 30.00)
r2 now at (-1.72, -1.72)
re now at (14.64, 14.64)

Time 8: Enter command: Display size: 25, scale: 2.00, origin: (-10.00, -10.00)
Treasure_Island outside the map
  38 . . . . . . . . . . . . . . . . . . . . . . . . . 
     . . . . . . . . . . . . . . . . . . . . . . . . . 
     . . . . . . . . . . . . . . . . . . . . . . . . . 
  32 . . . . . . . . . . . . . . . . . . . . . . . . . 
     . . . . . * . . . . . . . . . . . . . . . . . . . 
     . . . . . . . . . . . . . . . . . . . . . . . . . 
  26 . . . . . . . . . . . . . . . . . . . . . . . . . 
     . . . . . . . . . . . . . . . . . . . . . . . . . 
     . . . . . . . . . . . . . . . . . . . . . . . . . 
  20 . . . . . . . . . . . . . . . Be. . . . . . . . . 
     . . . . . . . . . . . . . . . . . . . . . . . . . 
     . . . . . . . . . . . . . . . . . . . . . . . . . 
  14 . . . . . . . . . . . . * . . . . . . . . . . . . 
     . . . . . . . . . . . . . . . . . . . . . . . . . 
     . . . . . . . . . . Ex. . . . . . . . . . . . . . 
   8 . . . . . . . . . . . . . . . . . . . . . . . . . 
     . . . . . . . . . . . . . . . . . . . . . . . . . 
     . . . . . . . . . . . . . . . . . . . . . . . . . 
   2 . . . . . . . . . . . . . . . . . . . . . . . . . 
     . . . . . . . . . . . . . . . . . . . . . . . . . 
     . . . . r2. . . . . . . . . . . . . . . . . . . . 
  -4 . . . . . . . . . . . . . . . . . . . . . . . . . 
     . . . . . . . . . . . . . . . . . . . . . . . . . 
     . . . . . . . . . . . . . . . . . . . . . . . . . 
 -10 . . . . . . . . . . . . . . . . . . . . . . . . . 
   -10    -4     2     8    14    20    26    32    38
----- Sailing Data -----
      Ship      Fuel    Course     Speed
      Ajax    787.87    315.00      0.00
    Valdez      0.00    225.00      0.00
    Xerxes    745.05     90.00      0.00
        r2     60.00     45.00      5.00
        re     93.43     45.00      0.00

Time 8: Enter command: 
Cruiser Ajax at (0.00, 30.00), fuel: 787.87 tons, resistance: 6
Stopped

Island Bermuda at position (20.00, 20.00)
Fuel available: 0.00 tons

Island Exxon at position (10.00, 10.00)
Fuel available: 2097.17 tons

Island Shell at position (0.00, 30.00)
Fuel available: 2600.00 tons

Island Treasure_Island at position (50.00, 5.00)
Fuel available: 140.00 tons

Tanker Valdez at (14.64, 14.64), fuel: 0.00 tons, resistance: 0
Dead in the water
Cargo: 0.00 tons, no cargo destinations

Cruiser Xerxes at (0.00, 30.00), fuel: 745.05 tons, resistance: 6
Stopped

Refuel_ship r2 at (-1.72, -1.72), fuel: 60.00 tons, resistance: 0
Moving to Exxon on course 45.00 deg, speed 5.00 nm/hr
Moving to base island Exxon

Refuel_ship re at (14.64, 14.64), fuel: 93.43 tons, resistance: 0
Stopped
Refueling ship Valdez

Time 8: Enter command: Ajax stopped at (0.00, 30.00)
Island Exxon now has 2297.17 tons
Island Shell now has 2800.00 tons
Island Treasure_Island now has 145.00 tons
Valdez dead in the water at (14.64, 14.64)
Valdez now has no cargo destinations
Xerxes stopped at (0.00, 30.00)
r2 now at (1.82, 1.82)
re stopped at (14.64, 14.64)
Valdez has received 100.00 of fuel

Time 9: Enter command: Display size: 25, scale: 2.00, origin: (-10.00, -10.00)
Treasure_Island outside the map
  38 . . . . . . . . . . . . . . . . . . . . . . . . . 
     . . . . . . . . . . . . . . . . . . . . . . . . . 
     . . . . . . . . . . . . . . . . . . . . . . . . . 
  32 . . . . . . . . . . . . . . . . . . . . . . . . . 
     . . . . . * . . . . . . . . . . . . . . . . . . . 
     . . . . . . . . . . . . . . . . . . . . . . . . . 
  26 . . . . . . . . . . . . . . . . . . . . . . . . . 
     . . . . . . . . . . . . . . . . . . . . . . . . . 
     . . . . . . . . . . . . . . . . . . . . . . . . . 
  20 . . . . . . . . . . . . . . . Be. . . . . . . . . 
     . . . . . . . . . . . . . . . . . . . . . . . . . 
     . . . . . . . . . . . . . . . . . . . . . . . . . 
  14 . . . . . . . . . . . . * . . . . . . . . . . . . 
     . . . . . . . . . . . . . . . . . . . . . . . . . 
     . . . . . . . . . . Ex. . . . . . . . . . . . . . 
   8 . . . . . . . . . . . . . . . . . . . . . . . . . 
     . . . . . . . . . . . . . . . . . . . . . . . . . 
     . . . . . . . . . . . . . . . . . . . . . . . . . 
   2 . . . . . . . . . . . . . . . . . . . . . . . . . 
     . . . . . r2. . . . . . . . . . . . . . . . . . . 
     . . . . . . . . . . . . . . . . . . . . . . . . . 
  -4 . . . . . . . . . . . . . . . . . . . . . . . . . 
     . . . . . . . . . . . . . . . . . . . . . . . . . 
     . . . . . . . . . . . . . . . . . . . . . . . . . 
 -10 . . . . . . . . . . . . . . . . . . . . . . . . . 
   -10    -4     2     8    14    20    26    32    38
----- Sailing Data -----
      Ship      Fuel    Course     Speed
      Ajax    787.87    315.00      0.00
    Valdez    100.00    225.00      0.00
    Xerxes    745.05     90.00      0.00
        r2     55.00     45.00      5.00
        re     93.43     45.00      0.00

Time 9: Enter command: Ajax stopped at (0.00, 30.00)
Island Exxon now has 2497.17 tons
Island Shell now has 3000.00 tons
Island Treasure_Island now has 150.00 tons
Valdez stopped at (14.64, 14.64)
Xerxes stopped at (0.00, 30.00)
r2 now at (5.36, 5.36)
re stopped at (14.64, 14.64)
re will sail on course 225.00 deg, speed 5.00 nm/hr to Exxon

Time 10: Enter command: Display size: 25, scale: 2.00, origin: (-10.00, -10.00)
Treasure_Island outside the map
  38 . . . . . . . . . . . . . . . . . . . . . . . . . 
     . . . . . . . . . . . . . . . . . . . . . . . . . 
     . . . . . . . . . . . . . . . . . . . . . . . . . 
  32 . . . . . . . . . . . . . . . . . . . . . . . . . 
     . . . . . * . . . . . . . . . . . . . . . . . . . 
     . . . . . . . . . . . . . . . . . . . . . . . . . 
  26 . . . . . . . . . . . . . . . . . . . . . . . . . 
     . . . . . . . . . . . . . . . . . . . . . . . . . 
     . . . . . . . . . . . . . . . . . . . . . . . . . 
  20 . . . . . . . . . . . . . . . Be. . . . . . . . . 
     . . . . . . . . . . . . . . . . . . . . . . . . . 
     . . . . . . . . . . . . . . . . . . . . . . . . . 
  14 . . . . . . . . . . . . * . . . . . . . . . . . . 
     . . . . . . . . . . . . . . . . . . . . . . . . . 
     . . . . . . . . . . Ex. . . . . . . . . . . . . . 
   8 . . . . . . . . . . . . . . . . . . . . . . . . . 
     . . . . . . . . . . . . . . . . . . . . . . . . . 
     . . . . . . . r2. . . . . . . . . . . . . . . . . 
   2 . . . . . . . . . . . . . . . . . . . . . . . . . 
     . . . . . . . . . . . . . . . . . . . . . . . . . 
     . . . . . . . . . . . . . . . . . . . . . . . . . 
  -4 . . . . . . . . . . . . . . . . . . . . . . . . . 
     . . . . . . . . . . . . . . . . . . . . . . . . . 
     . . . . . . . . . . . . . . . . . . . . . . . . . 
 -10 . . . . . . . . . . . . . . . . . . . . . . . . . 
   -10    -4     2     8    14    20    26    32    38
----- Sailing Data -----
      Ship      Fuel    Course     Speed
      Ajax    787.87    315.00      0.00
    Valdez    100.00    225.00      0.00
    Xerxes    745.05     90.00      0.00
        r2     50.00     45.00      5.00
        re     93.43    225.00      5.00

Time 10: Enter command: Ajax stopped at (0.00, 30.00)
Island Exxon now has 2697.17 tons
Island Shell now has 3200.00 tons
Island Treasure_Island now has 155.00 tons
Valdez stopped at (14.64, 14.64)
Xerxes stopped at (0.00, 30.00)
r2 now at (8.89, 8.89)
re now at (11.11, 11.11)

Time 11: Enter command: Display size: 25, scale: 2.00, origin: (-10.00, -10.00)
Treasure_Island outside the map
  38 . . . . . . . . . . . . . . . . . . . . . . . . . 
     . . . . . . . . . . . . . . . . . . . . . . . . . 
     . . . . . . . . . . . . . . . . . . . . . . . . . 
  32 . . . . . . . . . . . . . . . . . . . . . . . . . 
     . . . . . * . . . . . . . . . . . . . . . . . . . 
     . . . . . . . . . . . . . . . . . . . . . . . . . 
  26 . . . . . . . . . . . . . . . . . . . . . . . . . 
     . . . . . . . . . . . . . . . . . . . . . . . . . 
     . . . . . . . . . . . . . . . . . . . . . . . . . 
  20 . . . . . . . . . . . . . . . Be. . . . . . . . . 
     . . . . . . . . . . . . . . . . . . . . . . . . . 
     . . . . . . . . . . . . . . . . . . . . . . . . . 
  14 . . . . . . . . . . . . Va. . . . . . . . . . . . 
     . . . . . . . . . . . . . . . . . . . . . . . . . 
     . . . . . . . . . . * . . . . . . . . . . . . . . 
   8 . . . . . . . . . r2. . . . . . . . . . . . . . . 
     . . . . . . . . . . . . . . . . . . . . . . . . . 
     . . . . . . . . . . . . . . . . . . . . . . . . . 
   2 . . . . . . . . . . . . . . . . . . . . . . . . . 
     . . . . . . . . . . . . . . . . . . . . . . . . . 
     . . . . . . . . . . . . . . . . . . . . . . . . . 
  -4 . . . . . . . . . . . . . . . . . . . . . . . . . 
     . . . . . . . . . . . . . . . . . . . . . . . . . 
     . . . . . . . . . . . . . . . . . . . . . . . . . 
 -10 . . . . . . . . . . . . . . . . . . . . . . . . . 
   -10    -4     2     8    14    20    26    32    38
----- Sailing Data -----
      Ship      Fuel    Course     Speed
      Ajax    787.87    315.00      0.00
    Valdez    100.00    225.00      0.00
    Xerxes    745.05     90.00      0.00
        r2     45.00     45.00      5.00
        re     88.43    225.00      5.00

Time 11: Enter command: re will sail on course 98.93 deg, speed 5.00 nm/hr to Treasure_Island

Time 11: Enter command: Ajax will sail on course 153.43 deg, speed 10.00 nm/hr to Exxon

Time 11: Enter command: Ajax now at (4.47, 21.06)
Island Exxon now has 2897.17 tons
Island Shell now has 3400.00 tons
Island Treasure_Island now has 160.00 tons
Valdez stopped at (14.64, 14.64)
Xerxes stopped at (0.00, 30.00)
r2 now at (10.00, 10.00)
r2 docked at Exxon
re now at (16.05, 10.33)

Time 12: Enter command: Display size: 25, scale: 2.00, origin: (-10.00, -10.00)
Treasure_Island outside the map
  38 . . . . . . . . . . . . . . . . . . . . . . . . . 
     . . . . . . . . . . . . . . . . . . . . . . . . . 
     . . . . . . . . . . . . . . . . . . . . . . . . . 
  32 . . . . . . . . . . . . . . . . . . . . . . . . . 
     . . . . . * . . . . . . . . . . . . . . . . . . . 
     . . . . . . . . . . . . . . . . . . . . . . . . . 
  26 . . . . . . . . . . . . . . . . . . . . . . . . . 
     . . . . . . . . . . . . . . . . . . . . . . . . . 
     . . . . . . . . . . . . . . . . . . . . . . . . . 
  20 . . . . . . . Aj. . . . . . . Be. . . . . . . . . 
     . . . . . . . . . . . . . . . . . . . . . . . . . 
     . . . . . . . . . . . . . . . . . . . . . . . . . 
  14 . . . . . . . . . . . . Va. . . . . . . . . . . . 
     . . . . . . . . . . . . . . . . . . . . . . . . . 
     . . . . . . . . . . * . . re. . . . . . . . . . . 
   8 . . . . . . . . . . . . . . . . . . . . . . . . . 
     . . . . . . . . . . . . . . . . . . . . . . . . . 
     . . . . . . . . . . . . . . . . . . . . . . . . . 
   2 . . . . . . . . . . . . . . . . . . . . . . . . . 
     . . . . . . . . . . . . . . . . . . . . . . . . . 
     . . . . . . . . . . . . . . . . . . . . . . . . . 
  -4 . . . . . . . . . . . . . . . . . . . . . . . . . 
     . . . . . . . . . . . . . . . . . . . . . . . . . 
     . . . . . . . . . . . . . . . . . . . . . . . . . 
 -10 . . . . . . . . . . . . . . . . . . . . . . . . . 
   -10    -4     2     8    14    20    26    32    38
----- Sailing Data -----
      Ship      Fuel    Course     Speed
      Ajax    687.87    153.43     10.00
    Valdez    100.00    225.00      0.00
    Xerxes    745.05     90.00      0.00
        r2     43.43     45.00      0.00
        re     83.43     98.93      5.00

Time 12: Enter command: Ajax now at (8.94, 12.11)
Island Exxon now has 3097.17 tons
Island Shell now has 3600.00 tons
Island Treasure_Island now has 165.00 tons
Valdez stopped at (14.64, 14.64)
Xerxes stopped at (0.00, 30.00)
r2 docked at Exxon
Island Exxon supplied 56.57 tons of fuel
r2 now has 100.00 tons of fuel
Island Exxon supplied 500.00 tons of fuel
r2 now has 500.00 of cargo
re now at (20.99, 9.56)

Time 13: Enter command: Display size: 25, scale: 2.00, origin: (-10.00, -10.00)
Treasure_Island outside the map
  38 . . . . . . . . . . . . . . . . . . . . . . . . . 
     . . . . . . . . . . . . . . . . . . . . . . . . . 
     . . . . . . . . . . . . . . . . . . . . . . . . . 
  32 . . . . . . . . . . . . . . . . . . . . . . . . . 
     . . . . . * . . . . . . . . . . . . . . . . . . . 
     . . . . . . . . . . . . . . . . . . . . . . . . . 
  26 . . . . . . . . . . . . . . . . . . . . . . . . . 
     . . . . . . . . . . . . . . . . . . . . . . . . . 
     . . . . . . . . . . . . . . . . . . . . . . . . . 
  20 . . . . . . . . . . . . . . . Be. . . . . . . . . 
     . . . . . . . . . . . . . . . . . . . . . . . . . 
     . . . . . . . . . . . . . . . . . . . . . . . . . 
  14 . . . . . . . . . . . . Va. . . . . . . . . . . . 
     . . . . . . . . . Aj. . . . . . . . . . . . . . . 
     . . . . . . . . . . * . . . . . . . . . . . . . . 
   8 . . . . . . . . . . . . . . . re. . . . . . . . . 
     . . . . . . . . . . . . . . . . . . . . . . . . . 
     . . . . . . . . . . . . . . . . . . . . . . . . . 
   2 . . . . . . . . . . . . . . . . . . . . . . . . . 
     . . . . . . . . . . . . . . . . . . . . . . . . . 
     . . . . . . . . . . . . . . . . . . . . . . . . . 
  -4 . . . . . . . . . . . . . . . . . . . . . . . . . 
     . . . . . . . . . . . . . . . . . . . . . . . . . 
     . . . . . . . . . . . . . . . . . . . . . . . . . 
 -10 . . . . . . . . . . . . . . . . . . . . . . . . . 
   -10    -4     2     8    14    20    26    32    38
----- Sailing Data -----
      Ship      Fuel    Course     Speed
      Ajax    587.87    153.43     10.00
    Valdez    100.00    225.00      0.00
    Xerxes    745.05     90.00      0.00
        r2    100.00     45.00      0.00
        re     78.43     98.93      5.00

Time 13: Enter command: Ajax now at (10.00, 10.00)
Island Exxon now has 2740.60 tons
Island Shell now has 3800.00 tons
Island Treasure_Island now has 170.00 tons
Valdez stopped at (14.64, 14.64)
Xerxes stopped at (0.00, 30.00)
r2 docked at Exxon
re now at (25.93, 8.78)

Time 14: Enter command: Display size: 25, scale: 2.00, origin: (-10.00, -10.00)
Treasure_Island outside the map
  38 . . . . . . . . . . . . . . . . . . . . . . . . . 
     . . . . . . . . . . . . . . . . . . . . . . . . . 
     . . . . . . . . . . . . . . . . . . . . . . . . . 
  32 . . . . . . . . . . . . . . . . . . . . . . . . . 
     . . . . . * . . . . . . . . . . . . . . . . . . . 
     . . . . . . . . . . . . . . . . . . . . . . . . . 
  26 . . . . . . . . . . . . . . . . . . . . . . . . . 
     . . . . . . . . . . . . . . . . . . . . . . . . . 
     . . . . . . . . . . . . . . . . . . . . . . . . . 
  20 . . . . . . . . . . . . . . . Be. . . . . . . . . 
     . . . . . . . . . . . . . . . . . . . . . . . . . 
     . . . . . . . . . . . . . . . . . . . . . . . . . 
  14 . . . . . . . . . . . . Va. . . . . . . . . . . . 
     . . . . . . . . . . . . . . . . . . . . . . . . . 
     . . . . . . . . . . * . . . . . . . . . . . . . . 
   8 . . . . . . . . . . . . . . . . . re. . . . . . . 
     . . . . . . . . . . . . . . . . . . . . . . . . . 
     . . . . . . . . . . . . . . . . . . . . . . . . . 
   2 . . . . . . . . . . . . . . . . . . . . . . . . . 
     . . . . . . . . . . . . . . . . . . . . . . . . . 
     . . . . . . . . . . . . . . . . . . . . . . . . . 
  -4 . . . . . . . . . . . . . . . . . . . . . . . . . 
     . . . . . . . . . . . . . . . . . . . . . . . . . 
     . . . . . . . . . . . . . . . . . . . . . . . . . 
 -10 . . . . . . . . . . . . . . . . . . . . . . . . . 
   -10    -4     2     8    14    20    26    32    38
----- Sailing Data -----
      Ship      Fuel    Course     Speed
      Ajax    564.26    153.43      0.00
    Valdez    100.00    225.00      0.00
    Xerxes    745.05     90.00      0.00
        r2    100.00     45.00      0.00
        re     73.43     98.93      5.00

Time 14: Enter command: Ajax stopped at (10.00, 10.00)
Island Exxon now has 2940.60 tons
Island Shell now has 4000.00 tons
Island Treasure_Island now has 175.00 tons
Valdez stopped at (14.64, 14.64)
Xerxes stopped at (0.00, 30.00)
r2 docked at Exxon
re now at (30.87, 8.01)

Time 15: Enter command: Display size: 25, scale: 2.00, origin: (-10.00, -10.00)
Treasure_Island outside the map
  38 . . . . . . . . . . . . . . . . . . . . . . . . . 
     . . . . . . . . . . . . . . . . . . . . . . . . . 
     . . . . . . . . . . . . . . . . . . . . . . . . . 
  32 . . . . . . . . . . . . . . . . . . . . . . . . . 
     . . . . . * . . . . . . . . . . . . . . . . . . . 
     . . . . . . . . . . . . . . . . . . . . . . . . . 
  26 . . . . . . . . . . . . . . . . . . . . . . . . . 
     . . . . . . . . . . . . . . . . . . . . . . . . . 
     . . . . . . . . . . . . . . . . . . . . . . . . . 
  20 . . . . . . . . . . . . . . . Be. . . . . . . . . 
     . . . . . . . . . . . . . . . . . . . . . . . . . 
     . . . . . . . . . . . . . . . . . . . . . . . . . 
  14 . . . . . . . . . . . . Va. . . . . . . . . . . . 
     . . . . . . . . . . . . . . . . . . . . . . . . . 
     . . . . . . . . . . * . . . . . . . . . . . . . . 
   8 . . . . . . . . . . . . . . . . . . . . re. . . . 
     . . . . . . . . . . . . . . . . . . . . . . . . . 
     . . . . . . . . . . . . . . . . . . . . . . . . . 
   2 . . . . . . . . . . . . . . . . . . . . . . . . . 
     . . . . . . . . . . . . . . . . . . . . . . . . . 
     . . . . . . . . . . . . . . . . . . . . . . . . . 
  -4 . . . . . . . . . . . . . . . . . . . . . . . . . 
     . . . . . . . . . . . . . . . . . . . . . . . . . 
     . . . . . . . . . . . . . . . . . . . . . . . . . 
 -10 . . . . . . . . . . . . . . . . . . . . . . . . . 
   -10    -4     2     8    14    20    26    32    38
----- Sailing Data -----
      Ship      Fuel    Course     Speed
      Ajax    564.26    153.43      0.00
    Valdez    100.00    225.00      0.00
    Xerxes    745.05     90.00      0.00
        r2    100.00     45.00      0.00
        re     68.43     98.93      5.00

Time 15: Enter command: r2 will sail on course 333.43 deg, speed 5.00 nm/hr to Shell

Time 15: Enter command: Ajax will sail on course 333.43 deg, speed 10.00 nm/hr to Shell

Time 15: Enter command: Ajax now at (5.53, 18.94)
Island Exxon now has 3140.60 tons
Island Shell now has 4200.00 tons
Island Treasure_Island now has 180.00 tons
Valdez stopped at (14.64, 14.64)
Xerxes stopped at (0.00, 30.00)
r2 now at (7.76, 14.47)
re now at (35.81, 7.23)

Time 16: Enter command: Display size: 25, scale: 2.00, origin: (-10.00, -10.00)
Treasure_Island outside the map
  38 . . . . . . . . . . . . . . . . . . . . . . . . . 
     . . . . . . . . . . . . . . . . . . . . . . . . . 
     . . . . . . . . . . . . . . . . . . . . . . . . . 
  32 . . . . . . . . . . . . . . . . . . . . . . . . . 
     . . . . . * . . . . . . . . . . . . . . . . . . . 
     . . . . . . . . . . . . . . . . . . . . . . . . . 
  26 . . . . . . . . . . . . . . . . . . . . . . . . . 
     . . . . . . . . . . . . . . . . . . . . . . . . . 
     . . . . . . . . . . . . . . . . . . . . . . . . . 
  20 . . . . . . . . . . . . . . . Be. . . . . . . . . 
     . . . . . . . Aj. . . . . . . . . . . . . . . . . 
     . . . . . . . . . . . . . . . . . . . . . . . . . 
  14 . . . . . . . . r2. . . Va. . . . . . . . . . . . 
     . . . . . . . . . . . . . . . . . . . . . . . . . 
     . . . . . . . . . . Ex. . . . . . . . . . . . . . 
   8 . . . . . . . . . . . . . . . . . . . . . . . . . 
     . . . . . . . . . . . . . . . . . . . . . . re. . 
     . . . . . . . . . . . . . . . . . . . . . . . . . 
   2 . . . . . . . . . . . . . . . . . . . . . . . . . 
     . . . . . . . . . . . . . . . . . . . . . . . . . 
     . . . . . . . . . . . . . . . . . . . . . . . . . 
  -4 . . . . . . . . . . . . . . . . . . . . . . . . . 
     . . . . . . . . . . . . . . . . . . . . . . . . . 
     . . . . . . . . . . . . . . . . . . . . . . . . . 
 -10 . . . . . . . . . . . . . . . . . . . . . . . . . 
   -10    -4     2     8    14    20    26    32    38
----- Sailing Data -----
      Ship      Fuel    Course     Speed
      Ajax    464.26    333.43     10.00
    Valdez    100.00    225.00      0.00
    Xerxes    745.05     90.00      0.00
        r2     95.00    333.43      5.00
        re     63.43     98.93      5.00

Time 16: Enter command: re will sail on course 276.13 deg, speed 5.00 nm/hr to Exxon

Time 16: Enter command: Ajax now at (1.06, 27.89)
Island Exxon now has 3340.60 tons
Island Shell now has 4400.00 tons
Island Treasure_Island now has 185.00 tons
Valdez stopped at (14.64, 14.64)
Xerxes stopped at (0.00, 30.00)
r2 now at (5.53, 18.94)
re now at (30.83, 7.76)

Time 17: Enter command: Display size: 25, scale: 2.00, origin: (-10.00, -10.00)
Treasure_Island outside the map
  38 . . . . . . . . . . . . . . . . . . . . . . . . . 
     . . . . . . . . . . . . . . . . . . . . . . . . . 
     . . . . . . . . . . . . . . . . . . . . . . . . . 
  32 . . . . . . . . . . . . . . . . . . . . . . . . . 
     . . . . . * . . . . . . . . . . . . . . . . . . . 
     . . . . . . . . . . . . . . . . . . . . . . . . . 
  26 . . . . . Aj. . . . . . . . . . . . . . . . . . . 
     . . . . . . . . . . . . . . . . . . . . . . . . . 
     . . . . . . . . . . . . . . . . . . . . . . . . . 
  20 . . . . . . . . . . . . . . . Be. . . . . . . . . 
     . . . . . . . r2. . . . . . . . . . . . . . . . . 
     . . . . . . . . . . . . . . . . . . . . . . . . . 
  14 . . . . . . . . . . . . Va. . . . . . . . . . . . 
     . . . . . . . . . . . . . . . . . . . . . . . . . 
     . . . . . . . . . . Ex. . . . . . . . . . . . . . 
   8 . . . . . . . . . . . . . . . . . . . . . . . . . 
     . . . . . . . . . . . . . . . . . . . . re. . . . 
     . . . . . . . . . . . . . . . . . . . . . . . . . 
   2 . . . . . . . . . . . . . . . . . . . . . . . . . 
     . . . . . . . . . . . . . . . . . . . . . . . . . 
     . . . . . . . . . . . . . . . . . . . . . . . . . 
  -4 . . . . . . . . . . . . . . . . . . . . . . . . . 
     . . . . . . . . . . . . . . . . . . . . . . . . . 
     . . . . . . . . . . . . . . . . . . . . . . . . . 
 -10 . . . . . . . . . . . . . . . . . . . . . . . . . 
   -10    -4     2     8    14    20    26    32    38
----- Sailing Data -----
      Ship      Fuel    Course     Speed
      Ajax    364.26    333.43     10.00
    Valdez    100.00    225.00      0.00
    Xerxes    745.05     90.00      0.00
        r2     90.00    333.43      5.00
        re     58.43    276.13      5.00

Time 17: Enter command: Ajax now at (0.00, 30.00)
Island Exxon now has 3540.60 tons
Island Shell now has 4600.00 tons
Island Treasure_Island now has 190.00 tons
Valdez stopped at (14.64, 14.64)
Xerxes stopped at (0.00, 30.00)
r2 now at (3.29, 23.42)
re now at (25.86, 8.30)

Time 18: Enter command: Display size: 25, scale: 2.00, origin: (-10.00, -10.00)
Treasure_Island outside the map
  38 . . . . . . . . . . . . . . . . . . . . . . . . . 
     . . . . . . . . . . . . . . . . . . . . . . . . . 
     . . . . . . . . . . . . . . . . . . . . . . . . . 
  32 . . . . . . . . . . . . . . . . . . . . . . . . . 
     . . . . . * . . . . . . . . . . . . . . . . . . . 
     . . . . . . . . . . . . . . . . . . . . . . . . . 
  26 . . . . . . . . . . . . . . . . . . . . . . . . . 
     . . . . . . . . . . . . . . . . . . . . . . . . . 
     . . . . . . r2. . . . . . . . . . . . . . . . . . 
  20 . . . . . . . . . . . . . . . Be. . . . . . . . . 
     . . . . . . . . . . . . . . . . . . . . . . . . . 
     . . . . . . . . . . . . . . . . . . . . . . . . . 
  14 . . . . . . . . . . . . Va. . . . . . . . . . . . 
     . . . . . . . . . . . . . . . . . . . . . . . . . 
     . . . . . . . . . . Ex. . . . . . . . . . . . . . 
   8 . . . . . . . . . . . . . . . . . re. . . . . . . 
     . . . . . . . . . . . . . . . . . . . . . . . . . 
     . . . . . . . . . . . . . . . . . . . . . . . . . 
   2 . . . . . . . . . . . . . . . . . . . . . . . . . 
     . . . . . . . . . . . . . . . . . . . . . . . . . 
     . . . . . . . . . . . . . . . . . . . . . . . . . 
  -4 . . . . . . . . . . . . . . . . . . . . . . . . . 
     . . . . . . . . . . . . . . . . . . . . . . . . . 
     . . . . . . . . . . . . . . . . . . . . . . . . . 
 -10 . . . . . . . . . . . . . . . . . . . . . . . . . 
   -10    -4     2     8    14    20    26    32    38
----- Sailing Data -----
      Ship      Fuel    Course     Speed
      Ajax    340.65    333.43      0.00
    Valdez    100.00    225.00      0.00
    Xerxes    745.05     90.00      0.00
        r2     85.00    333.43      5.00
        re     53.43    276.13      5.00

Time 18: Enter command: Ajax stopped at (0.00, 30.00)
Island Exxon now has 3740.60 tons
Island Shell now has 4800.00 tons
Island Treasure_Island now has 195.00 tons
Valdez stopped at (14.64, 14.64)
Xerxes stopped at (0.00, 30.00)
r2 now at (1.06, 27.89)
re now at (20.89, 8.83)

Time 19: Enter command: Display size: 25, scale: 2.00, origin: (-10.00, -10.00)
Treasure_Island outside the map
  38 . . . . . . . . . . . . . . . . . . . . . . . . . 
     . . . . . . . . . . . . . . . . . . . . . . . . . 
     . . . . . . . . . . . . . . . . . . . . . . . . . 
  32 . . . . . . . . . . . . . . . . . . . . . . . . . 
     . . . . . * . . . . . . . . . . . . . . . . . . . 
     . . . . . . . . . . . . . . . . . . . . . . . . . 
  26 . . . . . r2. . . . . . . . . . . . . . . . . . . 
     . . . . . . . . . . . . . . . . . . . . . . . . . 
     . . . . . . . . . . . . . . . . . . . . . . . . . 
  20 . . . . . . . . . . . . . . . Be. . . . . . . . . 
     . . . . . . . . . . . . . . . . . . . . . . . . . 
     . . . . . . . . . . . . . . . . . . . . . . . . . 
  14 . . . . . . . . . . . . Va. . . . . . . . . . . . 
     . . . . . . . . . . . . . . . . . . . . . . . . . 
     . . . . . . . . . . Ex. . . . . . . . . . . . . . 
   8 . . . . . . . . . . . . . . . re. . . . . . . . . 
     . . . . . . . . . . . . . . . . . . . . . . . . . 
     . . . . . . . . . . . . . . . . . . . . . . . . . 
   2 . . . . . . . . . . . . . . . . . . . . . . . . . 
     . . . . . . . . . . . . . . . . . . . . . . . . . 
     . . . . . . . . . . . . . . . . . . . . . . . . . 
  -4 . . . . . . . . . . . . . . . . . . . . . . . . . 
     . . . . . . . . . . . . . . . . . . . . . . . . . 
     . . . . . . . . . . . . . . . . . . . . . . . . . 
 -10 . . . . . . . . . . . . . . . . . . . . . . . . . 
   -10    -4     2     8    14    20    26    32    38
----- Sailing Data -----
      Ship      Fuel    Course     Speed
      Ajax    340.65    333.43      0.00
    Valdez    100.00    225.00      0.00
    Xerxes    745.05     90.00      0.00
        r2     80.00    333.43      5.00
        re     48.43    276.13      5.00

Time 19: Enter command: Ajax will sail on course 116.57 deg, speed 10.00 nm/hr to Treasure_Island

Time 19: Enter command: Ajax now at (8.94, 25.53)
Island Exxon now has 3940.60 tons
Island Shell now has 5000.00 tons
Island Treasure_Island now has 200.00 tons
Valdez stopped at (14.64, 14.64)
Xerxes stopped at (0.00, 30.00)
r2 now at (0.00, 30.00)
r2 docked at Shell
re now at (15.92, 9.36)

Time 20: Enter command: Display size: 25, scale: 2.00, origin: (-10.00, -10.00)
Treasure_Island outside the map
  38 . . . . . . . . . . . . . . . . . . . . . . . . . 
     . . . . . . . . . . . . . . . . . . . . . . . . . 
     . . . . . . . . . . . . . . . . . . . . . . . . . 
  32 . . . . . . . . . . . . . . . . . . . . . . . . . 
     . . . . . * . . . . . . . . . . . . . . . . . . . 
     . . . . . . . . . . . . . . . . . . . . . . . . . 
  26 . . . . . . . . . . . . . . . . . . . . . . . . . 
     . . . . . . . . . Aj. . . . . . . . . . . . . . . 
     . . . . . . . . . . . . . . . . . . . . . . . . . 
  20 . . . . . . . . . . . . . . . Be. . . . . . . . . 
     . . . . . . . . . . . . . . . . . . . . . . . . . 
     . . . . . . . . . . . . . . . . . . . . . . . . . 
  14 . . . . . . . . . . . . Va. . . . . . . . . . . . 
     . . . . . . . . . . . . . . . . . . . . . . . . . 
     . . . . . . . . . . Ex. . . . . . . . . . . . . . 
   8 . . . . . . . . . . . . re. . . . . . . . . . . . 
     . . . . . . . . . . . . . . . . . . . . . . . . . 
     . . . . . . . . . . . . . . . . . . . . . . . . . 
   2 . . . . . . . . . . . . . . . . . . . . . . . . . 
     . . . . . . . . . . . . . . . . . . . . . . . . . 
     . . . . . . . . . . . . . . . . . . . . . . . . . 
  -4 . . . . . . . . . . . . . . . . . . . . . . . . . 
     . . . . . . . . . . . . . . . . . . . . . . . . . 
     . . . . . . . . . . . . . . . . . . . . . . . . . 
 -10 . . . . . . . . . . . . . . . . . . . . . . . . . 
   -10    -4     2     8    14    20    26    32    38
----- Sailing Data -----
      Ship      Fuel    Course     Speed
      Ajax    240.65    116.57     10.00
    Valdez    100.00    225.00      0.00
    Xerxes    745.05     90.00      0.00
        r2     77.64    333.43      0.00
        re     43.43    276.13      5.00

Time 20: Enter command: Ajax now at (17.89, 21.06)
Island Exxon now has 4140.60 tons
Island Shell now has 5200.00 tons
Island Treasure_Island now has 205.00 tons
Valdez stopped at (14.64, 14.64)
Xerxes stopped at (0.00, 30.00)
r2 docked at Shell
Island Shell supplied 22.36 tons of fuel
r2 now has 100.00 tons of fuel
re now at (10.95, 9.90)

Time 21: Enter command: Display size: 25, scale: 2.00, origin: (-10.00, -10.00)
Treasure_Island outside the map
  38 . . . . . . . . . . . . . . . . . . . . . . . . . 
     . . . . . . . . . . . . . . . . . . . . . . . . . 
     . . . . . . . . . . . . . . . . . . . . . . . . . 
  32 . . . . . . . . . . . . . . . . . . . . . . . . . 
     . . . . . * . . . . . . . . . . . . . . . . . . . 
     . . . . . . . . . . . . . . . . . . . . . . . . . 
  26 . . . . . . . . . . . . . . . . . . . . . . . . . 
     . . . . . . . . . . . . . . . . . . . . . . . . . 
     . . . . . . . . . . . . . . . . . . . . . . . . . 
  20 . . . . . . . . . . . . . Aj. Be. . . . . . . . . 
     . . . . . . . . . . . . . . . . . . . . . . . . . 
     . . . . . . . . . . . . . . . . . . . . . . . . . 
  14 . . . . . . . . . . . . Va. . . . . . . . . . . . 
     . . . . . . . . . . . . . . . . . . . . . . . . . 
     . . . . . . . . . . Ex. . . . . . . . . . . . . . 
   8 . . . . . . . . . . re. . . . . . . . . . . . . . 
     . . . . . . . . . . . . . . . . . . . . . . . . . 
     . . . . . . . . . . . . . . . . . . . . . . . . . 
   2 . . . . . . . . . . . . . . . . . . . . . . . . . 
     . . . . . . . . . . . . . . . . . . . . . . . . . 
     . . . . . . . . . . . . . . . . . . . . . . . . . 
  -4 . . . . . . . . . . . . . . . . . . . . . . . . . 
     . . . . . . . . . . . . . . . . . . . . . . . . . 
     . . . . . . . . . . . . . . . . . . . . . . . . . 
 -10 . . . . . . . . . . . . . . . . . . . . . . . . . 
   -10    -4     2     8    14    20    26    32    38
----- Sailing Data -----
      Ship      Fuel    Course     Speed
      Ajax    140.65    116.57     10.00
    Valdez    100.00    225.00      0.00
    Xerxes    745.05     90.00      0.00
        r2    100.00    333.43      0.00
        re     38.43    276.13      5.00

Time 21: Enter command: Ajax will sail on course 296.57 deg, speed 5.00 nm/hr to Shell

Time 21: Enter command: Ajax now at (13.42, 23.29)
Island Exxon now has 4340.60 tons
Island Shell now has 5377.64 tons
Island Treasure_Island now has 210.00 tons
Valdez stopped at (14.64, 14.64)
Xerxes stopped at (0.00, 30.00)
r2 docked at Shell
re now at (10.00, 10.00)
re docked at Exxon

Time 22: Enter command: Display size: 25, scale: 2.00, origin: (-10.00, -10.00)
Treasure_Island outside the map
  38 . . . . . . . . . . . . . . . . . . . . . . . . . 
     . . . . . . . . . . . . . . . . . . . . . . . . . 
     . . . . . . . . . . . . . . . . . . . . . . . . . 
  32 . . . . . . . . . . . . . . . . . . . . . . . . . 
     . . . . . * . . . . . . . . . . . . . . . . . . . 
     . . . . . . . . . . . . . . . . . . . . . . . . . 
  26 . . . . . . . . . . . . . . . . . . . . . . . . . 
     . . . . . . . . . . . . . . . . . . . . . . . . . 
     . . . . . . . . . . . Aj. . . . . . . . . . . . . 
  20 . . . . . . . . . . . . . . . Be. . . . . . . . . 
     . . . . . . . . . . . . . . . . . . . . . . . . . 
     . . . . . . . . . . . . . . . . . . . . . . . . . 
  14 . . . . . . . . . . . . Va. . . . . . . . . . . . 
     . . . . . . . . . . . . . . . . . . . . . . . . . 
     . . . . . . . . . . * . . . . . . . . . . . . . . 
   8 . . . . . . . . . . . . . . . . . . . . . . . . . 
     . . . . . . . . . . . . . . . . . . . . . . . . . 
     . . . . . . . . . . . . . . . . . . . . . . . . . 
   2 . . . . . . . . . . . . . . . . . . . . . . . . . 
     . . . . . . . . . . . . . . . . . . . . . . . . . 
     . . . . . . . . . . . . . . . . . . . . . . . . . 
  -4 . . . . . . . . . . . . . . . . . . . . . . . . . 
     . . . . . . . . . . . . . . . . . . . . . . . . . 
     . . . . . . . . . . . . . . . . . . . . . . . . . 
 -10 . . . . . . . . . . . . . . . . . . . . . . . . . 
   -10    -4     2     8    14    20    26    32    38
----- Sailing Data -----
      Ship      Fuel    Course     Speed
      Ajax     90.65    296.57      5.00
    Valdez    100.00    225.00      0.00
    Xerxes    745.05     90.00      0.00
        r2    100.00    333.43      0.00
        re     37.48    276.13      0.00

Time 22: Enter command: Ajax now at (8.94, 25.53)
Island Exxon now has 4540.60 tons
Island Shell now has 5577.64 tons
Island Treasure_Island now has 215.00 tons
Valdez stopped at (14.64, 14.64)
Xerxes stopped at (0.00, 30.00)
r2 docked at Shell
re docked at Exxon
Island Exxon supplied 62.52 tons of fuel
re now has 100.00 tons of fuel
Island Exxon supplied 100.00 tons of fuel
re now has 500.00 of cargo

Time 23: Enter command: Display size: 25, scale: 2.00, origin: (-10.00, -10.00)
Treasure_Island outside the map
  38 . . . . . . . . . . . . . . . . . . . . . . . . . 
     . . . . . . . . . . . . . . . . . . . . . . . . . 
     . . . . . . . . . . . . . . . . . . . . . . . . . 
  32 . . . . . . . . . . . . . . . . . . . . . . . . . 
     . . . . . * . . . . . . . . . . . . . . . . . . . 
     . . . . . . . . . . . . . . . . . . . . . . . . . 
  26 . . . . . . . . . . . . . . . . . . . . . . . . . 
     . . . . . . . . . Aj. . . . . . . . . . . . . . . 
     . . . . . . . . . . . . . . . . . . . . . . . . . 
  20 . . . . . . . . . . . . . . . Be. . . . . . . . . 
     . . . . . . . . . . . . . . . . . . . . . . . . . 
     . . . . . . . . . . . . . . . . . . . . . . . . . 
  14 . . . . . . . . . . . . Va. . . . . . . . . . . . 
     . . . . . . . . . . . . . . . . . . . . . . . . . 
     . . . . . . . . . . * . . . . . . . . . . . . . . 
   8 . . . . . . . . . . . . . . . . . . . . . . . . . 
     . . . . . . . . . . . . . . . . . . . . . . . . . 
     . . . . . . . . . . . . . . . . . . . . . . . . . 
   2 . . . . . . . . . . . . . . . . . . . . . . . . . 
     . . . . . . . . . . . . . . . . . . . . . . . . . 
     . . . . . . . . . . . . . . . . . . . . . . . . . 
  -4 . . . . . . . . . . . . . . . . . . . . . . . . . 
     . . . . . . . . . . . . . . . . . . . . . . . . . 
     . . . . . . . . . . . . . . . . . . . . . . . . . 
 -10 . . . . . . . . . . . . . . . . . . . . . . . . . 
   -10    -4     2     8    14    20    26    32    38
----- Sailing Data -----
      Ship      Fuel    Course     Speed
      Ajax     40.65    296.57      5.00
    Valdez    100.00    225.00      0.00
    Xerxes    745.05     90.00      0.00
        r2    100.00    333.43      0.00
        re    100.00    276.13      0.00

Time 23: Enter command: Ajax now at (5.31, 27.35)
Island Exxon now has 4578.08 tons
Island Shell now has 5777.64 tons
Island Treasure_Island now has 220.00 tons
Valdez stopped at (14.64, 14.64)
Xerxes stopped at (0.00, 30.00)
r2 docked at Shell
r2 will sail on course 116.57 deg, speed 5.00 nm/hr to (5.31, 27.35)
re docked at Exxon

Time 24: Enter command: Display size: 25, scale: 2.00, origin: (-10.00, -10.00)
Treasure_Island outside the map
  38 . . . . . . . . . . . . . . . . . . . . . . . . . 
     . . . . . . . . . . . . . . . . . . . . . . . . . 
     . . . . . . . . . . . . . . . . . . . . . . . . . 
  32 . . . . . . . . . . . . . . . . . . . . . . . . . 
     . . . . . * . . . . . . . . . . . . . . . . . . . 
     . . . . . . . . . . . . . . . . . . . . . . . . . 
  26 . . . . . . . Aj. . . . . . . . . . . . . . . . . 
     . . . . . . . . . . . . . . . . . . . . . . . . . 
     . . . . . . . . . . . . . . . . . . . . . . . . . 
  20 . . . . . . . . . . . . . . . Be. . . . . . . . . 
     . . . . . . . . . . . . . . . . . . . . . . . . . 
     . . . . . . . . . . . . . . . . . . . . . . . . . 
  14 . . . . . . . . . . . . Va. . . . . . . . . . . . 
     . . . . . . . . . . . . . . . . . . . . . . . . . 
     . . . . . . . . . . * . . . . . . . . . . . . . . 
   8 . . . . . . . . . . . . . . . . . . . . . . . . . 
     . . . . . . . . . . . . . . . . . . . . . . . . . 
     . . . . . . . . . . . . . . . . . . . . . . . . . 
   2 . . . . . . . . . . . . . . . . . . . . . . . . . 
     . . . . . . . . . . . . . . . . . . . . . . . . . 
     . . . . . . . . . . . . . . . . . . . . . . . . . 
  -4 . . . . . . . . . . . . . . . . . . . . . . . . . 
     . . . . . . . . . . . . . . . . . . . . . . . . . 
     . . . . . . . . . . . . . . . . . . . . . . . . . 
 -10 . . . . . . . . . . . . . . . . . . . . . . . . . 
   -10    -4     2     8    14    20    26    32    38
----- Sailing Data -----
      Ship      Fuel    Course     Speed
      Ajax      0.00    296.57      0.00
    Valdez    100.00    225.00      0.00
    Xerxes    745.05     90.00      0.00
        r2    100.00    116.57      5.00
        re    100.00    276.13      0.00

Time 24: Enter command: Ajax dead in the water at (5.31, 27.35)
Island Exxon now has 4778.08 tons
Island Shell now has 5977.64 tons
Island Treasure_Island now has 225.00 tons
Valdez stopped at (14.64, 14.64)
Xerxes stopped at (0.00, 30.00)
r2 now at (4.47, 27.76)
re docked at Exxon
re will sail on course 344.86 deg, speed 5.00 nm/hr to (5.31, 27.35)

Time 25: Enter command: Display size: 25, scale: 2.00, origin: (-10.00, -10.00)
Treasure_Island outside the map
  38 . . . . . . . . . . . . . . . . . . . . . . . . . 
     . . . . . . . . . . . . . . . . . . . . . . . . . 
     . . . . . . . . . . . . . . . . . . . . . . . . . 
  32 . . . . . . . . . . . . . . . . . . . . . . . . . 
     . . . . . * . . . . . . . . . . . . . . . . . . . 
     . . . . . . . . . . . . . . . . . . . . . . . . . 
  26 . . . . . . . * . . . . . . . . . . . . . . . . . 
     . . . . . . . . . . . . . . . . . . . . . . . . . 
     . . . . . . . . . . . . . . . . . . . . . . . . . 
  20 . . . . . . . . . . . . . . . Be. . . . . . . . . 
     . . . . . . . . . . . . . . . . . . . . . . . . . 
     . . . . . . . . . . . . . . . . . . . . . . . . . 
  14 . . . . . . . . . . . . Va. . . . . . . . . . . . 
     . . . . . . . . . . . . . . . . . . . . . . . . . 
     . . . . . . . . . . * . . . . . . . . . . . . . . 
   8 . . . . . . . . . . . . . . . . . . . . . . . . . 
     . . . . . . . . . . . . . . . . . . . . . . . . . 
     . . . . . . . . . . . . . . . . . . . . . . . . . 
   2 . . . . . . . . . . . . . . . . . . . . . . . . . 
     . . . . . . . . . . . . . . . . . . . . . . . . . 
     . . . . . . . . . . . . . . . . . . . . . . . . . 
  -4 . . . . . . . . . . . . . . . . . . . . . . . . . 
     . . . . . . . . . . . . . . . . . . . . . . . . . 
     . . . . . . . . . . . . . . . . . . . . . . . . . 
 -10 . . . . . . . . . . . . . . . . . . . . . . . . . 
   -10    -4     2     8    14    20    26    32    38
----- Sailing Data -----
      Ship      Fuel    Course     Speed
      Ajax      0.00    296.57      0.00
    Valdez    100.00    225.00      0.00
    Xerxes    745.05     90.00      0.00
        r2     95.00    116.57      5.00
        re    100.00    344.86      5.00

Time 25: Enter command: Ajax dead in the water at (5.31, 27.35)
Island Exxon now has 4978.08 tons
Island Shell now has 6177.64 tons
Island Treasure_Island now has 230.00 tons
Valdez stopped at (14.64, 14.64)
Xerxes stopped at (0.00, 30.00)
r2 now at (5.31, 27.35)
re now at (8.69, 14.83)

Time 26: Enter command: Display size: 25, scale: 2.00, origin: (-10.00, -10.00)
Treasure_Island outside the map
  38 . . . . . . . . . . . . . . . . . . . . . . . . . 
     . . . . . . . . . . . . . . . . . . . . . . . . . 
     . . . . . . . . . . . . . . . . . . . . . . . . . 
  32 . . . . . . . . . . . . . . . . . . . . . . . . . 
     . . . . . * . . . . . . . . . . . . . . . . . . . 
     . . . . . . . . . . . . . . . . . . . . . . . . . 
  26 . . . . . . . * . . . . . . . . . . . . . . . . . 
     . . . . . . . . . . . . . . . . . . . . . . . . . 
     . . . . . . . . . . . . . . . . . . . . . . . . . 
  20 . . . . . . . . . . . . . . . Be. . . . . . . . . 
     . . . . . . . . . . . . . . . . . . . . . . . . . 
     . . . . . . . . . . . . . . . . . . . . . . . . . 
  14 . . . . . . . . . re. . Va. . . . . . . . . . . . 
     . . . . . . . . . . . . . . . . . . . . . . . . . 
     . . . . . . . . . . Ex. . . . . . . . . . . . . . 
   8 . . . . . . . . . . . . . . . . . . . . . . . . . 
     . . . . . . . . . . . . . . . . . . . . . . . . . 
     . . . . . . . . . . . . . . . . . . . . . . . . . 
   2 . . . . . . . . . . . . . . . . . . . . . . . . . 
     . . . . . . . . . . . . . . . . . . . . . . . . . 
     . . . . . . . . . . . . . . . . . . . . . . . . . 
  -4 . . . . . . . . . . . . . . . . . . . . . . . . . 
     . . . . . . . . . . . . . . . . . . . . . . . . . 
     . . . . . . . . . . . . . . . . . . . . . . . . . 
 -10 . . . . . . . . . . . . . . . . . . . . . . . . . 
   -10    -4     2     8    14    20    26    32    38
----- Sailing Data -----
      Ship      Fuel    Course     Speed
      Ajax      0.00    296.57      0.00
    Valdez    100.00    225.00      0.00
    Xerxes    745.05     90.00      0.00
        r2     94.07    116.57      0.00
        re     95.00    344.86      5.00

Time 26: Enter command: 
Cruiser Ajax at (5.31, 27.35), fuel: 0.00 tons, resistance: 6
Dead in the water

Island Bermuda at position (20.00, 20.00)
Fuel available: 0.00 tons

Island Exxon at position (10.00, 10.00)
Fuel available: 4978.08 tons

Island Shell at position (0.00, 30.00)
Fuel available: 6177.64 tons

Island Treasure_Island at position (50.00, 5.00)
Fuel available: 230.00 tons

Tanker Valdez at (14.64, 14.64), fuel: 100.00 tons, resistance: 0
Stopped
Cargo: 0.00 tons, no cargo destinations

Cruiser Xerxes at (0.00, 30.00), fuel: 745.05 tons, resistance: 6
Stopped

Refuel_ship r2 at (5.31, 27.35), fuel: 94.07 tons, resistance: 0
Stopped
Refueling ship Ajax

Refuel_ship re at (8.69, 14.83), fuel: 95.00 tons, resistance: 0
Moving to (5.31, 27.35) on course 344.86 deg, speed 5.00 nm/hr
Moving to ship Ajax

Time 26: Enter command: re stopping at (8.69, 14.83)
re now not in refueling state

Time 26: Enter command: Ajax dead in the water at (5.31, 27.35)
Island Exxon now has 5178.08 tons
Island Shell now has 6377.64 tons
Island Treasure_Island now has 235.00 tons
Valdez stopped at (14.64, 14.64)
Xerxes stopped at (0.00, 30.00)
r2 stopped at (5.31, 27.35)
Ajax has received 500.00 of fuel
re stopped at (8.69, 14.83)

Time 27: Enter command: Display size: 25, scale: 2.00, origin: (-10.00, -10.00)
Treasure_Island outside the map
  38 . . . . . . . . . . . . . . . . . . . . . . . . . 
     . . . . . . . . . . . . . . . . . . . . . . . . . 
     . . . . . . . . . . . . . . . . . . . . . . . . . 
  32 . . . . . . . . . . . . . . . . . . . . . . . . . 
     . . . . . * . . . . . . . . . . . . . . . . . . . 
     . . . . . . . . . . . . . . . . . . . . . . . . . 
  26 . . . . . . . * . . . . . . . . . . . . . . . . . 
     . . . . . . . . . . . . . . . . . . . . . . . . . 
     . . . . . . . . . . . . . . . . . . . . . . . . . 
  20 . . . . . . . . . . . . . . . Be. . . . . . . . . 
     . . . . . . . . . . . . . . . . . . . . . . . . . 
     . . . . . . . . . . . . . . . . . . . . . . . . . 
  14 . . . . . . . . . re. . Va. . . . . . . . . . . . 
     . . . . . . . . . . . . . . . . . . . . . . . . . 
     . . . . . . . . . . Ex. . . . . . . . . . . . . . 
   8 . . . . . . . . . . . . . . . . . . . . . . . . . 
     . . . . . . . . . . . . . . . . . . . . . . . . . 
     . . . . . . . . . . . . . . . . . . . . . . . . . 
   2 . . . . . . . . . . . . . . . . . . . . . . . . . 
     . . . . . . . . . . . . . . . . . . . . . . . . . 
     . . . . . . . . . . . . . . . . . . . . . . . . . 
  -4 . . . . . . . . . . . . . . . . . . . . . . . . . 
     . . . . . . . . . . . . . . . . . . . . . . . . . 
     . . . . . . . . . . . . . . . . . . . . . . . . . 
 -10 . . . . . . . . . . . . . . . . . . . . . . . . . 
   -10    -4     2     8    14    20    26    32    38
----- Sailing Data -----
      Ship      Fuel    Course     Speed
      Ajax    500.00    296.57      0.00
    Valdez    100.00    225.00      0.00
    Xerxes    745.05     90.00      0.00
        r2     94.07    116.57      0.00
        re     95.00    344.86      0.00

Time 27: Enter command: re will sail on course 0.00 deg, speed 3.00 nm/hr

Time 27: Enter command: Ajax stopped at (5.31, 27.35)
Island Exxon now has 5378.08 tons
Island Shell now has 6577.64 tons
Island Treasure_Island now has 240.00 tons
Valdez stopped at (14.64, 14.64)
Xerxes stopped at (0.00, 30.00)
r2 stopped at (5.31, 27.35)
r2 will sail on course 296.57 deg, speed 5.00 nm/hr to Shell
re now at (8.69, 17.83)

Time 28: Enter command: Display size: 25, scale: 2.00, origin: (-10.00, -10.00)
Treasure_Island outside the map
  38 . . . . . . . . . . . . . . . . . . . . . . . . . 
     . . . . . . . . . . . . . . . . . . . . . . . . . 
     . . . . . . . . . . . . . . . . . . . . . . . . . 
  32 . . . . . . . . . . . . . . . . . . . . . . . . . 
     . . . . . * . . . . . . . . . . . . . . . . . . . 
     . . . . . . . . . . . . . . . . . . . . . . . . . 
  26 . . . . . . . * . . . . . . . . . . . . . . . . . 
     . . . . . . . . . . . . . . . . . . . . . . . . . 
     . . . . . . . . . . . . . . . . . . . . . . . . . 
  20 . . . . . . . . . . . . . . . Be. . . . . . . . . 
     . . . . . . . . . . . . . . . . . . . . . . . . . 
     . . . . . . . . . re. . . . . . . . . . . . . . . 
  14 . . . . . . . . . . . . Va. . . . . . . . . . . . 
     . . . . . . . . . . . . . . . . . . . . . . . . . 
     . . . . . . . . . . Ex. . . . . . . . . . . . . . 
   8 . . . . . . . . . . . . . . . . . . . . . . . . . 
     . . . . . . . . . . . . . . . . . . . . . . . . . 
     . . . . . . . . . . . . . . . . . . . . . . . . . 
   2 . . . . . . . . . . . . . . . . . . . . . . . . . 
     . . . . . . . . . . . . . . . . . . . . . . . . . 
     . . . . . . . . . . . . . . . . . . . . . . . . . 
  -4 . . . . . . . . . . . . . . . . . . . . . . . . . 
     . . . . . . . . . . . . . . . . . . . . . . . . . 
     . . . . . . . . . . . . . . . . . . . . . . . . . 
 -10 . . . . . . . . . . . . . . . . . . . . . . . . . 
   -10    -4     2     8    14    20    26    32    38
----- Sailing Data -----
      Ship      Fuel    Course     Speed
      Ajax    500.00    296.57      0.00
    Valdez    100.00    225.00      0.00
    Xerxes    745.05     90.00      0.00
        r2     94.07    296.57      5.00
        re     92.00      0.00      3.00

Time 28: Enter command: Ajax stopped at (5.31, 27.35)
Island Exxon now has 5578.08 tons
Island Shell now has 6777.64 tons
Island Treasure_Island now has 245.00 tons
Valdez stopped at (14.64, 14.64)
Xerxes stopped at (0.00, 30.00)
r2 now at (0.84, 29.58)
re now at (8.69, 20.83)

Time 29: Enter command: Display size: 25, scale: 2.00, origin: (-10.00, -10.00)
Treasure_Island outside the map
  38 . . . . . . . . . . . . . . . . . . . . . . . . . 
     . . . . . . . . . . . . . . . . . . . . . . . . . 
     . . . . . . . . . . . . . . . . . . . . . . . . . 
  32 . . . . . . . . . . . . . . . . . . . . . . . . . 
     . . . . . * . . . . . . . . . . . . . . . . . . . 
     . . . . . r2. . . . . . . . . . . . . . . . . . . 
  26 . . . . . . . Aj. . . . . . . . . . . . . . . . . 
     . . . . . . . . . . . . . . . . . . . . . . . . . 
     . . . . . . . . . . . . . . . . . . . . . . . . . 
  20 . . . . . . . . . re. . . . . Be. . . . . . . . . 
     . . . . . . . . . . . . . . . . . . . . . . . . . 
     . . . . . . . . . . . . . . . . . . . . . . . . . 
  14 . . . . . . . . . . . . Va. . . . . . . . . . . . 
     . . . . . . . . . . . . . . . . . . . . . . . . . 
     . . . . . . . . . . Ex. . . . . . . . . . . . . . 
   8 . . . . . . . . . . . . . . . . . . . . . . . . . 
     . . . . . . . . . . . . . . . . . . . . . . . . . 
     . . . . . . . . . . . . . . . . . . . . . . . . . 
   2 . . . . . . . . . . . . . . . . . . . . . . . . . 
     . . . . . . . . . . . . . . . . . . . . . . . . . 
     . . . . . . . . . . . . . . . . . . . . . . . . . 
  -4 . . . . . . . . . . . . . . . . . . . . . . . . . 
     . . . . . . . . . . . . . . . . . . . . . . . . . 
     . . . . . . . . . . . . . . . . . . . . . . . . . 
 -10 . . . . . . . . . . . . . . . . . . . . . . . . . 
   -10    -4     2     8    14    20    26    32    38
----- Sailing Data -----
      Ship      Fuel    Course     Speed
      Ajax    500.00    296.57      0.00
    Valdez    100.00    225.00      0.00
    Xerxes    745.05     90.00      0.00
        r2     89.07    296.57      5.00
        re     89.00      0.00      3.00

Time 29: Enter command: 
Cruiser Ajax at (5.31, 27.35), fuel: 500.00 tons, resistance: 6
Stopped

Island Bermuda at position (20.00, 20.00)
Fuel available: 0.00 tons

Island Exxon at position (10.00, 10.00)
Fuel available: 5578.08 tons

Island Shell at position (0.00, 30.00)
Fuel available: 6777.64 tons

Island Treasure_Island at position (50.00, 5.00)
Fuel available: 245.00 tons

Tanker Valdez at (14.64, 14.64), fuel: 100.00 tons, resistance: 0
Stopped
Cargo: 0.00 tons, no cargo destinations

Cruiser Xerxes at (0.00, 30.00), fuel: 745.05 tons, resistance: 6
Stopped

Refuel_ship r2 at (0.84, 29.58), fuel: 89.07 tons, resistance: 0
Moving to Shell on course 296.57 deg, speed 5.00 nm/hr
Moving to base island Shell

Refuel_ship re at (8.69, 20.83), fuel: 89.00 tons, resistance: 0
Moving on course 0.00 deg, speed 3.00 nm/hr

Time 29: Enter command: Done
