
Time 0: Enter command: 
Time 0: Enter command: 
Time 0: Enter command: Display size: 25, scale: 2.00, origin: (-10.00, -10.00)
Treasure_Island outside the map
  38 . . . . . . . . . . . . . . . . . . . . . . . . . 
     . . . . . . . . . . . . . . . . . . . . . . . . . 
     . . . . . . . . . . . . . . . . . . . . . . . . . 
  32 . . . . . . . . . . . . . . . . . . . . . . . . . 
     . . . . . Sh. . . . . . . . . . . . . . Va. . . . 
     . . . . . . . . . . . . . . . . . . . . . . . . . 
  26 . . . . . . . . . . . . . . . . . . . . . . . . . 
     . . . . . . . . . . . . . . . . . Xe. . . . . . . 
     . . . . . . . . . . . . . . . . . . . . . . . . . 
  20 . . . . . . . . . . . . . . . Be. . . . . . . . . 
     . . . . . . . . . . . . . . . . . . . . . . . . . 
     . . . . . . . . . . . . . . . . . . . . . . . . . 
  14 . . . . . . . . . . . . Aj. . . . . . . . . . . . 
     . . . . . . . . . . . . . . . . . . . . . . . . . 
     . . . . . . . . . . Ex. . . . . . . . . . . . . . 
   8 . . . . . . . . . . . . . . . . . . . . . . . . . 
     . . . . . . . . . . . . . . . . . . . . . . . . . 
     . . . . . . . . . . . . . . . . . . . . . . . . . 
   2 . . . . . . . . . . . . . . . . . . . . . . . . . 
     . . . . . . . . . . . . . . . . . . . . . . . . . 
     . . . . . . . . . . . . . . . . . . . . . . . . . 
  -4 . . . . . . . . . . . . . . . . . . . . . . . . . 
     . . . . . . . . . . . . . . . . . . . . . . . . . 
     . . . . . . . . . . . . . . . . . . . . . . . . . 
 -10 . . . . . . . . . . . . . . . . . . . . . . . . . 
   -10    -4     2     8    14    20    26    32    38
GPS view from Ajax position (15.00, 15.00) heading 0.00
Display size: 25, scale: 2.00, origin: (-9.00, -9.00)
  39                 . . . . . . . . . .               
                 . . . . . . . . . . . . . .           
               . . . . . . . . . . . . . . . .         
  33         . . . . . . . . . . . . . . . . . .       
           . . . . . . . . . . . . . . . . . . . .     
         . . Sh. . . . . . . . . . . . . . Va. . . .   
  27     . . . . . . . . . . . . . . . . . . . . . .   
       . . . . . . . . . . . . . . . . Xe. . . . . . . 
       . . . . . . . . . . . . . . . . . . . . . . . . 
  21   . . . . . . . . . . . . . . . . . . . . . . . . 
       . . . . . . . . . . . . . Be. . . . . . . . . . 
       . . . . . . . . . . . . . . . . . . . . . . . . 
  15   . . . . . . . . . . . Aj. . . . . . . . . . . . 
       . . . . . . . . . . . . . . . . . . . . . . . . 
       . . . . . . . . . . . . . . . . . . . . . . . . 
   9   . . . . . . . . Ex. . . . . . . . . . . . . . . 
       . . . . . . . . . . . . . . . . . . . . . . . . 
         . . . . . . . . . . . . . . . . . . . . . .   
   3     . . . . . . . . . . . . . . . . . . . . . .   
           . . . . . . . . . . . . . . . . . . . .     
             . . . . . . . . . . . . . . . . . .       
  -3           . . . . . . . . . . . . . . . .         
                 . . . . . . . . . . . . . .           
                     . . . . . . . . . .               
  -9                                                   
    -9    -3     3     9    15    21    27    33    39

Time 0: Enter command: Ajax will sail on course 45.00 deg, speed 1.00 nm/hr to Bermuda

Time 0: Enter command: 
Time 0: Enter command: Display size: 25, scale: 2.00, origin: (-10.00, -10.00)
Treasure_Island outside the map
  38 . . . . . . . . . . . . . . . . . . . . . . . . . 
     . . . . . . . . . . . . . . . . . . . . . . . . . 
     . . . . . . . . . . . . . . . . . . . . . . . . . 
  32 . . . . . . . . . . . . . . . . . . . . . . . . . 
     . . . . . Sh. . . . . . . . . . . . . . Va. . . . 
     . . . . . . . . . . . . . . . . . . . . . . . . . 
  26 . . . . . . . . . . . . . . . . . . . . . . . . . 
     . . . . . . . . . . . . . . . . . Xe. . . . . . . 
     . . . . . . . . . . . . . . . . . . . . . . . . . 
  20 . . . . . . . . . . . . . . . Be. . . . . . . . . 
     . . . . . . . . . . . . . . . . . . . . . . . . . 
     . . . . . . . . . . . . . . . . . . . . . . . . . 
  14 . . . . . . . . . . . . Aj. . . . . . . . . . . . 
     . . . . . . . . . . . . . . . . . . . . . . . . . 
     . . . . . . . . . . Ex. . . . . . . . . . . . . . 
   8 . . . . . . . . . . . . . . . . . . . . . . . . . 
     . . . . . . . . . . . . . . . . . . . . . . . . . 
     . . . . . . . . . . . . . . . . . . . . . . . . . 
   2 . . . . . . . . . . . . . . . . . . . . . . . . . 
     . . . . . . . . . . . . . . . . . . . . . . . . . 
     . . . . . . . . . . . . . . . . . . . . . . . . . 
  -4 . . . . . . . . . . . . . . . . . . . . . . . . . 
     . . . . . . . . . . . . . . . . . . . . . . . . . 
     . . . . . . . . . . . . . . . . . . . . . . . . . 
 -10 . . . . . . . . . . . . . . . . . . . . . . . . . 
   -10    -4     2     8    14    20    26    32    38
GPS view from Ajax position (15.00, 15.00) heading 45.00
Display size: 10, scale: 2.00, origin: (5.00, 5.00)
  23     . . . . . . .   
       . . . . Be. . . . 
       . . . . . . . . . 
  17   . . . . . . . . . 
     . . . . . Aj. . . . 
       . . . . . . . . . 
  11   . . . . . . . . . 
       . . . . . . . . . 
         . . Ex. . . .   
   5           .         
     5    11    17    23

Time 0: Enter command: 
Time 0: Enter command: Display size: 25, scale: 2.00, origin: (-10.00, -10.00)
Treasure_Island outside the map
  38 . . . . . . . . . . . . . . . . . . . . . . . . . 
     . . . . . . . . . . . . . . . . . . . . . . . . . 
     . . . . . . . . . . . . . . . . . . . . . . . . . 
  32 . . . . . . . . . . . . . . . . . . . . . . . . . 
     . . . . . Sh. . . . . . . . . . . . . . Va. . . . 
     . . . . . . . . . . . . . . . . . . . . . . . . . 
  26 . . . . . . . . . . . . . . . . . . . . . . . . . 
     . . . . . . . . . . . . . . . . . Xe. . . . . . . 
     . . . . . . . . . . . . . . . . . . . . . . . . . 
  20 . . . . . . . . . . . . . . . Be. . . . . . . . . 
     . . . . . . . . . . . . . . . . . . . . . . . . . 
     . . . . . . . . . . . . . . . . . . . . . . . . . 
  14 . . . . . . . . . . . . Aj. . . . . . . . . . . . 
     . . . . . . . . . . . . . . . . . . . . . . . . . 
     . . . . . . . . . . Ex. . . . . . . . . . . . . . 
   8 . . . . . . . . . . . . . . . . . . . . . . . . . 
     . . . . . . . . . . . . . . . . . . . . . . . . . 
     . . . . . . . . . . . . . . . . . . . . . . . . . 
   2 . . . . . . . . . . . . . . . . . . . . . . . . . 
     . . . . . . . . . . . . . . . . . . . . . . . . . 
     . . . . . . . . . . . . . . . . . . . . . . . . . 
  -4 . . . . . . . . . . . . . . . . . . . . . . . . . 
     . . . . . . . . . . . . . . . . . . . . . . . . . 
     . . . . . . . . . . . . . . . . . . . . . . . . . 
 -10 . . . . . . . . . . . . . . . . . . . . . . . . . 
   -10    -4     2     8    14    20    26    32    38
GPS view from Ajax position (15.00, 15.00) heading 45.00
Display size: 10, scale: 3.00, origin: (0.00, 0.00)
  27     . . . Xe. . .   
       . . . . . . . . . 
       . . . . Be. . . . 
  18   . . . . . . . . . 
     . . . . . Aj. . . . 
       . . . . . . . . . 
   9   . . . . . . . . . 
       . . . Ex. . . . . 
         . . . . . . .   
   0           .         
     0     9    18    27

Time 0: Enter command: 
Time 0: Enter command: 
Time 0: Enter command: Display size: 25, scale: 2.00, origin: (-10.00, -10.00)
Treasure_Island outside the map
  38 . . . . . . . . . . . . . . . . . . . . . . . . . 
     . . . . . . . . . . . . . . . . . . . . . . . . . 
     . . . . . . . . . . . . . . . . . . . . . . . . . 
  32 . . . . . . . . . . . . . . . . . . . . . . . . . 
     . . . . . Sh. . . . . . . . . . . . . . Va. . . . 
     . . . . . . . . . . . . . . . . . . . . . . . . . 
  26 . . . . . . . . . . . . . . . . . . . . . . . . . 
     . . . . . . . . . . . . . . . . . Xe. . . . . . . 
     . . . . . . . . . . . . . . . . . . . . . . . . . 
  20 . . . . . . . . . . . . . . . Be. . . . . . . . . 
     . . . . . . . . . . . . . . . . . . . . . . . . . 
     . . . . . . . . . . . . . . . . . . . . . . . . . 
  14 . . . . . . . . . . . . Aj. . . . . . . . . . . . 
     . . . . . . . . . . . . . . . . . . . . . . . . . 
     . . . . . . . . . . Ex. . . . . . . . . . . . . . 
   8 . . . . . . . . . . . . . . . . . . . . . . . . . 
     . . . . . . . . . . . . . . . . . . . . . . . . . 
     . . . . . . . . . . . . . . . . . . . . . . . . . 
   2 . . . . . . . . . . . . . . . . . . . . . . . . . 
     . . . . . . . . . . . . . . . . . . . . . . . . . 
     . . . . . . . . . . . . . . . . . . . . . . . . . 
  -4 . . . . . . . . . . . . . . . . . . . . . . . . . 
     . . . . . . . . . . . . . . . . . . . . . . . . . 
     . . . . . . . . . . . . . . . . . . . . . . . . . 
 -10 . . . . . . . . . . . . . . . . . . . . . . . . . 
   -10    -4     2     8    14    20    26    32    38
GPS view from Ajax position (15.00, 15.00) heading 45.00
Display size: 25, scale: 2.00, origin: (-9.00, -9.00)
  39                 . . . . . . . . . .               
                 . . . . . . . . . . . . . .           
               . . . . . . . Va. . . . . . . .         
  33         . . . . . . . . . . . . . . . . . .       
           . . . . . . . . . . . . . . . . . . . .     
         . . . . . . . . . . Xe. . . . . . . . . . .   
  27     . . . . . . . . . . . . . . . . . . . . . .   
       . . . . . . . . . . . . . . . . . . . . . . . . 
       . . . . . . . . . . . . . . . . . . . . . . . . 
  21   . . . . . . . . . . . Be. . . . . . . . . . . . 
       . . . . . . . . . . . . . . . . . . . . . . . . 
       . . . . . . . . . . . . . . . . . . . . . . . . 
  15   Sh. . . . . . . . . . Aj. . . . . . . . . . . . 
       . . . . . . . . . . . . . . . . . . . . . . . . 
       . . . . . . . . . . . . . . . . . . . . . . . . 
   9   . . . . . . . . . . . . . . . . . . . . . . . . 
       . . . . . . . . . . Ex. . . . . . . . . . . . . 
         . . . . . . . . . . . . . . . . . . . . . .   
   3     . . . . . . . . . . . . . . . . . . . . . .   
           . . . . . . . . . . . . . . . . . . . .     
             . . . . . . . . . . . . . . . . . .       
  -3           . . . . . . . . . . . . . . . .         
                 . . . . . . . . . . . . . .           
                     . . . . . . . . . .               
  -9                                                   
    -9    -3     3     9    15    21    27    33    39
GPS view from Xerxes position (25.00, 25.00) heading 0.00
Display size: 25, scale: 2.00, origin: (1.00, 1.00)
  49                 . . . . . . . . . .               
                 . . . . . . . . . . . . . .           
               . . . . . . . . . . . . . . . .         
  43         . . . . . . . . . . . . . . . . . .       
           . . . . . . . . . . . . . . . . . . . .     
         . . . . . . . . . . . . . . . . . . . . . .   
  37     . . . . . . . . . . . . . . . . . . . . . .   
       . . . . . . . . . . . . . . . . . . . . . . . . 
       . . . . . . . . . . . . . . . . . . . . . . . . 
  31   . . . . . . . . . . . . . . . . . . . . . . . . 
       . . . . . . . . . . . . . Va. . . . . . . . . . 
       . . . . . . . . . . . . . . . . . . . . . . . . 
  25   . . . . . . . . . . . Xe. . . . . . . . . . . . 
       . . . . . . . . . . . . . . . . . . . . . . . . 
       . . . . . . . . . . . . . . . . . . . . . . . . 
  19   . . . . . . . . Be. . . . . . . . . . . . . . . 
       . . . . . . . . . . . . . . . . . . . . . . . . 
         . . . . . Aj. . . . . . . . . . . . . . . .   
  13     . . . . . . . . . . . . . . . . . . . . . .   
           . . . . . . . . . . . . . . . . . . . .     
             Ex. . . . . . . . . . . . . . . . .       
   7           . . . . . . . . . . . . . . . .         
                 . . . . . . . . . . . . . .           
                     . . . . . . . . . .               
   1                                                   
     1     7    13    19    25    31    37    43    49

Time 0: Enter command: Ajax will sail on course 315.00 deg, speed 2.00 nm/hr to Shell

Time 0: Enter command: 
Time 0: Enter command: Display size: 25, scale: 2.00, origin: (-10.00, -10.00)
Treasure_Island outside the map
  38 . . . . . . . . . . . . . . . . . . . . . . . . . 
     . . . . . . . . . . . . . . . . . . . . . . . . . 
     . . . . . . . . . . . . . . . . . . . . . . . . . 
  32 . . . . . . . . . . . . . . . . . . . . . . . . . 
     . . . . . Sh. . . . . . . . . . . . . . Va. . . . 
     . . . . . . . . . . . . . . . . . . . . . . . . . 
  26 . . . . . . . . . . . . . . . . . . . . . . . . . 
     . . . . . . . . . . . . . . . . . Xe. . . . . . . 
     . . . . . . . . . . . . . . . . . . . . . . . . . 
  20 . . . . . . . . . . . . . . . Be. . . . . . . . . 
     . . . . . . . . . . . . . . . . . . . . . . . . . 
     . . . . . . . . . . . . . . . . . . . . . . . . . 
  14 . . . . . . . . . . . . Aj. . . . . . . . . . . . 
     . . . . . . . . . . . . . . . . . . . . . . . . . 
     . . . . . . . . . . Ex. . . . . . . . . . . . . . 
   8 . . . . . . . . . . . . . . . . . . . . . . . . . 
     . . . . . . . . . . . . . . . . . . . . . . . . . 
     . . . . . . . . . . . . . . . . . . . . . . . . . 
   2 . . . . . . . . . . . . . . . . . . . . . . . . . 
     . . . . . . . . . . . . . . . . . . . . . . . . . 
     . . . . . . . . . . . . . . . . . . . . . . . . . 
  -4 . . . . . . . . . . . . . . . . . . . . . . . . . 
     . . . . . . . . . . . . . . . . . . . . . . . . . 
     . . . . . . . . . . . . . . . . . . . . . . . . . 
 -10 . . . . . . . . . . . . . . . . . . . . . . . . . 
   -10    -4     2     8    14    20    26    32    38
GPS view from Ajax position (15.00, 15.00) heading 315.00
Display size: 25, scale: 1.00, origin: (3.00, 3.00)
  27                 . . . . . . . . . .               
                 . . . . . . . . . . . . . .           
               . . . . . . . . . . . . . . . .         
  24         . . . . . . . . . . . . . . . . . .       
           . . . . . . . . . . . . . . . . . . . .     
         . . . . . . . . . . . . . . . . . . . . . .   
  21     . . . . . . . . . . . . . . . . . . . . . .   
       . . . . . . . . . . . . . . . . . . . . . . . . 
       . . . . . . . . . . . . . . . . . . . . . . . . 
  18   . . . . . . . . . . . . . . . . . . . . . . . . 
       . . . . . . . . . . . . . . . . . . . . . . . . 
       . . . . . . . . . . . . . . . . . . . . . . . . 
  15   . . . Ex. . . . . . . Aj. . . . . . . . . . . . 
       . . . . . . . . . . . . . . . . . . Be. . . . . 
       . . . . . . . . . . . . . . . . . . . . . . . . 
  12   . . . . . . . . . . . . . . . . . . . . . . . . 
       . . . . . . . . . . . . . . . . . . . . . . . . 
         . . . . . . . . . . . . . . . . . . . . . .   
   9     . . . . . . . . . . . . . . . . . . . . . .   
           . . . . . . . . . . . . . . . . . . . .     
             . . . . . . . . . . . . . . . . . .       
   6           . . . . . . . . . . . . . . . .         
                 . . . . . . . . . . . . . .           
                     . . . . . . . . . .               
   3                                                   
     3     6     9    12    15    18    21    24    27
GPS view from Xerxes position (25.00, 25.00) heading 0.00
Display size: 25, scale: 2.00, origin: (1.00, 1.00)
  49                 . . . . . . . . . .               
                 . . . . . . . . . . . . . .           
               . . . . . . . . . . . . . . . .         
  43         . . . . . . . . . . . . . . . . . .       
           . . . . . . . . . . . . . . . . . . . .     
         . . . . . . . . . . . . . . . . . . . . . .   
  37     . . . . . . . . . . . . . . . . . . . . . .   
       . . . . . . . . . . . . . . . . . . . . . . . . 
       . . . . . . . . . . . . . . . . . . . . . . . . 
  31   . . . . . . . . . . . . . . . . . . . . . . . . 
       . . . . . . . . . . . . . Va. . . . . . . . . . 
       . . . . . . . . . . . . . . . . . . . . . . . . 
  25   . . . . . . . . . . . Xe. . . . . . . . . . . . 
       . . . . . . . . . . . . . . . . . . . . . . . . 
       . . . . . . . . . . . . . . . . . . . . . . . . 
  19   . . . . . . . . Be. . . . . . . . . . . . . . . 
       . . . . . . . . . . . . . . . . . . . . . . . . 
         . . . . . Aj. . . . . . . . . . . . . . . .   
  13     . . . . . . . . . . . . . . . . . . . . . .   
           . . . . . . . . . . . . . . . . . . . .     
             Ex. . . . . . . . . . . . . . . . .       
   7           . . . . . . . . . . . . . . . .         
                 . . . . . . . . . . . . . .           
                     . . . . . . . . . .               
   1                                                   
     1     7    13    19    25    31    37    43    49

Time 0: Enter command: 
Time 0: Enter command: Display size: 25, scale: 2.00, origin: (-10.00, -10.00)
Treasure_Island outside the map
  38 . . . . . . . . . . . . . . . . . . . . . . . . . 
     . . . . . . . . . . . . . . . . . . . . . . . . . 
     . . . . . . . . . . . . . . . . . . . . . . . . . 
  32 . . . . . . . . . . . . . . . . . . . . . . . . . 
     . . . . . Sh. . . . . . . . . . . . . . Va. . . . 
     . . . . . . . . . . . . . . . . . . . . . . . . . 
  26 . . . . . . . . . . . . . . . . . . . . . . . . . 
     . . . . . . . . . . . . . . . . . Xe. . . . . . . 
     . . . . . . . . . . . . . . . . . . . . . . . . . 
  20 . . . . . . . . . . . . . . . Be. . . . . . . . . 
     . . . . . . . . . . . . . . . . . . . . . . . . . 
     . . . . . . . . . . . . . . . . . . . . . . . . . 
  14 . . . . . . . . . . . . Aj. . . . . . . . . . . . 
     . . . . . . . . . . . . . . . . . . . . . . . . . 
     . . . . . . . . . . Ex. . . . . . . . . . . . . . 
   8 . . . . . . . . . . . . . . . . . . . . . . . . . 
     . . . . . . . . . . . . . . . . . . . . . . . . . 
     . . . . . . . . . . . . . . . . . . . . . . . . . 
   2 . . . . . . . . . . . . . . . . . . . . . . . . . 
     . . . . . . . . . . . . . . . . . . . . . . . . . 
     . . . . . . . . . . . . . . . . . . . . . . . . . 
  -4 . . . . . . . . . . . . . . . . . . . . . . . . . 
     . . . . . . . . . . . . . . . . . . . . . . . . . 
     . . . . . . . . . . . . . . . . . . . . . . . . . 
 -10 . . . . . . . . . . . . . . . . . . . . . . . . . 
   -10    -4     2     8    14    20    26    32    38
GPS view from Ajax position (15.00, 15.00) heading 315.00
Display size: 25, scale: 1.00, origin: (3.00, 3.00)
  27                 . . . . . . . . . .               
                 . . . . . . . . . . . . . .           
               . . . . . . . . . . . . . . . .         
  24         . . . . . . . . . . . . . . . . . .       
           . . . . . . . . . . . . . . . . . . . .     
         . . . . . . . . . . . . . . . . . . . . . .   
  21     . . . . . . . . . . . . . . . . . . . . . .   
       . . . . . . . . . . . . . . . . . . . . . . . . 
       . . . . . . . . . . . . . . . . . . . . . . . . 
  18   . . . . . . . . . . . . . . . . . . . . . . . . 
       . . . . . . . . . . . . . . . . . . . . . . . . 
       . . . . . . . . . . . . . . . . . . . . . . . . 
  15   . . . Ex. . . . . . . Aj. . . . . . . . . . . . 
       . . . . . . . . . . . . . . . . . . Be. . . . . 
       . . . . . . . . . . . . . . . . . . . . . . . . 
  12   . . . . . . . . . . . . . . . . . . . . . . . . 
       . . . . . . . . . . . . . . . . . . . . . . . . 
         . . . . . . . . . . . . . . . . . . . . . .   
   9     . . . . . . . . . . . . . . . . . . . . . .   
           . . . . . . . . . . . . . . . . . . . .     
             . . . . . . . . . . . . . . . . . .       
   6           . . . . . . . . . . . . . . . .         
                 . . . . . . . . . . . . . .           
                     . . . . . . . . . .               
   3                                                   
     3     6     9    12    15    18    21    24    27
GPS view from Xerxes position (25.00, 25.00) heading 0.00
Display size: 25, scale: 2.00, origin: (1.00, 1.00)
  49                 . . . . . . . . . .               
                 . . . . . . . . . . . . . .           
               . . . . . . . . . . . . . . . .         
  43         . . . . . . . . . . . . . . . . . .       
           . . . . . . . . . . . . . . . . . . . .     
         . . . . . . . . . . . . . . . . . . . . . .   
  37     . . . . . . . . . . . . . . . . . . . . . .   
       . . . . . . . . . . . . . . . . . . . . . . . . 
       . . . . . . . . . . . . . . . . . . . . . . . . 
  31   . . . . . . . . . . . . . . . . . . . . . . . . 
       . . . . . . . . . . . . . Va. . . . . . . . . . 
       . . . . . . . . . . . . . . . . . . . . . . . . 
  25   . . . . . . . . . . . Xe. . . . . . . . . . . . 
       . . . . . . . . . . . . . . . . . . . . . . . . 
       . . . . . . . . . . . . . . . . . . . . . . . . 
  19   . . . . . . . . Be. . . . . . . . . . . . . . . 
       . . . . . . . . . . . . . . . . . . . . . . . . 
         . . . . . Aj. . . . . . . . . . . . . . . .   
  13     . . . . . . . . . . . . . . . . . . . . . .   
           . . . . . . . . . . . . . . . . . . . .     
             Ex. . . . . . . . . . . . . . . . .       
   7           . . . . . . . . . . . . . . . .         
                 . . . . . . . . . . . . . .           
                     . . . . . . . . . .               
   1                                                   
     1     7    13    19    25    31    37    43    49
GPS view from Valdez position (30.00, 30.00) heading 0.00
Display size: 25, scale: 2.00, origin: (6.00, 6.00)
  54                 . . . . . . . . . .               
                 . . . . . . . . . . . . . .           
               . . . . . . . . . . . . . . . .         
  48         . . . . . . . . . . . . . . . . . .       
           . . . . . . . . . . . . . . . . . . . .     
         . . . . . . . . . . . . . . . . . . . . . .   
  42     . . . . . . . . . . . . . . . . . . . . . .   
       . . . . . . . . . . . . . . . . . . . . . . . . 
       . . . . . . . . . . . . . . . . . . . . . . . . 
  36   . . . . . . . . . . . . . . . . . . . . . . . . 
       . . . . . . . . . . . . . . . . . . . . . . . . 
       . . . . . . . . . . . . . . . . . . . . . . . . 
  30   . . . . . . . . . . . Va. . . . . . . . . . . . 
       . . . . . . . . . . . . . . . . . . . . . . . . 
       . . . . . . . . . . . . . . . . . . . . . . . . 
  24   . . . . . . . . Xe. . . . . . . . . . . . . . . 
       . . . . . . . . . . . . . . . . . . . . . . . . 
         . . . . . Be. . . . . . . . . . . . . . . .   
  18     . . . . . . . . . . . . . . . . . . . . . .   
           . . . . . . . . . . . . . . . . . . . .     
             Aj. . . . . . . . . . . . . . . . .       
  12           . . . . . . . . . . . . . . . .         
                 . . . . . . . . . . . . . .           
                     . . . . . . . . . .               
   6                                                   
     6    12    18    24    30    36    42    48    54

Time 0: Enter command: Valdez will sail on course 225.00 deg, speed 0.10 nm/hr to Exxon

Time 0: Enter command: 
Time 0: Enter command: Display size: 25, scale: 2.00, origin: (-10.00, -10.00)
Treasure_Island outside the map
  38 . . . . . . . . . . . . . . . . . . . . . . . . . 
     . . . . . . . . . . . . . . . . . . . . . . . . . 
     . . . . . . . . . . . . . . . . . . . . . . . . . 
  32 . . . . . . . . . . . . . . . . . . . . . . . . . 
     . . . . . Sh. . . . . . . . . . . . . . Va. . . . 
     . . . . . . . . . . . . . . . . . . . . . . . . . 
  26 . . . . . . . . . . . . . . . . . . . . . . . . . 
     . . . . . . . . . . . . . . . . . Xe. . . . . . . 
     . . . . . . . . . . . . . . . . . . . . . . . . . 
  20 . . . . . . . . . . . . . . . Be. . . . . . . . . 
     . . . . . . . . . . . . . . . . . . . . . . . . . 
     . . . . . . . . . . . . . . . . . . . . . . . . . 
  14 . . . . . . . . . . . . Aj. . . . . . . . . . . . 
     . . . . . . . . . . . . . . . . . . . . . . . . . 
     . . . . . . . . . . Ex. . . . . . . . . . . . . . 
   8 . . . . . . . . . . . . . . . . . . . . . . . . . 
     . . . . . . . . . . . . . . . . . . . . . . . . . 
     . . . . . . . . . . . . . . . . . . . . . . . . . 
   2 . . . . . . . . . . . . . . . . . . . . . . . . . 
     . . . . . . . . . . . . . . . . . . . . . . . . . 
     . . . . . . . . . . . . . . . . . . . . . . . . . 
  -4 . . . . . . . . . . . . . . . . . . . . . . . . . 
     . . . . . . . . . . . . . . . . . . . . . . . . . 
     . . . . . . . . . . . . . . . . . . . . . . . . . 
 -10 . . . . . . . . . . . . . . . . . . . . . . . . . 
   -10    -4     2     8    14    20    26    32    38
GPS view from Ajax position (15.00, 15.00) heading 315.00
Display size: 25, scale: 1.00, origin: (3.00, 3.00)
  27                 . . . . . . . . . .               
                 . . . . . . . . . . . . . .           
               . . . . . . . . . . . . . . . .         
  24         . . . . . . . . . . . . . . . . . .       
           . . . . . . . . . . . . . . . . . . . .     
         . . . . . . . . . . . . . . . . . . . . . .   
  21     . . . . . . . . . . . . . . . . . . . . . .   
       . . . . . . . . . . . . . . . . . . . . . . . . 
       . . . . . . . . . . . . . . . . . . . . . . . . 
  18   . . . . . . . . . . . . . . . . . . . . . . . . 
       . . . . . . . . . . . . . . . . . . . . . . . . 
       . . . . . . . . . . . . . . . . . . . . . . . . 
  15   . . . Ex. . . . . . . Aj. . . . . . . . . . . . 
       . . . . . . . . . . . . . . . . . . Be. . . . . 
       . . . . . . . . . . . . . . . . . . . . . . . . 
  12   . . . . . . . . . . . . . . . . . . . . . . . . 
       . . . . . . . . . . . . . . . . . . . . . . . . 
         . . . . . . . . . . . . . . . . . . . . . .   
   9     . . . . . . . . . . . . . . . . . . . . . .   
           . . . . . . . . . . . . . . . . . . . .     
             . . . . . . . . . . . . . . . . . .       
   6           . . . . . . . . . . . . . . . .         
                 . . . . . . . . . . . . . .           
                     . . . . . . . . . .               
   3                                                   
     3     6     9    12    15    18    21    24    27
GPS view from Xerxes position (25.00, 25.00) heading 0.00
Display size: 25, scale: 2.00, origin: (1.00, 1.00)
  49                 . . . . . . . . . .               
                 . . . . . . . . . . . . . .           
               . . . . . . . . . . . . . . . .         
  43         . . . . . . . . . . . . . . . . . .       
           . . . . . . . . . . . . . . . . . . . .     
         . . . . . . . . . . . . . . . . . . . . . .   
  37     . . . . . . . . . . . . . . . . . . . . . .   
       . . . . . . . . . . . . . . . . . . . . . . . . 
       . . . . . . . . . . . . . . . . . . . . . . . . 
  31   . . . . . . . . . . . . . . . . . . . . . . . . 
       . . . . . . . . . . . . . Va. . . . . . . . . . 
       . . . . . . . . . . . . . . . . . . . . . . . . 
  25   . . . . . . . . . . . Xe. . . . . . . . . . . . 
       . . . . . . . . . . . . . . . . . . . . . . . . 
       . . . . . . . . . . . . . . . . . . . . . . . . 
  19   . . . . . . . . Be. . . . . . . . . . . . . . . 
       . . . . . . . . . . . . . . . . . . . . . . . . 
         . . . . . Aj. . . . . . . . . . . . . . . .   
  13     . . . . . . . . . . . . . . . . . . . . . .   
           . . . . . . . . . . . . . . . . . . . .     
             Ex. . . . . . . . . . . . . . . . .       
   7           . . . . . . . . . . . . . . . .         
                 . . . . . . . . . . . . . .           
                     . . . . . . . . . .               
   1                                                   
     1     7    13    19    25    31    37    43    49
GPS view from Valdez position (30.00, 30.00) heading 225.00
Display size: 25, scale: 1.00, origin: (18.00, 18.00)
  42                 . . . . . . . . . .               
                 . . . . . . . . . . . . . .           
               . . . . . . . . . . . . . . . .         
  39         . . . . . . . . . . . . . . . . . .       
           . . . . . . . . . . . . . . . . . . . .     
         . . . . . . . . . . Xe. . . . . . . . . . .   
  36     . . . . . . . . . . . . . . . . . . . . . .   
       . . . . . . . . . . . . . . . . . . . . . . . . 
       . . . . . . . . . . . . . . . . . . . . . . . . 
  33   . . . . . . . . . . . . . . . . . . . . . . . . 
       . . . . . . . . . . . . . . . . . . . . . . . . 
       . . . . . . . . . . . . . . . . . . . . . . . . 
  30   . . . . . . . . . . . Va. . . . . . . . . . . . 
       . . . . . . . . . . . . . . . . . . . . . . . . 
       . . . . . . . . . . . . . . . . . . . . . . . . 
  27   . . . . . . . . . . . . . . . . . . . . . . . . 
       . . . . . . . . . . . . . . . . . . . . . . . . 
         . . . . . . . . . . . . . . . . . . . . . .   
  24     . . . . . . . . . . . . . . . . . . . . . .   
           . . . . . . . . . . . . . . . . . . . .     
             . . . . . . . . . . . . . . . . . .       
  21           . . . . . . . . . . . . . . . .         
                 . . . . . . . . . . . . . .           
                     . . . . . . . . . .               
  18                                                   
    18    21    24    27    30    33    36    39    42

Time 0: Enter command: 
Time 0: Enter command: Display size: 25, scale: 2.00, origin: (-10.00, -10.00)
Treasure_Island outside the map
  38 . . . . . . . . . . . . . . . . . . . . . . . . . 
     . . . . . . . . . . . . . . . . . . . . . . . . . 
     . . . . . . . . . . . . . . . . . . . . . . . . . 
  32 . . . . . . . . . . . . . . . . . . . . . . . . . 
     . . . . . Sh. . . . . . . . . . . . . . Va. . . . 
     . . . . . . . . . . . . . . . . . . . . . . . . . 
  26 . . . . . . . . . . . . . . . . . . . . . . . . . 
     . . . . . . . . . . . . . . . . . Xe. . . . . . . 
     . . . . . . . . . . . . . . . . . . . . . . . . . 
  20 . . . . . . . . . . . . . . . Be. . . . . . . . . 
     . . . . . . . . . . . . . . . . . . . . . . . . . 
     . . . . . . . . . . . . . . . . . . . . . . . . . 
  14 . . . . . . . . . . . . Aj. . . . . . . . . . . . 
     . . . . . . . . . . . . . . . . . . . . . . . . . 
     . . . . . . . . . . Ex. . . . . . . . . . . . . . 
   8 . . . . . . . . . . . . . . . . . . . . . . . . . 
     . . . . . . . . . . . . . . . . . . . . . . . . . 
     . . . . . . . . . . . . . . . . . . . . . . . . . 
   2 . . . . . . . . . . . . . . . . . . . . . . . . . 
     . . . . . . . . . . . . . . . . . . . . . . . . . 
     . . . . . . . . . . . . . . . . . . . . . . . . . 
  -4 . . . . . . . . . . . . . . . . . . . . . . . . . 
     . . . . . . . . . . . . . . . . . . . . . . . . . 
     . . . . . . . . . . . . . . . . . . . . . . . . . 
 -10 . . . . . . . . . . . . . . . . . . . . . . . . . 
   -10    -4     2     8    14    20    26    32    38
GPS view from Ajax position (15.00, 15.00) heading 315.00
Display size: 25, scale: 4.00, origin: (-33.00, -33.00)
  63                 . . . . . . . . . .               
                 . . . . . . . . . . . . . .           
               . . . . . . . . . . . . . . . .         
  51         . . . . . . . . . . . . . . . . . .       
           . . . . . . . . . . . . . . . . . . . .     
         . . . . . . . . . . . . . . . . . . . . . .   
  39     . . . . . . . . . . . . . . . . . . . . . .   
       . . . . . . . . . . . Sh. . . . . . . . . . . . 
       . . . . . . . . . . . . . . . . . . . . . . . . 
  27   . . . . . . . . . . . . . . . . . . . . . . . . 
       . . . . . . . . . . . . . . . . . . . . . . . . 
       . . . . . . . . . . . . . . . . . . . . . . . . 
  15   . . . . . . . . . Ex. Aj. . . . . . . . . . . . 
       . . . . . . . . . . . . Be. Xe. Va. . . . . . . 
       . . . . . . . . . . . . . . . . . . . . . . . . 
   3   . . . . . . . . . . . . . . . . . . . . . . . . 
       . . . . . . . . . . . . . . . . . . . . . . . . 
         . . . . . . . . . . . . . . . . . . . . . .   
  -9     . . . . . . . . . . . . . . . . . . . . . .   
           . . . . . . . . . . . . . . . . . . . .     
             . . . . . . . . . . . . Tr. . . . .       
 -21           . . . . . . . . . . . . . . . .         
                 . . . . . . . . . . . . . .           
                     . . . . . . . . . .               
 -33                                                   
   -33   -21    -9     3    15    27    39    51    63
GPS view from Xerxes position (25.00, 25.00) heading 0.00
Display size: 25, scale: 2.00, origin: (1.00, 1.00)
  49                 . . . . . . . . . .               
                 . . . . . . . . . . . . . .           
               . . . . . . . . . . . . . . . .         
  43         . . . . . . . . . . . . . . . . . .       
           . . . . . . . . . . . . . . . . . . . .     
         . . . . . . . . . . . . . . . . . . . . . .   
  37     . . . . . . . . . . . . . . . . . . . . . .   
       . . . . . . . . . . . . . . . . . . . . . . . . 
       . . . . . . . . . . . . . . . . . . . . . . . . 
  31   . . . . . . . . . . . . . . . . . . . . . . . . 
       . . . . . . . . . . . . . Va. . . . . . . . . . 
       . . . . . . . . . . . . . . . . . . . . . . . . 
  25   . . . . . . . . . . . Xe. . . . . . . . . . . . 
       . . . . . . . . . . . . . . . . . . . . . . . . 
       . . . . . . . . . . . . . . . . . . . . . . . . 
  19   . . . . . . . . Be. . . . . . . . . . . . . . . 
       . . . . . . . . . . . . . . . . . . . . . . . . 
         . . . . . Aj. . . . . . . . . . . . . . . .   
  13     . . . . . . . . . . . . . . . . . . . . . .   
           . . . . . . . . . . . . . . . . . . . .     
             Ex. . . . . . . . . . . . . . . . .       
   7           . . . . . . . . . . . . . . . .         
                 . . . . . . . . . . . . . .           
                     . . . . . . . . . .               
   1                                                   
     1     7    13    19    25    31    37    43    49
GPS view from Valdez position (30.00, 30.00) heading 225.00
Display size: 25, scale: 1.00, origin: (18.00, 18.00)
  42                 . . . . . . . . . .               
                 . . . . . . . . . . . . . .           
               . . . . . . . . . . . . . . . .         
  39         . . . . . . . . . . . . . . . . . .       
           . . . . . . . . . . . . . . . . . . . .     
         . . . . . . . . . . Xe. . . . . . . . . . .   
  36     . . . . . . . . . . . . . . . . . . . . . .   
       . . . . . . . . . . . . . . . . . . . . . . . . 
       . . . . . . . . . . . . . . . . . . . . . . . . 
  33   . . . . . . . . . . . . . . . . . . . . . . . . 
       . . . . . . . . . . . . . . . . . . . . . . . . 
       . . . . . . . . . . . . . . . . . . . . . . . . 
  30   . . . . . . . . . . . Va. . . . . . . . . . . . 
       . . . . . . . . . . . . . . . . . . . . . . . . 
       . . . . . . . . . . . . . . . . . . . . . . . . 
  27   . . . . . . . . . . . . . . . . . . . . . . . . 
       . . . . . . . . . . . . . . . . . . . . . . . . 
         . . . . . . . . . . . . . . . . . . . . . .   
  24     . . . . . . . . . . . . . . . . . . . . . .   
           . . . . . . . . . . . . . . . . . . . .     
             . . . . . . . . . . . . . . . . . .       
  21           . . . . . . . . . . . . . . . .         
                 . . . . . . . . . . . . . .           
                     . . . . . . . . . .               
  18                                                   
    18    21    24    27    30    33    36    39    42

Time 0: Enter command: 
Time 0: Enter command: Display size: 25, scale: 2.00, origin: (-10.00, -10.00)
Treasure_Island outside the map
  38 . . . . . . . . . . . . . . . . . . . . . . . . . 
     . . . . . . . . . . . . . . . . . . . . . . . . . 
     . . . . . . . . . . . . . . . . . . . . . . . . . 
  32 . . . . . . . . . . . . . . . . . . . . . . . . . 
     . . . . . Sh. . . . . . . . . . . . . . Va. . . . 
     . . . . . . . . . . . . . . . . . . . . . . . . . 
  26 . . . . . . . . . . . . . . . . . . . . . . . . . 
     . . . . . . . . . . . . . . . . . Xe. . . . . . . 
     . . . . . . . . . . . . . . . . . . . . . . . . . 
  20 . . . . . . . . . . . . . . . Be. . . . . . . . . 
     . . . . . . . . . . . . . . . . . . . . . . . . . 
     . . . . . . . . . . . . . . . . . . . . . . . . . 
  14 . . . . . . . . . . . . Aj. . . . . . . . . . . . 
     . . . . . . . . . . . . . . . . . . . . . . . . . 
     . . . . . . . . . . Ex. . . . . . . . . . . . . . 
   8 . . . . . . . . . . . . . . . . . . . . . . . . . 
     . . . . . . . . . . . . . . . . . . . . . . . . . 
     . . . . . . . . . . . . . . . . . . . . . . . . . 
   2 . . . . . . . . . . . . . . . . . . . . . . . . . 
     . . . . . . . . . . . . . . . . . . . . . . . . . 
     . . . . . . . . . . . . . . . . . . . . . . . . . 
  -4 . . . . . . . . . . . . . . . . . . . . . . . . . 
     . . . . . . . . . . . . . . . . . . . . . . . . . 
     . . . . . . . . . . . . . . . . . . . . . . . . . 
 -10 . . . . . . . . . . . . . . . . . . . . . . . . . 
   -10    -4     2     8    14    20    26    32    38
GPS view from Xerxes position (25.00, 25.00) heading 0.00
Display size: 25, scale: 2.00, origin: (1.00, 1.00)
  49                 . . . . . . . . . .               
                 . . . . . . . . . . . . . .           
               . . . . . . . . . . . . . . . .         
  43         . . . . . . . . . . . . . . . . . .       
           . . . . . . . . . . . . . . . . . . . .     
         . . . . . . . . . . . . . . . . . . . . . .   
  37     . . . . . . . . . . . . . . . . . . . . . .   
       . . . . . . . . . . . . . . . . . . . . . . . . 
       . . . . . . . . . . . . . . . . . . . . . . . . 
  31   . . . . . . . . . . . . . . . . . . . . . . . . 
       . . . . . . . . . . . . . Va. . . . . . . . . . 
       . . . . . . . . . . . . . . . . . . . . . . . . 
  25   . . . . . . . . . . . Xe. . . . . . . . . . . . 
       . . . . . . . . . . . . . . . . . . . . . . . . 
       . . . . . . . . . . . . . . . . . . . . . . . . 
  19   . . . . . . . . Be. . . . . . . . . . . . . . . 
       . . . . . . . . . . . . . . . . . . . . . . . . 
         . . . . . Aj. . . . . . . . . . . . . . . .   
  13     . . . . . . . . . . . . . . . . . . . . . .   
           . . . . . . . . . . . . . . . . . . . .     
             Ex. . . . . . . . . . . . . . . . .       
   7           . . . . . . . . . . . . . . . .         
                 . . . . . . . . . . . . . .           
                     . . . . . . . . . .               
   1                                                   
     1     7    13    19    25    31    37    43    49
GPS view from Valdez position (30.00, 30.00) heading 225.00
Display size: 25, scale: 1.00, origin: (18.00, 18.00)
  42                 . . . . . . . . . .               
                 . . . . . . . . . . . . . .           
               . . . . . . . . . . . . . . . .         
  39         . . . . . . . . . . . . . . . . . .       
           . . . . . . . . . . . . . . . . . . . .     
         . . . . . . . . . . Xe. . . . . . . . . . .   
  36     . . . . . . . . . . . . . . . . . . . . . .   
       . . . . . . . . . . . . . . . . . . . . . . . . 
       . . . . . . . . . . . . . . . . . . . . . . . . 
  33   . . . . . . . . . . . . . . . . . . . . . . . . 
       . . . . . . . . . . . . . . . . . . . . . . . . 
       . . . . . . . . . . . . . . . . . . . . . . . . 
  30   . . . . . . . . . . . Va. . . . . . . . . . . . 
       . . . . . . . . . . . . . . . . . . . . . . . . 
       . . . . . . . . . . . . . . . . . . . . . . . . 
  27   . . . . . . . . . . . . . . . . . . . . . . . . 
       . . . . . . . . . . . . . . . . . . . . . . . . 
         . . . . . . . . . . . . . . . . . . . . . .   
  24     . . . . . . . . . . . . . . . . . . . . . .   
           . . . . . . . . . . . . . . . . . . . .     
             . . . . . . . . . . . . . . . . . .       
  21           . . . . . . . . . . . . . . . .         
                 . . . . . . . . . . . . . .           
                     . . . . . . . . . .               
  18                                                   
    18    21    24    27    30    33    36    39    42

Time 0: Enter command: 
Time 0: Enter command: Display size: 25, scale: 2.00, origin: (-10.00, -10.00)
Treasure_Island outside the map
  38 . . . . . . . . . . . . . . . . . . . . . . . . . 
     . . . . . . . . . . . . . . . . . . . . . . . . . 
     . . . . . . . . . . . . . . . . . . . . . . . . . 
  32 . . . . . . . . . . . . . . . . . . . . . . . . . 
     . . . . . Sh. . . . . . . . . . . . . . Va. . . . 
     . . . . . . . . . . . . . . . . . . . . . . . . . 
  26 . . . . . . . . . . . . . . . . . . . . . . . . . 
     . . . . . . . . . . . . . . . . . Xe. . . . . . . 
     . . . . . . . . . . . . . . . . . . . . . . . . . 
  20 . . . . . . . . . . . . . . . Be. . . . . . . . . 
     . . . . . . . . . . . . . . . . . . . . . . . . . 
     . . . . . . . . . . . . . . . . . . . . . . . . . 
  14 . . . . . . . . . . . . Aj. . . . . . . . . . . . 
     . . . . . . . . . . . . . . . . . . . . . . . . . 
     . . . . . . . . . . Ex. . . . . . . . . . . . . . 
   8 . . . . . . . . . . . . . . . . . . . . . . . . . 
     . . . . . . . . . . . . . . . . . . . . . . . . . 
     . . . . . . . . . . . . . . . . . . . . . . . . . 
   2 . . . . . . . . . . . . . . . . . . . . . . . . . 
     . . . . . . . . . . . . . . . . . . . . . . . . . 
     . . . . . . . . . . . . . . . . . . . . . . . . . 
  -4 . . . . . . . . . . . . . . . . . . . . . . . . . 
     . . . . . . . . . . . . . . . . . . . . . . . . . 
     . . . . . . . . . . . . . . . . . . . . . . . . . 
 -10 . . . . . . . . . . . . . . . . . . . . . . . . . 
   -10    -4     2     8    14    20    26    32    38
GPS view from Xerxes position (25.00, 25.00) heading 0.00
Display size: 25, scale: 2.00, origin: (1.00, 1.00)
  49                 . . . . . . . . . .               
                 . . . . . . . . . . . . . .           
               . . . . . . . . . . . . . . . .         
  43         . . . . . . . . . . . . . . . . . .       
           . . . . . . . . . . . . . . . . . . . .     
         . . . . . . . . . . . . . . . . . . . . . .   
  37     . . . . . . . . . . . . . . . . . . . . . .   
       . . . . . . . . . . . . . . . . . . . . . . . . 
       . . . . . . . . . . . . . . . . . . . . . . . . 
  31   . . . . . . . . . . . . . . . . . . . . . . . . 
       . . . . . . . . . . . . . Va. . . . . . . . . . 
       . . . . . . . . . . . . . . . . . . . . . . . . 
  25   . . . . . . . . . . . Xe. . . . . . . . . . . . 
       . . . . . . . . . . . . . . . . . . . . . . . . 
       . . . . . . . . . . . . . . . . . . . . . . . . 
  19   . . . . . . . . Be. . . . . . . . . . . . . . . 
       . . . . . . . . . . . . . . . . . . . . . . . . 
         . . . . . Aj. . . . . . . . . . . . . . . .   
  13     . . . . . . . . . . . . . . . . . . . . . .   
           . . . . . . . . . . . . . . . . . . . .     
             Ex. . . . . . . . . . . . . . . . .       
   7           . . . . . . . . . . . . . . . .         
                 . . . . . . . . . . . . . .           
                     . . . . . . . . . .               
   1                                                   
     1     7    13    19    25    31    37    43    49

Time 0: Enter command: 
Time 0: Enter command: 
Time 0: Enter command: 
Time 0: Enter command: Oil_City will sail on course 26.57 deg, speed 10.00 nm/hr to Shell

Time 0: Enter command: Valdez will load at Exxon

Time 0: Enter command: Valdez will unload at Bermuda
Valdez will sail on course 225.00 deg, speed 10.00 nm/hr to Exxon

Time 0: Enter command: Ajax will sail on course 180.00 deg, speed 20.00 nm/hr

Time 0: Enter command: GPS view is already open for that ship!

Time 0: Enter command: Ajax will sail on course 45.00 deg, speed 5.00 nm/hr to Bermuda

Time 0: Enter command: Ajax now at (18.54, 18.54)
Island Exxon now has 1200.00 tons
Oil_City now at (-0.53, 28.94)
Island Shell now has 1200.00 tons
Island Treasure_Island now has 105.00 tons
Valdez now at (22.93, 22.93)
Xerxes stopped at (25.00, 25.00)

Time 1: Enter command: Display size: 25, scale: 2.00, origin: (-10.00, -10.00)
Treasure_Island outside the map
  38 . . . . . . . . . . . . . . . . . . . . . . . . . 
     . . . . . . . . . . . . . . . . . . . . . . . . . 
     . . . . . . . . . . . . . . . . . . . . . . . . . 
  32 . . . . . . . . . . . . . . . . . . . . . . . . . 
     . . . . . Sh. . . . . . . . . . . . . . . . . . . 
     . . . . Oi. . . . . . . . . . . . . . . . . . . . 
  26 . . . . . . . . . . . . . . . . . . . . . . . . . 
     . . . . . . . . . . . . . . . . . Xe. . . . . . . 
     . . . . . . . . . . . . . . . . Va. . . . . . . . 
  20 . . . . . . . . . . . . . . . Be. . . . . . . . . 
     . . . . . . . . . . . . . . Aj. . . . . . . . . . 
     . . . . . . . . . . . . . . . . . . . . . . . . . 
  14 . . . . . . . . . . . . . . . . . . . . . . . . . 
     . . . . . . . . . . . . . . . . . . . . . . . . . 
     . . . . . . . . . . Ex. . . . . . . . . . . . . . 
   8 . . . . . . . . . . . . . . . . . . . . . . . . . 
     . . . . . . . . . . . . . . . . . . . . . . . . . 
     . . . . . . . . . . . . . . . . . . . . . . . . . 
   2 . . . . . . . . . . . . . . . . . . . . . . . . . 
     . . . . . . . . . . . . . . . . . . . . . . . . . 
     . . . . . . . . . . . . . . . . . . . . . . . . . 
  -4 . . . . . . . . . . . . . . . . . . . . . . . . . 
     . . . . . . . . . . . . . . . . . . . . . . . . . 
     . . . . . . . . . . . . . . . . . . . . . . . . . 
 -10 . . . . . . . . . . . . . . . . . . . . . . . . . 
   -10    -4     2     8    14    20    26    32    38
GPS view from Xerxes position (25.00, 25.00) heading 0.00
Display size: 25, scale: 2.00, origin: (1.00, 1.00)
  49                 . . . . . . . . . .               
                 . . . . . . . . . . . . . .           
               . . . . . . . . . . . . . . . .         
  43         . . . . . . . . . . . . . . . . . .       
           . . . . . . . . . . . . . . . . . . . .     
         . . . . . . . . . . . . . . . . . . . . . .   
  37     . . . . . . . . . . . . . . . . . . . . . .   
       . . . . . . . . . . . . . . . . . . . . . . . . 
       . . . . . . . . . . . . . . . . . . . . . . . . 
  31   . . . . . . . . . . . . . . . . . . . . . . . . 
       . . . . . . . . . . . . . . . . . . . . . . . . 
       . . . . . . . . . . . . . . . . . . . . . . . . 
  25   . . . . . . . . . . . Xe. . . . . . . . . . . . 
       . . . . . . . . . . . . . . . . . . . . . . . . 
       . . . . . . . . . Va. . . . . . . . . . . . . . 
  19   . . . . . . . . Be. . . . . . . . . . . . . . . 
       . . . . . . . Aj. . . . . . . . . . . . . . . . 
         . . . . . . . . . . . . . . . . . . . . . .   
  13     . . . . . . . . . . . . . . . . . . . . . .   
           . . . . . . . . . . . . . . . . . . . .     
             Ex. . . . . . . . . . . . . . . . .       
   7           . . . . . . . . . . . . . . . .         
                 . . . . . . . . . . . . . .           
                     . . . . . . . . . .               
   1                                                   
     1     7    13    19    25    31    37    43    49
GPS view from Ajax position (18.54, 18.54) heading 45.00
Display size: 25, scale: 2.00, origin: (-5.46, -5.46)
  43                 . . . . . . . . . .               
                 . . . . . . . . . . . . . .           
               . . . . . . . . . . . . . . . .         
  37         . . . . . . . . . . . . . . . . . .       
           . . . . . . . . . . . . . . . . . . . .     
         . . . . . . . . . . . . . . . . . . . . . .   
  31     . . . . . . . . . . . . . . . . . . . . . .   
       . . . . . . . . . . . . . . . . . . . . . . . . 
       . . . . . . . . . . . Xe. . . . . . . . . . . . 
  25   . . . . . . . . . . . Va. . . . . . . . . . . . 
       . . . . . . . . . . . . . . . . . . . . . . . . 
       . . . . . . . . . . . Be. . . . . . . . . . . . 
  19   . . . . . . . . . . . Aj. . . . . . . . . . . . 
       . . . . . . . . . . . . . . . . . . . . . . . . 
       . . . . . . . . . . . . . . . . . . . . . . . . 
  13   Sh. . . . . . . . . . . . . . . . . . . . . . . 
       Oi. . . . . . . . . . . . . . . . . . . . . . . 
         . . . . . . . . . . . . . . . . . . . . . .   
   7     . . . . . . . . . . . . . . . . . . . . . .   
           . . . . . . . . Ex. . . . . . . . . . .     
             . . . . . . . . . . . . . . . . . .       
   1           . . . . . . . . . . . . . . . .         
                 . . . . . . . . . . . . . .           
                     . . . . . . . . . .               
  -5                                                   
    -5     1     7    13    19    25    31    37    43
GPS view from Valdez position (22.93, 22.93) heading 225.00
Display size: 25, scale: 2.00, origin: (-1.07, -1.07)
  47                 . . . . . . . . . .               
                 . . . . . . . . . . . . . .           
               . . . . . . . . . . . . . . . .         
  41         . . . . . . . . Ex. . . . . . . . .       
           . . . . . . . . . . . . . . . . . . . .     
         . . . . . . . . . . . . . . . . . . . . . .   
  35     . . . . . . . . . . . . . . . . . . . . Oi.   
       . . . . . . . . . . . . . . . . . . . . . Sh. . 
       . . . . . . . . . . . . . . . . . . . . . . . . 
  29   . . . . . . . . . . . Aj. . . . . . . . . . . . 
       . . . . . . . . . . . Be. . . . . . . . . . . . 
       . . . . . . . . . . . . . . . . . . . . . . . . 
  23   . . . . . . . . . . . Va. . . . . . . . . . . . 
       . . . . . . . . . . . . . . . . . . . . . . . . 
       . . . . . . . . . . Xe. . . . . . . . . . . . . 
  17   . . . . . . . . . . . . . . . . . . . . . . . . 
       . . . . . . . . . . . . . . . . . . . . . . . . 
         . . . . . . . . . . . . . . . . . . . . . .   
  11     . . . . . . . . . . . . . . . . . . . . . .   
           . . . . . . . . . . . . . . . . . . . .     
             . . . . . . . . . . . . . . . . . .       
   5           . . . . . . . . . . . . . . . .         
                 . . . . . . . . . . . . . .           
                     . . . . . . . . . .               
  -1                                                   
    -1     5    11    17    23    29    35    41    47

Time 1: Enter command: Ajax stopping at (18.54, 18.54)

Time 1: Enter command: Ajax will attack Xerxes

Time 1: Enter command: Ajax stopped at (18.54, 18.54)
Ajax is attacking
Ajax fires
Xerxes hit with 3, resistance now 3
Xerxes will attack Ajax
Island Exxon now has 1400.00 tons
Oil_City now at (0.00, 30.00)
Island Shell now has 1400.00 tons
Island Treasure_Island now has 110.00 tons
Valdez now at (15.86, 15.86)
Xerxes stopped at (25.00, 25.00)
Xerxes is attacking
Xerxes fires
Ajax hit with 3, resistance now 3

Time 2: Enter command: Ajax stopped at (18.54, 18.54)
Ajax is attacking
Ajax fires
Xerxes hit with 3, resistance now 0
Island Exxon now has 1600.00 tons
Oil_City stopped at (0.00, 30.00)
Island Shell now has 1600.00 tons
Island Treasure_Island now has 115.00 tons
Valdez now at (10.00, 10.00)
Valdez docked at Exxon
Xerxes stopped at (25.00, 25.00)
Xerxes is attacking
Xerxes fires
Ajax hit with 3, resistance now 0

Time 3: Enter command: Ajax stopped at (18.54, 18.54)
Ajax is attacking
Ajax fires
Xerxes hit with 3, resistance now -3
Xerxes sunk
Island Exxon now has 1800.00 tons
Oil_City stopped at (0.00, 30.00)
Island Shell now has 1800.00 tons
Island Treasure_Island now has 120.00 tons
Valdez docked at Exxon
Island Exxon supplied 56.57 tons of fuel
Valdez now has 100.00 tons of fuel
Island Exxon supplied 1000.00 tons of fuel
Valdez now has 1000.00 of cargo

Time 4: Enter command: Display size: 25, scale: 2.00, origin: (-10.00, -10.00)
Treasure_Island outside the map
  38 . . . . . . . . . . . . . . . . . . . . . . . . . 
     . . . . . . . . . . . . . . . . . . . . . . . . . 
     . . . . . . . . . . . . . . . . . . . . . . . . . 
  32 . . . . . . . . . . . . . . . . . . . . . . . . . 
     . . . . . * . . . . . . . . . . . . . . . . . . . 
     . . . . . . . . . . . . . . . . . . . . . . . . . 
  26 . . . . . . . . . . . . . . . . . . . . . . . . . 
     . . . . . . . . . . . . . . . . . . . . . . . . . 
     . . . . . . . . . . . . . . . . . . . . . . . . . 
  20 . . . . . . . . . . . . . . . Be. . . . . . . . . 
     . . . . . . . . . . . . . . Aj. . . . . . . . . . 
     . . . . . . . . . . . . . . . . . . . . . . . . . 
  14 . . . . . . . . . . . . . . . . . . . . . . . . . 
     . . . . . . . . . . . . . . . . . . . . . . . . . 
     . . . . . . . . . . * . . . . . . . . . . . . . . 
   8 . . . . . . . . . . . . . . . . . . . . . . . . . 
     . . . . . . . . . . . . . . . . . . . . . . . . . 
     . . . . . . . . . . . . . . . . . . . . . . . . . 
   2 . . . . . . . . . . . . . . . . . . . . . . . . . 
     . . . . . . . . . . . . . . . . . . . . . . . . . 
     . . . . . . . . . . . . . . . . . . . . . . . . . 
  -4 . . . . . . . . . . . . . . . . . . . . . . . . . 
     . . . . . . . . . . . . . . . . . . . . . . . . . 
     . . . . . . . . . . . . . . . . . . . . . . . . . 
 -10 . . . . . . . . . . . . . . . . . . . . . . . . . 
   -10    -4     2     8    14    20    26    32    38
GPS view from Xerxes sunk at (25.00, 25.00)
Display size: 25, scale: 2.00, origin: (1.00, 1.00)
  49                 . . . . . . . . . .               
                 . . . . . . . . . . . . . .           
               . . . . . . . . . . . . . . . .         
  43         . . . . . . . . . . . . . . . . . .       
           . . . . . . . . . . . . . . . . . . . .     
         . . . . . . . . . . . . . . . . . . . . . .   
  37     . . . . . . . . . . . . . . . . . . . . . .   
       . . . . . . . . . . . . . . . . . . . . . . . . 
       . . . . . . . . . . . . . . . . . . . . . . . . 
  31   . . . . . . . . . . . . . . . . . . . . . . . . 
       . . . . . . . . . . . . . . . . . . . . . . . . 
       . . . . . . . . . . . . . . . . . . . . . . . . 
  25   . . . . . . . . . . . . . . . . . . . . . . . . 
       . . . . . . . . . . . . . . . . . . . . . . . . 
       . . . . . . . . . . . . . . . . . . . . . . . . 
  19   . . . . . . . . Be. . . . . . . . . . . . . . . 
       . . . . . . . Aj. . . . . . . . . . . . . . . . 
         . . . . . . . . . . . . . . . . . . . . . .   
  13     . . . . . . . . . . . . . . . . . . . . . .   
           . . . . . . . . . . . . . . . . . . . .     
             * . . . . . . . . . . . . . . . . .       
   7           . . . . . . . . . . . . . . . .         
                 . . . . . . . . . . . . . .           
                     . . . . . . . . . .               
   1                                                   
     1     7    13    19    25    31    37    43    49
GPS view from Ajax position (18.54, 18.54) heading 45.00
Display size: 25, scale: 2.00, origin: (-5.46, -5.46)
  43                 . . . . . . . . . .               
                 . . . . . . . . . . . . . .           
               . . . . . . . . . . . . . . . .         
  37         . . . . . . . . . . . . . . . . . .       
           . . . . . . . . . . . . . . . . . . . .     
         . . . . . . . . . . . . . . . . . . . . . .   
  31     . . . . . . . . . . . . . . . . . . . . . .   
       . . . . . . . . . . . . . . . . . . . . . . . . 
       . . . . . . . . . . . . . . . . . . . . . . . . 
  25   . . . . . . . . . . . . . . . . . . . . . . . . 
       . . . . . . . . . . . . . . . . . . . . . . . . 
       . . . . . . . . . . . Be. . . . . . . . . . . . 
  19   . . . . . . . . . . . Aj. . . . . . . . . . . . 
       . . . . . . . . . . . . . . . . . . . . . . . . 
       . . . . . . . . . . . . . . . . . . . . . . . . 
  13   * . . . . . . . . . . . . . . . . . . . . . . . 
       . . . . . . . . . . . . . . . . . . . . . . . . 
         . . . . . . . . . . . . . . . . . . . . . .   
   7     . . . . . . . . . . . . . . . . . . . . . .   
           . . . . . . . . * . . . . . . . . . . .     
             . . . . . . . . . . . . . . . . . .       
   1           . . . . . . . . . . . . . . . .         
                 . . . . . . . . . . . . . .           
                     . . . . . . . . . .               
  -5                                                   
    -5     1     7    13    19    25    31    37    43
GPS view from Valdez position (10.00, 10.00) heading 225.00
Display size: 25, scale: 2.00, origin: (-14.00, -14.00)
  34                 . . . . . . . . . .               
                 . . . . . . . . . . . . . .           
               . . . . . . . . . . . . . . . .         
  28         . . . . . . . . . . . . . . . . . .       
           . . . . . . . . . . . . . . . . . . . .     
         . . . . . . . . . . . . . . . . . . . . . .   
  22     . . . . . . . . . . . . . . . . . . . . . .   
       . . . . . . . . . . . . . . . . . . . . . . . . 
       . . . . . . . . . . . . . . . . . . . . . . . . 
  16   . . . . . . . . . . . . . . . . . . . . . . . . 
       . . . . . . . . . . . . . . . . . . . . . . . . 
       . . . . . . . . . . . . . . . . . . . . . . . . 
  10   . . . . . . . . . . . * . . . . . . . . . . . . 
       . . . . . . . . . . . . . . . . . . . . . . . . 
       . . . . . . . . . . . . . . . . . . . . . . . . 
   4   . . . . . . . . . . . . . . . . . . . . . . . . 
       . . . . . . . . . . . . . . . . . . . . . * . . 
         . . . . . . . . . . . . . . . . . . . . . .   
  -2     . . . . . . . . . . . . . . . . . . . . . .   
           . . . . . . . . Aj. . . . . . . . . . .     
             . . . . . . . Be. . . . . . . . . .       
  -8           . . . . . . . . . . . . . . . .         
                 . . . . . . . . . . . . . .           
                     . . . . . . . . . .               
 -14                                                   
   -14    -8    -2     4    10    16    22    28    34

Time 4: Enter command: Ajax stopped at (18.54, 18.54)
Ajax stopping attack
Island Exxon now has 943.43 tons
Oil_City stopped at (0.00, 30.00)
Island Shell now has 2000.00 tons
Island Treasure_Island now has 125.00 tons
Valdez docked at Exxon
Valdez will sail on course 45.00 deg, speed 10.00 nm/hr to Bermuda

Time 5: Enter command: Display size: 25, scale: 2.00, origin: (-10.00, -10.00)
Treasure_Island outside the map
  38 . . . . . . . . . . . . . . . . . . . . . . . . . 
     . . . . . . . . . . . . . . . . . . . . . . . . . 
     . . . . . . . . . . . . . . . . . . . . . . . . . 
  32 . . . . . . . . . . . . . . . . . . . . . . . . . 
     . . . . . * . . . . . . . . . . . . . . . . . . . 
     . . . . . . . . . . . . . . . . . . . . . . . . . 
  26 . . . . . . . . . . . . . . . . . . . . . . . . . 
     . . . . . . . . . . . . . . . . . . . . . . . . . 
     . . . . . . . . . . . . . . . . . . . . . . . . . 
  20 . . . . . . . . . . . . . . . Be. . . . . . . . . 
     . . . . . . . . . . . . . . Aj. . . . . . . . . . 
     . . . . . . . . . . . . . . . . . . . . . . . . . 
  14 . . . . . . . . . . . . . . . . . . . . . . . . . 
     . . . . . . . . . . . . . . . . . . . . . . . . . 
     . . . . . . . . . . * . . . . . . . . . . . . . . 
   8 . . . . . . . . . . . . . . . . . . . . . . . . . 
     . . . . . . . . . . . . . . . . . . . . . . . . . 
     . . . . . . . . . . . . . . . . . . . . . . . . . 
   2 . . . . . . . . . . . . . . . . . . . . . . . . . 
     . . . . . . . . . . . . . . . . . . . . . . . . . 
     . . . . . . . . . . . . . . . . . . . . . . . . . 
  -4 . . . . . . . . . . . . . . . . . . . . . . . . . 
     . . . . . . . . . . . . . . . . . . . . . . . . . 
     . . . . . . . . . . . . . . . . . . . . . . . . . 
 -10 . . . . . . . . . . . . . . . . . . . . . . . . . 
   -10    -4     2     8    14    20    26    32    38
GPS view from Xerxes sunk at (25.00, 25.00)
Display size: 25, scale: 2.00, origin: (1.00, 1.00)
  49                 . . . . . . . . . .               
                 . . . . . . . . . . . . . .           
               . . . . . . . . . . . . . . . .         
  43         . . . . . . . . . . . . . . . . . .       
           . . . . . . . . . . . . . . . . . . . .     
         . . . . . . . . . . . . . . . . . . . . . .   
  37     . . . . . . . . . . . . . . . . . . . . . .   
       . . . . . . . . . . . . . . . . . . . . . . . . 
       . . . . . . . . . . . . . . . . . . . . . . . . 
  31   . . . . . . . . . . . . . . . . . . . . . . . . 
       . . . . . . . . . . . . . . . . . . . . . . . . 
       . . . . . . . . . . . . . . . . . . . . . . . . 
  25   . . . . . . . . . . . . . . . . . . . . . . . . 
       . . . . . . . . . . . . . . . . . . . . . . . . 
       . . . . . . . . . . . . . . . . . . . . . . . . 
  19   . . . . . . . . Be. . . . . . . . . . . . . . . 
       . . . . . . . Aj. . . . . . . . . . . . . . . . 
         . . . . . . . . . . . . . . . . . . . . . .   
  13     . . . . . . . . . . . . . . . . . . . . . .   
           . . . . . . . . . . . . . . . . . . . .     
             * . . . . . . . . . . . . . . . . .       
   7           . . . . . . . . . . . . . . . .         
                 . . . . . . . . . . . . . .           
                     . . . . . . . . . .               
   1                                                   
     1     7    13    19    25    31    37    43    49
GPS view from Ajax position (18.54, 18.54) heading 45.00
Display size: 25, scale: 2.00, origin: (-5.46, -5.46)
  43                 . . . . . . . . . .               
                 . . . . . . . . . . . . . .           
               . . . . . . . . . . . . . . . .         
  37         . . . . . . . . . . . . . . . . . .       
           . . . . . . . . . . . . . . . . . . . .     
         . . . . . . . . . . . . . . . . . . . . . .   
  31     . . . . . . . . . . . . . . . . . . . . . .   
       . . . . . . . . . . . . . . . . . . . . . . . . 
       . . . . . . . . . . . . . . . . . . . . . . . . 
  25   . . . . . . . . . . . . . . . . . . . . . . . . 
       . . . . . . . . . . . . . . . . . . . . . . . . 
       . . . . . . . . . . . Be. . . . . . . . . . . . 
  19   . . . . . . . . . . . Aj. . . . . . . . . . . . 
       . . . . . . . . . . . . . . . . . . . . . . . . 
       . . . . . . . . . . . . . . . . . . . . . . . . 
  13   * . . . . . . . . . . . . . . . . . . . . . . . 
       . . . . . . . . . . . . . . . . . . . . . . . . 
         . . . . . . . . . . . . . . . . . . . . . .   
   7     . . . . . . . . . . . . . . . . . . . . . .   
           . . . . . . . . * . . . . . . . . . . .     
             . . . . . . . . . . . . . . . . . .       
   1           . . . . . . . . . . . . . . . .         
                 . . . . . . . . . . . . . .           
                     . . . . . . . . . .               
  -5                                                   
    -5     1     7    13    19    25    31    37    43
GPS view from Valdez position (10.00, 10.00) heading 45.00
Display size: 25, scale: 2.00, origin: (-14.00, -14.00)
  34                 . . . . . . . . . .               
                 . . . . . . . . . . . . . .           
               . . . . . . . . . . . . . . . .         
  28         . . . . . . . . . . . . . . . . . .       
           . . . . . . . . . . . . . . . . . . . .     
         . . . . . . . . . . Be. . . . . . . . . . .   
  22     . . . . . . . . . . Aj. . . . . . . . . . .   
       . . . . . . . . . . . . . . . . . . . . . . . . 
       . . . . . . . . . . . . . . . . . . . . . . . . 
  16   * . . . . . . . . . . . . . . . . . . . . . . . 
       . . . . . . . . . . . . . . . . . . . . . . . . 
       . . . . . . . . . . . . . . . . . . . . . . . . 
  10   . . . . . . . . . . . * . . . . . . . . . . . . 
       . . . . . . . . . . . . . . . . . . . . . . . . 
       . . . . . . . . . . . . . . . . . . . . . . . . 
   4   . . . . . . . . . . . . . . . . . . . . . . . . 
       . . . . . . . . . . . . . . . . . . . . . . . . 
         . . . . . . . . . . . . . . . . . . . . . .   
  -2     . . . . . . . . . . . . . . . . . . . . . .   
           . . . . . . . . . . . . . . . . . . . .     
             . . . . . . . . . . . . . . . . . .       
  -8           . . . . . . . . . . . . . . . .         
                 . . . . . . . . . . . . . .           
                     . . . . . . . . . .               
 -14                                                   
   -14    -8    -2     4    10    16    22    28    34

Time 5: Enter command: Ajax stopped at (18.54, 18.54)
Island Exxon now has 1143.43 tons
Oil_City stopped at (0.00, 30.00)
Island Shell now has 2200.00 tons
Island Treasure_Island now has 130.00 tons
Valdez now at (17.07, 17.07)

Time 6: Enter command: Display size: 25, scale: 2.00, origin: (-10.00, -10.00)
Treasure_Island outside the map
  38 . . . . . . . . . . . . . . . . . . . . . . . . . 
     . . . . . . . . . . . . . . . . . . . . . . . . . 
     . . . . . . . . . . . . . . . . . . . . . . . . . 
  32 . . . . . . . . . . . . . . . . . . . . . . . . . 
     . . . . . * . . . . . . . . . . . . . . . . . . . 
     . . . . . . . . . . . . . . . . . . . . . . . . . 
  26 . . . . . . . . . . . . . . . . . . . . . . . . . 
     . . . . . . . . . . . . . . . . . . . . . . . . . 
     . . . . . . . . . . . . . . . . . . . . . . . . . 
  20 . . . . . . . . . . . . . . . Be. . . . . . . . . 
     . . . . . . . . . . . . . . Aj. . . . . . . . . . 
     . . . . . . . . . . . . . Va. . . . . . . . . . . 
  14 . . . . . . . . . . . . . . . . . . . . . . . . . 
     . . . . . . . . . . . . . . . . . . . . . . . . . 
     . . . . . . . . . . Ex. . . . . . . . . . . . . . 
   8 . . . . . . . . . . . . . . . . . . . . . . . . . 
     . . . . . . . . . . . . . . . . . . . . . . . . . 
     . . . . . . . . . . . . . . . . . . . . . . . . . 
   2 . . . . . . . . . . . . . . . . . . . . . . . . . 
     . . . . . . . . . . . . . . . . . . . . . . . . . 
     . . . . . . . . . . . . . . . . . . . . . . . . . 
  -4 . . . . . . . . . . . . . . . . . . . . . . . . . 
     . . . . . . . . . . . . . . . . . . . . . . . . . 
     . . . . . . . . . . . . . . . . . . . . . . . . . 
 -10 . . . . . . . . . . . . . . . . . . . . . . . . . 
   -10    -4     2     8    14    20    26    32    38
GPS view from Xerxes sunk at (25.00, 25.00)
Display size: 25, scale: 2.00, origin: (1.00, 1.00)
  49                 . . . . . . . . . .               
                 . . . . . . . . . . . . . .           
               . . . . . . . . . . . . . . . .         
  43         . . . . . . . . . . . . . . . . . .       
           . . . . . . . . . . . . . . . . . . . .     
         . . . . . . . . . . . . . . . . . . . . . .   
  37     . . . . . . . . . . . . . . . . . . . . . .   
       . . . . . . . . . . . . . . . . . . . . . . . . 
       . . . . . . . . . . . . . . . . . . . . . . . . 
  31   . . . . . . . . . . . . . . . . . . . . . . . . 
       . . . . . . . . . . . . . . . . . . . . . . . . 
       . . . . . . . . . . . . . . . . . . . . . . . . 
  25   . . . . . . . . . . . . . . . . . . . . . . . . 
       . . . . . . . . . . . . . . . . . . . . . . . . 
       . . . . . . . . . . . . . . . . . . . . . . . . 
  19   . . . . . . . . Be. . . . . . . . . . . . . . . 
       . . . . . . . * . . . . . . . . . . . . . . . . 
         . . . . . . . . . . . . . . . . . . . . . .   
  13     . . . . . . . . . . . . . . . . . . . . . .   
           . . . . . . . . . . . . . . . . . . . .     
             Ex. . . . . . . . . . . . . . . . .       
   7           . . . . . . . . . . . . . . . .         
                 . . . . . . . . . . . . . .           
                     . . . . . . . . . .               
   1                                                   
     1     7    13    19    25    31    37    43    49
GPS view from Ajax position (18.54, 18.54) heading 45.00
Display size: 25, scale: 2.00, origin: (-5.46, -5.46)
  43                 . . . . . . . . . .               
                 . . . . . . . . . . . . . .           
               . . . . . . . . . . . . . . . .         
  37         . . . . . . . . . . . . . . . . . .       
           . . . . . . . . . . . . . . . . . . . .     
         . . . . . . . . . . . . . . . . . . . . . .   
  31     . . . . . . . . . . . . . . . . . . . . . .   
       . . . . . . . . . . . . . . . . . . . . . . . . 
       . . . . . . . . . . . . . . . . . . . . . . . . 
  25   . . . . . . . . . . . . . . . . . . . . . . . . 
       . . . . . . . . . . . . . . . . . . . . . . . . 
       . . . . . . . . . . . Be. . . . . . . . . . . . 
  19   . . . . . . . . . . . Aj. . . . . . . . . . . . 
       . . . . . . . . . . . . . . . . . . . . . . . . 
       . . . . . . . . . . Va. . . . . . . . . . . . . 
  13   * . . . . . . . . . . . . . . . . . . . . . . . 
       . . . . . . . . . . . . . . . . . . . . . . . . 
         . . . . . . . . . . . . . . . . . . . . . .   
   7     . . . . . . . . . . . . . . . . . . . . . .   
           . . . . . . . . Ex. . . . . . . . . . .     
             . . . . . . . . . . . . . . . . . .       
   1           . . . . . . . . . . . . . . . .         
                 . . . . . . . . . . . . . .           
                     . . . . . . . . . .               
  -5                                                   
    -5     1     7    13    19    25    31    37    43
GPS view from Valdez position (17.07, 17.07) heading 45.00
Display size: 25, scale: 2.00, origin: (-6.93, -6.93)
  41                 . . . . . . . . . .               
                 . . . . . . . . . . . . . .           
               . . . . . . . . . . . . . . . .         
  35         . . . . . . . . . . . . . . . . . .       
           . . . . . . . . . . . . . . . . . . . .     
         . . . . . . . . . . . . . . . . . . . . . .   
  29     . . . . . . . . . . . . . . . . . . . . . .   
       . . . . . . . . . . . . . . . . . . . . . . . . 
       . . . . . . . . . . . . . . . . . . . . . . . . 
  23   . . . . . . . . . . . . . . . . . . . . . . . . 
       . . . . . . . . . . . Be. . . . . . . . . . . . 
       . . . . . . . . . . . Aj. . . . . . . . . . . . 
  17   . . . . . . . . . . . Va. . . . . . . . . . . . 
       . . . . . . . . . . . . . . . . . . . . . . . . 
       * . . . . . . . . . . . . . . . . . . . . . . . 
  11   . . . . . . . . . . . . . . . . . . . . . . . . 
       . . . . . . . . . . . . . . . . . . . . . . . . 
         . . . . . . . . . Ex. . . . . . . . . . . .   
   5     . . . . . . . . . . . . . . . . . . . . . .   
           . . . . . . . . . . . . . . . . . . . .     
             . . . . . . . . . . . . . . . . . .       
  -1           . . . . . . . . . . . . . . . .         
                 . . . . . . . . . . . . . .           
                     . . . . . . . . . .               
  -7                                                   
    -7    -1     5    11    17    23    29    35    41

Time 6: Enter command: 
Cruiser Ajax at (18.54, 18.54), fuel: 950.00 tons, resistance: 0
Stopped

Island Bermuda at position (20.00, 20.00)
Fuel available: 0.00 tons

Island Exxon at position (10.00, 10.00)
Fuel available: 1143.43 tons

Tanker Oil_City at (0.00, 30.00), fuel: 77.64 tons, resistance: 0
Stopped
Cargo: 0.00 tons, no cargo destinations

Island Shell at position (0.00, 30.00)
Fuel available: 2200.00 tons

Island Treasure_Island at position (50.00, 5.00)
Fuel available: 130.00 tons

Tanker Valdez at (17.07, 17.07), fuel: 80.00 tons, resistance: 0
Moving to Bermuda on course 45.00 deg, speed 10.00 nm/hr
Cargo: 1000.00 tons, moving to unloading destination

Time 6: Enter command: Done
