
Time 0: Enter command: 
Time 0: Enter command: 
Time 0: Enter command: Display size: 25, scale: 2.00, origin: (-10.00, -10.00)
Treasure_Island outside the map
  38 . . . . . . . . . . . . . . . . . . . . . . . . . 
     . . . . . . . . . . . . . . . . . . . . . . . . . 
     . . . . . . . . . . . . . . . . . . . . . . . . . 
  32 . . . . . . . . . . . . . . . . . . . . . . . . . 
     . . . . . Sh. . . . . . . . . . . . . . Va. . . . 
     . . . . . . . . . . . . . . . . . . . . . . . . . 
  26 . . . . . . . . . . . . . . . . . . . . . . . . . 
     . . . . . . . . . . . . . . . . . Xe. . . . . . . 
     . . . . . . . . . . . . . . . . . . . . . . . . . 
  20 . . . . . . . . . . . . . . . Be. . . . . . . . . 
     . . . . . . . . . . . . . . . . . . . . . . . . . 
     . . . . . . . . . . . . . . . . . . . . . . . . . 
  14 . . . . . . . . . . . . Aj. . . . . . . . . . . . 
     . . . . . . . . . . . . . . . . . . . . . . . . . 
     . . . . . . . . . . Ex. . . . . . . . . . . . . . 
   8 . . . . . . . . . . . . . . . . . . . . . . . . . 
     . . . . . . . . . . . . . . . . . . . . . . . . . 
     . . . . . . . . . . . . . . . . . . . . . . . . . 
   2 . . . . . . . . . . . . . . . . . . . . . . . . . 
     . . . . . . . . . . . . . . . . . . . . . . . . . 
     . . . . . . . . . . . . . . . . . . . . . . . . . 
  -4 . . . . . . . . . . . . . . . . . . . . . . . . . 
     . . . . . . . . . . . . . . . . . . . . . . . . . 
     . . . . . . . . . . . . . . . . . . . . . . . . . 
 -10 . . . . . . . . . . . . . . . . . . . . . . . . . 
   -10    -4     2     8    14    20    26    32    38
GPS view from Ajax position (15.00, 15.00) heading 0.00
Display size: 25, scale: 2.00, origin: (-9.00, -9.00)
  39                 . . . . . . . . . .               
                 . . . . . . . . . . . . . .           
               . . . . . . . . . . . . . . . .         
  33         . . . . . . . . . . . . . . . . . .       
           . . . . . . . . . . . . . . . . . . . .     
         . . Sh. . . . . . . . . . . . . . Va. . . .   
  27     . . . . . . . . . . . . . . . . . . . . . .   
       . . . . . . . . . . . . . . . . Xe. . . . . . . 
       . . . . . . . . . . . . . . . . . . . . . . . . 
  21   . . . . . . . . . . . . . . . . . . . . . . . . 
       . . . . . . . . . . . . . Be. . . . . . . . . . 
       . . . . . . . . . . . . . . . . . . . . . . . . 
  15   . . . . . . . . . . . Aj. . . . . . . . . . . . 
       . . . . . . . . . . . . . . . . . . . . . . . . 
       . . . . . . . . . . . . . . . . . . . . . . . . 
   9   . . . . . . . . Ex. . . . . . . . . . . . . . . 
       . . . . . . . . . . . . . . . . . . . . . . . . 
         . . . . . . . . . . . . . . . . . . . . . .   
   3     . . . . . . . . . . . . . . . . . . . . . .   
           . . . . . . . . . . . . . . . . . . . .     
             . . . . . . . . . . . . . . . . . .       
  -3           . . . . . . . . . . . . . . . .         
                 . . . . . . . . . . . . . .           
                     . . . . . . . . . .               
  -9                                                   
    -9    -3     3     9    15    21    27    33    39

Time 0: Enter command: Ajax will sail on course 45.00 deg, speed 1.00 nm/hr to Bermuda

Time 0: Enter command: 
Time 0: Enter command: 
Time 0: Enter command: 
Time 0: Enter command: 
Time 0: Enter command: 
Time 0: Enter command: 
Time 0: Enter command: 
Time 0: Enter command: 
Time 0: Enter command: 
Time 0: Enter command: 
Time 0: Enter command: 
Time 0: Enter command: 
Time 0: Enter command: 
Time 0: Enter command: 
Time 0: Enter command: 
Time 0: Enter command: 
Time 0: Enter command: 
Time 0: Enter command: 
Time 0: Enter command: 
Time 0: Enter command: 
Time 0: Enter command: 
Time 0: Enter command: 
Time 0: Enter command: 
Time 0: Enter command: 
Time 0: Enter command: 
Time 0: Enter command: 
Time 0: Enter command: 
Time 0: Enter command: 
Time 0: Enter command: 
Time 0: Enter command: 
Time 0: Enter command: 
Time 0: Enter command: 
Time 0: Enter command: 
Time 0: Enter command: Display size: 25, scale: 2.00, origin: (-10.00, -10.00)
Treasure_Island outside the map
  38 . . . . . . . . . . . . . . . . . . . . . . . . . 
     . . . . . . . . . . . . . . . . tt. . . . . . . . 
     . . . . . . tx. . . . . . . . . . . . . . t8. . . 
  32 . . . . . . . . . . . . . . . . . . . . . . . . . 
     . . . . . Sh. . . tC. . . . . . . . . . Va. . . . 
     . . . . . . . . . . . . . . . . . . . . . . . . . 
  26 . . . . . . . . . . . . ts. . . . . . . . . . . . 
     . . . . . . t2. tB. . . . . . . . Xe. . . . . . . 
     . . . . . . . . . . . . . . . . . . . . . . . . . 
  20 . . . . . . . td. . . . . . . Be. . . . . . . . . 
     . . . . . . . . . . . . . . . . . . . . . . . . . 
     . . . . . . . . . . . . . . . . . . . . . . . . . 
  14 . . . . . . . . . . . . Aj. . . . tkth. . . . . . 
     . . . . . * . ta. . . . . . . . . . . . . . . . . 
     . . . . . . . . . . * . . . . . . . . . . . . . . 
   8 . . . . . . . . . * . . . . . . . . . . . . . . . 
     . . . . . . . . z4. . . . . . . . . . . . . . . . 
     . . . . . . . te. . . . . . . . . . . tbtEt5. . . 
   2 . . . . . . . . . . . . . . . . tg. . . . tA. . . 
     . . . . . . . . . tc. . . tmti. . . . . . . . . . 
     . . . . . . . . . * . t9. . tl. . . . . . . tD. . 
  -4 . . . . . . . . . . . . . . . . . . . . . . . . . 
     . . . . . . . . . . . . to. . . . . . . . . . . . 
     . . . . . . . . . . . . . . . . . . . . . . . . . 
 -10 . . . . . . . . . . . . . . . . . . . . . . . . . 
   -10    -4     2     8    14    20    26    32    38
GPS view from Ajax position (15.00, 15.00) heading 45.00
Display size: 10, scale: 2.00, origin: (5.00, 5.00)
  23     . . . . . . .   
       . . . . Be. . tkth
       . . . . . . . . . 
  17   . . . . . . . . . 
     . . . . . Aj. . . . 
       . . . . . . . . . 
  11   . . . . . . . . . 
       . . . . . . . . . 
         . . * . . . .   
   5           .         
     5    11    17    23

Time 0: Enter command: 
Time 0: Enter command: GPS view from Ajax position (15.00, 15.00) heading 45.00
Display size: 10, scale: 2.00, origin: (5.00, 5.00)
  23     . . . . . . .   
       . . . . Be. . tkth
       . . . . . . . . . 
  17   . . . . . . . . . 
     . . . . . Aj. . . . 
       . . . . . . . . . 
  11   . . . . . . . . . 
       . . . . . . . . . 
         . . * . . . .   
   5           .         
     5    11    17    23

Time 0: Enter command: 
Cruiser Ajax at (15.00, 15.00), fuel: 1000.00 tons, resistance: 6
Moving to Bermuda on course 45.00 deg, speed 1.00 nm/hr

Island Bermuda at position (20.00, 20.00)
Fuel available: 0.00 tons

Island Exxon at position (10.00, 10.00)
Fuel available: 1000.00 tons

Island Shell at position (0.00, 30.00)
Fuel available: 1000.00 tons

Island Treasure_Island at position (50.00, 5.00)
Fuel available: 100.00 tons

Tanker Valdez at (30.00, 30.00), fuel: 100.00 tons, resistance: 0
Stopped
Cargo: 0.00 tons, no cargo destinations

Cruiser Xerxes at (25.00, 25.00), fuel: 1000.00 tons, resistance: 6
Stopped

Torpedo_boat t2 at (3.00, 24.00), fuel: 800.00 tons, resistance: 9
Stopped

Torpedo_boat t3 at (9.90, -1.00), fuel: 800.00 tons, resistance: 9
Stopped

Torpedo_boat t4 at (1.00, 12.00), fuel: 800.00 tons, resistance: 9
Stopped

Torpedo_boat t5 at (32.00, 4.00), fuel: 800.00 tons, resistance: 9
Stopped

Torpedo_boat t6 at (9.00, -1.20), fuel: 800.00 tons, resistance: 9
Stopped

Torpedo_boat t7 at (1.00, 12.00), fuel: 800.00 tons, resistance: 9
Stopped

Torpedo_boat t8 at (32.00, 34.00), fuel: 800.00 tons, resistance: 9
Stopped

Torpedo_boat t9 at (12.90, -1.20), fuel: 800.00 tons, resistance: 9
Stopped

Torpedo_boat tA at (33.00, 2.00), fuel: 800.00 tons, resistance: 9
Stopped

Torpedo_boat tB at (7.00, 24.00), fuel: 800.00 tons, resistance: 9
Stopped

Torpedo_boat tC at (9.00, 31.20), fuel: 800.00 tons, resistance: 9
Stopped

Torpedo_boat tD at (34.00, -1.00), fuel: 800.00 tons, resistance: 9
Stopped

Torpedo_boat tE at (31.00, 5.00), fuel: 800.00 tons, resistance: 9
Stopped

Torpedo_boat ta at (4.00, 12.00), fuel: 800.00 tons, resistance: 9
Stopped

Torpedo_boat tb at (29.00, 4.00), fuel: 800.00 tons, resistance: 9
Stopped

Torpedo_boat tc at (9.90, 1.20), fuel: 800.00 tons, resistance: 9
Stopped

Torpedo_boat td at (4.00, 21.00), fuel: 800.00 tons, resistance: 9
Stopped

Torpedo_boat te at (4.00, 5.00), fuel: 800.00 tons, resistance: 9
Stopped

Torpedo_boat tg at (23.00, 2.00), fuel: 800.00 tons, resistance: 9
Stopped

Torpedo_boat th at (27.00, 14.00), fuel: 800.00 tons, resistance: 9
Stopped

Torpedo_boat ti at (19.00, 1.20), fuel: 800.00 tons, resistance: 9
Stopped

Torpedo_boat tk at (24.00, 15.00), fuel: 800.00 tons, resistance: 9
Stopped

Torpedo_boat tl at (19.00, -1.20), fuel: 800.00 tons, resistance: 9
Stopped

Torpedo_boat tm at (17.00, 0.20), fuel: 800.00 tons, resistance: 9
Stopped

Torpedo_boat to at (14.00, -5.00), fuel: 800.00 tons, resistance: 9
Stopped

Torpedo_boat ts at (14.00, 26.00), fuel: 800.00 tons, resistance: 9
Stopped

Torpedo_boat tt at (23.00, 36.00), fuel: 800.00 tons, resistance: 9
Stopped

Torpedo_boat tx at (2.00, 34.00), fuel: 800.00 tons, resistance: 9
Stopped

Torpedo_boat z1 at (10.00, 10.00), fuel: 800.00 tons, resistance: 9
Stopped

Cruise_ship z2 at (9.00, 9.00), fuel: 500.00 tons, resistance: 0
Stopped

Tanker z3 at (8.00, 8.00), fuel: 100.00 tons, resistance: 0
Stopped
Cargo: 0.00 tons, no cargo destinations

Cruiser z4 at (7.00, 7.00), fuel: 1000.00 tons, resistance: 6
Stopped

Time 0: Enter command: 
Time 0: Enter command: GPS view from Ajax position (15.00, 15.00) heading 45.00
Display size: 10, scale: 3.00, origin: (0.00, 0.00)
  27     . . . Xe. . .   
       . . . . . . . . . 
       . ts. . Be. tkth. 
  18   . . . . . . . . . 
     tB. . . . Aj. . . . 
       . . . . . . . . . 
   9   . . . . . . . . tg
       . . . * . . . . * 
         . ta* . . . tm  
   0           .         
     0     9    18    27

Time 0: Enter command: Ajax will sail on course 315.00 deg, speed 2.00 nm/hr to Shell

Time 0: Enter command: GPS view from Ajax position (15.00, 15.00) heading 315.00
Display size: 10, scale: 3.00, origin: (0.00, 0.00)
  27     . tdt2tB. . .   
       . . . . . . . . . 
       . . . . . . ts. . 
  18   ta. . . . . . . . 
     te* * . . Aj. . . . 
       . . . . . . Be. Xe
   9   . . . . . . . . . 
       . . . . . . tk. . 
         . . . . . th.   
   0           .         
     0     9    18    27

Time 0: Enter command: Map view is not open!

Time 0: Enter command: Ajax will sail on course 225.00 deg, speed 2.00 nm/hr to Exxon

Time 0: Enter command: GPS view from Ajax position (15.00, 15.00) heading 225.00
Display size: 10, scale: 3.00, origin: (0.00, 0.00)
  27     * . . te. * .   
       tm. . . * ta. . . 
       . . . . * . . . . 
  18   . . . . . . . . td
     . . . . . Aj. . . t2
       . . . . . . . . tB
   9   . . . . . . . . . 
       thtk. Be. . ts. . 
         . . . . . . .   
   0           .         
     0     9    18    27

Time 0: Enter command: Ajax will sail on course 45.00 deg, speed 2.00 nm/hr to Bermuda

Time 0: Enter command: GPS view from Ajax position (15.00, 15.00) heading 45.00
Display size: 10, scale: 3.00, origin: (0.00, 0.00)
  27     . . . Xe. . .   
       . . . . . . . . . 
       . ts. . Be. tkth. 
  18   . . . . . . . . . 
     tB. . . . Aj. . . . 
       . . . . . . . . . 
   9   . . . . . . . . tg
       . . . * . . . . * 
         . ta* . . . tm  
   0           .         
     0     9    18    27

Time 0: Enter command: 
Time 0: Enter command: GPS view from Ajax position (15.00, 15.00) heading 45.00
Display size: 25, scale: 2.00, origin: (-9.00, -9.00)
  39                 . . . t8. . . . . .               
                 . . . . . . . . . . . . . .           
               . . tt. . . . Va. . . . . . . .         
  33         . . . . . . . . . . . . . . . . . .       
           . . . . . . . . . . . . . . . . . . . .     
         . . . . . . . . . . Xe. . . . . . . . . . .   
  27     . . . . . . . . . . . . . . . . . . . . . .   
       . . . . . . . . . . . . . . . . . . . . . . . . 
       . . . . . . . . . . . . . . . . . . . . . . . . 
  21   . . . tC. . ts. . . . Be. . tkth. . . . . . . . 
       . . . . . . . . . . . . . . . . . . . . * . . . 
       . . . . . . . . . . . . . . . . . . . tb. tA. tD
  15   Sh. . . tB. . . . . . Aj. . . . . . . . . . . . 
       . . . . . . . . . . . . . . . . . . . . . . . . 
       . . . t2td. . . . . . . . . . . . . tg. . . . . 
   9   . . . . . . . . . . . . . . . . . . . . . . . . 
       . . . . . . . . . . * . . . . . . ti. . . . . . 
         . . . . . . . ta. * . . . . . tm. tl. . . .   
   3     . . . . . . . . . z4. . . . . . . . . . . .   
           . . . . . * . . . . . . tct9. . . . . .     
             . . . . . . . te. . . * . . to. . .       
  -3           . . . . . . . . . . . . . . . .         
                 . . . . . . . . . . . . . .           
                     . . . . . . . . . .               
  -9                                                   
    -9    -3     3     9    15    21    27    33    39

Time 0: Enter command: Ajax will sail on course 315.00 deg, speed 2.00 nm/hr to Shell

Time 0: Enter command: GPS view from Ajax position (15.00, 15.00) heading 315.00
Display size: 25, scale: 2.00, origin: (-9.00, -9.00)
  39                 . . . . . . . . . .               
                 . . . . . . . . tx. . . . .           
               . . . . . . . Sh. . . . . . . .         
  33         . . . . . . . . . . . . . . . . . .       
           . . . . . . . . . . . . . . . . . . . .     
         . . . . . . . . t2. . . . tC. . . . . . . .   
  27     . . . . . . . . td. tB. . . . . . . . . . .   
       . . . . . . . . . . . . . . . . . . . . . . . . 
       . . . . . . . . . . . . . . ts. . . . . . tt. . 
  21   . . . . * . . . . . . . . . . . . . . . . . . . 
       . . . . . . ta. . . . . . . . . . . . . . . . . 
       . . . . . . . . . . . . . . . . . . . . . . . . 
  15   . . . te. z4* * . . . Aj. . . . . . . . . . . t8
       . . . . . . . . . . . . . . Be. . . Xe. . Va. . 
       . . . . . . . . . . . . . . . . . . . . . . . . 
   9   . . . . . . . . . . . . . . . . . . . . . . . . 
       . . . * tc. . . . . . . . . tk. . . . . . . . . 
         . . . t9. . . . . . . . . th. . . . . . . .   
   3     . . . . . tm. . . . . . . . . . . . . . . .   
           . to. . . ti. . . . . . . . . . . . . .     
             . . . tl. . tg. . . . . . . . . . .       
  -3           . . . . . . . . tb. . . . . . .         
                 . . . . . . . . * . . . . .           
                     . . . . . tA. . . .               
  -9                                                   
    -9    -3     3     9    15    21    27    33    39

Time 0: Enter command: Map view is not open!

Time 0: Enter command: Ajax will sail on course 225.00 deg, speed 2.00 nm/hr to Exxon

Time 0: Enter command: GPS view from Ajax position (15.00, 15.00) heading 225.00
Display size: 25, scale: 2.00, origin: (-9.00, -9.00)
  39                 . . . . . . . . . .               
                 . . . . . . . . . . . . . .           
               . . . . . . . . . . . . . . . .         
  33         . . . . . . . . . . . . . . . . . .       
           . . . . . . . . . . . . . . . . . . . .     
         . . . to. . * . . . te. . . . . . . . . . .   
  27     . . . . . t9tc. . . . . . * . . . . . . . .   
       . . . . . . . . . . . z4. . . . . . . . . . . . 
       . . . tl. tm. . . . . * . ta. . . . . . . . . . 
  21   . . . . ti. . . . . . * . . . . . . . . . . . . 
       . . . . . . . . . . . . . . . . . . . . . . . . 
       . . . tg. . . . . . . . . . . . . tdt2. . . . . 
  15   . . . . . . . . . . . Aj. . . . . . . . . . . . 
       . . . . . . . . . . . . . . . . . tB. . . Sh. . 
       tA. tb. . . . . . . . . . . . . . . . . . . . . 
   9   . * . . . . . . . . . . . . . . . . . . . . tx. 
       . . . . . . thtk. . Be. . . . ts. . tC. . . . . 
         . . . . . . . . . . . . . . . . . . . . . .   
   3     . . . . . . . . . . . . . . . . . . . . . .   
           . . . . . . . . . . . . . . . . . . . .     
             . . . . . . . Xe. . . . . . . . . .       
  -3           . . . . . . . . . . . . . . . .         
                 . . . . . . . . . . . . . .           
                     . . . Va. . . . tt.               
  -9                                                   
    -9    -3     3     9    15    21    27    33    39

Time 0: Enter command: Ajax will sail on course 45.00 deg, speed 2.00 nm/hr to Bermuda

Time 0: Enter command: GPS view from Ajax position (15.00, 15.00) heading 45.00
Display size: 25, scale: 2.00, origin: (-9.00, -9.00)
  39                 . . . t8. . . . . .               
                 . . . . . . . . . . . . . .           
               . . tt. . . . Va. . . . . . . .         
  33         . . . . . . . . . . . . . . . . . .       
           . . . . . . . . . . . . . . . . . . . .     
         . . . . . . . . . . Xe. . . . . . . . . . .   
  27     . . . . . . . . . . . . . . . . . . . . . .   
       . . . . . . . . . . . . . . . . . . . . . . . . 
       . . . . . . . . . . . . . . . . . . . . . . . . 
  21   . . . tC. . ts. . . . Be. . tkth. . . . . . . . 
       . . . . . . . . . . . . . . . . . . . . * . . . 
       . . . . . . . . . . . . . . . . . . . tb. tA. tD
  15   Sh. . . tB. . . . . . Aj. . . . . . . . . . . . 
       . . . . . . . . . . . . . . . . . . . . . . . . 
       . . . t2td. . . . . . . . . . . . . tg. . . . . 
   9   . . . . . . . . . . . . . . . . . . . . . . . . 
       . . . . . . . . . . * . . . . . . ti. . . . . . 
         . . . . . . . ta. * . . . . . tm. tl. . . .   
   3     . . . . . . . . . z4. . . . . . . . . . . .   
           . . . . . * . . . . . . tct9. . . . . .     
             . . . . . . . te. . . * . . to. . .       
  -3           . . . . . . . . . . . . . . . .         
                 . . . . . . . . . . . . . .           
                     . . . . . . . . . .               
  -9                                                   
    -9    -3     3     9    15    21    27    33    39

Time 0: Enter command: Ajax will sail on course 0.00 deg, speed 2.00 nm/hr

Time 0: Enter command: GPS view from Ajax position (15.00, 15.00) heading 0.00
Display size: 25, scale: 2.00, origin: (-9.00, -9.00)
  39                 . . . . . . . . . .               
                 . . . . . . . . . . . . . .           
               . . . . . . . . . . . tt. . . .         
  33         . tx. . . . . . . . . . . . . . t8.       
           . . . . . . tC. . . . . . . . . . . . .     
         . . Sh. . . . . . . . . . . . . . Va. . . .   
  27     . . . . . . . . . . . . . . . . . . . . . .   
       . . . . . . . . . . ts. . . . . Xe. . . . . . . 
       . . . . . t2. tB. . . . . . . . . . . . . . . . 
  21   . . . . . td. . . . . . . . . . . . . . . . . . 
       . . . . . . . . . . . . . Be. . . . . . . . . . 
       . . . . . . . . . . . . . . . . . . . . . . . . 
  15   . . . . . . . . . . . Aj. . . tk. . . . . . . . 
       . . . . . . . . . . . . . . . . . th. . . . . . 
       . . . . * ta. . . . . . . . . . . . . . . . . . 
   9   . . . . . . . . * . . . . . . . . . . . . . . . 
       . . . . . . . * . . . . . . . . . . . . . . . . 
         . . . . te. . . . . . . . . . . . . tE. . .   
   3     . . . . . . . . . . . . . . . . . tbt5. . .   
           . . . . . . tc. . . . ti. tg. . . . tA.     
             . . . . . t3. . . tm. . . . . . . tD      
  -3           . . . . t6t9. . . tl. . . . . .         
                 . . . . . to. . . . . . . .           
                     . . . . . . . . . .               
  -9                                                   
    -9    -3     3     9    15    21    27    33    39

Time 0: Enter command: Ajax will sail on course 30.00 deg, speed 2.00 nm/hr

Time 0: Enter command: GPS view from Ajax position (15.00, 15.00) heading 30.00
Display size: 25, scale: 2.00, origin: (-9.00, -9.00)
  39                 . . . . . . t8. . .               
                 . . . . tt. . . . . . . . .           
               . . . . . . . . . Va. . . . . .         
  33         . . . . . . . . . . . . . . . . . .       
           . . . . . . . . . . . . . . . . . . . .     
         . . . . . . . . . . . . . . . . . . . . . .   
  27     . . . . . . . . . . . Xe. . . . . . . . . .   
       . . . . tC. . . . . . . . . . . . . . . . . . . 
       tx. . . . . . ts. . . . . . . . . . . . . . . . 
  21   . . . . . . . . . . . Be. . . . . . . . . . . . 
       Sh. . . . . . . . . . . . . tk. th. . . . . . . 
       . . . . . tB. . . . . . . . . . . . . . . . . . 
  15   . . . t2. . . . . . . Aj. . . . . . . . . . . . 
       . . . . td. . . . . . . . . . . . . . . tEt5. . 
       . . . . . . . . . . . . . . . . . . . tb. . tA. 
   9   . . . . . . . . . . . . . . . . . . . . . . . tD
       . . . . . . . . . . * . . . . . . tg. . . . . . 
         . . . . * ta. . * . . . . . . ti. . . . . .   
   3     . . . . . . . . z4. . . . . tm. . . . . . .   
           . . . . . . . . . . . . . . tl. . . . .     
             . . . . . te. . . tc. t9. . . . . .       
  -3           . . . . . . . . * . . to. . . .         
                 . . . . . . . . . . . . . .           
                     . . . . . . . . . .               
  -9                                                   
    -9    -3     3     9    15    21    27    33    39

Time 0: Enter command: Ajax will sail on course 60.00 deg, speed 2.00 nm/hr

Time 0: Enter command: GPS view from Ajax position (15.00, 15.00) heading 60.00
Display size: 25, scale: 2.00, origin: (-9.00, -9.00)
  39                 t8. . . . . . . . .               
                 . . . . . . . . . . . . . .           
               . . . . Va. . . . . . . . . . .         
  33         . . . . . . . . . . . . . . . . . .       
           . tt. . . . . . . . . . . . . . . . . .     
         . . . . . . . . . . . . . . . . . . . . . .   
  27     . . . . . . . . Xe. . . . . . . . . . . . .   
       . . . . . . . . . . . . . . . . . . . . . . . . 
       . . . . . . . . . . . . . . th. . . . tEt5tAtD. 
  21   . . . . . . . . . . Be. . tk. . . . . tb. . . . 
       . . . . . ts. . . . . . . . . . . . . . . . . . 
       . . tC. . . . . . . . . . . . . . . . . . . . . 
  15   . . . . . . . . . . . Aj. . . . . . tg. . . . . 
       . . . . . . . . . . . . . . . . . . . . . . . . 
       . . . . . tB. . . . . . . . . . . ti. . . . . . 
   9   Sh. . . t2. . . . . . . . . . . . tm. tl. . . . 
       . . . . . td. . . . . * . . . . . . . . . . . . 
         . . . . . . . . . . . * . . . . t9. . . . .   
   3     . . . . . . . . ta. . z4. . tc. . . to. . .   
           . . . . . . * . . . . . . . * . . . . .     
             . . . . . . . . . te. . . . . . . .       
  -3           . . . . . . . . . . . . . . . .         
                 . . . . . . . . . . . . . .           
                     . . . . . . . . . .               
  -9                                                   
    -9    -3     3     9    15    21    27    33    39

Time 0: Enter command: Ajax will sail on course 61.00 deg, speed 2.00 nm/hr

Time 0: Enter command: GPS view from Ajax position (15.00, 15.00) heading 61.00
Display size: 25, scale: 2.00, origin: (-9.00, -9.00)
  39                 . . . . . . . . . .               
                 . . . . . . . . . . . . . .           
               . . . . Va. . . . . . . . . . .         
  33         . . . . . . . . . . . . . . . . . .       
           . tt. . . . . . . . . . . . . . . . . .     
         . . . . . . . . . . . . . . . . . . . . . .   
  27     . . . . . . . . Xe. . . . . . . . . . . . .   
       . . . . . . . . . . . . . . th. . . . . . . . . 
       . . . . . . . . . . . . . . . . . . . * . tAtD. 
  21   . . . . . . . . . . Be. . tk. . . . . tb. . . . 
       . . . . . ts. . . . . . . . . . . . . . . . . . 
       . . tC. . . . . . . . . . . . . . . . . . . . . 
  15   . . . . . . . . . . . Aj. . . . . . tg. . . . . 
       . . . . . . . . . . . . . . . . . . . . . . . . 
       . . . . . tB. . . . . . . . . . . . ti. . . . . 
   9   Sh. . . . . . . . . . . . . . . . tm. tl. . . . 
       . . . . t2td. . . . . * . . . . . . . . . . . . 
         . . . . . . . . . . . * . . . . t9. . . . .   
   3     . . . . . . . . ta. . z4. . tc. . . to. . .   
           . . . . . . * . . . . . . . * . . . . .     
             . . . . . . . . . te. . . . . . . .       
  -3           . . . . . . . . . . . . . . . .         
                 . . . . . . . . . . . . . .           
                     . . . . . . . . . .               
  -9                                                   
    -9    -3     3     9    15    21    27    33    39

Time 0: Enter command: Ajax will sail on course 62.00 deg, speed 2.00 nm/hr

Time 0: Enter command: GPS view from Ajax position (15.00, 15.00) heading 62.00
Display size: 25, scale: 2.00, origin: (-9.00, -9.00)
  39                 . . . . . . . . . .               
                 . t8. . . . . . . . . . . .           
               . . . Va. . . . . . . . . . . .         
  33         . . . . . . . . . . . . . . . . . .       
           . tt. . . . . . . . . . . . . . . . . .     
         . . . . . . . . . . . . . . . . . . . . . .   
  27     . . . . . . . Xe. . . . . . . . . . . . . .   
       . . . . . . . . . . . . . . th. . . . . . . . . 
       . . . . . . . . . . . . . . . . . . . * tA. tD. 
  21   . . . . . . . . . Be. . . tk. . . . . tb. . . . 
       . . . . . ts. . . . . . . . . . . . . . . . . . 
       . . tC. . . . . . . . . . . . . . . . . . . . . 
  15   . . . . . . . . . . . Aj. . . . . . tg. . . . . 
       . . . . . . . . . . . . . . . . . . . . . . . . 
       . . . . . tB. . . . . . . . . . . . ti. . . . . 
   9   . . . . . . . . . . . . . . . . . . tmtl. . . . 
       Sh. . . t2td. . . . . . * . . . . . . . . . . . 
         . . . . . . . . . . . * . . . . t9. . . . .   
   3     . . . . . . . . ta. . z4. . tc. . . to. . .   
           . . . . . . . * . . . . . . * . . . . .     
             . . . . . . . . . te. . . . . . . .       
  -3           . . . . . . . . . . . . . . . .         
                 . . . . . . . . . . . . . .           
                     . . . . . . . . . .               
  -9                                                   
    -9    -3     3     9    15    21    27    33    39

Time 0: Enter command: 
Time 0: Enter command: Done
